TCP Ping trying to connect to server localhost (127.0.0.1) on port 1421
 ... connected to Pong server: asking for 501 repetitions of 131072 bytes TCP messages
 ... Pong server agreed :-)
tcp_ping received 131072 bytes back
Round trip time was 1.40881 milliseconds in repetition 1
tcp_ping received 131072 bytes back
Round trip time was 1.3097 milliseconds in repetition 2
tcp_ping received 131072 bytes back
Round trip time was 1.27841 milliseconds in repetition 3
tcp_ping received 131072 bytes back
Round trip time was 1.5938 milliseconds in repetition 4
tcp_ping received 131072 bytes back
Round trip time was 6.84728 milliseconds in repetition 5
tcp_ping received 131072 bytes back
Round trip time was 2.08575 milliseconds in repetition 6
tcp_ping received 131072 bytes back
Round trip time was 1.41137 milliseconds in repetition 7
tcp_ping received 131072 bytes back
Round trip time was 2.14813 milliseconds in repetition 8
tcp_ping received 131072 bytes back
Round trip time was 1.39458 milliseconds in repetition 9
tcp_ping received 131072 bytes back
Round trip time was 2.03435 milliseconds in repetition 10
tcp_ping received 131072 bytes back
Round trip time was 1.98292 milliseconds in repetition 11
tcp_ping received 131072 bytes back
Round trip time was 1.22262 milliseconds in repetition 12
tcp_ping received 131072 bytes back
Round trip time was 2.31249 milliseconds in repetition 13
tcp_ping received 131072 bytes back
Round trip time was 1.42629 milliseconds in repetition 14
tcp_ping received 131072 bytes back
Round trip time was 1.37702 milliseconds in repetition 15
tcp_ping received 131072 bytes back
Round trip time was 1.44502 milliseconds in repetition 16
tcp_ping received 131072 bytes back
Round trip time was 1.81994 milliseconds in repetition 17
tcp_ping received 131072 bytes back
Round trip time was 1.92375 milliseconds in repetition 18
tcp_ping received 131072 bytes back
Round trip time was 1.40308 milliseconds in repetition 19
tcp_ping received 131072 bytes back
Round trip time was 1.32208 milliseconds in repetition 20
tcp_ping received 131072 bytes back
Round trip time was 1.19664 milliseconds in repetition 21
tcp_ping received 131072 bytes back
Round trip time was 1.18649 milliseconds in repetition 22
tcp_ping received 131072 bytes back
Round trip time was 1.45071 milliseconds in repetition 23
tcp_ping received 131072 bytes back
Round trip time was 1.1929 milliseconds in repetition 24
tcp_ping received 131072 bytes back
Round trip time was 1.23015 milliseconds in repetition 25
tcp_ping received 131072 bytes back
Round trip time was 1.42617 milliseconds in repetition 26
tcp_ping received 131072 bytes back
Round trip time was 1.22798 milliseconds in repetition 27
tcp_ping received 131072 bytes back
Round trip time was 1.18103 milliseconds in repetition 28
tcp_ping received 131072 bytes back
Round trip time was 1.39379 milliseconds in repetition 29
tcp_ping received 131072 bytes back
Round trip time was 1.2165 milliseconds in repetition 30
tcp_ping received 131072 bytes back
Round trip time was 1.21887 milliseconds in repetition 31
tcp_ping received 131072 bytes back
Round trip time was 1.34532 milliseconds in repetition 32
tcp_ping received 131072 bytes back
Round trip time was 1.18656 milliseconds in repetition 33
tcp_ping received 131072 bytes back
Round trip time was 1.34747 milliseconds in repetition 34
tcp_ping received 131072 bytes back
Round trip time was 1.33687 milliseconds in repetition 35
tcp_ping received 131072 bytes back
Round trip time was 1.19459 milliseconds in repetition 36
tcp_ping received 131072 bytes back
Round trip time was 1.35326 milliseconds in repetition 37
tcp_ping received 131072 bytes back
Round trip time was 1.22807 milliseconds in repetition 38
tcp_ping received 131072 bytes back
Round trip time was 1.3143 milliseconds in repetition 39
tcp_ping received 131072 bytes back
Round trip time was 1.18029 milliseconds in repetition 40
tcp_ping received 131072 bytes back
Round trip time was 1.17952 milliseconds in repetition 41
tcp_ping received 131072 bytes back
Round trip time was 1.27827 milliseconds in repetition 42
tcp_ping received 131072 bytes back
Round trip time was 1.33799 milliseconds in repetition 43
tcp_ping received 131072 bytes back
Round trip time was 1.42771 milliseconds in repetition 44
tcp_ping received 131072 bytes back
Round trip time was 1.19453 milliseconds in repetition 45
tcp_ping received 131072 bytes back
Round trip time was 1.20273 milliseconds in repetition 46
tcp_ping received 131072 bytes back
Round trip time was 1.31432 milliseconds in repetition 47
tcp_ping received 131072 bytes back
Round trip time was 1.42926 milliseconds in repetition 48
tcp_ping received 131072 bytes back
Round trip time was 1.19541 milliseconds in repetition 49
tcp_ping received 131072 bytes back
Round trip time was 1.2684 milliseconds in repetition 50
tcp_ping received 131072 bytes back
Round trip time was 1.36323 milliseconds in repetition 51
tcp_ping received 131072 bytes back
Round trip time was 1.21836 milliseconds in repetition 52
tcp_ping received 131072 bytes back
Round trip time was 1.36862 milliseconds in repetition 53
tcp_ping received 131072 bytes back
Round trip time was 1.30643 milliseconds in repetition 54
tcp_ping received 131072 bytes back
Round trip time was 1.19625 milliseconds in repetition 55
tcp_ping received 131072 bytes back
Round trip time was 1.28321 milliseconds in repetition 56
tcp_ping received 131072 bytes back
Round trip time was 1.49853 milliseconds in repetition 57
tcp_ping received 131072 bytes back
Round trip time was 1.61995 milliseconds in repetition 58
tcp_ping received 131072 bytes back
Round trip time was 1.41524 milliseconds in repetition 59
tcp_ping received 131072 bytes back
Round trip time was 1.44301 milliseconds in repetition 60
tcp_ping received 131072 bytes back
Round trip time was 1.83283 milliseconds in repetition 61
tcp_ping received 131072 bytes back
Round trip time was 1.38465 milliseconds in repetition 62
tcp_ping received 131072 bytes back
Round trip time was 1.20963 milliseconds in repetition 63
tcp_ping received 131072 bytes back
Round trip time was 1.28248 milliseconds in repetition 64
tcp_ping received 131072 bytes back
Round trip time was 1.33471 milliseconds in repetition 65
tcp_ping received 131072 bytes back
Round trip time was 1.29988 milliseconds in repetition 66
tcp_ping received 131072 bytes back
Round trip time was 1.31375 milliseconds in repetition 67
tcp_ping received 131072 bytes back
Round trip time was 1.33277 milliseconds in repetition 68
tcp_ping received 131072 bytes back
Round trip time was 1.23121 milliseconds in repetition 69
tcp_ping received 131072 bytes back
Round trip time was 1.22453 milliseconds in repetition 70
tcp_ping received 131072 bytes back
Round trip time was 1.27943 milliseconds in repetition 71
tcp_ping received 131072 bytes back
Round trip time was 1.25937 milliseconds in repetition 72
tcp_ping received 131072 bytes back
Round trip time was 1.19868 milliseconds in repetition 73
tcp_ping received 131072 bytes back
Round trip time was 1.23914 milliseconds in repetition 74
tcp_ping received 131072 bytes back
Round trip time was 1.31686 milliseconds in repetition 75
tcp_ping received 131072 bytes back
Round trip time was 1.59571 milliseconds in repetition 76
tcp_ping received 131072 bytes back
Round trip time was 1.25554 milliseconds in repetition 77
tcp_ping received 131072 bytes back
Round trip time was 1.16142 milliseconds in repetition 78
tcp_ping received 131072 bytes back
Round trip time was 1.152 milliseconds in repetition 79
tcp_ping received 131072 bytes back
Round trip time was 1.24882 milliseconds in repetition 80
tcp_ping received 131072 bytes back
Round trip time was 1.35413 milliseconds in repetition 81
tcp_ping received 131072 bytes back
Round trip time was 1.15418 milliseconds in repetition 82
tcp_ping received 131072 bytes back
Round trip time was 1.14867 milliseconds in repetition 83
tcp_ping received 131072 bytes back
Round trip time was 1.1865 milliseconds in repetition 84
tcp_ping received 131072 bytes back
Round trip time was 1.15425 milliseconds in repetition 85
tcp_ping received 131072 bytes back
Round trip time was 1.15356 milliseconds in repetition 86
tcp_ping received 131072 bytes back
Round trip time was 1.44857 milliseconds in repetition 87
tcp_ping received 131072 bytes back
Round trip time was 1.33859 milliseconds in repetition 88
tcp_ping received 131072 bytes back
Round trip time was 1.27532 milliseconds in repetition 89
tcp_ping received 131072 bytes back
Round trip time was 1.3797 milliseconds in repetition 90
tcp_ping received 131072 bytes back
Round trip time was 1.30066 milliseconds in repetition 91
tcp_ping received 131072 bytes back
Round trip time was 1.30089 milliseconds in repetition 92
tcp_ping received 131072 bytes back
Round trip time was 1.28286 milliseconds in repetition 93
tcp_ping received 131072 bytes back
Round trip time was 1.21512 milliseconds in repetition 94
tcp_ping received 131072 bytes back
Round trip time was 1.19716 milliseconds in repetition 95
tcp_ping received 131072 bytes back
Round trip time was 1.31458 milliseconds in repetition 96
tcp_ping received 131072 bytes back
Round trip time was 1.21458 milliseconds in repetition 97
tcp_ping received 131072 bytes back
Round trip time was 1.20717 milliseconds in repetition 98
tcp_ping received 131072 bytes back
Round trip time was 1.50365 milliseconds in repetition 99
tcp_ping received 131072 bytes back
Round trip time was 1.29951 milliseconds in repetition 100
tcp_ping received 131072 bytes back
Round trip time was 1.23415 milliseconds in repetition 101
tcp_ping received 131072 bytes back
Round trip time was 1.73166 milliseconds in repetition 102
tcp_ping received 131072 bytes back
Round trip time was 2.09267 milliseconds in repetition 103
tcp_ping received 131072 bytes back
Round trip time was 1.3784 milliseconds in repetition 104
tcp_ping received 131072 bytes back
Round trip time was 3.64992 milliseconds in repetition 105
tcp_ping received 131072 bytes back
Round trip time was 4.89332 milliseconds in repetition 106
tcp_ping received 131072 bytes back
Round trip time was 1.27069 milliseconds in repetition 107
tcp_ping received 131072 bytes back
Round trip time was 1.74733 milliseconds in repetition 108
tcp_ping received 131072 bytes back
Round trip time was 3.33911 milliseconds in repetition 109
tcp_ping received 131072 bytes back
Round trip time was 1.69418 milliseconds in repetition 110
tcp_ping received 131072 bytes back
Round trip time was 3.62947 milliseconds in repetition 111
tcp_ping received 131072 bytes back
Round trip time was 1.36218 milliseconds in repetition 112
tcp_ping received 131072 bytes back
Round trip time was 3.67102 milliseconds in repetition 113
tcp_ping received 131072 bytes back
Round trip time was 1.34106 milliseconds in repetition 114
tcp_ping received 131072 bytes back
Round trip time was 1.57301 milliseconds in repetition 115
tcp_ping received 131072 bytes back
Round trip time was 1.22151 milliseconds in repetition 116
tcp_ping received 131072 bytes back
Round trip time was 1.6634 milliseconds in repetition 117
tcp_ping received 131072 bytes back
Round trip time was 2.18454 milliseconds in repetition 118
tcp_ping received 131072 bytes back
Round trip time was 1.76877 milliseconds in repetition 119
tcp_ping received 131072 bytes back
Round trip time was 2.28569 milliseconds in repetition 120
tcp_ping received 131072 bytes back
Round trip time was 1.31666 milliseconds in repetition 121
tcp_ping received 131072 bytes back
Round trip time was 1.49096 milliseconds in repetition 122
tcp_ping received 131072 bytes back
Round trip time was 1.31998 milliseconds in repetition 123
tcp_ping received 131072 bytes back
Round trip time was 1.26262 milliseconds in repetition 124
tcp_ping received 131072 bytes back
Round trip time was 1.43233 milliseconds in repetition 125
tcp_ping received 131072 bytes back
Round trip time was 1.34543 milliseconds in repetition 126
tcp_ping received 131072 bytes back
Round trip time was 1.28976 milliseconds in repetition 127
tcp_ping received 131072 bytes back
Round trip time was 1.28873 milliseconds in repetition 128
tcp_ping received 131072 bytes back
Round trip time was 1.1853 milliseconds in repetition 129
tcp_ping received 131072 bytes back
Round trip time was 1.46782 milliseconds in repetition 130
tcp_ping received 131072 bytes back
Round trip time was 1.3144 milliseconds in repetition 131
tcp_ping received 131072 bytes back
Round trip time was 1.42179 milliseconds in repetition 132
tcp_ping received 131072 bytes back
Round trip time was 1.61581 milliseconds in repetition 133
tcp_ping received 131072 bytes back
Round trip time was 1.33606 milliseconds in repetition 134
tcp_ping received 131072 bytes back
Round trip time was 1.19025 milliseconds in repetition 135
tcp_ping received 131072 bytes back
Round trip time was 1.17985 milliseconds in repetition 136
tcp_ping received 131072 bytes back
Round trip time was 1.43724 milliseconds in repetition 137
tcp_ping received 131072 bytes back
Round trip time was 1.36846 milliseconds in repetition 138
tcp_ping received 131072 bytes back
Round trip time was 1.32916 milliseconds in repetition 139
tcp_ping received 131072 bytes back
Round trip time was 1.35642 milliseconds in repetition 140
tcp_ping received 131072 bytes back
Round trip time was 1.46367 milliseconds in repetition 141
tcp_ping received 131072 bytes back
Round trip time was 1.18831 milliseconds in repetition 142
tcp_ping received 131072 bytes back
Round trip time was 1.22435 milliseconds in repetition 143
tcp_ping received 131072 bytes back
Round trip time was 1.31198 milliseconds in repetition 144
tcp_ping received 131072 bytes back
Round trip time was 1.47395 milliseconds in repetition 145
tcp_ping received 131072 bytes back
Round trip time was 1.45786 milliseconds in repetition 146
tcp_ping received 131072 bytes back
Round trip time was 1.23323 milliseconds in repetition 147
tcp_ping received 131072 bytes back
Round trip time was 1.2888 milliseconds in repetition 148
tcp_ping received 131072 bytes back
Round trip time was 1.31401 milliseconds in repetition 149
tcp_ping received 131072 bytes back
Round trip time was 1.18622 milliseconds in repetition 150
tcp_ping received 131072 bytes back
Round trip time was 1.22785 milliseconds in repetition 151
tcp_ping received 131072 bytes back
Round trip time was 1.27157 milliseconds in repetition 152
tcp_ping received 131072 bytes back
Round trip time was 1.29877 milliseconds in repetition 153
tcp_ping received 131072 bytes back
Round trip time was 1.30831 milliseconds in repetition 154
tcp_ping received 131072 bytes back
Round trip time was 1.22219 milliseconds in repetition 155
tcp_ping received 131072 bytes back
Round trip time was 1.18401 milliseconds in repetition 156
tcp_ping received 131072 bytes back
Round trip time was 1.17915 milliseconds in repetition 157
tcp_ping received 131072 bytes back
Round trip time was 1.22254 milliseconds in repetition 158
tcp_ping received 131072 bytes back
Round trip time was 1.23365 milliseconds in repetition 159
tcp_ping received 131072 bytes back
Round trip time was 1.32441 milliseconds in repetition 160
tcp_ping received 131072 bytes back
Round trip time was 1.32549 milliseconds in repetition 161
tcp_ping received 131072 bytes back
Round trip time was 1.15456 milliseconds in repetition 162
tcp_ping received 131072 bytes back
Round trip time was 1.15227 milliseconds in repetition 163
tcp_ping received 131072 bytes back
Round trip time was 1.2226 milliseconds in repetition 164
tcp_ping received 131072 bytes back
Round trip time was 1.56877 milliseconds in repetition 165
tcp_ping received 131072 bytes back
Round trip time was 1.15722 milliseconds in repetition 166
tcp_ping received 131072 bytes back
Round trip time was 1.15363 milliseconds in repetition 167
tcp_ping received 131072 bytes back
Round trip time was 1.2889 milliseconds in repetition 168
tcp_ping received 131072 bytes back
Round trip time was 1.17412 milliseconds in repetition 169
tcp_ping received 131072 bytes back
Round trip time was 1.14972 milliseconds in repetition 170
tcp_ping received 131072 bytes back
Round trip time was 1.19108 milliseconds in repetition 171
tcp_ping received 131072 bytes back
Round trip time was 1.23731 milliseconds in repetition 172
tcp_ping received 131072 bytes back
Round trip time was 1.30548 milliseconds in repetition 173
tcp_ping received 131072 bytes back
Round trip time was 1.2895 milliseconds in repetition 174
tcp_ping received 131072 bytes back
Round trip time was 1.15382 milliseconds in repetition 175
tcp_ping received 131072 bytes back
Round trip time was 1.15489 milliseconds in repetition 176
tcp_ping received 131072 bytes back
Round trip time was 1.25353 milliseconds in repetition 177
tcp_ping received 131072 bytes back
Round trip time was 1.23706 milliseconds in repetition 178
tcp_ping received 131072 bytes back
Round trip time was 1.19347 milliseconds in repetition 179
tcp_ping received 131072 bytes back
Round trip time was 1.15502 milliseconds in repetition 180
tcp_ping received 131072 bytes back
Round trip time was 1.28441 milliseconds in repetition 181
tcp_ping received 131072 bytes back
Round trip time was 1.15388 milliseconds in repetition 182
tcp_ping received 131072 bytes back
Round trip time was 1.14325 milliseconds in repetition 183
tcp_ping received 131072 bytes back
Round trip time was 1.30838 milliseconds in repetition 184
tcp_ping received 131072 bytes back
Round trip time was 1.16018 milliseconds in repetition 185
tcp_ping received 131072 bytes back
Round trip time was 1.15045 milliseconds in repetition 186
tcp_ping received 131072 bytes back
Round trip time was 1.32386 milliseconds in repetition 187
tcp_ping received 131072 bytes back
Round trip time was 1.29302 milliseconds in repetition 188
tcp_ping received 131072 bytes back
Round trip time was 1.32448 milliseconds in repetition 189
tcp_ping received 131072 bytes back
Round trip time was 1.41205 milliseconds in repetition 190
tcp_ping received 131072 bytes back
Round trip time was 1.43843 milliseconds in repetition 191
tcp_ping received 131072 bytes back
Round trip time was 1.31542 milliseconds in repetition 192
tcp_ping received 131072 bytes back
Round trip time was 1.41602 milliseconds in repetition 193
tcp_ping received 131072 bytes back
Round trip time was 1.37085 milliseconds in repetition 194
tcp_ping received 131072 bytes back
Round trip time was 1.33159 milliseconds in repetition 195
tcp_ping received 131072 bytes back
Round trip time was 1.52011 milliseconds in repetition 196
tcp_ping received 131072 bytes back
Round trip time was 1.37569 milliseconds in repetition 197
tcp_ping received 131072 bytes back
Round trip time was 1.32269 milliseconds in repetition 198
tcp_ping received 131072 bytes back
Round trip time was 1.53641 milliseconds in repetition 199
tcp_ping received 131072 bytes back
Round trip time was 1.33241 milliseconds in repetition 200
tcp_ping received 131072 bytes back
Round trip time was 1.31632 milliseconds in repetition 201
tcp_ping received 131072 bytes back
Round trip time was 1.47669 milliseconds in repetition 202
tcp_ping received 131072 bytes back
Round trip time was 1.25256 milliseconds in repetition 203
tcp_ping received 131072 bytes back
Round trip time was 1.24879 milliseconds in repetition 204
tcp_ping received 131072 bytes back
Round trip time was 1.54394 milliseconds in repetition 205
tcp_ping received 131072 bytes back
Round trip time was 1.2505 milliseconds in repetition 206
tcp_ping received 131072 bytes back
Round trip time was 1.25086 milliseconds in repetition 207
tcp_ping received 131072 bytes back
Round trip time was 1.41843 milliseconds in repetition 208
tcp_ping received 131072 bytes back
Round trip time was 1.32094 milliseconds in repetition 209
tcp_ping received 131072 bytes back
Round trip time was 1.24937 milliseconds in repetition 210
tcp_ping received 131072 bytes back
Round trip time was 1.39791 milliseconds in repetition 211
tcp_ping received 131072 bytes back
Round trip time was 1.38203 milliseconds in repetition 212
tcp_ping received 131072 bytes back
Round trip time was 1.43336 milliseconds in repetition 213
tcp_ping received 131072 bytes back
Round trip time was 1.33365 milliseconds in repetition 214
tcp_ping received 131072 bytes back
Round trip time was 1.3658 milliseconds in repetition 215
tcp_ping received 131072 bytes back
Round trip time was 1.49032 milliseconds in repetition 216
tcp_ping received 131072 bytes back
Round trip time was 1.25129 milliseconds in repetition 217
tcp_ping received 131072 bytes back
Round trip time was 1.25422 milliseconds in repetition 218
tcp_ping received 131072 bytes back
Round trip time was 1.46798 milliseconds in repetition 219
tcp_ping received 131072 bytes back
Round trip time was 1.56089 milliseconds in repetition 220
tcp_ping received 131072 bytes back
Round trip time was 1.28578 milliseconds in repetition 221
tcp_ping received 131072 bytes back
Round trip time was 1.40101 milliseconds in repetition 222
tcp_ping received 131072 bytes back
Round trip time was 1.24955 milliseconds in repetition 223
tcp_ping received 131072 bytes back
Round trip time was 1.37867 milliseconds in repetition 224
tcp_ping received 131072 bytes back
Round trip time was 1.50788 milliseconds in repetition 225
tcp_ping received 131072 bytes back
Round trip time was 1.40302 milliseconds in repetition 226
tcp_ping received 131072 bytes back
Round trip time was 1.37976 milliseconds in repetition 227
tcp_ping received 131072 bytes back
Round trip time was 1.4407 milliseconds in repetition 228
tcp_ping received 131072 bytes back
Round trip time was 1.32391 milliseconds in repetition 229
tcp_ping received 131072 bytes back
Round trip time was 1.32366 milliseconds in repetition 230
tcp_ping received 131072 bytes back
Round trip time was 1.44814 milliseconds in repetition 231
tcp_ping received 131072 bytes back
Round trip time was 1.25199 milliseconds in repetition 232
tcp_ping received 131072 bytes back
Round trip time was 1.28825 milliseconds in repetition 233
tcp_ping received 131072 bytes back
Round trip time was 1.36017 milliseconds in repetition 234
tcp_ping received 131072 bytes back
Round trip time was 1.34119 milliseconds in repetition 235
tcp_ping received 131072 bytes back
Round trip time was 2.01153 milliseconds in repetition 236
tcp_ping received 131072 bytes back
Round trip time was 1.53617 milliseconds in repetition 237
tcp_ping received 131072 bytes back
Round trip time was 2.35383 milliseconds in repetition 238
tcp_ping received 131072 bytes back
Round trip time was 1.70496 milliseconds in repetition 239
tcp_ping received 131072 bytes back
Round trip time was 1.59851 milliseconds in repetition 240
tcp_ping received 131072 bytes back
Round trip time was 1.41101 milliseconds in repetition 241
tcp_ping received 131072 bytes back
Round trip time was 1.57637 milliseconds in repetition 242
tcp_ping received 131072 bytes back
Round trip time was 1.41168 milliseconds in repetition 243
tcp_ping received 131072 bytes back
Round trip time was 2.83776 milliseconds in repetition 244
tcp_ping received 131072 bytes back
Round trip time was 1.41302 milliseconds in repetition 245
tcp_ping received 131072 bytes back
Round trip time was 1.30702 milliseconds in repetition 246
tcp_ping received 131072 bytes back
Round trip time was 1.35331 milliseconds in repetition 247
tcp_ping received 131072 bytes back
Round trip time was 1.52995 milliseconds in repetition 248
tcp_ping received 131072 bytes back
Round trip time was 1.37511 milliseconds in repetition 249
tcp_ping received 131072 bytes back
Round trip time was 1.28863 milliseconds in repetition 250
tcp_ping received 131072 bytes back
Round trip time was 1.47977 milliseconds in repetition 251
tcp_ping received 131072 bytes back
Round trip time was 1.30287 milliseconds in repetition 252
tcp_ping received 131072 bytes back
Round trip time was 1.2715 milliseconds in repetition 253
tcp_ping received 131072 bytes back
Round trip time was 1.39305 milliseconds in repetition 254
tcp_ping received 131072 bytes back
Round trip time was 1.35098 milliseconds in repetition 255
tcp_ping received 131072 bytes back
Round trip time was 1.36927 milliseconds in repetition 256
tcp_ping received 131072 bytes back
Round trip time was 1.39949 milliseconds in repetition 257
tcp_ping received 131072 bytes back
Round trip time was 1.41864 milliseconds in repetition 258
tcp_ping received 131072 bytes back
Round trip time was 1.30677 milliseconds in repetition 259
tcp_ping received 131072 bytes back
Round trip time was 1.33725 milliseconds in repetition 260
tcp_ping received 131072 bytes back
Round trip time was 1.30928 milliseconds in repetition 261
tcp_ping received 131072 bytes back
Round trip time was 1.31593 milliseconds in repetition 262
tcp_ping received 131072 bytes back
Round trip time was 1.33439 milliseconds in repetition 263
tcp_ping received 131072 bytes back
Round trip time was 1.30347 milliseconds in repetition 264
tcp_ping received 131072 bytes back
Round trip time was 1.31309 milliseconds in repetition 265
tcp_ping received 131072 bytes back
Round trip time was 1.49759 milliseconds in repetition 266
tcp_ping received 131072 bytes back
Round trip time was 1.33333 milliseconds in repetition 267
tcp_ping received 131072 bytes back
Round trip time was 1.33603 milliseconds in repetition 268
tcp_ping received 131072 bytes back
Round trip time was 1.39162 milliseconds in repetition 269
tcp_ping received 131072 bytes back
Round trip time was 1.31753 milliseconds in repetition 270
tcp_ping received 131072 bytes back
Round trip time was 1.45458 milliseconds in repetition 271
tcp_ping received 131072 bytes back
Round trip time was 1.28826 milliseconds in repetition 272
tcp_ping received 131072 bytes back
Round trip time was 1.38 milliseconds in repetition 273
tcp_ping received 131072 bytes back
Round trip time was 1.31737 milliseconds in repetition 274
tcp_ping received 131072 bytes back
Round trip time was 1.42586 milliseconds in repetition 275
tcp_ping received 131072 bytes back
Round trip time was 1.25983 milliseconds in repetition 276
tcp_ping received 131072 bytes back
Round trip time was 1.31912 milliseconds in repetition 277
tcp_ping received 131072 bytes back
Round trip time was 1.3306 milliseconds in repetition 278
tcp_ping received 131072 bytes back
Round trip time was 1.42283 milliseconds in repetition 279
tcp_ping received 131072 bytes back
Round trip time was 1.30125 milliseconds in repetition 280
tcp_ping received 131072 bytes back
Round trip time was 1.25379 milliseconds in repetition 281
tcp_ping received 131072 bytes back
Round trip time was 1.25196 milliseconds in repetition 282
tcp_ping received 131072 bytes back
Round trip time was 1.45753 milliseconds in repetition 283
tcp_ping received 131072 bytes back
Round trip time was 1.39221 milliseconds in repetition 284
tcp_ping received 131072 bytes back
Round trip time was 1.25101 milliseconds in repetition 285
tcp_ping received 131072 bytes back
Round trip time was 1.3076 milliseconds in repetition 286
tcp_ping received 131072 bytes back
Round trip time was 1.30121 milliseconds in repetition 287
tcp_ping received 131072 bytes back
Round trip time was 1.34025 milliseconds in repetition 288
tcp_ping received 131072 bytes back
Round trip time was 1.2959 milliseconds in repetition 289
tcp_ping received 131072 bytes back
Round trip time was 1.33956 milliseconds in repetition 290
tcp_ping received 131072 bytes back
Round trip time was 1.25828 milliseconds in repetition 291
tcp_ping received 131072 bytes back
Round trip time was 1.30429 milliseconds in repetition 292
tcp_ping received 131072 bytes back
Round trip time was 1.43076 milliseconds in repetition 293
tcp_ping received 131072 bytes back
Round trip time was 1.31599 milliseconds in repetition 294
tcp_ping received 131072 bytes back
Round trip time was 1.4121 milliseconds in repetition 295
tcp_ping received 131072 bytes back
Round trip time was 1.47058 milliseconds in repetition 296
tcp_ping received 131072 bytes back
Round trip time was 1.4432 milliseconds in repetition 297
tcp_ping received 131072 bytes back
Round trip time was 1.34614 milliseconds in repetition 298
tcp_ping received 131072 bytes back
Round trip time was 1.24868 milliseconds in repetition 299
tcp_ping received 131072 bytes back
Round trip time was 1.25555 milliseconds in repetition 300
tcp_ping received 131072 bytes back
Round trip time was 1.31743 milliseconds in repetition 301
tcp_ping received 131072 bytes back
Round trip time was 1.25186 milliseconds in repetition 302
tcp_ping received 131072 bytes back
Round trip time was 1.24616 milliseconds in repetition 303
tcp_ping received 131072 bytes back
Round trip time was 1.45078 milliseconds in repetition 304
tcp_ping received 131072 bytes back
Round trip time was 1.42642 milliseconds in repetition 305
tcp_ping received 131072 bytes back
Round trip time was 1.30857 milliseconds in repetition 306
tcp_ping received 131072 bytes back
Round trip time was 1.37713 milliseconds in repetition 307
tcp_ping received 131072 bytes back
Round trip time was 1.3013 milliseconds in repetition 308
tcp_ping received 131072 bytes back
Round trip time was 1.21032 milliseconds in repetition 309
tcp_ping received 131072 bytes back
Round trip time was 1.49 milliseconds in repetition 310
tcp_ping received 131072 bytes back
Round trip time was 1.54586 milliseconds in repetition 311
tcp_ping received 131072 bytes back
Round trip time was 1.33807 milliseconds in repetition 312
tcp_ping received 131072 bytes back
Round trip time was 1.34407 milliseconds in repetition 313
tcp_ping received 131072 bytes back
Round trip time was 1.24756 milliseconds in repetition 314
tcp_ping received 131072 bytes back
Round trip time was 1.24775 milliseconds in repetition 315
tcp_ping received 131072 bytes back
Round trip time was 1.41843 milliseconds in repetition 316
tcp_ping received 131072 bytes back
Round trip time was 1.25708 milliseconds in repetition 317
tcp_ping received 131072 bytes back
Round trip time was 1.29631 milliseconds in repetition 318
tcp_ping received 131072 bytes back
Round trip time was 1.41835 milliseconds in repetition 319
tcp_ping received 131072 bytes back
Round trip time was 1.34404 milliseconds in repetition 320
tcp_ping received 131072 bytes back
Round trip time was 1.32011 milliseconds in repetition 321
tcp_ping received 131072 bytes back
Round trip time was 1.36416 milliseconds in repetition 322
tcp_ping received 131072 bytes back
Round trip time was 1.54866 milliseconds in repetition 323
tcp_ping received 131072 bytes back
Round trip time was 1.84767 milliseconds in repetition 324
tcp_ping received 131072 bytes back
Round trip time was 1.31787 milliseconds in repetition 325
tcp_ping received 131072 bytes back
Round trip time was 1.32485 milliseconds in repetition 326
tcp_ping received 131072 bytes back
Round trip time was 1.34942 milliseconds in repetition 327
tcp_ping received 131072 bytes back
Round trip time was 1.20184 milliseconds in repetition 328
tcp_ping received 131072 bytes back
Round trip time was 1.47137 milliseconds in repetition 329
tcp_ping received 131072 bytes back
Round trip time was 2.33374 milliseconds in repetition 330
tcp_ping received 131072 bytes back
Round trip time was 1.76317 milliseconds in repetition 331
tcp_ping received 131072 bytes back
Round trip time was 1.44766 milliseconds in repetition 332
tcp_ping received 131072 bytes back
Round trip time was 1.36857 milliseconds in repetition 333
tcp_ping received 131072 bytes back
Round trip time was 1.37596 milliseconds in repetition 334
tcp_ping received 131072 bytes back
Round trip time was 1.44432 milliseconds in repetition 335
tcp_ping received 131072 bytes back
Round trip time was 1.51079 milliseconds in repetition 336
tcp_ping received 131072 bytes back
Round trip time was 1.42898 milliseconds in repetition 337
tcp_ping received 131072 bytes back
Round trip time was 1.60117 milliseconds in repetition 338
tcp_ping received 131072 bytes back
Round trip time was 1.46344 milliseconds in repetition 339
tcp_ping received 131072 bytes back
Round trip time was 1.39745 milliseconds in repetition 340
tcp_ping received 131072 bytes back
Round trip time was 1.41238 milliseconds in repetition 341
tcp_ping received 131072 bytes back
Round trip time was 1.34206 milliseconds in repetition 342
tcp_ping received 131072 bytes back
Round trip time was 1.36387 milliseconds in repetition 343
tcp_ping received 131072 bytes back
Round trip time was 1.29353 milliseconds in repetition 344
tcp_ping received 131072 bytes back
Round trip time was 1.30294 milliseconds in repetition 345
tcp_ping received 131072 bytes back
Round trip time was 1.29565 milliseconds in repetition 346
tcp_ping received 131072 bytes back
Round trip time was 1.31162 milliseconds in repetition 347
tcp_ping received 131072 bytes back
Round trip time was 1.29574 milliseconds in repetition 348
tcp_ping received 131072 bytes back
Round trip time was 1.40087 milliseconds in repetition 349
tcp_ping received 131072 bytes back
Round trip time was 1.33245 milliseconds in repetition 350
tcp_ping received 131072 bytes back
Round trip time was 1.30014 milliseconds in repetition 351
tcp_ping received 131072 bytes back
Round trip time was 1.61736 milliseconds in repetition 352
tcp_ping received 131072 bytes back
Round trip time was 1.35149 milliseconds in repetition 353
tcp_ping received 131072 bytes back
Round trip time was 1.27678 milliseconds in repetition 354
tcp_ping received 131072 bytes back
Round trip time was 1.44221 milliseconds in repetition 355
tcp_ping received 131072 bytes back
Round trip time was 1.54465 milliseconds in repetition 356
tcp_ping received 131072 bytes back
Round trip time was 1.79571 milliseconds in repetition 357
tcp_ping received 131072 bytes back
Round trip time was 1.45757 milliseconds in repetition 358
tcp_ping received 131072 bytes back
Round trip time was 1.43973 milliseconds in repetition 359
tcp_ping received 131072 bytes back
Round trip time was 1.44718 milliseconds in repetition 360
tcp_ping received 131072 bytes back
Round trip time was 1.46907 milliseconds in repetition 361
tcp_ping received 131072 bytes back
Round trip time was 1.28885 milliseconds in repetition 362
tcp_ping received 131072 bytes back
Round trip time was 1.34647 milliseconds in repetition 363
tcp_ping received 131072 bytes back
Round trip time was 1.36585 milliseconds in repetition 364
tcp_ping received 131072 bytes back
Round trip time was 1.28379 milliseconds in repetition 365
tcp_ping received 131072 bytes back
Round trip time was 1.41618 milliseconds in repetition 366
tcp_ping received 131072 bytes back
Round trip time was 1.2428 milliseconds in repetition 367
tcp_ping received 131072 bytes back
Round trip time was 1.25129 milliseconds in repetition 368
tcp_ping received 131072 bytes back
Round trip time was 1.41201 milliseconds in repetition 369
tcp_ping received 131072 bytes back
Round trip time was 1.25063 milliseconds in repetition 370
tcp_ping received 131072 bytes back
Round trip time was 1.25102 milliseconds in repetition 371
tcp_ping received 131072 bytes back
Round trip time was 1.48251 milliseconds in repetition 372
tcp_ping received 131072 bytes back
Round trip time was 1.31384 milliseconds in repetition 373
tcp_ping received 131072 bytes back
Round trip time was 1.56891 milliseconds in repetition 374
tcp_ping received 131072 bytes back
Round trip time was 1.39567 milliseconds in repetition 375
tcp_ping received 131072 bytes back
Round trip time was 1.25182 milliseconds in repetition 376
tcp_ping received 131072 bytes back
Round trip time was 1.29606 milliseconds in repetition 377
tcp_ping received 131072 bytes back
Round trip time was 1.47433 milliseconds in repetition 378
tcp_ping received 131072 bytes back
Round trip time was 1.26176 milliseconds in repetition 379
tcp_ping received 131072 bytes back
Round trip time was 1.40558 milliseconds in repetition 380
tcp_ping received 131072 bytes back
Round trip time was 1.31825 milliseconds in repetition 381
tcp_ping received 131072 bytes back
Round trip time was 1.30805 milliseconds in repetition 382
tcp_ping received 131072 bytes back
Round trip time was 1.28479 milliseconds in repetition 383
tcp_ping received 131072 bytes back
Round trip time was 1.46547 milliseconds in repetition 384
tcp_ping received 131072 bytes back
Round trip time was 1.53909 milliseconds in repetition 385
tcp_ping received 131072 bytes back
Round trip time was 1.31557 milliseconds in repetition 386
tcp_ping received 131072 bytes back
Round trip time was 1.42204 milliseconds in repetition 387
tcp_ping received 131072 bytes back
Round trip time was 1.25167 milliseconds in repetition 388
tcp_ping received 131072 bytes back
Round trip time was 1.51552 milliseconds in repetition 389
tcp_ping received 131072 bytes back
Round trip time was 1.43411 milliseconds in repetition 390
tcp_ping received 131072 bytes back
Round trip time was 1.40673 milliseconds in repetition 391
tcp_ping received 131072 bytes back
Round trip time was 1.41297 milliseconds in repetition 392
tcp_ping received 131072 bytes back
Round trip time was 1.29081 milliseconds in repetition 393
tcp_ping received 131072 bytes back
Round trip time was 1.25187 milliseconds in repetition 394
tcp_ping received 131072 bytes back
Round trip time was 1.38187 milliseconds in repetition 395
tcp_ping received 131072 bytes back
Round trip time was 1.30749 milliseconds in repetition 396
tcp_ping received 131072 bytes back
Round trip time was 1.38039 milliseconds in repetition 397
tcp_ping received 131072 bytes back
Round trip time was 1.37426 milliseconds in repetition 398
tcp_ping received 131072 bytes back
Round trip time was 1.33107 milliseconds in repetition 399
tcp_ping received 131072 bytes back
Round trip time was 1.31108 milliseconds in repetition 400
tcp_ping received 131072 bytes back
Round trip time was 1.39038 milliseconds in repetition 401
tcp_ping received 131072 bytes back
Round trip time was 1.33066 milliseconds in repetition 402
tcp_ping received 131072 bytes back
Round trip time was 1.33728 milliseconds in repetition 403
tcp_ping received 131072 bytes back
Round trip time was 1.42603 milliseconds in repetition 404
tcp_ping received 131072 bytes back
Round trip time was 1.36148 milliseconds in repetition 405
tcp_ping received 131072 bytes back
Round trip time was 1.42034 milliseconds in repetition 406
tcp_ping received 131072 bytes back
Round trip time was 1.42254 milliseconds in repetition 407
tcp_ping received 131072 bytes back
Round trip time was 1.30062 milliseconds in repetition 408
tcp_ping received 131072 bytes back
Round trip time was 1.25874 milliseconds in repetition 409
tcp_ping received 131072 bytes back
Round trip time was 1.42352 milliseconds in repetition 410
tcp_ping received 131072 bytes back
Round trip time was 1.37391 milliseconds in repetition 411
tcp_ping received 131072 bytes back
Round trip time was 1.40894 milliseconds in repetition 412
tcp_ping received 131072 bytes back
Round trip time was 1.32165 milliseconds in repetition 413
tcp_ping received 131072 bytes back
Round trip time was 1.31039 milliseconds in repetition 414
tcp_ping received 131072 bytes back
Round trip time was 1.34131 milliseconds in repetition 415
tcp_ping received 131072 bytes back
Round trip time was 1.38611 milliseconds in repetition 416
tcp_ping received 131072 bytes back
Round trip time was 1.31008 milliseconds in repetition 417
tcp_ping received 131072 bytes back
Round trip time was 1.32353 milliseconds in repetition 418
tcp_ping received 131072 bytes back
Round trip time was 1.38275 milliseconds in repetition 419
tcp_ping received 131072 bytes back
Round trip time was 1.30938 milliseconds in repetition 420
tcp_ping received 131072 bytes back
Round trip time was 1.31052 milliseconds in repetition 421
tcp_ping received 131072 bytes back
Round trip time was 1.43991 milliseconds in repetition 422
tcp_ping received 131072 bytes back
Round trip time was 1.27476 milliseconds in repetition 423
tcp_ping received 131072 bytes back
Round trip time was 1.28478 milliseconds in repetition 424
tcp_ping received 131072 bytes back
Round trip time was 1.35355 milliseconds in repetition 425
tcp_ping received 131072 bytes back
Round trip time was 1.2514 milliseconds in repetition 426
tcp_ping received 131072 bytes back
Round trip time was 1.35567 milliseconds in repetition 427
tcp_ping received 131072 bytes back
Round trip time was 1.27392 milliseconds in repetition 428
tcp_ping received 131072 bytes back
Round trip time was 2.17201 milliseconds in repetition 429
tcp_ping received 131072 bytes back
Round trip time was 1.26618 milliseconds in repetition 430
tcp_ping received 131072 bytes back
Round trip time was 1.21553 milliseconds in repetition 431
tcp_ping received 131072 bytes back
Round trip time was 1.32801 milliseconds in repetition 432
tcp_ping received 131072 bytes back
Round trip time was 1.20245 milliseconds in repetition 433
tcp_ping received 131072 bytes back
Round trip time was 1.21307 milliseconds in repetition 434
tcp_ping received 131072 bytes back
Round trip time was 1.28439 milliseconds in repetition 435
tcp_ping received 131072 bytes back
Round trip time was 1.20967 milliseconds in repetition 436
tcp_ping received 131072 bytes back
Round trip time was 1.22021 milliseconds in repetition 437
tcp_ping received 131072 bytes back
Round trip time was 1.28662 milliseconds in repetition 438
tcp_ping received 131072 bytes back
Round trip time was 1.56589 milliseconds in repetition 439
tcp_ping received 131072 bytes back
Round trip time was 1.36475 milliseconds in repetition 440
tcp_ping received 131072 bytes back
Round trip time was 1.41378 milliseconds in repetition 441
tcp_ping received 131072 bytes back
Round trip time was 1.2528 milliseconds in repetition 442
tcp_ping received 131072 bytes back
Round trip time was 1.3549 milliseconds in repetition 443
tcp_ping received 131072 bytes back
Round trip time was 1.36939 milliseconds in repetition 444
tcp_ping received 131072 bytes back
Round trip time was 1.34126 milliseconds in repetition 445
tcp_ping received 131072 bytes back
Round trip time was 1.24898 milliseconds in repetition 446
tcp_ping received 131072 bytes back
Round trip time was 1.54588 milliseconds in repetition 447
tcp_ping received 131072 bytes back
Round trip time was 1.37804 milliseconds in repetition 448
tcp_ping received 131072 bytes back
Round trip time was 1.48728 milliseconds in repetition 449
tcp_ping received 131072 bytes back
Round trip time was 1.39034 milliseconds in repetition 450
tcp_ping received 131072 bytes back
Round trip time was 1.30671 milliseconds in repetition 451
tcp_ping received 131072 bytes back
Round trip time was 1.8416 milliseconds in repetition 452
tcp_ping received 131072 bytes back
Round trip time was 3.00941 milliseconds in repetition 453
tcp_ping received 131072 bytes back
Round trip time was 1.43749 milliseconds in repetition 454
tcp_ping received 131072 bytes back
Round trip time was 1.74839 milliseconds in repetition 455
tcp_ping received 131072 bytes back
Round trip time was 1.59386 milliseconds in repetition 456
tcp_ping received 131072 bytes back
Round trip time was 1.43403 milliseconds in repetition 457
tcp_ping received 131072 bytes back
Round trip time was 1.48171 milliseconds in repetition 458
tcp_ping received 131072 bytes back
Round trip time was 2.1516 milliseconds in repetition 459
tcp_ping received 131072 bytes back
Round trip time was 1.40533 milliseconds in repetition 460
tcp_ping received 131072 bytes back
Round trip time was 1.43802 milliseconds in repetition 461
tcp_ping received 131072 bytes back
Round trip time was 1.50655 milliseconds in repetition 462
tcp_ping received 131072 bytes back
Round trip time was 1.38644 milliseconds in repetition 463
tcp_ping received 131072 bytes back
Round trip time was 1.54517 milliseconds in repetition 464
tcp_ping received 131072 bytes back
Round trip time was 1.3839 milliseconds in repetition 465
tcp_ping received 131072 bytes back
Round trip time was 1.36897 milliseconds in repetition 466
tcp_ping received 131072 bytes back
Round trip time was 1.30826 milliseconds in repetition 467
tcp_ping received 131072 bytes back
Round trip time was 1.35646 milliseconds in repetition 468
tcp_ping received 131072 bytes back
Round trip time was 1.46746 milliseconds in repetition 469
tcp_ping received 131072 bytes back
Round trip time was 1.30228 milliseconds in repetition 470
tcp_ping received 131072 bytes back
Round trip time was 1.84009 milliseconds in repetition 471
tcp_ping received 131072 bytes back
Round trip time was 1.42633 milliseconds in repetition 472
tcp_ping received 131072 bytes back
Round trip time was 1.65944 milliseconds in repetition 473
tcp_ping received 131072 bytes back
Round trip time was 1.29461 milliseconds in repetition 474
tcp_ping received 131072 bytes back
Round trip time was 1.40332 milliseconds in repetition 475
tcp_ping received 131072 bytes back
Round trip time was 1.29287 milliseconds in repetition 476
tcp_ping received 131072 bytes back
Round trip time was 1.30106 milliseconds in repetition 477
tcp_ping received 131072 bytes back
Round trip time was 1.34767 milliseconds in repetition 478
tcp_ping received 131072 bytes back
Round trip time was 1.72069 milliseconds in repetition 479
tcp_ping received 131072 bytes back
Round trip time was 2.30636 milliseconds in repetition 480
tcp_ping received 131072 bytes back
Round trip time was 2.09239 milliseconds in repetition 481
tcp_ping received 131072 bytes back
Round trip time was 1.47829 milliseconds in repetition 482
tcp_ping received 131072 bytes back
Round trip time was 1.42112 milliseconds in repetition 483
tcp_ping received 131072 bytes back
Round trip time was 1.39482 milliseconds in repetition 484
tcp_ping received 131072 bytes back
Round trip time was 1.49773 milliseconds in repetition 485
tcp_ping received 131072 bytes back
Round trip time was 1.47933 milliseconds in repetition 486
tcp_ping received 131072 bytes back
Round trip time was 1.46166 milliseconds in repetition 487
tcp_ping received 131072 bytes back
Round trip time was 1.31624 milliseconds in repetition 488
tcp_ping received 131072 bytes back
Round trip time was 1.37988 milliseconds in repetition 489
tcp_ping received 131072 bytes back
Round trip time was 1.56087 milliseconds in repetition 490
tcp_ping received 131072 bytes back
Round trip time was 1.31269 milliseconds in repetition 491
tcp_ping received 131072 bytes back
Round trip time was 1.58074 milliseconds in repetition 492
tcp_ping received 131072 bytes back
Round trip time was 1.38131 milliseconds in repetition 493
tcp_ping received 131072 bytes back
Round trip time was 1.29573 milliseconds in repetition 494
tcp_ping received 131072 bytes back
Round trip time was 1.29538 milliseconds in repetition 495
tcp_ping received 131072 bytes back
Round trip time was 1.41771 milliseconds in repetition 496
tcp_ping received 131072 bytes back
Round trip time was 1.37083 milliseconds in repetition 497
tcp_ping received 131072 bytes back
Round trip time was 1.30498 milliseconds in repetition 498
tcp_ping received 131072 bytes back
Round trip time was 1.39082 milliseconds in repetition 499
tcp_ping received 131072 bytes back
Round trip time was 1.30677 milliseconds in repetition 500
tcp_ping received 131072 bytes back
Round trip time was 1.31574 milliseconds in repetition 501

 ... clock resolution was 1e-06
TCP Ping:  Statistics over 501 repetitions of 131072 byte messages

RTT : percentile 10: 1.21458, median: 1.33728, percentile 90: 1.57301, average: 1.42159, variance: 0.166522

RTT histogram:
1.14325 134
1.42845 316
1.71366 27
1.99886 7
2.28406 9
2.56926 0
2.85446 1
3.13966 1
3.42486 1
3.71007 3
3.99527 0
4.28047 0
4.56567 0
4.85087 1
5.13607 0
5.42127 0
5.70648 0
5.99168 0
6.27688 0
6.56208 0
6.84728 1

   median Throughput : 196027 KB/s   overall Throughput : 184402 KB/s

