TCP Ping trying to connect to server localhost (127.0.0.1) on port 1421
 ... connected to Pong server: asking for 501 repetitions of 512 bytes TCP messages
 ... Pong server agreed :-)
tcp_ping received 512 bytes back
Round trip time was 0.118806 milliseconds in repetition 1
tcp_ping received 512 bytes back
Round trip time was 0.109278 milliseconds in repetition 2
tcp_ping received 512 bytes back
Round trip time was 0.111309 milliseconds in repetition 3
tcp_ping received 512 bytes back
Round trip time was 0.08359 milliseconds in repetition 4
tcp_ping received 512 bytes back
Round trip time was 0.06599 milliseconds in repetition 5
tcp_ping received 512 bytes back
Round trip time was 0.064276 milliseconds in repetition 6
tcp_ping received 512 bytes back
Round trip time was 0.063798 milliseconds in repetition 7
tcp_ping received 512 bytes back
Round trip time was 0.063911 milliseconds in repetition 8
tcp_ping received 512 bytes back
Round trip time was 0.063948 milliseconds in repetition 9
tcp_ping received 512 bytes back
Round trip time was 0.06369 milliseconds in repetition 10
tcp_ping received 512 bytes back
Round trip time was 0.063852 milliseconds in repetition 11
tcp_ping received 512 bytes back
Round trip time was 0.026313 milliseconds in repetition 12
tcp_ping received 512 bytes back
Round trip time was 0.016917 milliseconds in repetition 13
tcp_ping received 512 bytes back
Round trip time was 0.016146 milliseconds in repetition 14
tcp_ping received 512 bytes back
Round trip time was 0.016085 milliseconds in repetition 15
tcp_ping received 512 bytes back
Round trip time was 0.016167 milliseconds in repetition 16
tcp_ping received 512 bytes back
Round trip time was 0.015779 milliseconds in repetition 17
tcp_ping received 512 bytes back
Round trip time was 0.016096 milliseconds in repetition 18
tcp_ping received 512 bytes back
Round trip time was 0.015983 milliseconds in repetition 19
tcp_ping received 512 bytes back
Round trip time was 0.015985 milliseconds in repetition 20
tcp_ping received 512 bytes back
Round trip time was 0.015693 milliseconds in repetition 21
tcp_ping received 512 bytes back
Round trip time was 0.015956 milliseconds in repetition 22
tcp_ping received 512 bytes back
Round trip time was 0.015818 milliseconds in repetition 23
tcp_ping received 512 bytes back
Round trip time was 0.015707 milliseconds in repetition 24
tcp_ping received 512 bytes back
Round trip time was 0.015702 milliseconds in repetition 25
tcp_ping received 512 bytes back
Round trip time was 0.01586 milliseconds in repetition 26
tcp_ping received 512 bytes back
Round trip time was 0.015848 milliseconds in repetition 27
tcp_ping received 512 bytes back
Round trip time was 0.01585 milliseconds in repetition 28
tcp_ping received 512 bytes back
Round trip time was 0.01583 milliseconds in repetition 29
tcp_ping received 512 bytes back
Round trip time was 0.015812 milliseconds in repetition 30
tcp_ping received 512 bytes back
Round trip time was 0.015867 milliseconds in repetition 31
tcp_ping received 512 bytes back
Round trip time was 0.015764 milliseconds in repetition 32
tcp_ping received 512 bytes back
Round trip time was 0.015744 milliseconds in repetition 33
tcp_ping received 512 bytes back
Round trip time was 0.016104 milliseconds in repetition 34
tcp_ping received 512 bytes back
Round trip time was 0.015676 milliseconds in repetition 35
tcp_ping received 512 bytes back
Round trip time was 0.015906 milliseconds in repetition 36
tcp_ping received 512 bytes back
Round trip time was 0.01588 milliseconds in repetition 37
tcp_ping received 512 bytes back
Round trip time was 0.01591 milliseconds in repetition 38
tcp_ping received 512 bytes back
Round trip time was 0.015797 milliseconds in repetition 39
tcp_ping received 512 bytes back
Round trip time was 0.015901 milliseconds in repetition 40
tcp_ping received 512 bytes back
Round trip time was 0.015717 milliseconds in repetition 41
tcp_ping received 512 bytes back
Round trip time was 0.01575 milliseconds in repetition 42
tcp_ping received 512 bytes back
Round trip time was 0.015677 milliseconds in repetition 43
tcp_ping received 512 bytes back
Round trip time was 0.027983 milliseconds in repetition 44
tcp_ping received 512 bytes back
Round trip time was 0.016465 milliseconds in repetition 45
tcp_ping received 512 bytes back
Round trip time was 0.016408 milliseconds in repetition 46
tcp_ping received 512 bytes back
Round trip time was 0.0162 milliseconds in repetition 47
tcp_ping received 512 bytes back
Round trip time was 0.015878 milliseconds in repetition 48
tcp_ping received 512 bytes back
Round trip time was 0.015682 milliseconds in repetition 49
tcp_ping received 512 bytes back
Round trip time was 0.01587 milliseconds in repetition 50
tcp_ping received 512 bytes back
Round trip time was 0.015858 milliseconds in repetition 51
tcp_ping received 512 bytes back
Round trip time was 0.015952 milliseconds in repetition 52
tcp_ping received 512 bytes back
Round trip time was 0.015727 milliseconds in repetition 53
tcp_ping received 512 bytes back
Round trip time was 0.015728 milliseconds in repetition 54
tcp_ping received 512 bytes back
Round trip time was 0.015785 milliseconds in repetition 55
tcp_ping received 512 bytes back
Round trip time was 0.015748 milliseconds in repetition 56
tcp_ping received 512 bytes back
Round trip time was 0.015788 milliseconds in repetition 57
tcp_ping received 512 bytes back
Round trip time was 0.015881 milliseconds in repetition 58
tcp_ping received 512 bytes back
Round trip time was 0.015722 milliseconds in repetition 59
tcp_ping received 512 bytes back
Round trip time was 0.015618 milliseconds in repetition 60
tcp_ping received 512 bytes back
Round trip time was 0.015808 milliseconds in repetition 61
tcp_ping received 512 bytes back
Round trip time was 0.015724 milliseconds in repetition 62
tcp_ping received 512 bytes back
Round trip time was 0.015804 milliseconds in repetition 63
tcp_ping received 512 bytes back
Round trip time was 0.015756 milliseconds in repetition 64
tcp_ping received 512 bytes back
Round trip time was 0.015648 milliseconds in repetition 65
tcp_ping received 512 bytes back
Round trip time was 0.015918 milliseconds in repetition 66
tcp_ping received 512 bytes back
Round trip time was 0.015901 milliseconds in repetition 67
tcp_ping received 512 bytes back
Round trip time was 0.015736 milliseconds in repetition 68
tcp_ping received 512 bytes back
Round trip time was 0.015774 milliseconds in repetition 69
tcp_ping received 512 bytes back
Round trip time was 0.01581 milliseconds in repetition 70
tcp_ping received 512 bytes back
Round trip time was 0.015717 milliseconds in repetition 71
tcp_ping received 512 bytes back
Round trip time was 0.015686 milliseconds in repetition 72
tcp_ping received 512 bytes back
Round trip time was 0.015785 milliseconds in repetition 73
tcp_ping received 512 bytes back
Round trip time was 0.014565 milliseconds in repetition 74
tcp_ping received 512 bytes back
Round trip time was 0.015621 milliseconds in repetition 75
tcp_ping received 512 bytes back
Round trip time was 0.015905 milliseconds in repetition 76
tcp_ping received 512 bytes back
Round trip time was 0.015728 milliseconds in repetition 77
tcp_ping received 512 bytes back
Round trip time was 0.015721 milliseconds in repetition 78
tcp_ping received 512 bytes back
Round trip time was 0.015832 milliseconds in repetition 79
tcp_ping received 512 bytes back
Round trip time was 0.015882 milliseconds in repetition 80
tcp_ping received 512 bytes back
Round trip time was 0.015522 milliseconds in repetition 81
tcp_ping received 512 bytes back
Round trip time was 0.064758 milliseconds in repetition 82
tcp_ping received 512 bytes back
Round trip time was 0.021558 milliseconds in repetition 83
tcp_ping received 512 bytes back
Round trip time was 0.016565 milliseconds in repetition 84
tcp_ping received 512 bytes back
Round trip time was 0.016094 milliseconds in repetition 85
tcp_ping received 512 bytes back
Round trip time was 0.015863 milliseconds in repetition 86
tcp_ping received 512 bytes back
Round trip time was 0.015643 milliseconds in repetition 87
tcp_ping received 512 bytes back
Round trip time was 0.015873 milliseconds in repetition 88
tcp_ping received 512 bytes back
Round trip time was 0.055573 milliseconds in repetition 89
tcp_ping received 512 bytes back
Round trip time was 0.042763 milliseconds in repetition 90
tcp_ping received 512 bytes back
Round trip time was 0.042144 milliseconds in repetition 91
tcp_ping received 512 bytes back
Round trip time was 0.041787 milliseconds in repetition 92
tcp_ping received 512 bytes back
Round trip time was 0.064393 milliseconds in repetition 93
tcp_ping received 512 bytes back
Round trip time was 0.064605 milliseconds in repetition 94
tcp_ping received 512 bytes back
Round trip time was 0.062173 milliseconds in repetition 95
tcp_ping received 512 bytes back
Round trip time was 0.17321 milliseconds in repetition 96
tcp_ping received 512 bytes back
Round trip time was 0.033983 milliseconds in repetition 97
tcp_ping received 512 bytes back
Round trip time was 0.018391 milliseconds in repetition 98
tcp_ping received 512 bytes back
Round trip time was 0.016478 milliseconds in repetition 99
tcp_ping received 512 bytes back
Round trip time was 0.016428 milliseconds in repetition 100
tcp_ping received 512 bytes back
Round trip time was 0.03195 milliseconds in repetition 101
tcp_ping received 512 bytes back
Round trip time was 0.015729 milliseconds in repetition 102
tcp_ping received 512 bytes back
Round trip time was 0.015494 milliseconds in repetition 103
tcp_ping received 512 bytes back
Round trip time was 0.015422 milliseconds in repetition 104
tcp_ping received 512 bytes back
Round trip time was 0.015346 milliseconds in repetition 105
tcp_ping received 512 bytes back
Round trip time was 0.015593 milliseconds in repetition 106
tcp_ping received 512 bytes back
Round trip time was 0.015343 milliseconds in repetition 107
tcp_ping received 512 bytes back
Round trip time was 0.015389 milliseconds in repetition 108
tcp_ping received 512 bytes back
Round trip time was 0.015432 milliseconds in repetition 109
tcp_ping received 512 bytes back
Round trip time was 0.015525 milliseconds in repetition 110
tcp_ping received 512 bytes back
Round trip time was 0.015357 milliseconds in repetition 111
tcp_ping received 512 bytes back
Round trip time was 0.015481 milliseconds in repetition 112
tcp_ping received 512 bytes back
Round trip time was 0.015393 milliseconds in repetition 113
tcp_ping received 512 bytes back
Round trip time was 0.015555 milliseconds in repetition 114
tcp_ping received 512 bytes back
Round trip time was 0.015514 milliseconds in repetition 115
tcp_ping received 512 bytes back
Round trip time was 0.0154 milliseconds in repetition 116
tcp_ping received 512 bytes back
Round trip time was 0.015467 milliseconds in repetition 117
tcp_ping received 512 bytes back
Round trip time was 0.015617 milliseconds in repetition 118
tcp_ping received 512 bytes back
Round trip time was 0.015249 milliseconds in repetition 119
tcp_ping received 512 bytes back
Round trip time was 0.015567 milliseconds in repetition 120
tcp_ping received 512 bytes back
Round trip time was 0.015427 milliseconds in repetition 121
tcp_ping received 512 bytes back
Round trip time was 0.015329 milliseconds in repetition 122
tcp_ping received 512 bytes back
Round trip time was 0.015411 milliseconds in repetition 123
tcp_ping received 512 bytes back
Round trip time was 0.015365 milliseconds in repetition 124
tcp_ping received 512 bytes back
Round trip time was 0.015475 milliseconds in repetition 125
tcp_ping received 512 bytes back
Round trip time was 0.015886 milliseconds in repetition 126
tcp_ping received 512 bytes back
Round trip time was 0.01605 milliseconds in repetition 127
tcp_ping received 512 bytes back
Round trip time was 0.017011 milliseconds in repetition 128
tcp_ping received 512 bytes back
Round trip time was 0.022813 milliseconds in repetition 129
tcp_ping received 512 bytes back
Round trip time was 0.015818 milliseconds in repetition 130
tcp_ping received 512 bytes back
Round trip time was 0.016127 milliseconds in repetition 131
tcp_ping received 512 bytes back
Round trip time was 0.015639 milliseconds in repetition 132
tcp_ping received 512 bytes back
Round trip time was 0.025936 milliseconds in repetition 133
tcp_ping received 512 bytes back
Round trip time was 0.01634 milliseconds in repetition 134
tcp_ping received 512 bytes back
Round trip time was 0.015613 milliseconds in repetition 135
tcp_ping received 512 bytes back
Round trip time was 0.015575 milliseconds in repetition 136
tcp_ping received 512 bytes back
Round trip time was 0.015406 milliseconds in repetition 137
tcp_ping received 512 bytes back
Round trip time was 0.015495 milliseconds in repetition 138
tcp_ping received 512 bytes back
Round trip time was 0.01554 milliseconds in repetition 139
tcp_ping received 512 bytes back
Round trip time was 0.015421 milliseconds in repetition 140
tcp_ping received 512 bytes back
Round trip time was 0.015269 milliseconds in repetition 141
tcp_ping received 512 bytes back
Round trip time was 0.015476 milliseconds in repetition 142
tcp_ping received 512 bytes back
Round trip time was 0.015203 milliseconds in repetition 143
tcp_ping received 512 bytes back
Round trip time was 0.015292 milliseconds in repetition 144
tcp_ping received 512 bytes back
Round trip time was 0.01514 milliseconds in repetition 145
tcp_ping received 512 bytes back
Round trip time was 0.015406 milliseconds in repetition 146
tcp_ping received 512 bytes back
Round trip time was 0.015206 milliseconds in repetition 147
tcp_ping received 512 bytes back
Round trip time was 0.015416 milliseconds in repetition 148
tcp_ping received 512 bytes back
Round trip time was 0.015276 milliseconds in repetition 149
tcp_ping received 512 bytes back
Round trip time was 0.015272 milliseconds in repetition 150
tcp_ping received 512 bytes back
Round trip time was 0.014878 milliseconds in repetition 151
tcp_ping received 512 bytes back
Round trip time was 0.036438 milliseconds in repetition 152
tcp_ping received 512 bytes back
Round trip time was 0.032128 milliseconds in repetition 153
tcp_ping received 512 bytes back
Round trip time was 0.015681 milliseconds in repetition 154
tcp_ping received 512 bytes back
Round trip time was 0.015627 milliseconds in repetition 155
tcp_ping received 512 bytes back
Round trip time was 0.015489 milliseconds in repetition 156
tcp_ping received 512 bytes back
Round trip time was 0.01549 milliseconds in repetition 157
tcp_ping received 512 bytes back
Round trip time was 0.036502 milliseconds in repetition 158
tcp_ping received 512 bytes back
Round trip time was 0.016389 milliseconds in repetition 159
tcp_ping received 512 bytes back
Round trip time was 0.015762 milliseconds in repetition 160
tcp_ping received 512 bytes back
Round trip time was 0.015825 milliseconds in repetition 161
tcp_ping received 512 bytes back
Round trip time was 0.016614 milliseconds in repetition 162
tcp_ping received 512 bytes back
Round trip time was 0.015814 milliseconds in repetition 163
tcp_ping received 512 bytes back
Round trip time was 0.015653 milliseconds in repetition 164
tcp_ping received 512 bytes back
Round trip time was 0.015722 milliseconds in repetition 165
tcp_ping received 512 bytes back
Round trip time was 0.015933 milliseconds in repetition 166
tcp_ping received 512 bytes back
Round trip time was 0.016169 milliseconds in repetition 167
tcp_ping received 512 bytes back
Round trip time was 0.015941 milliseconds in repetition 168
tcp_ping received 512 bytes back
Round trip time was 0.015768 milliseconds in repetition 169
tcp_ping received 512 bytes back
Round trip time was 0.015793 milliseconds in repetition 170
tcp_ping received 512 bytes back
Round trip time was 0.01607 milliseconds in repetition 171
tcp_ping received 512 bytes back
Round trip time was 0.016202 milliseconds in repetition 172
tcp_ping received 512 bytes back
Round trip time was 0.016091 milliseconds in repetition 173
tcp_ping received 512 bytes back
Round trip time was 0.032732 milliseconds in repetition 174
tcp_ping received 512 bytes back
Round trip time was 0.015498 milliseconds in repetition 175
tcp_ping received 512 bytes back
Round trip time was 0.015342 milliseconds in repetition 176
tcp_ping received 512 bytes back
Round trip time was 0.027305 milliseconds in repetition 177
tcp_ping received 512 bytes back
Round trip time was 0.016147 milliseconds in repetition 178
tcp_ping received 512 bytes back
Round trip time was 0.015445 milliseconds in repetition 179
tcp_ping received 512 bytes back
Round trip time was 0.01546 milliseconds in repetition 180
tcp_ping received 512 bytes back
Round trip time was 0.015194 milliseconds in repetition 181
tcp_ping received 512 bytes back
Round trip time was 0.015233 milliseconds in repetition 182
tcp_ping received 512 bytes back
Round trip time was 0.01516 milliseconds in repetition 183
tcp_ping received 512 bytes back
Round trip time was 0.015331 milliseconds in repetition 184
tcp_ping received 512 bytes back
Round trip time was 0.015268 milliseconds in repetition 185
tcp_ping received 512 bytes back
Round trip time was 0.015132 milliseconds in repetition 186
tcp_ping received 512 bytes back
Round trip time was 0.015179 milliseconds in repetition 187
tcp_ping received 512 bytes back
Round trip time was 0.015024 milliseconds in repetition 188
tcp_ping received 512 bytes back
Round trip time was 0.015273 milliseconds in repetition 189
tcp_ping received 512 bytes back
Round trip time was 0.015282 milliseconds in repetition 190
tcp_ping received 512 bytes back
Round trip time was 0.015263 milliseconds in repetition 191
tcp_ping received 512 bytes back
Round trip time was 0.015087 milliseconds in repetition 192
tcp_ping received 512 bytes back
Round trip time was 0.015334 milliseconds in repetition 193
tcp_ping received 512 bytes back
Round trip time was 0.015332 milliseconds in repetition 194
tcp_ping received 512 bytes back
Round trip time was 0.015147 milliseconds in repetition 195
tcp_ping received 512 bytes back
Round trip time was 0.015296 milliseconds in repetition 196
tcp_ping received 512 bytes back
Round trip time was 0.015226 milliseconds in repetition 197
tcp_ping received 512 bytes back
Round trip time was 0.015335 milliseconds in repetition 198
tcp_ping received 512 bytes back
Round trip time was 0.015315 milliseconds in repetition 199
tcp_ping received 512 bytes back
Round trip time was 0.015316 milliseconds in repetition 200
tcp_ping received 512 bytes back
Round trip time was 0.015224 milliseconds in repetition 201
tcp_ping received 512 bytes back
Round trip time was 0.015361 milliseconds in repetition 202
tcp_ping received 512 bytes back
Round trip time was 0.015308 milliseconds in repetition 203
tcp_ping received 512 bytes back
Round trip time was 0.015241 milliseconds in repetition 204
tcp_ping received 512 bytes back
Round trip time was 0.01524 milliseconds in repetition 205
tcp_ping received 512 bytes back
Round trip time was 0.015203 milliseconds in repetition 206
tcp_ping received 512 bytes back
Round trip time was 0.015367 milliseconds in repetition 207
tcp_ping received 512 bytes back
Round trip time was 0.01537 milliseconds in repetition 208
tcp_ping received 512 bytes back
Round trip time was 0.015528 milliseconds in repetition 209
tcp_ping received 512 bytes back
Round trip time was 0.015398 milliseconds in repetition 210
tcp_ping received 512 bytes back
Round trip time was 0.015431 milliseconds in repetition 211
tcp_ping received 512 bytes back
Round trip time was 0.015318 milliseconds in repetition 212
tcp_ping received 512 bytes back
Round trip time was 0.015211 milliseconds in repetition 213
tcp_ping received 512 bytes back
Round trip time was 0.015272 milliseconds in repetition 214
tcp_ping received 512 bytes back
Round trip time was 0.015151 milliseconds in repetition 215
tcp_ping received 512 bytes back
Round trip time was 0.015504 milliseconds in repetition 216
tcp_ping received 512 bytes back
Round trip time was 0.015309 milliseconds in repetition 217
tcp_ping received 512 bytes back
Round trip time was 0.015311 milliseconds in repetition 218
tcp_ping received 512 bytes back
Round trip time was 0.015165 milliseconds in repetition 219
tcp_ping received 512 bytes back
Round trip time was 0.015302 milliseconds in repetition 220
tcp_ping received 512 bytes back
Round trip time was 0.062893 milliseconds in repetition 221
tcp_ping received 512 bytes back
Round trip time was 0.016539 milliseconds in repetition 222
tcp_ping received 512 bytes back
Round trip time was 0.015515 milliseconds in repetition 223
tcp_ping received 512 bytes back
Round trip time was 0.015257 milliseconds in repetition 224
tcp_ping received 512 bytes back
Round trip time was 0.01536 milliseconds in repetition 225
tcp_ping received 512 bytes back
Round trip time was 0.015434 milliseconds in repetition 226
tcp_ping received 512 bytes back
Round trip time was 0.015431 milliseconds in repetition 227
tcp_ping received 512 bytes back
Round trip time was 0.015323 milliseconds in repetition 228
tcp_ping received 512 bytes back
Round trip time was 0.01521 milliseconds in repetition 229
tcp_ping received 512 bytes back
Round trip time was 0.015148 milliseconds in repetition 230
tcp_ping received 512 bytes back
Round trip time was 0.015212 milliseconds in repetition 231
tcp_ping received 512 bytes back
Round trip time was 0.01522 milliseconds in repetition 232
tcp_ping received 512 bytes back
Round trip time was 0.015116 milliseconds in repetition 233
tcp_ping received 512 bytes back
Round trip time was 0.015326 milliseconds in repetition 234
tcp_ping received 512 bytes back
Round trip time was 0.015057 milliseconds in repetition 235
tcp_ping received 512 bytes back
Round trip time was 0.015229 milliseconds in repetition 236
tcp_ping received 512 bytes back
Round trip time was 0.015276 milliseconds in repetition 237
tcp_ping received 512 bytes back
Round trip time was 0.015366 milliseconds in repetition 238
tcp_ping received 512 bytes back
Round trip time was 0.015233 milliseconds in repetition 239
tcp_ping received 512 bytes back
Round trip time was 0.015309 milliseconds in repetition 240
tcp_ping received 512 bytes back
Round trip time was 0.015118 milliseconds in repetition 241
tcp_ping received 512 bytes back
Round trip time was 0.015456 milliseconds in repetition 242
tcp_ping received 512 bytes back
Round trip time was 0.015272 milliseconds in repetition 243
tcp_ping received 512 bytes back
Round trip time was 0.015428 milliseconds in repetition 244
tcp_ping received 512 bytes back
Round trip time was 0.015168 milliseconds in repetition 245
tcp_ping received 512 bytes back
Round trip time was 0.015176 milliseconds in repetition 246
tcp_ping received 512 bytes back
Round trip time was 0.061496 milliseconds in repetition 247
tcp_ping received 512 bytes back
Round trip time was 0.020571 milliseconds in repetition 248
tcp_ping received 512 bytes back
Round trip time was 0.015842 milliseconds in repetition 249
tcp_ping received 512 bytes back
Round trip time was 0.015579 milliseconds in repetition 250
tcp_ping received 512 bytes back
Round trip time was 0.015356 milliseconds in repetition 251
tcp_ping received 512 bytes back
Round trip time was 0.015334 milliseconds in repetition 252
tcp_ping received 512 bytes back
Round trip time was 0.015251 milliseconds in repetition 253
tcp_ping received 512 bytes back
Round trip time was 0.015451 milliseconds in repetition 254
tcp_ping received 512 bytes back
Round trip time was 0.015173 milliseconds in repetition 255
tcp_ping received 512 bytes back
Round trip time was 0.015561 milliseconds in repetition 256
tcp_ping received 512 bytes back
Round trip time was 0.01532 milliseconds in repetition 257
tcp_ping received 512 bytes back
Round trip time was 0.015517 milliseconds in repetition 258
tcp_ping received 512 bytes back
Round trip time was 0.015284 milliseconds in repetition 259
tcp_ping received 512 bytes back
Round trip time was 0.015334 milliseconds in repetition 260
tcp_ping received 512 bytes back
Round trip time was 0.015465 milliseconds in repetition 261
tcp_ping received 512 bytes back
Round trip time was 0.015346 milliseconds in repetition 262
tcp_ping received 512 bytes back
Round trip time was 0.015555 milliseconds in repetition 263
tcp_ping received 512 bytes back
Round trip time was 0.015113 milliseconds in repetition 264
tcp_ping received 512 bytes back
Round trip time was 0.024393 milliseconds in repetition 265
tcp_ping received 512 bytes back
Round trip time was 0.016074 milliseconds in repetition 266
tcp_ping received 512 bytes back
Round trip time was 0.015367 milliseconds in repetition 267
tcp_ping received 512 bytes back
Round trip time was 0.015423 milliseconds in repetition 268
tcp_ping received 512 bytes back
Round trip time was 0.015175 milliseconds in repetition 269
tcp_ping received 512 bytes back
Round trip time was 0.015317 milliseconds in repetition 270
tcp_ping received 512 bytes back
Round trip time was 0.015241 milliseconds in repetition 271
tcp_ping received 512 bytes back
Round trip time was 0.015253 milliseconds in repetition 272
tcp_ping received 512 bytes back
Round trip time was 0.01547 milliseconds in repetition 273
tcp_ping received 512 bytes back
Round trip time was 0.015515 milliseconds in repetition 274
tcp_ping received 512 bytes back
Round trip time was 0.015251 milliseconds in repetition 275
tcp_ping received 512 bytes back
Round trip time was 0.015292 milliseconds in repetition 276
tcp_ping received 512 bytes back
Round trip time was 0.015174 milliseconds in repetition 277
tcp_ping received 512 bytes back
Round trip time was 0.015235 milliseconds in repetition 278
tcp_ping received 512 bytes back
Round trip time was 0.01513 milliseconds in repetition 279
tcp_ping received 512 bytes back
Round trip time was 0.015413 milliseconds in repetition 280
tcp_ping received 512 bytes back
Round trip time was 0.01522 milliseconds in repetition 281
tcp_ping received 512 bytes back
Round trip time was 0.015174 milliseconds in repetition 282
tcp_ping received 512 bytes back
Round trip time was 0.015203 milliseconds in repetition 283
tcp_ping received 512 bytes back
Round trip time was 0.020798 milliseconds in repetition 284
tcp_ping received 512 bytes back
Round trip time was 0.018586 milliseconds in repetition 285
tcp_ping received 512 bytes back
Round trip time was 0.015481 milliseconds in repetition 286
tcp_ping received 512 bytes back
Round trip time was 0.015261 milliseconds in repetition 287
tcp_ping received 512 bytes back
Round trip time was 0.015224 milliseconds in repetition 288
tcp_ping received 512 bytes back
Round trip time was 0.015196 milliseconds in repetition 289
tcp_ping received 512 bytes back
Round trip time was 0.015397 milliseconds in repetition 290
tcp_ping received 512 bytes back
Round trip time was 0.03392 milliseconds in repetition 291
tcp_ping received 512 bytes back
Round trip time was 0.015909 milliseconds in repetition 292
tcp_ping received 512 bytes back
Round trip time was 0.016594 milliseconds in repetition 293
tcp_ping received 512 bytes back
Round trip time was 0.015824 milliseconds in repetition 294
tcp_ping received 512 bytes back
Round trip time was 0.015851 milliseconds in repetition 295
tcp_ping received 512 bytes back
Round trip time was 0.027065 milliseconds in repetition 296
tcp_ping received 512 bytes back
Round trip time was 0.029223 milliseconds in repetition 297
tcp_ping received 512 bytes back
Round trip time was 0.018096 milliseconds in repetition 298
tcp_ping received 512 bytes back
Round trip time was 0.015804 milliseconds in repetition 299
tcp_ping received 512 bytes back
Round trip time was 0.015951 milliseconds in repetition 300
tcp_ping received 512 bytes back
Round trip time was 0.015877 milliseconds in repetition 301
tcp_ping received 512 bytes back
Round trip time was 0.015938 milliseconds in repetition 302
tcp_ping received 512 bytes back
Round trip time was 0.015687 milliseconds in repetition 303
tcp_ping received 512 bytes back
Round trip time was 0.015796 milliseconds in repetition 304
tcp_ping received 512 bytes back
Round trip time was 0.015646 milliseconds in repetition 305
tcp_ping received 512 bytes back
Round trip time was 0.015665 milliseconds in repetition 306
tcp_ping received 512 bytes back
Round trip time was 0.015753 milliseconds in repetition 307
tcp_ping received 512 bytes back
Round trip time was 0.015771 milliseconds in repetition 308
tcp_ping received 512 bytes back
Round trip time was 0.059687 milliseconds in repetition 309
tcp_ping received 512 bytes back
Round trip time was 0.016634 milliseconds in repetition 310
tcp_ping received 512 bytes back
Round trip time was 0.015535 milliseconds in repetition 311
tcp_ping received 512 bytes back
Round trip time was 0.015274 milliseconds in repetition 312
tcp_ping received 512 bytes back
Round trip time was 0.015281 milliseconds in repetition 313
tcp_ping received 512 bytes back
Round trip time was 0.03444 milliseconds in repetition 314
tcp_ping received 512 bytes back
Round trip time was 0.015925 milliseconds in repetition 315
tcp_ping received 512 bytes back
Round trip time was 0.015724 milliseconds in repetition 316
tcp_ping received 512 bytes back
Round trip time was 0.015733 milliseconds in repetition 317
tcp_ping received 512 bytes back
Round trip time was 0.015665 milliseconds in repetition 318
tcp_ping received 512 bytes back
Round trip time was 0.031834 milliseconds in repetition 319
tcp_ping received 512 bytes back
Round trip time was 0.01545 milliseconds in repetition 320
tcp_ping received 512 bytes back
Round trip time was 0.015133 milliseconds in repetition 321
tcp_ping received 512 bytes back
Round trip time was 0.015358 milliseconds in repetition 322
tcp_ping received 512 bytes back
Round trip time was 0.015135 milliseconds in repetition 323
tcp_ping received 512 bytes back
Round trip time was 0.015217 milliseconds in repetition 324
tcp_ping received 512 bytes back
Round trip time was 0.015295 milliseconds in repetition 325
tcp_ping received 512 bytes back
Round trip time was 0.015245 milliseconds in repetition 326
tcp_ping received 512 bytes back
Round trip time was 0.015255 milliseconds in repetition 327
tcp_ping received 512 bytes back
Round trip time was 0.015177 milliseconds in repetition 328
tcp_ping received 512 bytes back
Round trip time was 0.015201 milliseconds in repetition 329
tcp_ping received 512 bytes back
Round trip time was 0.015053 milliseconds in repetition 330
tcp_ping received 512 bytes back
Round trip time was 0.015194 milliseconds in repetition 331
tcp_ping received 512 bytes back
Round trip time was 0.015137 milliseconds in repetition 332
tcp_ping received 512 bytes back
Round trip time was 0.015107 milliseconds in repetition 333
tcp_ping received 512 bytes back
Round trip time was 0.015281 milliseconds in repetition 334
tcp_ping received 512 bytes back
Round trip time was 0.015155 milliseconds in repetition 335
tcp_ping received 512 bytes back
Round trip time was 0.015195 milliseconds in repetition 336
tcp_ping received 512 bytes back
Round trip time was 0.015183 milliseconds in repetition 337
tcp_ping received 512 bytes back
Round trip time was 0.015291 milliseconds in repetition 338
tcp_ping received 512 bytes back
Round trip time was 0.015202 milliseconds in repetition 339
tcp_ping received 512 bytes back
Round trip time was 0.015248 milliseconds in repetition 340
tcp_ping received 512 bytes back
Round trip time was 0.015186 milliseconds in repetition 341
tcp_ping received 512 bytes back
Round trip time was 0.01504 milliseconds in repetition 342
tcp_ping received 512 bytes back
Round trip time was 0.015116 milliseconds in repetition 343
tcp_ping received 512 bytes back
Round trip time was 0.015025 milliseconds in repetition 344
tcp_ping received 512 bytes back
Round trip time was 0.015152 milliseconds in repetition 345
tcp_ping received 512 bytes back
Round trip time was 0.015205 milliseconds in repetition 346
tcp_ping received 512 bytes back
Round trip time was 0.01519 milliseconds in repetition 347
tcp_ping received 512 bytes back
Round trip time was 0.01516 milliseconds in repetition 348
tcp_ping received 512 bytes back
Round trip time was 0.015174 milliseconds in repetition 349
tcp_ping received 512 bytes back
Round trip time was 0.015303 milliseconds in repetition 350
tcp_ping received 512 bytes back
Round trip time was 0.015209 milliseconds in repetition 351
tcp_ping received 512 bytes back
Round trip time was 0.01527 milliseconds in repetition 352
tcp_ping received 512 bytes back
Round trip time was 0.02418 milliseconds in repetition 353
tcp_ping received 512 bytes back
Round trip time was 0.016167 milliseconds in repetition 354
tcp_ping received 512 bytes back
Round trip time was 0.015468 milliseconds in repetition 355
tcp_ping received 512 bytes back
Round trip time was 0.015346 milliseconds in repetition 356
tcp_ping received 512 bytes back
Round trip time was 0.01535 milliseconds in repetition 357
tcp_ping received 512 bytes back
Round trip time was 0.015342 milliseconds in repetition 358
tcp_ping received 512 bytes back
Round trip time was 0.015188 milliseconds in repetition 359
tcp_ping received 512 bytes back
Round trip time was 0.015246 milliseconds in repetition 360
tcp_ping received 512 bytes back
Round trip time was 0.015086 milliseconds in repetition 361
tcp_ping received 512 bytes back
Round trip time was 0.01517 milliseconds in repetition 362
tcp_ping received 512 bytes back
Round trip time was 0.015102 milliseconds in repetition 363
tcp_ping received 512 bytes back
Round trip time was 0.015327 milliseconds in repetition 364
tcp_ping received 512 bytes back
Round trip time was 0.015279 milliseconds in repetition 365
tcp_ping received 512 bytes back
Round trip time was 0.015137 milliseconds in repetition 366
tcp_ping received 512 bytes back
Round trip time was 0.015188 milliseconds in repetition 367
tcp_ping received 512 bytes back
Round trip time was 0.015193 milliseconds in repetition 368
tcp_ping received 512 bytes back
Round trip time was 0.015116 milliseconds in repetition 369
tcp_ping received 512 bytes back
Round trip time was 0.015301 milliseconds in repetition 370
tcp_ping received 512 bytes back
Round trip time was 0.015235 milliseconds in repetition 371
tcp_ping received 512 bytes back
Round trip time was 0.015291 milliseconds in repetition 372
tcp_ping received 512 bytes back
Round trip time was 0.015157 milliseconds in repetition 373
tcp_ping received 512 bytes back
Round trip time was 0.015192 milliseconds in repetition 374
tcp_ping received 512 bytes back
Round trip time was 0.015163 milliseconds in repetition 375
tcp_ping received 512 bytes back
Round trip time was 0.015168 milliseconds in repetition 376
tcp_ping received 512 bytes back
Round trip time was 0.01546 milliseconds in repetition 377
tcp_ping received 512 bytes back
Round trip time was 0.015227 milliseconds in repetition 378
tcp_ping received 512 bytes back
Round trip time was 0.015124 milliseconds in repetition 379
tcp_ping received 512 bytes back
Round trip time was 0.015122 milliseconds in repetition 380
tcp_ping received 512 bytes back
Round trip time was 0.015165 milliseconds in repetition 381
tcp_ping received 512 bytes back
Round trip time was 0.015218 milliseconds in repetition 382
tcp_ping received 512 bytes back
Round trip time was 0.015319 milliseconds in repetition 383
tcp_ping received 512 bytes back
Round trip time was 0.015272 milliseconds in repetition 384
tcp_ping received 512 bytes back
Round trip time was 0.01511 milliseconds in repetition 385
tcp_ping received 512 bytes back
Round trip time was 0.015444 milliseconds in repetition 386
tcp_ping received 512 bytes back
Round trip time was 0.015123 milliseconds in repetition 387
tcp_ping received 512 bytes back
Round trip time was 0.015314 milliseconds in repetition 388
tcp_ping received 512 bytes back
Round trip time was 0.015106 milliseconds in repetition 389
tcp_ping received 512 bytes back
Round trip time was 0.015298 milliseconds in repetition 390
tcp_ping received 512 bytes back
Round trip time was 0.015174 milliseconds in repetition 391
tcp_ping received 512 bytes back
Round trip time was 0.01508 milliseconds in repetition 392
tcp_ping received 512 bytes back
Round trip time was 0.015199 milliseconds in repetition 393
tcp_ping received 512 bytes back
Round trip time was 0.015285 milliseconds in repetition 394
tcp_ping received 512 bytes back
Round trip time was 0.016708 milliseconds in repetition 395
tcp_ping received 512 bytes back
Round trip time was 0.016327 milliseconds in repetition 396
tcp_ping received 512 bytes back
Round trip time was 0.015779 milliseconds in repetition 397
tcp_ping received 512 bytes back
Round trip time was 0.041313 milliseconds in repetition 398
tcp_ping received 512 bytes back
Round trip time was 0.016266 milliseconds in repetition 399
tcp_ping received 512 bytes back
Round trip time was 0.015595 milliseconds in repetition 400
tcp_ping received 512 bytes back
Round trip time was 0.015328 milliseconds in repetition 401
tcp_ping received 512 bytes back
Round trip time was 0.015389 milliseconds in repetition 402
tcp_ping received 512 bytes back
Round trip time was 0.015529 milliseconds in repetition 403
tcp_ping received 512 bytes back
Round trip time was 0.015437 milliseconds in repetition 404
tcp_ping received 512 bytes back
Round trip time was 0.015297 milliseconds in repetition 405
tcp_ping received 512 bytes back
Round trip time was 0.015358 milliseconds in repetition 406
tcp_ping received 512 bytes back
Round trip time was 0.015194 milliseconds in repetition 407
tcp_ping received 512 bytes back
Round trip time was 0.015281 milliseconds in repetition 408
tcp_ping received 512 bytes back
Round trip time was 0.015213 milliseconds in repetition 409
tcp_ping received 512 bytes back
Round trip time was 0.015217 milliseconds in repetition 410
tcp_ping received 512 bytes back
Round trip time was 0.015231 milliseconds in repetition 411
tcp_ping received 512 bytes back
Round trip time was 0.015213 milliseconds in repetition 412
tcp_ping received 512 bytes back
Round trip time was 0.015304 milliseconds in repetition 413
tcp_ping received 512 bytes back
Round trip time was 0.015218 milliseconds in repetition 414
tcp_ping received 512 bytes back
Round trip time was 0.015168 milliseconds in repetition 415
tcp_ping received 512 bytes back
Round trip time was 0.015148 milliseconds in repetition 416
tcp_ping received 512 bytes back
Round trip time was 0.015214 milliseconds in repetition 417
tcp_ping received 512 bytes back
Round trip time was 0.015295 milliseconds in repetition 418
tcp_ping received 512 bytes back
Round trip time was 0.015235 milliseconds in repetition 419
tcp_ping received 512 bytes back
Round trip time was 0.015293 milliseconds in repetition 420
tcp_ping received 512 bytes back
Round trip time was 0.015284 milliseconds in repetition 421
tcp_ping received 512 bytes back
Round trip time was 0.015258 milliseconds in repetition 422
tcp_ping received 512 bytes back
Round trip time was 0.015434 milliseconds in repetition 423
tcp_ping received 512 bytes back
Round trip time was 0.015288 milliseconds in repetition 424
tcp_ping received 512 bytes back
Round trip time was 0.015366 milliseconds in repetition 425
tcp_ping received 512 bytes back
Round trip time was 0.015202 milliseconds in repetition 426
tcp_ping received 512 bytes back
Round trip time was 0.015173 milliseconds in repetition 427
tcp_ping received 512 bytes back
Round trip time was 0.073281 milliseconds in repetition 428
tcp_ping received 512 bytes back
Round trip time was 0.198281 milliseconds in repetition 429
tcp_ping received 512 bytes back
Round trip time was 0.019553 milliseconds in repetition 430
tcp_ping received 512 bytes back
Round trip time was 0.057429 milliseconds in repetition 431
tcp_ping received 512 bytes back
Round trip time was 0.016143 milliseconds in repetition 432
tcp_ping received 512 bytes back
Round trip time was 0.10021 milliseconds in repetition 433
tcp_ping received 512 bytes back
Round trip time was 0.024676 milliseconds in repetition 434
tcp_ping received 512 bytes back
Round trip time was 0.017592 milliseconds in repetition 435
tcp_ping received 512 bytes back
Round trip time was 0.015908 milliseconds in repetition 436
tcp_ping received 512 bytes back
Round trip time was 0.015467 milliseconds in repetition 437
tcp_ping received 512 bytes back
Round trip time was 0.015402 milliseconds in repetition 438
tcp_ping received 512 bytes back
Round trip time was 0.015235 milliseconds in repetition 439
tcp_ping received 512 bytes back
Round trip time was 0.015248 milliseconds in repetition 440
tcp_ping received 512 bytes back
Round trip time was 0.01532 milliseconds in repetition 441
tcp_ping received 512 bytes back
Round trip time was 0.025373 milliseconds in repetition 442
tcp_ping received 512 bytes back
Round trip time was 0.015925 milliseconds in repetition 443
tcp_ping received 512 bytes back
Round trip time was 0.015339 milliseconds in repetition 444
tcp_ping received 512 bytes back
Round trip time was 0.015349 milliseconds in repetition 445
tcp_ping received 512 bytes back
Round trip time was 0.015444 milliseconds in repetition 446
tcp_ping received 512 bytes back
Round trip time was 0.015246 milliseconds in repetition 447
tcp_ping received 512 bytes back
Round trip time was 0.015492 milliseconds in repetition 448
tcp_ping received 512 bytes back
Round trip time was 0.015189 milliseconds in repetition 449
tcp_ping received 512 bytes back
Round trip time was 0.015375 milliseconds in repetition 450
tcp_ping received 512 bytes back
Round trip time was 0.015393 milliseconds in repetition 451
tcp_ping received 512 bytes back
Round trip time was 0.015373 milliseconds in repetition 452
tcp_ping received 512 bytes back
Round trip time was 0.015218 milliseconds in repetition 453
tcp_ping received 512 bytes back
Round trip time was 0.015373 milliseconds in repetition 454
tcp_ping received 512 bytes back
Round trip time was 0.015268 milliseconds in repetition 455
tcp_ping received 512 bytes back
Round trip time was 0.015099 milliseconds in repetition 456
tcp_ping received 512 bytes back
Round trip time was 0.01528 milliseconds in repetition 457
tcp_ping received 512 bytes back
Round trip time was 0.015547 milliseconds in repetition 458
tcp_ping received 512 bytes back
Round trip time was 0.015364 milliseconds in repetition 459
tcp_ping received 512 bytes back
Round trip time was 0.015372 milliseconds in repetition 460
tcp_ping received 512 bytes back
Round trip time was 0.015182 milliseconds in repetition 461
tcp_ping received 512 bytes back
Round trip time was 0.015369 milliseconds in repetition 462
tcp_ping received 512 bytes back
Round trip time was 0.015335 milliseconds in repetition 463
tcp_ping received 512 bytes back
Round trip time was 0.015192 milliseconds in repetition 464
tcp_ping received 512 bytes back
Round trip time was 0.015216 milliseconds in repetition 465
tcp_ping received 512 bytes back
Round trip time was 0.015427 milliseconds in repetition 466
tcp_ping received 512 bytes back
Round trip time was 0.015404 milliseconds in repetition 467
tcp_ping received 512 bytes back
Round trip time was 0.015416 milliseconds in repetition 468
tcp_ping received 512 bytes back
Round trip time was 0.015267 milliseconds in repetition 469
tcp_ping received 512 bytes back
Round trip time was 0.015235 milliseconds in repetition 470
tcp_ping received 512 bytes back
Round trip time was 0.015142 milliseconds in repetition 471
tcp_ping received 512 bytes back
Round trip time was 0.015263 milliseconds in repetition 472
tcp_ping received 512 bytes back
Round trip time was 0.015392 milliseconds in repetition 473
tcp_ping received 512 bytes back
Round trip time was 0.015408 milliseconds in repetition 474
tcp_ping received 512 bytes back
Round trip time was 0.015291 milliseconds in repetition 475
tcp_ping received 512 bytes back
Round trip time was 0.015289 milliseconds in repetition 476
tcp_ping received 512 bytes back
Round trip time was 0.015281 milliseconds in repetition 477
tcp_ping received 512 bytes back
Round trip time was 0.015441 milliseconds in repetition 478
tcp_ping received 512 bytes back
Round trip time was 0.015289 milliseconds in repetition 479
tcp_ping received 512 bytes back
Round trip time was 0.015263 milliseconds in repetition 480
tcp_ping received 512 bytes back
Round trip time was 0.015249 milliseconds in repetition 481
tcp_ping received 512 bytes back
Round trip time was 0.015541 milliseconds in repetition 482
tcp_ping received 512 bytes back
Round trip time was 0.015288 milliseconds in repetition 483
tcp_ping received 512 bytes back
Round trip time was 0.015285 milliseconds in repetition 484
tcp_ping received 512 bytes back
Round trip time was 0.015287 milliseconds in repetition 485
tcp_ping received 512 bytes back
Round trip time was 0.024777 milliseconds in repetition 486
tcp_ping received 512 bytes back
Round trip time was 0.015958 milliseconds in repetition 487
tcp_ping received 512 bytes back
Round trip time was 0.015354 milliseconds in repetition 488
tcp_ping received 512 bytes back
Round trip time was 0.015236 milliseconds in repetition 489
tcp_ping received 512 bytes back
Round trip time was 0.015486 milliseconds in repetition 490
tcp_ping received 512 bytes back
Round trip time was 0.015237 milliseconds in repetition 491
tcp_ping received 512 bytes back
Round trip time was 0.015202 milliseconds in repetition 492
tcp_ping received 512 bytes back
Round trip time was 0.015299 milliseconds in repetition 493
tcp_ping received 512 bytes back
Round trip time was 0.015178 milliseconds in repetition 494
tcp_ping received 512 bytes back
Round trip time was 0.015334 milliseconds in repetition 495
tcp_ping received 512 bytes back
Round trip time was 0.015319 milliseconds in repetition 496
tcp_ping received 512 bytes back
Round trip time was 0.015293 milliseconds in repetition 497
tcp_ping received 512 bytes back
Round trip time was 0.015392 milliseconds in repetition 498
tcp_ping received 512 bytes back
Round trip time was 0.015329 milliseconds in repetition 499
tcp_ping received 512 bytes back
Round trip time was 0.015411 milliseconds in repetition 500
tcp_ping received 512 bytes back
Round trip time was 0.015333 milliseconds in repetition 501

 ... clock resolution was 1e-06
TCP Ping:  Statistics over 501 repetitions of 512 byte messages

RTT : percentile 10: 0.015174, median: 0.015411, percentile 90: 0.020798, average: 0.0195241, variance: 0.000274019

RTT histogram:
0.0145645 448
0.0237503 15
0.0329362 10
0.042122 4
0.0513079 1
0.0604937 14
0.0696796 2
0.0788654 0
0.0880513 1
0.0972371 1
0.106423 1
0.115609 2
0.124795 0
0.133981 0
0.143166 0
0.152352 0
0.161538 0
0.170724 1
0.17991 0
0.189096 0
0.198281 1

   median Throughput : 66446 KB/s   overall Throughput : 52448 KB/s

