TCP Ping trying to connect to server localhost (127.0.0.1) on port 1420
 ... connected to Pong server: asking for 501 repetitions of 96 bytes TCP messages
 ... Pong server agreed :-)
tcp_ping received 96 bytes back
Round trip time was 0.02735 milliseconds in repetition 1
tcp_ping received 96 bytes back
Round trip time was 0.014663 milliseconds in repetition 2
tcp_ping received 96 bytes back
Round trip time was 0.012827 milliseconds in repetition 3
tcp_ping received 96 bytes back
Round trip time was 0.058088 milliseconds in repetition 4
tcp_ping received 96 bytes back
Round trip time was 0.022428 milliseconds in repetition 5
tcp_ping received 96 bytes back
Round trip time was 0.022841 milliseconds in repetition 6
tcp_ping received 96 bytes back
Round trip time was 0.0134 milliseconds in repetition 7
tcp_ping received 96 bytes back
Round trip time was 0.012872 milliseconds in repetition 8
tcp_ping received 96 bytes back
Round trip time was 0.012636 milliseconds in repetition 9
tcp_ping received 96 bytes back
Round trip time was 0.012694 milliseconds in repetition 10
tcp_ping received 96 bytes back
Round trip time was 0.012499 milliseconds in repetition 11
tcp_ping received 96 bytes back
Round trip time was 0.012673 milliseconds in repetition 12
tcp_ping received 96 bytes back
Round trip time was 0.012548 milliseconds in repetition 13
tcp_ping received 96 bytes back
Round trip time was 0.012621 milliseconds in repetition 14
tcp_ping received 96 bytes back
Round trip time was 0.012908 milliseconds in repetition 15
tcp_ping received 96 bytes back
Round trip time was 0.012719 milliseconds in repetition 16
tcp_ping received 96 bytes back
Round trip time was 0.012635 milliseconds in repetition 17
tcp_ping received 96 bytes back
Round trip time was 0.032017 milliseconds in repetition 18
tcp_ping received 96 bytes back
Round trip time was 0.020061 milliseconds in repetition 19
tcp_ping received 96 bytes back
Round trip time was 0.0132 milliseconds in repetition 20
tcp_ping received 96 bytes back
Round trip time was 0.012735 milliseconds in repetition 21
tcp_ping received 96 bytes back
Round trip time was 0.012847 milliseconds in repetition 22
tcp_ping received 96 bytes back
Round trip time was 0.012595 milliseconds in repetition 23
tcp_ping received 96 bytes back
Round trip time was 0.027528 milliseconds in repetition 24
tcp_ping received 96 bytes back
Round trip time was 0.040377 milliseconds in repetition 25
tcp_ping received 96 bytes back
Round trip time was 0.043038 milliseconds in repetition 26
tcp_ping received 96 bytes back
Round trip time was 0.017184 milliseconds in repetition 27
tcp_ping received 96 bytes back
Round trip time was 0.013355 milliseconds in repetition 28
tcp_ping received 96 bytes back
Round trip time was 0.012991 milliseconds in repetition 29
tcp_ping received 96 bytes back
Round trip time was 0.012768 milliseconds in repetition 30
tcp_ping received 96 bytes back
Round trip time was 0.040478 milliseconds in repetition 31
tcp_ping received 96 bytes back
Round trip time was 0.040947 milliseconds in repetition 32
tcp_ping received 96 bytes back
Round trip time was 0.030273 milliseconds in repetition 33
tcp_ping received 96 bytes back
Round trip time was 0.025716 milliseconds in repetition 34
tcp_ping received 96 bytes back
Round trip time was 0.013614 milliseconds in repetition 35
tcp_ping received 96 bytes back
Round trip time was 0.012661 milliseconds in repetition 36
tcp_ping received 96 bytes back
Round trip time was 0.012643 milliseconds in repetition 37
tcp_ping received 96 bytes back
Round trip time was 0.027924 milliseconds in repetition 38
tcp_ping received 96 bytes back
Round trip time was 0.045761 milliseconds in repetition 39
tcp_ping received 96 bytes back
Round trip time was 0.019683 milliseconds in repetition 40
tcp_ping received 96 bytes back
Round trip time was 0.037706 milliseconds in repetition 41
tcp_ping received 96 bytes back
Round trip time was 0.013935 milliseconds in repetition 42
tcp_ping received 96 bytes back
Round trip time was 0.012764 milliseconds in repetition 43
tcp_ping received 96 bytes back
Round trip time was 0.041237 milliseconds in repetition 44
tcp_ping received 96 bytes back
Round trip time was 0.059258 milliseconds in repetition 45
tcp_ping received 96 bytes back
Round trip time was 0.014889 milliseconds in repetition 46
tcp_ping received 96 bytes back
Round trip time was 0.013266 milliseconds in repetition 47
tcp_ping received 96 bytes back
Round trip time was 0.013373 milliseconds in repetition 48
tcp_ping received 96 bytes back
Round trip time was 0.012944 milliseconds in repetition 49
tcp_ping received 96 bytes back
Round trip time was 0.013095 milliseconds in repetition 50
tcp_ping received 96 bytes back
Round trip time was 0.012892 milliseconds in repetition 51
tcp_ping received 96 bytes back
Round trip time was 0.012751 milliseconds in repetition 52
tcp_ping received 96 bytes back
Round trip time was 0.013048 milliseconds in repetition 53
tcp_ping received 96 bytes back
Round trip time was 0.012837 milliseconds in repetition 54
tcp_ping received 96 bytes back
Round trip time was 0.101703 milliseconds in repetition 55
tcp_ping received 96 bytes back
Round trip time was 0.165289 milliseconds in repetition 56
tcp_ping received 96 bytes back
Round trip time was 0.080958 milliseconds in repetition 57
tcp_ping received 96 bytes back
Round trip time was 0.104913 milliseconds in repetition 58
tcp_ping received 96 bytes back
Round trip time was 0.093048 milliseconds in repetition 59
tcp_ping received 96 bytes back
Round trip time was 0.067698 milliseconds in repetition 60
tcp_ping received 96 bytes back
Round trip time was 0.102393 milliseconds in repetition 61
tcp_ping received 96 bytes back
Round trip time was 0.071852 milliseconds in repetition 62
tcp_ping received 96 bytes back
Round trip time was 0.094041 milliseconds in repetition 63
tcp_ping received 96 bytes back
Round trip time was 0.105805 milliseconds in repetition 64
tcp_ping received 96 bytes back
Round trip time was 0.082269 milliseconds in repetition 65
tcp_ping received 96 bytes back
Round trip time was 0.065003 milliseconds in repetition 66
tcp_ping received 96 bytes back
Round trip time was 0.312728 milliseconds in repetition 67
tcp_ping received 96 bytes back
Round trip time was 0.184203 milliseconds in repetition 68
tcp_ping received 96 bytes back
Round trip time was 1.13971 milliseconds in repetition 69
tcp_ping received 96 bytes back
Round trip time was 0.341622 milliseconds in repetition 70
tcp_ping received 96 bytes back
Round trip time was 0.233021 milliseconds in repetition 71
tcp_ping received 96 bytes back
Round trip time was 0.153277 milliseconds in repetition 72
tcp_ping received 96 bytes back
Round trip time was 0.117855 milliseconds in repetition 73
tcp_ping received 96 bytes back
Round trip time was 0.095794 milliseconds in repetition 74
tcp_ping received 96 bytes back
Round trip time was 0.094652 milliseconds in repetition 75
tcp_ping received 96 bytes back
Round trip time was 0.091778 milliseconds in repetition 76
tcp_ping received 96 bytes back
Round trip time was 0.088253 milliseconds in repetition 77
tcp_ping received 96 bytes back
Round trip time was 0.091249 milliseconds in repetition 78
tcp_ping received 96 bytes back
Round trip time was 0.094011 milliseconds in repetition 79
tcp_ping received 96 bytes back
Round trip time was 0.20346 milliseconds in repetition 80
tcp_ping received 96 bytes back
Round trip time was 0.155539 milliseconds in repetition 81
tcp_ping received 96 bytes back
Round trip time was 0.188441 milliseconds in repetition 82
tcp_ping received 96 bytes back
Round trip time was 0.276634 milliseconds in repetition 83
tcp_ping received 96 bytes back
Round trip time was 0.120022 milliseconds in repetition 84
tcp_ping received 96 bytes back
Round trip time was 0.106016 milliseconds in repetition 85
tcp_ping received 96 bytes back
Round trip time was 0.108687 milliseconds in repetition 86
tcp_ping received 96 bytes back
Round trip time was 0.0868 milliseconds in repetition 87
tcp_ping received 96 bytes back
Round trip time was 0.104928 milliseconds in repetition 88
tcp_ping received 96 bytes back
Round trip time was 0.074834 milliseconds in repetition 89
tcp_ping received 96 bytes back
Round trip time was 0.622892 milliseconds in repetition 90
tcp_ping received 96 bytes back
Round trip time was 2.89834 milliseconds in repetition 91
tcp_ping received 96 bytes back
Round trip time was 0.133756 milliseconds in repetition 92
tcp_ping received 96 bytes back
Round trip time was 0.300263 milliseconds in repetition 93
tcp_ping received 96 bytes back
Round trip time was 0.067123 milliseconds in repetition 94
tcp_ping received 96 bytes back
Round trip time was 0.078692 milliseconds in repetition 95
tcp_ping received 96 bytes back
Round trip time was 0.05655 milliseconds in repetition 96
tcp_ping received 96 bytes back
Round trip time was 0.056449 milliseconds in repetition 97
tcp_ping received 96 bytes back
Round trip time was 0.040051 milliseconds in repetition 98
tcp_ping received 96 bytes back
Round trip time was 0.038764 milliseconds in repetition 99
tcp_ping received 96 bytes back
Round trip time was 0.016259 milliseconds in repetition 100
tcp_ping received 96 bytes back
Round trip time was 0.013704 milliseconds in repetition 101
tcp_ping received 96 bytes back
Round trip time was 0.014669 milliseconds in repetition 102
tcp_ping received 96 bytes back
Round trip time was 0.081814 milliseconds in repetition 103
tcp_ping received 96 bytes back
Round trip time was 0.023752 milliseconds in repetition 104
tcp_ping received 96 bytes back
Round trip time was 0.014845 milliseconds in repetition 105
tcp_ping received 96 bytes back
Round trip time was 0.013289 milliseconds in repetition 106
tcp_ping received 96 bytes back
Round trip time was 0.013594 milliseconds in repetition 107
tcp_ping received 96 bytes back
Round trip time was 0.01392 milliseconds in repetition 108
tcp_ping received 96 bytes back
Round trip time was 0.012744 milliseconds in repetition 109
tcp_ping received 96 bytes back
Round trip time was 0.013524 milliseconds in repetition 110
tcp_ping received 96 bytes back
Round trip time was 0.014078 milliseconds in repetition 111
tcp_ping received 96 bytes back
Round trip time was 0.013959 milliseconds in repetition 112
tcp_ping received 96 bytes back
Round trip time was 0.013593 milliseconds in repetition 113
tcp_ping received 96 bytes back
Round trip time was 0.013841 milliseconds in repetition 114
tcp_ping received 96 bytes back
Round trip time was 0.014234 milliseconds in repetition 115
tcp_ping received 96 bytes back
Round trip time was 0.013528 milliseconds in repetition 116
tcp_ping received 96 bytes back
Round trip time was 0.014765 milliseconds in repetition 117
tcp_ping received 96 bytes back
Round trip time was 0.012844 milliseconds in repetition 118
tcp_ping received 96 bytes back
Round trip time was 0.014405 milliseconds in repetition 119
tcp_ping received 96 bytes back
Round trip time was 0.013487 milliseconds in repetition 120
tcp_ping received 96 bytes back
Round trip time was 0.014411 milliseconds in repetition 121
tcp_ping received 96 bytes back
Round trip time was 0.012939 milliseconds in repetition 122
tcp_ping received 96 bytes back
Round trip time was 0.012916 milliseconds in repetition 123
tcp_ping received 96 bytes back
Round trip time was 0.013844 milliseconds in repetition 124
tcp_ping received 96 bytes back
Round trip time was 0.013476 milliseconds in repetition 125
tcp_ping received 96 bytes back
Round trip time was 0.014582 milliseconds in repetition 126
tcp_ping received 96 bytes back
Round trip time was 0.013162 milliseconds in repetition 127
tcp_ping received 96 bytes back
Round trip time was 0.014153 milliseconds in repetition 128
tcp_ping received 96 bytes back
Round trip time was 0.013068 milliseconds in repetition 129
tcp_ping received 96 bytes back
Round trip time was 0.012961 milliseconds in repetition 130
tcp_ping received 96 bytes back
Round trip time was 0.013719 milliseconds in repetition 131
tcp_ping received 96 bytes back
Round trip time was 0.013284 milliseconds in repetition 132
tcp_ping received 96 bytes back
Round trip time was 0.014098 milliseconds in repetition 133
tcp_ping received 96 bytes back
Round trip time was 0.021463 milliseconds in repetition 134
tcp_ping received 96 bytes back
Round trip time was 0.014587 milliseconds in repetition 135
tcp_ping received 96 bytes back
Round trip time was 0.013924 milliseconds in repetition 136
tcp_ping received 96 bytes back
Round trip time was 0.014476 milliseconds in repetition 137
tcp_ping received 96 bytes back
Round trip time was 0.015073 milliseconds in repetition 138
tcp_ping received 96 bytes back
Round trip time was 0.013769 milliseconds in repetition 139
tcp_ping received 96 bytes back
Round trip time was 0.013075 milliseconds in repetition 140
tcp_ping received 96 bytes back
Round trip time was 0.014313 milliseconds in repetition 141
tcp_ping received 96 bytes back
Round trip time was 0.013173 milliseconds in repetition 142
tcp_ping received 96 bytes back
Round trip time was 0.012672 milliseconds in repetition 143
tcp_ping received 96 bytes back
Round trip time was 0.013213 milliseconds in repetition 144
tcp_ping received 96 bytes back
Round trip time was 0.013866 milliseconds in repetition 145
tcp_ping received 96 bytes back
Round trip time was 0.013773 milliseconds in repetition 146
tcp_ping received 96 bytes back
Round trip time was 0.012965 milliseconds in repetition 147
tcp_ping received 96 bytes back
Round trip time was 0.015043 milliseconds in repetition 148
tcp_ping received 96 bytes back
Round trip time was 0.012986 milliseconds in repetition 149
tcp_ping received 96 bytes back
Round trip time was 0.015314 milliseconds in repetition 150
tcp_ping received 96 bytes back
Round trip time was 0.012709 milliseconds in repetition 151
tcp_ping received 96 bytes back
Round trip time was 0.014446 milliseconds in repetition 152
tcp_ping received 96 bytes back
Round trip time was 0.013584 milliseconds in repetition 153
tcp_ping received 96 bytes back
Round trip time was 0.014042 milliseconds in repetition 154
tcp_ping received 96 bytes back
Round trip time was 0.013708 milliseconds in repetition 155
tcp_ping received 96 bytes back
Round trip time was 0.014367 milliseconds in repetition 156
tcp_ping received 96 bytes back
Round trip time was 0.014628 milliseconds in repetition 157
tcp_ping received 96 bytes back
Round trip time was 0.013818 milliseconds in repetition 158
tcp_ping received 96 bytes back
Round trip time was 0.015463 milliseconds in repetition 159
tcp_ping received 96 bytes back
Round trip time was 0.013309 milliseconds in repetition 160
tcp_ping received 96 bytes back
Round trip time was 0.013521 milliseconds in repetition 161
tcp_ping received 96 bytes back
Round trip time was 0.011562 milliseconds in repetition 162
tcp_ping received 96 bytes back
Round trip time was 0.012844 milliseconds in repetition 163
tcp_ping received 96 bytes back
Round trip time was 0.011608 milliseconds in repetition 164
tcp_ping received 96 bytes back
Round trip time was 0.011421 milliseconds in repetition 165
tcp_ping received 96 bytes back
Round trip time was 0.011472 milliseconds in repetition 166
tcp_ping received 96 bytes back
Round trip time was 0.011475 milliseconds in repetition 167
tcp_ping received 96 bytes back
Round trip time was 0.011424 milliseconds in repetition 168
tcp_ping received 96 bytes back
Round trip time was 0.011277 milliseconds in repetition 169
tcp_ping received 96 bytes back
Round trip time was 0.01133 milliseconds in repetition 170
tcp_ping received 96 bytes back
Round trip time was 0.011338 milliseconds in repetition 171
tcp_ping received 96 bytes back
Round trip time was 0.011485 milliseconds in repetition 172
tcp_ping received 96 bytes back
Round trip time was 0.011607 milliseconds in repetition 173
tcp_ping received 96 bytes back
Round trip time was 0.01215 milliseconds in repetition 174
tcp_ping received 96 bytes back
Round trip time was 0.01204 milliseconds in repetition 175
tcp_ping received 96 bytes back
Round trip time was 0.012358 milliseconds in repetition 176
tcp_ping received 96 bytes back
Round trip time was 0.012434 milliseconds in repetition 177
tcp_ping received 96 bytes back
Round trip time was 0.0124 milliseconds in repetition 178
tcp_ping received 96 bytes back
Round trip time was 0.068501 milliseconds in repetition 179
tcp_ping received 96 bytes back
Round trip time was 0.01957 milliseconds in repetition 180
tcp_ping received 96 bytes back
Round trip time was 0.01712 milliseconds in repetition 181
tcp_ping received 96 bytes back
Round trip time was 0.015973 milliseconds in repetition 182
tcp_ping received 96 bytes back
Round trip time was 0.016039 milliseconds in repetition 183
tcp_ping received 96 bytes back
Round trip time was 0.01561 milliseconds in repetition 184
tcp_ping received 96 bytes back
Round trip time was 0.017709 milliseconds in repetition 185
tcp_ping received 96 bytes back
Round trip time was 0.016948 milliseconds in repetition 186
tcp_ping received 96 bytes back
Round trip time was 0.017695 milliseconds in repetition 187
tcp_ping received 96 bytes back
Round trip time was 0.018625 milliseconds in repetition 188
tcp_ping received 96 bytes back
Round trip time was 0.022191 milliseconds in repetition 189
tcp_ping received 96 bytes back
Round trip time was 0.020957 milliseconds in repetition 190
tcp_ping received 96 bytes back
Round trip time was 0.019853 milliseconds in repetition 191
tcp_ping received 96 bytes back
Round trip time was 0.021648 milliseconds in repetition 192
tcp_ping received 96 bytes back
Round trip time was 0.023627 milliseconds in repetition 193
tcp_ping received 96 bytes back
Round trip time was 0.134602 milliseconds in repetition 194
tcp_ping received 96 bytes back
Round trip time was 0.200698 milliseconds in repetition 195
tcp_ping received 96 bytes back
Round trip time was 0.063231 milliseconds in repetition 196
tcp_ping received 96 bytes back
Round trip time was 0.03873 milliseconds in repetition 197
tcp_ping received 96 bytes back
Round trip time was 0.032164 milliseconds in repetition 198
tcp_ping received 96 bytes back
Round trip time was 0.022231 milliseconds in repetition 199
tcp_ping received 96 bytes back
Round trip time was 0.020494 milliseconds in repetition 200
tcp_ping received 96 bytes back
Round trip time was 0.020158 milliseconds in repetition 201
tcp_ping received 96 bytes back
Round trip time was 0.019762 milliseconds in repetition 202
tcp_ping received 96 bytes back
Round trip time was 0.018785 milliseconds in repetition 203
tcp_ping received 96 bytes back
Round trip time was 0.021393 milliseconds in repetition 204
tcp_ping received 96 bytes back
Round trip time was 0.0191 milliseconds in repetition 205
tcp_ping received 96 bytes back
Round trip time was 0.023224 milliseconds in repetition 206
tcp_ping received 96 bytes back
Round trip time was 0.02666 milliseconds in repetition 207
tcp_ping received 96 bytes back
Round trip time was 0.085385 milliseconds in repetition 208
tcp_ping received 96 bytes back
Round trip time was 0.018176 milliseconds in repetition 209
tcp_ping received 96 bytes back
Round trip time was 0.012033 milliseconds in repetition 210
tcp_ping received 96 bytes back
Round trip time was 0.011649 milliseconds in repetition 211
tcp_ping received 96 bytes back
Round trip time was 0.01136 milliseconds in repetition 212
tcp_ping received 96 bytes back
Round trip time was 0.110409 milliseconds in repetition 213
tcp_ping received 96 bytes back
Round trip time was 0.11137 milliseconds in repetition 214
tcp_ping received 96 bytes back
Round trip time was 0.029602 milliseconds in repetition 215
tcp_ping received 96 bytes back
Round trip time was 0.016393 milliseconds in repetition 216
tcp_ping received 96 bytes back
Round trip time was 0.014062 milliseconds in repetition 217
tcp_ping received 96 bytes back
Round trip time was 0.014396 milliseconds in repetition 218
tcp_ping received 96 bytes back
Round trip time was 0.013423 milliseconds in repetition 219
tcp_ping received 96 bytes back
Round trip time was 0.014004 milliseconds in repetition 220
tcp_ping received 96 bytes back
Round trip time was 0.014824 milliseconds in repetition 221
tcp_ping received 96 bytes back
Round trip time was 0.013311 milliseconds in repetition 222
tcp_ping received 96 bytes back
Round trip time was 0.015471 milliseconds in repetition 223
tcp_ping received 96 bytes back
Round trip time was 0.153967 milliseconds in repetition 224
tcp_ping received 96 bytes back
Round trip time was 0.142605 milliseconds in repetition 225
tcp_ping received 96 bytes back
Round trip time was 0.160686 milliseconds in repetition 226
tcp_ping received 96 bytes back
Round trip time was 0.201146 milliseconds in repetition 227
tcp_ping received 96 bytes back
Round trip time was 0.194041 milliseconds in repetition 228
tcp_ping received 96 bytes back
Round trip time was 0.069027 milliseconds in repetition 229
tcp_ping received 96 bytes back
Round trip time was 0.080573 milliseconds in repetition 230
tcp_ping received 96 bytes back
Round trip time was 0.066947 milliseconds in repetition 231
tcp_ping received 96 bytes back
Round trip time was 0.066638 milliseconds in repetition 232
tcp_ping received 96 bytes back
Round trip time was 0.055321 milliseconds in repetition 233
tcp_ping received 96 bytes back
Round trip time was 0.054409 milliseconds in repetition 234
tcp_ping received 96 bytes back
Round trip time was 0.038654 milliseconds in repetition 235
tcp_ping received 96 bytes back
Round trip time was 0.038072 milliseconds in repetition 236
tcp_ping received 96 bytes back
Round trip time was 0.042206 milliseconds in repetition 237
tcp_ping received 96 bytes back
Round trip time was 0.015943 milliseconds in repetition 238
tcp_ping received 96 bytes back
Round trip time was 0.01185 milliseconds in repetition 239
tcp_ping received 96 bytes back
Round trip time was 0.011301 milliseconds in repetition 240
tcp_ping received 96 bytes back
Round trip time was 0.011108 milliseconds in repetition 241
tcp_ping received 96 bytes back
Round trip time was 0.011209 milliseconds in repetition 242
tcp_ping received 96 bytes back
Round trip time was 0.011156 milliseconds in repetition 243
tcp_ping received 96 bytes back
Round trip time was 0.010995 milliseconds in repetition 244
tcp_ping received 96 bytes back
Round trip time was 0.011292 milliseconds in repetition 245
tcp_ping received 96 bytes back
Round trip time was 0.011225 milliseconds in repetition 246
tcp_ping received 96 bytes back
Round trip time was 0.011109 milliseconds in repetition 247
tcp_ping received 96 bytes back
Round trip time was 0.010992 milliseconds in repetition 248
tcp_ping received 96 bytes back
Round trip time was 0.011014 milliseconds in repetition 249
tcp_ping received 96 bytes back
Round trip time was 0.010996 milliseconds in repetition 250
tcp_ping received 96 bytes back
Round trip time was 0.011101 milliseconds in repetition 251
tcp_ping received 96 bytes back
Round trip time was 0.011159 milliseconds in repetition 252
tcp_ping received 96 bytes back
Round trip time was 0.011176 milliseconds in repetition 253
tcp_ping received 96 bytes back
Round trip time was 0.011243 milliseconds in repetition 254
tcp_ping received 96 bytes back
Round trip time was 0.011131 milliseconds in repetition 255
tcp_ping received 96 bytes back
Round trip time was 0.025002 milliseconds in repetition 256
tcp_ping received 96 bytes back
Round trip time was 0.01243 milliseconds in repetition 257
tcp_ping received 96 bytes back
Round trip time was 0.011201 milliseconds in repetition 258
tcp_ping received 96 bytes back
Round trip time was 0.011207 milliseconds in repetition 259
tcp_ping received 96 bytes back
Round trip time was 0.011219 milliseconds in repetition 260
tcp_ping received 96 bytes back
Round trip time was 0.011016 milliseconds in repetition 261
tcp_ping received 96 bytes back
Round trip time was 0.011031 milliseconds in repetition 262
tcp_ping received 96 bytes back
Round trip time was 0.011228 milliseconds in repetition 263
tcp_ping received 96 bytes back
Round trip time was 0.010984 milliseconds in repetition 264
tcp_ping received 96 bytes back
Round trip time was 0.01111 milliseconds in repetition 265
tcp_ping received 96 bytes back
Round trip time was 0.010953 milliseconds in repetition 266
tcp_ping received 96 bytes back
Round trip time was 0.011124 milliseconds in repetition 267
tcp_ping received 96 bytes back
Round trip time was 0.038595 milliseconds in repetition 268
tcp_ping received 96 bytes back
Round trip time was 0.0123 milliseconds in repetition 269
tcp_ping received 96 bytes back
Round trip time was 0.011365 milliseconds in repetition 270
tcp_ping received 96 bytes back
Round trip time was 0.011357 milliseconds in repetition 271
tcp_ping received 96 bytes back
Round trip time was 0.011261 milliseconds in repetition 272
tcp_ping received 96 bytes back
Round trip time was 0.011149 milliseconds in repetition 273
tcp_ping received 96 bytes back
Round trip time was 0.01096 milliseconds in repetition 274
tcp_ping received 96 bytes back
Round trip time was 0.010863 milliseconds in repetition 275
tcp_ping received 96 bytes back
Round trip time was 0.010851 milliseconds in repetition 276
tcp_ping received 96 bytes back
Round trip time was 0.010866 milliseconds in repetition 277
tcp_ping received 96 bytes back
Round trip time was 0.010841 milliseconds in repetition 278
tcp_ping received 96 bytes back
Round trip time was 0.010837 milliseconds in repetition 279
tcp_ping received 96 bytes back
Round trip time was 0.01078 milliseconds in repetition 280
tcp_ping received 96 bytes back
Round trip time was 0.011049 milliseconds in repetition 281
tcp_ping received 96 bytes back
Round trip time was 0.010955 milliseconds in repetition 282
tcp_ping received 96 bytes back
Round trip time was 0.010739 milliseconds in repetition 283
tcp_ping received 96 bytes back
Round trip time was 0.010772 milliseconds in repetition 284
tcp_ping received 96 bytes back
Round trip time was 0.010789 milliseconds in repetition 285
tcp_ping received 96 bytes back
Round trip time was 0.011094 milliseconds in repetition 286
tcp_ping received 96 bytes back
Round trip time was 0.023621 milliseconds in repetition 287
tcp_ping received 96 bytes back
Round trip time was 0.011824 milliseconds in repetition 288
tcp_ping received 96 bytes back
Round trip time was 0.011401 milliseconds in repetition 289
tcp_ping received 96 bytes back
Round trip time was 0.01136 milliseconds in repetition 290
tcp_ping received 96 bytes back
Round trip time was 0.011228 milliseconds in repetition 291
tcp_ping received 96 bytes back
Round trip time was 0.011138 milliseconds in repetition 292
tcp_ping received 96 bytes back
Round trip time was 0.011202 milliseconds in repetition 293
tcp_ping received 96 bytes back
Round trip time was 0.011205 milliseconds in repetition 294
tcp_ping received 96 bytes back
Round trip time was 0.011294 milliseconds in repetition 295
tcp_ping received 96 bytes back
Round trip time was 0.011137 milliseconds in repetition 296
tcp_ping received 96 bytes back
Round trip time was 0.01106 milliseconds in repetition 297
tcp_ping received 96 bytes back
Round trip time was 0.011099 milliseconds in repetition 298
tcp_ping received 96 bytes back
Round trip time was 0.011241 milliseconds in repetition 299
tcp_ping received 96 bytes back
Round trip time was 0.011596 milliseconds in repetition 300
tcp_ping received 96 bytes back
Round trip time was 0.011366 milliseconds in repetition 301
tcp_ping received 96 bytes back
Round trip time was 0.011452 milliseconds in repetition 302
tcp_ping received 96 bytes back
Round trip time was 0.011307 milliseconds in repetition 303
tcp_ping received 96 bytes back
Round trip time was 0.011044 milliseconds in repetition 304
tcp_ping received 96 bytes back
Round trip time was 0.011283 milliseconds in repetition 305
tcp_ping received 96 bytes back
Round trip time was 0.011182 milliseconds in repetition 306
tcp_ping received 96 bytes back
Round trip time was 0.01504 milliseconds in repetition 307
tcp_ping received 96 bytes back
Round trip time was 0.03347 milliseconds in repetition 308
tcp_ping received 96 bytes back
Round trip time was 0.028046 milliseconds in repetition 309
tcp_ping received 96 bytes back
Round trip time was 0.011274 milliseconds in repetition 310
tcp_ping received 96 bytes back
Round trip time was 0.011576 milliseconds in repetition 311
tcp_ping received 96 bytes back
Round trip time was 0.011351 milliseconds in repetition 312
tcp_ping received 96 bytes back
Round trip time was 0.017396 milliseconds in repetition 313
tcp_ping received 96 bytes back
Round trip time was 0.011547 milliseconds in repetition 314
tcp_ping received 96 bytes back
Round trip time was 0.01135 milliseconds in repetition 315
tcp_ping received 96 bytes back
Round trip time was 0.01133 milliseconds in repetition 316
tcp_ping received 96 bytes back
Round trip time was 0.021344 milliseconds in repetition 317
tcp_ping received 96 bytes back
Round trip time was 0.038718 milliseconds in repetition 318
tcp_ping received 96 bytes back
Round trip time was 0.012132 milliseconds in repetition 319
tcp_ping received 96 bytes back
Round trip time was 0.011268 milliseconds in repetition 320
tcp_ping received 96 bytes back
Round trip time was 0.011223 milliseconds in repetition 321
tcp_ping received 96 bytes back
Round trip time was 0.011162 milliseconds in repetition 322
tcp_ping received 96 bytes back
Round trip time was 0.011129 milliseconds in repetition 323
tcp_ping received 96 bytes back
Round trip time was 0.011155 milliseconds in repetition 324
tcp_ping received 96 bytes back
Round trip time was 0.010964 milliseconds in repetition 325
tcp_ping received 96 bytes back
Round trip time was 0.011266 milliseconds in repetition 326
tcp_ping received 96 bytes back
Round trip time was 0.011286 milliseconds in repetition 327
tcp_ping received 96 bytes back
Round trip time was 0.011193 milliseconds in repetition 328
tcp_ping received 96 bytes back
Round trip time was 0.011194 milliseconds in repetition 329
tcp_ping received 96 bytes back
Round trip time was 0.011298 milliseconds in repetition 330
tcp_ping received 96 bytes back
Round trip time was 0.011254 milliseconds in repetition 331
tcp_ping received 96 bytes back
Round trip time was 0.011136 milliseconds in repetition 332
tcp_ping received 96 bytes back
Round trip time was 0.011248 milliseconds in repetition 333
tcp_ping received 96 bytes back
Round trip time was 0.011528 milliseconds in repetition 334
tcp_ping received 96 bytes back
Round trip time was 0.011663 milliseconds in repetition 335
tcp_ping received 96 bytes back
Round trip time was 0.011247 milliseconds in repetition 336
tcp_ping received 96 bytes back
Round trip time was 0.025369 milliseconds in repetition 337
tcp_ping received 96 bytes back
Round trip time was 0.013227 milliseconds in repetition 338
tcp_ping received 96 bytes back
Round trip time was 0.028115 milliseconds in repetition 339
tcp_ping received 96 bytes back
Round trip time was 0.01124 milliseconds in repetition 340
tcp_ping received 96 bytes back
Round trip time was 0.011276 milliseconds in repetition 341
tcp_ping received 96 bytes back
Round trip time was 0.011261 milliseconds in repetition 342
tcp_ping received 96 bytes back
Round trip time was 0.011306 milliseconds in repetition 343
tcp_ping received 96 bytes back
Round trip time was 0.011326 milliseconds in repetition 344
tcp_ping received 96 bytes back
Round trip time was 0.011287 milliseconds in repetition 345
tcp_ping received 96 bytes back
Round trip time was 0.011094 milliseconds in repetition 346
tcp_ping received 96 bytes back
Round trip time was 0.011202 milliseconds in repetition 347
tcp_ping received 96 bytes back
Round trip time was 0.011114 milliseconds in repetition 348
tcp_ping received 96 bytes back
Round trip time was 0.011112 milliseconds in repetition 349
tcp_ping received 96 bytes back
Round trip time was 0.011459 milliseconds in repetition 350
tcp_ping received 96 bytes back
Round trip time was 0.01117 milliseconds in repetition 351
tcp_ping received 96 bytes back
Round trip time was 0.011124 milliseconds in repetition 352
tcp_ping received 96 bytes back
Round trip time was 0.011129 milliseconds in repetition 353
tcp_ping received 96 bytes back
Round trip time was 0.011157 milliseconds in repetition 354
tcp_ping received 96 bytes back
Round trip time was 0.011068 milliseconds in repetition 355
tcp_ping received 96 bytes back
Round trip time was 0.011557 milliseconds in repetition 356
tcp_ping received 96 bytes back
Round trip time was 0.017156 milliseconds in repetition 357
tcp_ping received 96 bytes back
Round trip time was 0.011601 milliseconds in repetition 358
tcp_ping received 96 bytes back
Round trip time was 0.011224 milliseconds in repetition 359
tcp_ping received 96 bytes back
Round trip time was 0.011277 milliseconds in repetition 360
tcp_ping received 96 bytes back
Round trip time was 0.01121 milliseconds in repetition 361
tcp_ping received 96 bytes back
Round trip time was 0.011477 milliseconds in repetition 362
tcp_ping received 96 bytes back
Round trip time was 0.011303 milliseconds in repetition 363
tcp_ping received 96 bytes back
Round trip time was 0.011127 milliseconds in repetition 364
tcp_ping received 96 bytes back
Round trip time was 0.011421 milliseconds in repetition 365
tcp_ping received 96 bytes back
Round trip time was 0.01137 milliseconds in repetition 366
tcp_ping received 96 bytes back
Round trip time was 0.011226 milliseconds in repetition 367
tcp_ping received 96 bytes back
Round trip time was 0.011286 milliseconds in repetition 368
tcp_ping received 96 bytes back
Round trip time was 0.01125 milliseconds in repetition 369
tcp_ping received 96 bytes back
Round trip time was 0.011236 milliseconds in repetition 370
tcp_ping received 96 bytes back
Round trip time was 0.011143 milliseconds in repetition 371
tcp_ping received 96 bytes back
Round trip time was 0.011239 milliseconds in repetition 372
tcp_ping received 96 bytes back
Round trip time was 0.011289 milliseconds in repetition 373
tcp_ping received 96 bytes back
Round trip time was 0.011043 milliseconds in repetition 374
tcp_ping received 96 bytes back
Round trip time was 0.011197 milliseconds in repetition 375
tcp_ping received 96 bytes back
Round trip time was 0.011117 milliseconds in repetition 376
tcp_ping received 96 bytes back
Round trip time was 0.011277 milliseconds in repetition 377
tcp_ping received 96 bytes back
Round trip time was 0.011328 milliseconds in repetition 378
tcp_ping received 96 bytes back
Round trip time was 0.011292 milliseconds in repetition 379
tcp_ping received 96 bytes back
Round trip time was 0.011362 milliseconds in repetition 380
tcp_ping received 96 bytes back
Round trip time was 0.011207 milliseconds in repetition 381
tcp_ping received 96 bytes back
Round trip time was 0.011313 milliseconds in repetition 382
tcp_ping received 96 bytes back
Round trip time was 0.011279 milliseconds in repetition 383
tcp_ping received 96 bytes back
Round trip time was 0.011045 milliseconds in repetition 384
tcp_ping received 96 bytes back
Round trip time was 0.011232 milliseconds in repetition 385
tcp_ping received 96 bytes back
Round trip time was 0.011408 milliseconds in repetition 386
tcp_ping received 96 bytes back
Round trip time was 0.011313 milliseconds in repetition 387
tcp_ping received 96 bytes back
Round trip time was 0.011201 milliseconds in repetition 388
tcp_ping received 96 bytes back
Round trip time was 0.011198 milliseconds in repetition 389
tcp_ping received 96 bytes back
Round trip time was 0.011241 milliseconds in repetition 390
tcp_ping received 96 bytes back
Round trip time was 0.011195 milliseconds in repetition 391
tcp_ping received 96 bytes back
Round trip time was 0.011264 milliseconds in repetition 392
tcp_ping received 96 bytes back
Round trip time was 0.011166 milliseconds in repetition 393
tcp_ping received 96 bytes back
Round trip time was 0.011078 milliseconds in repetition 394
tcp_ping received 96 bytes back
Round trip time was 0.011169 milliseconds in repetition 395
tcp_ping received 96 bytes back
Round trip time was 0.011104 milliseconds in repetition 396
tcp_ping received 96 bytes back
Round trip time was 0.011238 milliseconds in repetition 397
tcp_ping received 96 bytes back
Round trip time was 0.01123 milliseconds in repetition 398
tcp_ping received 96 bytes back
Round trip time was 0.011276 milliseconds in repetition 399
tcp_ping received 96 bytes back
Round trip time was 0.011342 milliseconds in repetition 400
tcp_ping received 96 bytes back
Round trip time was 0.011391 milliseconds in repetition 401
tcp_ping received 96 bytes back
Round trip time was 0.023991 milliseconds in repetition 402
tcp_ping received 96 bytes back
Round trip time was 0.012438 milliseconds in repetition 403
tcp_ping received 96 bytes back
Round trip time was 0.011521 milliseconds in repetition 404
tcp_ping received 96 bytes back
Round trip time was 0.011162 milliseconds in repetition 405
tcp_ping received 96 bytes back
Round trip time was 0.011123 milliseconds in repetition 406
tcp_ping received 96 bytes back
Round trip time was 0.011372 milliseconds in repetition 407
tcp_ping received 96 bytes back
Round trip time was 0.011194 milliseconds in repetition 408
tcp_ping received 96 bytes back
Round trip time was 0.011032 milliseconds in repetition 409
tcp_ping received 96 bytes back
Round trip time was 0.01099 milliseconds in repetition 410
tcp_ping received 96 bytes back
Round trip time was 0.011014 milliseconds in repetition 411
tcp_ping received 96 bytes back
Round trip time was 0.011019 milliseconds in repetition 412
tcp_ping received 96 bytes back
Round trip time was 0.011102 milliseconds in repetition 413
tcp_ping received 96 bytes back
Round trip time was 0.011232 milliseconds in repetition 414
tcp_ping received 96 bytes back
Round trip time was 0.011388 milliseconds in repetition 415
tcp_ping received 96 bytes back
Round trip time was 0.011267 milliseconds in repetition 416
tcp_ping received 96 bytes back
Round trip time was 0.011158 milliseconds in repetition 417
tcp_ping received 96 bytes back
Round trip time was 0.011354 milliseconds in repetition 418
tcp_ping received 96 bytes back
Round trip time was 0.011081 milliseconds in repetition 419
tcp_ping received 96 bytes back
Round trip time was 0.011042 milliseconds in repetition 420
tcp_ping received 96 bytes back
Round trip time was 0.011057 milliseconds in repetition 421
tcp_ping received 96 bytes back
Round trip time was 0.011292 milliseconds in repetition 422
tcp_ping received 96 bytes back
Round trip time was 0.011067 milliseconds in repetition 423
tcp_ping received 96 bytes back
Round trip time was 0.011155 milliseconds in repetition 424
tcp_ping received 96 bytes back
Round trip time was 0.011157 milliseconds in repetition 425
tcp_ping received 96 bytes back
Round trip time was 0.011003 milliseconds in repetition 426
tcp_ping received 96 bytes back
Round trip time was 0.01111 milliseconds in repetition 427
tcp_ping received 96 bytes back
Round trip time was 0.011042 milliseconds in repetition 428
tcp_ping received 96 bytes back
Round trip time was 0.011082 milliseconds in repetition 429
tcp_ping received 96 bytes back
Round trip time was 0.011228 milliseconds in repetition 430
tcp_ping received 96 bytes back
Round trip time was 0.011272 milliseconds in repetition 431
tcp_ping received 96 bytes back
Round trip time was 0.011296 milliseconds in repetition 432
tcp_ping received 96 bytes back
Round trip time was 0.011195 milliseconds in repetition 433
tcp_ping received 96 bytes back
Round trip time was 0.01127 milliseconds in repetition 434
tcp_ping received 96 bytes back
Round trip time was 0.011138 milliseconds in repetition 435
tcp_ping received 96 bytes back
Round trip time was 0.011076 milliseconds in repetition 436
tcp_ping received 96 bytes back
Round trip time was 0.011063 milliseconds in repetition 437
tcp_ping received 96 bytes back
Round trip time was 0.011054 milliseconds in repetition 438
tcp_ping received 96 bytes back
Round trip time was 0.011116 milliseconds in repetition 439
tcp_ping received 96 bytes back
Round trip time was 0.011189 milliseconds in repetition 440
tcp_ping received 96 bytes back
Round trip time was 0.011072 milliseconds in repetition 441
tcp_ping received 96 bytes back
Round trip time was 0.011204 milliseconds in repetition 442
tcp_ping received 96 bytes back
Round trip time was 0.022333 milliseconds in repetition 443
tcp_ping received 96 bytes back
Round trip time was 0.019345 milliseconds in repetition 444
tcp_ping received 96 bytes back
Round trip time was 0.014818 milliseconds in repetition 445
tcp_ping received 96 bytes back
Round trip time was 0.016105 milliseconds in repetition 446
tcp_ping received 96 bytes back
Round trip time was 0.01173 milliseconds in repetition 447
tcp_ping received 96 bytes back
Round trip time was 0.011277 milliseconds in repetition 448
tcp_ping received 96 bytes back
Round trip time was 0.011138 milliseconds in repetition 449
tcp_ping received 96 bytes back
Round trip time was 0.011144 milliseconds in repetition 450
tcp_ping received 96 bytes back
Round trip time was 0.011174 milliseconds in repetition 451
tcp_ping received 96 bytes back
Round trip time was 0.011322 milliseconds in repetition 452
tcp_ping received 96 bytes back
Round trip time was 0.011185 milliseconds in repetition 453
tcp_ping received 96 bytes back
Round trip time was 0.011186 milliseconds in repetition 454
tcp_ping received 96 bytes back
Round trip time was 0.01129 milliseconds in repetition 455
tcp_ping received 96 bytes back
Round trip time was 0.04609 milliseconds in repetition 456
tcp_ping received 96 bytes back
Round trip time was 0.013724 milliseconds in repetition 457
tcp_ping received 96 bytes back
Round trip time was 0.011762 milliseconds in repetition 458
tcp_ping received 96 bytes back
Round trip time was 0.027863 milliseconds in repetition 459
tcp_ping received 96 bytes back
Round trip time was 0.011228 milliseconds in repetition 460
tcp_ping received 96 bytes back
Round trip time was 0.01146 milliseconds in repetition 461
tcp_ping received 96 bytes back
Round trip time was 0.011201 milliseconds in repetition 462
tcp_ping received 96 bytes back
Round trip time was 0.011256 milliseconds in repetition 463
tcp_ping received 96 bytes back
Round trip time was 0.011201 milliseconds in repetition 464
tcp_ping received 96 bytes back
Round trip time was 0.011235 milliseconds in repetition 465
tcp_ping received 96 bytes back
Round trip time was 0.01126 milliseconds in repetition 466
tcp_ping received 96 bytes back
Round trip time was 0.01091 milliseconds in repetition 467
tcp_ping received 96 bytes back
Round trip time was 0.011203 milliseconds in repetition 468
tcp_ping received 96 bytes back
Round trip time was 0.011003 milliseconds in repetition 469
tcp_ping received 96 bytes back
Round trip time was 0.01134 milliseconds in repetition 470
tcp_ping received 96 bytes back
Round trip time was 0.011205 milliseconds in repetition 471
tcp_ping received 96 bytes back
Round trip time was 0.011223 milliseconds in repetition 472
tcp_ping received 96 bytes back
Round trip time was 0.011296 milliseconds in repetition 473
tcp_ping received 96 bytes back
Round trip time was 0.011107 milliseconds in repetition 474
tcp_ping received 96 bytes back
Round trip time was 0.011292 milliseconds in repetition 475
tcp_ping received 96 bytes back
Round trip time was 0.011161 milliseconds in repetition 476
tcp_ping received 96 bytes back
Round trip time was 0.01122 milliseconds in repetition 477
tcp_ping received 96 bytes back
Round trip time was 0.011471 milliseconds in repetition 478
tcp_ping received 96 bytes back
Round trip time was 0.011452 milliseconds in repetition 479
tcp_ping received 96 bytes back
Round trip time was 0.01121 milliseconds in repetition 480
tcp_ping received 96 bytes back
Round trip time was 0.011536 milliseconds in repetition 481
tcp_ping received 96 bytes back
Round trip time was 0.011095 milliseconds in repetition 482
tcp_ping received 96 bytes back
Round trip time was 0.011272 milliseconds in repetition 483
tcp_ping received 96 bytes back
Round trip time was 0.011111 milliseconds in repetition 484
tcp_ping received 96 bytes back
Round trip time was 0.011642 milliseconds in repetition 485
tcp_ping received 96 bytes back
Round trip time was 0.011691 milliseconds in repetition 486
tcp_ping received 96 bytes back
Round trip time was 0.01122 milliseconds in repetition 487
tcp_ping received 96 bytes back
Round trip time was 0.011636 milliseconds in repetition 488
tcp_ping received 96 bytes back
Round trip time was 0.011143 milliseconds in repetition 489
tcp_ping received 96 bytes back
Round trip time was 0.011429 milliseconds in repetition 490
tcp_ping received 96 bytes back
Round trip time was 0.045727 milliseconds in repetition 491
tcp_ping received 96 bytes back
Round trip time was 0.01297 milliseconds in repetition 492
tcp_ping received 96 bytes back
Round trip time was 0.216707 milliseconds in repetition 493
tcp_ping received 96 bytes back
Round trip time was 0.158089 milliseconds in repetition 494
tcp_ping received 96 bytes back
Round trip time was 0.102732 milliseconds in repetition 495
tcp_ping received 96 bytes back
Round trip time was 0.101908 milliseconds in repetition 496
tcp_ping received 96 bytes back
Round trip time was 0.078312 milliseconds in repetition 497
tcp_ping received 96 bytes back
Round trip time was 0.064614 milliseconds in repetition 498
tcp_ping received 96 bytes back
Round trip time was 0.062057 milliseconds in repetition 499
tcp_ping received 96 bytes back
Round trip time was 0.061124 milliseconds in repetition 500
tcp_ping received 96 bytes back
Round trip time was 0.062373 milliseconds in repetition 501

 ... clock resolution was 1e-06
TCP Ping:  Statistics over 501 repetitions of 96 byte messages

RTT : percentile 10: 0.011104, median: 0.012499, percentile 90: 0.080573, average: 0.0381431, variance: 0.021478

RTT histogram:
0.0107385 454
0.155119 39
0.299499 5
0.443879 0
0.588259 1
0.732638 0
0.877018 0
1.0214 0
1.16578 1
1.31016 0
1.45454 0
1.59892 0
1.7433 0
1.88768 0
2.03206 0
2.17644 0
2.32082 0
2.4652 0
2.60958 0
2.75396 0
2.89834 1

   median Throughput : 15361.2 KB/s   overall Throughput : 5033.68 KB/s

