TCP Ping trying to connect to server localhost (127.0.0.1) on port 1421
 ... connected to Pong server: asking for 501 repetitions of 1024 bytes TCP messages
 ... Pong server agreed :-)
tcp_ping received 1024 bytes back
Round trip time was 0.122778 milliseconds in repetition 1
tcp_ping received 1024 bytes back
Round trip time was 0.135987 milliseconds in repetition 2
tcp_ping received 1024 bytes back
Round trip time was 0.074359 milliseconds in repetition 3
tcp_ping received 1024 bytes back
Round trip time was 0.171275 milliseconds in repetition 4
tcp_ping received 1024 bytes back
Round trip time was 0.129403 milliseconds in repetition 5
tcp_ping received 1024 bytes back
Round trip time was 0.128786 milliseconds in repetition 6
tcp_ping received 1024 bytes back
Round trip time was 0.092097 milliseconds in repetition 7
tcp_ping received 1024 bytes back
Round trip time was 0.109336 milliseconds in repetition 8
tcp_ping received 1024 bytes back
Round trip time was 0.109323 milliseconds in repetition 9
tcp_ping received 1024 bytes back
Round trip time was 0.084799 milliseconds in repetition 10
tcp_ping received 1024 bytes back
Round trip time was 0.047796 milliseconds in repetition 11
tcp_ping received 1024 bytes back
Round trip time was 0.046738 milliseconds in repetition 12
tcp_ping received 1024 bytes back
Round trip time was 0.029944 milliseconds in repetition 13
tcp_ping received 1024 bytes back
Round trip time was 0.022245 milliseconds in repetition 14
tcp_ping received 1024 bytes back
Round trip time was 0.021112 milliseconds in repetition 15
tcp_ping received 1024 bytes back
Round trip time was 0.063994 milliseconds in repetition 16
tcp_ping received 1024 bytes back
Round trip time was 0.069376 milliseconds in repetition 17
tcp_ping received 1024 bytes back
Round trip time was 0.026056 milliseconds in repetition 18
tcp_ping received 1024 bytes back
Round trip time was 0.021382 milliseconds in repetition 19
tcp_ping received 1024 bytes back
Round trip time was 0.021018 milliseconds in repetition 20
tcp_ping received 1024 bytes back
Round trip time was 0.020949 milliseconds in repetition 21
tcp_ping received 1024 bytes back
Round trip time was 0.021093 milliseconds in repetition 22
tcp_ping received 1024 bytes back
Round trip time was 0.020932 milliseconds in repetition 23
tcp_ping received 1024 bytes back
Round trip time was 0.021147 milliseconds in repetition 24
tcp_ping received 1024 bytes back
Round trip time was 0.021003 milliseconds in repetition 25
tcp_ping received 1024 bytes back
Round trip time was 0.021011 milliseconds in repetition 26
tcp_ping received 1024 bytes back
Round trip time was 0.021344 milliseconds in repetition 27
tcp_ping received 1024 bytes back
Round trip time was 0.021019 milliseconds in repetition 28
tcp_ping received 1024 bytes back
Round trip time was 0.020916 milliseconds in repetition 29
tcp_ping received 1024 bytes back
Round trip time was 0.020822 milliseconds in repetition 30
tcp_ping received 1024 bytes back
Round trip time was 0.020833 milliseconds in repetition 31
tcp_ping received 1024 bytes back
Round trip time was 0.02091 milliseconds in repetition 32
tcp_ping received 1024 bytes back
Round trip time was 0.02099 milliseconds in repetition 33
tcp_ping received 1024 bytes back
Round trip time was 0.021105 milliseconds in repetition 34
tcp_ping received 1024 bytes back
Round trip time was 0.020935 milliseconds in repetition 35
tcp_ping received 1024 bytes back
Round trip time was 0.051398 milliseconds in repetition 36
tcp_ping received 1024 bytes back
Round trip time was 0.036414 milliseconds in repetition 37
tcp_ping received 1024 bytes back
Round trip time was 0.021181 milliseconds in repetition 38
tcp_ping received 1024 bytes back
Round trip time was 0.020925 milliseconds in repetition 39
tcp_ping received 1024 bytes back
Round trip time was 0.020951 milliseconds in repetition 40
tcp_ping received 1024 bytes back
Round trip time was 0.020922 milliseconds in repetition 41
tcp_ping received 1024 bytes back
Round trip time was 0.020917 milliseconds in repetition 42
tcp_ping received 1024 bytes back
Round trip time was 0.02108 milliseconds in repetition 43
tcp_ping received 1024 bytes back
Round trip time was 0.025876 milliseconds in repetition 44
tcp_ping received 1024 bytes back
Round trip time was 0.021244 milliseconds in repetition 45
tcp_ping received 1024 bytes back
Round trip time was 0.021141 milliseconds in repetition 46
tcp_ping received 1024 bytes back
Round trip time was 0.021069 milliseconds in repetition 47
tcp_ping received 1024 bytes back
Round trip time was 0.021201 milliseconds in repetition 48
tcp_ping received 1024 bytes back
Round trip time was 0.021115 milliseconds in repetition 49
tcp_ping received 1024 bytes back
Round trip time was 0.020891 milliseconds in repetition 50
tcp_ping received 1024 bytes back
Round trip time was 0.021354 milliseconds in repetition 51
tcp_ping received 1024 bytes back
Round trip time was 0.021187 milliseconds in repetition 52
tcp_ping received 1024 bytes back
Round trip time was 0.021007 milliseconds in repetition 53
tcp_ping received 1024 bytes back
Round trip time was 0.110492 milliseconds in repetition 54
tcp_ping received 1024 bytes back
Round trip time was 0.036599 milliseconds in repetition 55
tcp_ping received 1024 bytes back
Round trip time was 0.086801 milliseconds in repetition 56
tcp_ping received 1024 bytes back
Round trip time was 0.066995 milliseconds in repetition 57
tcp_ping received 1024 bytes back
Round trip time was 0.046701 milliseconds in repetition 58
tcp_ping received 1024 bytes back
Round trip time was 0.046588 milliseconds in repetition 59
tcp_ping received 1024 bytes back
Round trip time was 0.046451 milliseconds in repetition 60
tcp_ping received 1024 bytes back
Round trip time was 0.04637 milliseconds in repetition 61
tcp_ping received 1024 bytes back
Round trip time was 0.046309 milliseconds in repetition 62
tcp_ping received 1024 bytes back
Round trip time was 0.029695 milliseconds in repetition 63
tcp_ping received 1024 bytes back
Round trip time was 0.02192 milliseconds in repetition 64
tcp_ping received 1024 bytes back
Round trip time was 0.021277 milliseconds in repetition 65
tcp_ping received 1024 bytes back
Round trip time was 0.02095 milliseconds in repetition 66
tcp_ping received 1024 bytes back
Round trip time was 0.020905 milliseconds in repetition 67
tcp_ping received 1024 bytes back
Round trip time was 0.020874 milliseconds in repetition 68
tcp_ping received 1024 bytes back
Round trip time was 0.020986 milliseconds in repetition 69
tcp_ping received 1024 bytes back
Round trip time was 0.020995 milliseconds in repetition 70
tcp_ping received 1024 bytes back
Round trip time was 0.021016 milliseconds in repetition 71
tcp_ping received 1024 bytes back
Round trip time was 0.021113 milliseconds in repetition 72
tcp_ping received 1024 bytes back
Round trip time was 0.020836 milliseconds in repetition 73
tcp_ping received 1024 bytes back
Round trip time was 0.021061 milliseconds in repetition 74
tcp_ping received 1024 bytes back
Round trip time was 0.021103 milliseconds in repetition 75
tcp_ping received 1024 bytes back
Round trip time was 0.021106 milliseconds in repetition 76
tcp_ping received 1024 bytes back
Round trip time was 0.021046 milliseconds in repetition 77
tcp_ping received 1024 bytes back
Round trip time was 0.020869 milliseconds in repetition 78
tcp_ping received 1024 bytes back
Round trip time was 0.020891 milliseconds in repetition 79
tcp_ping received 1024 bytes back
Round trip time was 0.020803 milliseconds in repetition 80
tcp_ping received 1024 bytes back
Round trip time was 0.020818 milliseconds in repetition 81
tcp_ping received 1024 bytes back
Round trip time was 0.02085 milliseconds in repetition 82
tcp_ping received 1024 bytes back
Round trip time was 0.020987 milliseconds in repetition 83
tcp_ping received 1024 bytes back
Round trip time was 0.02088 milliseconds in repetition 84
tcp_ping received 1024 bytes back
Round trip time was 0.020864 milliseconds in repetition 85
tcp_ping received 1024 bytes back
Round trip time was 0.020811 milliseconds in repetition 86
tcp_ping received 1024 bytes back
Round trip time was 0.020868 milliseconds in repetition 87
tcp_ping received 1024 bytes back
Round trip time was 0.044555 milliseconds in repetition 88
tcp_ping received 1024 bytes back
Round trip time was 0.043444 milliseconds in repetition 89
tcp_ping received 1024 bytes back
Round trip time was 0.021877 milliseconds in repetition 90
tcp_ping received 1024 bytes back
Round trip time was 0.021911 milliseconds in repetition 91
tcp_ping received 1024 bytes back
Round trip time was 0.037893 milliseconds in repetition 92
tcp_ping received 1024 bytes back
Round trip time was 0.021008 milliseconds in repetition 93
tcp_ping received 1024 bytes back
Round trip time was 0.021073 milliseconds in repetition 94
tcp_ping received 1024 bytes back
Round trip time was 0.020891 milliseconds in repetition 95
tcp_ping received 1024 bytes back
Round trip time was 0.020845 milliseconds in repetition 96
tcp_ping received 1024 bytes back
Round trip time was 0.021026 milliseconds in repetition 97
tcp_ping received 1024 bytes back
Round trip time was 0.020937 milliseconds in repetition 98
tcp_ping received 1024 bytes back
Round trip time was 0.020961 milliseconds in repetition 99
tcp_ping received 1024 bytes back
Round trip time was 0.021118 milliseconds in repetition 100
tcp_ping received 1024 bytes back
Round trip time was 0.020963 milliseconds in repetition 101
tcp_ping received 1024 bytes back
Round trip time was 0.020799 milliseconds in repetition 102
tcp_ping received 1024 bytes back
Round trip time was 0.020941 milliseconds in repetition 103
tcp_ping received 1024 bytes back
Round trip time was 0.021176 milliseconds in repetition 104
tcp_ping received 1024 bytes back
Round trip time was 0.02094 milliseconds in repetition 105
tcp_ping received 1024 bytes back
Round trip time was 0.02097 milliseconds in repetition 106
tcp_ping received 1024 bytes back
Round trip time was 0.021047 milliseconds in repetition 107
tcp_ping received 1024 bytes back
Round trip time was 0.020828 milliseconds in repetition 108
tcp_ping received 1024 bytes back
Round trip time was 0.020952 milliseconds in repetition 109
tcp_ping received 1024 bytes back
Round trip time was 0.020857 milliseconds in repetition 110
tcp_ping received 1024 bytes back
Round trip time was 0.020934 milliseconds in repetition 111
tcp_ping received 1024 bytes back
Round trip time was 0.020952 milliseconds in repetition 112
tcp_ping received 1024 bytes back
Round trip time was 0.020909 milliseconds in repetition 113
tcp_ping received 1024 bytes back
Round trip time was 0.020849 milliseconds in repetition 114
tcp_ping received 1024 bytes back
Round trip time was 0.020939 milliseconds in repetition 115
tcp_ping received 1024 bytes back
Round trip time was 0.020928 milliseconds in repetition 116
tcp_ping received 1024 bytes back
Round trip time was 0.020961 milliseconds in repetition 117
tcp_ping received 1024 bytes back
Round trip time was 0.021114 milliseconds in repetition 118
tcp_ping received 1024 bytes back
Round trip time was 0.021021 milliseconds in repetition 119
tcp_ping received 1024 bytes back
Round trip time was 0.021115 milliseconds in repetition 120
tcp_ping received 1024 bytes back
Round trip time was 0.021069 milliseconds in repetition 121
tcp_ping received 1024 bytes back
Round trip time was 0.021053 milliseconds in repetition 122
tcp_ping received 1024 bytes back
Round trip time was 0.020931 milliseconds in repetition 123
tcp_ping received 1024 bytes back
Round trip time was 0.021066 milliseconds in repetition 124
tcp_ping received 1024 bytes back
Round trip time was 0.021048 milliseconds in repetition 125
tcp_ping received 1024 bytes back
Round trip time was 0.020986 milliseconds in repetition 126
tcp_ping received 1024 bytes back
Round trip time was 0.021027 milliseconds in repetition 127
tcp_ping received 1024 bytes back
Round trip time was 0.020962 milliseconds in repetition 128
tcp_ping received 1024 bytes back
Round trip time was 0.021053 milliseconds in repetition 129
tcp_ping received 1024 bytes back
Round trip time was 0.021072 milliseconds in repetition 130
tcp_ping received 1024 bytes back
Round trip time was 0.02125 milliseconds in repetition 131
tcp_ping received 1024 bytes back
Round trip time was 0.042246 milliseconds in repetition 132
tcp_ping received 1024 bytes back
Round trip time was 0.041424 milliseconds in repetition 133
tcp_ping received 1024 bytes back
Round trip time was 0.038203 milliseconds in repetition 134
tcp_ping received 1024 bytes back
Round trip time was 0.021004 milliseconds in repetition 135
tcp_ping received 1024 bytes back
Round trip time was 0.02123 milliseconds in repetition 136
tcp_ping received 1024 bytes back
Round trip time was 0.020985 milliseconds in repetition 137
tcp_ping received 1024 bytes back
Round trip time was 0.021952 milliseconds in repetition 138
tcp_ping received 1024 bytes back
Round trip time was 0.021705 milliseconds in repetition 139
tcp_ping received 1024 bytes back
Round trip time was 0.021635 milliseconds in repetition 140
tcp_ping received 1024 bytes back
Round trip time was 0.021547 milliseconds in repetition 141
tcp_ping received 1024 bytes back
Round trip time was 0.021578 milliseconds in repetition 142
tcp_ping received 1024 bytes back
Round trip time was 0.021634 milliseconds in repetition 143
tcp_ping received 1024 bytes back
Round trip time was 0.021538 milliseconds in repetition 144
tcp_ping received 1024 bytes back
Round trip time was 0.02153 milliseconds in repetition 145
tcp_ping received 1024 bytes back
Round trip time was 0.021612 milliseconds in repetition 146
tcp_ping received 1024 bytes back
Round trip time was 0.021407 milliseconds in repetition 147
tcp_ping received 1024 bytes back
Round trip time was 0.021546 milliseconds in repetition 148
tcp_ping received 1024 bytes back
Round trip time was 0.037691 milliseconds in repetition 149
tcp_ping received 1024 bytes back
Round trip time was 0.021023 milliseconds in repetition 150
tcp_ping received 1024 bytes back
Round trip time was 0.03611 milliseconds in repetition 151
tcp_ping received 1024 bytes back
Round trip time was 0.024588 milliseconds in repetition 152
tcp_ping received 1024 bytes back
Round trip time was 0.021358 milliseconds in repetition 153
tcp_ping received 1024 bytes back
Round trip time was 0.060071 milliseconds in repetition 154
tcp_ping received 1024 bytes back
Round trip time was 0.023311 milliseconds in repetition 155
tcp_ping received 1024 bytes back
Round trip time was 0.021328 milliseconds in repetition 156
tcp_ping received 1024 bytes back
Round trip time was 0.020981 milliseconds in repetition 157
tcp_ping received 1024 bytes back
Round trip time was 0.020945 milliseconds in repetition 158
tcp_ping received 1024 bytes back
Round trip time was 0.02105 milliseconds in repetition 159
tcp_ping received 1024 bytes back
Round trip time was 0.021269 milliseconds in repetition 160
tcp_ping received 1024 bytes back
Round trip time was 0.020943 milliseconds in repetition 161
tcp_ping received 1024 bytes back
Round trip time was 0.021043 milliseconds in repetition 162
tcp_ping received 1024 bytes back
Round trip time was 0.021192 milliseconds in repetition 163
tcp_ping received 1024 bytes back
Round trip time was 0.020995 milliseconds in repetition 164
tcp_ping received 1024 bytes back
Round trip time was 0.021133 milliseconds in repetition 165
tcp_ping received 1024 bytes back
Round trip time was 0.021112 milliseconds in repetition 166
tcp_ping received 1024 bytes back
Round trip time was 0.02117 milliseconds in repetition 167
tcp_ping received 1024 bytes back
Round trip time was 0.021192 milliseconds in repetition 168
tcp_ping received 1024 bytes back
Round trip time was 0.021093 milliseconds in repetition 169
tcp_ping received 1024 bytes back
Round trip time was 0.026518 milliseconds in repetition 170
tcp_ping received 1024 bytes back
Round trip time was 0.024815 milliseconds in repetition 171
tcp_ping received 1024 bytes back
Round trip time was 0.021331 milliseconds in repetition 172
tcp_ping received 1024 bytes back
Round trip time was 0.021069 milliseconds in repetition 173
tcp_ping received 1024 bytes back
Round trip time was 0.021202 milliseconds in repetition 174
tcp_ping received 1024 bytes back
Round trip time was 0.041733 milliseconds in repetition 175
tcp_ping received 1024 bytes back
Round trip time was 0.02156 milliseconds in repetition 176
tcp_ping received 1024 bytes back
Round trip time was 0.021146 milliseconds in repetition 177
tcp_ping received 1024 bytes back
Round trip time was 0.021226 milliseconds in repetition 178
tcp_ping received 1024 bytes back
Round trip time was 0.02115 milliseconds in repetition 179
tcp_ping received 1024 bytes back
Round trip time was 0.021008 milliseconds in repetition 180
tcp_ping received 1024 bytes back
Round trip time was 0.021309 milliseconds in repetition 181
tcp_ping received 1024 bytes back
Round trip time was 0.063759 milliseconds in repetition 182
tcp_ping received 1024 bytes back
Round trip time was 0.047359 milliseconds in repetition 183
tcp_ping received 1024 bytes back
Round trip time was 0.030344 milliseconds in repetition 184
tcp_ping received 1024 bytes back
Round trip time was 0.054819 milliseconds in repetition 185
tcp_ping received 1024 bytes back
Round trip time was 0.031642 milliseconds in repetition 186
tcp_ping received 1024 bytes back
Round trip time was 0.024593 milliseconds in repetition 187
tcp_ping received 1024 bytes back
Round trip time was 0.02433 milliseconds in repetition 188
tcp_ping received 1024 bytes back
Round trip time was 0.024372 milliseconds in repetition 189
tcp_ping received 1024 bytes back
Round trip time was 0.024387 milliseconds in repetition 190
tcp_ping received 1024 bytes back
Round trip time was 0.02428 milliseconds in repetition 191
tcp_ping received 1024 bytes back
Round trip time was 0.024281 milliseconds in repetition 192
tcp_ping received 1024 bytes back
Round trip time was 0.044347 milliseconds in repetition 193
tcp_ping received 1024 bytes back
Round trip time was 0.02466 milliseconds in repetition 194
tcp_ping received 1024 bytes back
Round trip time was 0.024257 milliseconds in repetition 195
tcp_ping received 1024 bytes back
Round trip time was 0.079889 milliseconds in repetition 196
tcp_ping received 1024 bytes back
Round trip time was 0.023929 milliseconds in repetition 197
tcp_ping received 1024 bytes back
Round trip time was 0.023869 milliseconds in repetition 198
tcp_ping received 1024 bytes back
Round trip time was 0.023657 milliseconds in repetition 199
tcp_ping received 1024 bytes back
Round trip time was 0.023819 milliseconds in repetition 200
tcp_ping received 1024 bytes back
Round trip time was 0.023596 milliseconds in repetition 201
tcp_ping received 1024 bytes back
Round trip time was 0.023783 milliseconds in repetition 202
tcp_ping received 1024 bytes back
Round trip time was 0.023798 milliseconds in repetition 203
tcp_ping received 1024 bytes back
Round trip time was 0.044282 milliseconds in repetition 204
tcp_ping received 1024 bytes back
Round trip time was 0.024312 milliseconds in repetition 205
tcp_ping received 1024 bytes back
Round trip time was 0.024221 milliseconds in repetition 206
tcp_ping received 1024 bytes back
Round trip time was 0.024163 milliseconds in repetition 207
tcp_ping received 1024 bytes back
Round trip time was 0.024164 milliseconds in repetition 208
tcp_ping received 1024 bytes back
Round trip time was 0.024454 milliseconds in repetition 209
tcp_ping received 1024 bytes back
Round trip time was 0.024445 milliseconds in repetition 210
tcp_ping received 1024 bytes back
Round trip time was 0.024291 milliseconds in repetition 211
tcp_ping received 1024 bytes back
Round trip time was 0.024614 milliseconds in repetition 212
tcp_ping received 1024 bytes back
Round trip time was 0.024375 milliseconds in repetition 213
tcp_ping received 1024 bytes back
Round trip time was 1.00102 milliseconds in repetition 214
tcp_ping received 1024 bytes back
Round trip time was 0.029766 milliseconds in repetition 215
tcp_ping received 1024 bytes back
Round trip time was 0.024617 milliseconds in repetition 216
tcp_ping received 1024 bytes back
Round trip time was 0.02423 milliseconds in repetition 217
tcp_ping received 1024 bytes back
Round trip time was 0.024141 milliseconds in repetition 218
tcp_ping received 1024 bytes back
Round trip time was 0.047528 milliseconds in repetition 219
tcp_ping received 1024 bytes back
Round trip time was 0.023664 milliseconds in repetition 220
tcp_ping received 1024 bytes back
Round trip time was 0.022478 milliseconds in repetition 221
tcp_ping received 1024 bytes back
Round trip time was 0.0222 milliseconds in repetition 222
tcp_ping received 1024 bytes back
Round trip time was 0.033143 milliseconds in repetition 223
tcp_ping received 1024 bytes back
Round trip time was 0.030596 milliseconds in repetition 224
tcp_ping received 1024 bytes back
Round trip time was 0.022337 milliseconds in repetition 225
tcp_ping received 1024 bytes back
Round trip time was 0.035416 milliseconds in repetition 226
tcp_ping received 1024 bytes back
Round trip time was 0.024321 milliseconds in repetition 227
tcp_ping received 1024 bytes back
Round trip time was 0.022115 milliseconds in repetition 228
tcp_ping received 1024 bytes back
Round trip time was 0.022023 milliseconds in repetition 229
tcp_ping received 1024 bytes back
Round trip time was 0.021975 milliseconds in repetition 230
tcp_ping received 1024 bytes back
Round trip time was 0.022036 milliseconds in repetition 231
tcp_ping received 1024 bytes back
Round trip time was 0.021867 milliseconds in repetition 232
tcp_ping received 1024 bytes back
Round trip time was 0.021999 milliseconds in repetition 233
tcp_ping received 1024 bytes back
Round trip time was 0.022119 milliseconds in repetition 234
tcp_ping received 1024 bytes back
Round trip time was 0.022091 milliseconds in repetition 235
tcp_ping received 1024 bytes back
Round trip time was 0.021976 milliseconds in repetition 236
tcp_ping received 1024 bytes back
Round trip time was 0.021965 milliseconds in repetition 237
tcp_ping received 1024 bytes back
Round trip time was 0.021922 milliseconds in repetition 238
tcp_ping received 1024 bytes back
Round trip time was 0.09638 milliseconds in repetition 239
tcp_ping received 1024 bytes back
Round trip time was 0.024074 milliseconds in repetition 240
tcp_ping received 1024 bytes back
Round trip time was 0.022225 milliseconds in repetition 241
tcp_ping received 1024 bytes back
Round trip time was 0.052442 milliseconds in repetition 242
tcp_ping received 1024 bytes back
Round trip time was 0.040983 milliseconds in repetition 243
tcp_ping received 1024 bytes back
Round trip time was 0.022405 milliseconds in repetition 244
tcp_ping received 1024 bytes back
Round trip time was 0.022346 milliseconds in repetition 245
tcp_ping received 1024 bytes back
Round trip time was 0.022109 milliseconds in repetition 246
tcp_ping received 1024 bytes back
Round trip time was 0.022328 milliseconds in repetition 247
tcp_ping received 1024 bytes back
Round trip time was 0.022156 milliseconds in repetition 248
tcp_ping received 1024 bytes back
Round trip time was 0.022239 milliseconds in repetition 249
tcp_ping received 1024 bytes back
Round trip time was 0.022055 milliseconds in repetition 250
tcp_ping received 1024 bytes back
Round trip time was 0.022183 milliseconds in repetition 251
tcp_ping received 1024 bytes back
Round trip time was 0.022208 milliseconds in repetition 252
tcp_ping received 1024 bytes back
Round trip time was 0.021999 milliseconds in repetition 253
tcp_ping received 1024 bytes back
Round trip time was 0.070868 milliseconds in repetition 254
tcp_ping received 1024 bytes back
Round trip time was 0.024293 milliseconds in repetition 255
tcp_ping received 1024 bytes back
Round trip time was 0.022405 milliseconds in repetition 256
tcp_ping received 1024 bytes back
Round trip time was 0.022208 milliseconds in repetition 257
tcp_ping received 1024 bytes back
Round trip time was 0.02207 milliseconds in repetition 258
tcp_ping received 1024 bytes back
Round trip time was 0.022862 milliseconds in repetition 259
tcp_ping received 1024 bytes back
Round trip time was 0.02224 milliseconds in repetition 260
tcp_ping received 1024 bytes back
Round trip time was 0.022112 milliseconds in repetition 261
tcp_ping received 1024 bytes back
Round trip time was 0.041921 milliseconds in repetition 262
tcp_ping received 1024 bytes back
Round trip time was 0.021831 milliseconds in repetition 263
tcp_ping received 1024 bytes back
Round trip time was 0.022456 milliseconds in repetition 264
tcp_ping received 1024 bytes back
Round trip time was 0.022224 milliseconds in repetition 265
tcp_ping received 1024 bytes back
Round trip time was 0.022115 milliseconds in repetition 266
tcp_ping received 1024 bytes back
Round trip time was 0.022091 milliseconds in repetition 267
tcp_ping received 1024 bytes back
Round trip time was 0.022001 milliseconds in repetition 268
tcp_ping received 1024 bytes back
Round trip time was 0.022226 milliseconds in repetition 269
tcp_ping received 1024 bytes back
Round trip time was 0.022226 milliseconds in repetition 270
tcp_ping received 1024 bytes back
Round trip time was 0.022131 milliseconds in repetition 271
tcp_ping received 1024 bytes back
Round trip time was 0.02202 milliseconds in repetition 272
tcp_ping received 1024 bytes back
Round trip time was 0.022058 milliseconds in repetition 273
tcp_ping received 1024 bytes back
Round trip time was 0.022094 milliseconds in repetition 274
tcp_ping received 1024 bytes back
Round trip time was 0.022035 milliseconds in repetition 275
tcp_ping received 1024 bytes back
Round trip time was 0.022082 milliseconds in repetition 276
tcp_ping received 1024 bytes back
Round trip time was 0.022206 milliseconds in repetition 277
tcp_ping received 1024 bytes back
Round trip time was 0.022038 milliseconds in repetition 278
tcp_ping received 1024 bytes back
Round trip time was 0.022043 milliseconds in repetition 279
tcp_ping received 1024 bytes back
Round trip time was 0.022089 milliseconds in repetition 280
tcp_ping received 1024 bytes back
Round trip time was 0.02217 milliseconds in repetition 281
tcp_ping received 1024 bytes back
Round trip time was 0.022094 milliseconds in repetition 282
tcp_ping received 1024 bytes back
Round trip time was 0.021992 milliseconds in repetition 283
tcp_ping received 1024 bytes back
Round trip time was 0.022063 milliseconds in repetition 284
tcp_ping received 1024 bytes back
Round trip time was 0.022067 milliseconds in repetition 285
tcp_ping received 1024 bytes back
Round trip time was 0.022106 milliseconds in repetition 286
tcp_ping received 1024 bytes back
Round trip time was 0.021986 milliseconds in repetition 287
tcp_ping received 1024 bytes back
Round trip time was 0.022013 milliseconds in repetition 288
tcp_ping received 1024 bytes back
Round trip time was 0.022107 milliseconds in repetition 289
tcp_ping received 1024 bytes back
Round trip time was 0.022057 milliseconds in repetition 290
tcp_ping received 1024 bytes back
Round trip time was 0.021983 milliseconds in repetition 291
tcp_ping received 1024 bytes back
Round trip time was 0.021933 milliseconds in repetition 292
tcp_ping received 1024 bytes back
Round trip time was 0.022019 milliseconds in repetition 293
tcp_ping received 1024 bytes back
Round trip time was 0.022021 milliseconds in repetition 294
tcp_ping received 1024 bytes back
Round trip time was 0.02201 milliseconds in repetition 295
tcp_ping received 1024 bytes back
Round trip time was 0.022608 milliseconds in repetition 296
tcp_ping received 1024 bytes back
Round trip time was 0.022217 milliseconds in repetition 297
tcp_ping received 1024 bytes back
Round trip time was 0.022176 milliseconds in repetition 298
tcp_ping received 1024 bytes back
Round trip time was 0.021961 milliseconds in repetition 299
tcp_ping received 1024 bytes back
Round trip time was 0.02202 milliseconds in repetition 300
tcp_ping received 1024 bytes back
Round trip time was 0.022013 milliseconds in repetition 301
tcp_ping received 1024 bytes back
Round trip time was 0.021992 milliseconds in repetition 302
tcp_ping received 1024 bytes back
Round trip time was 0.022065 milliseconds in repetition 303
tcp_ping received 1024 bytes back
Round trip time was 0.02202 milliseconds in repetition 304
tcp_ping received 1024 bytes back
Round trip time was 0.022076 milliseconds in repetition 305
tcp_ping received 1024 bytes back
Round trip time was 0.045541 milliseconds in repetition 306
tcp_ping received 1024 bytes back
Round trip time was 0.024507 milliseconds in repetition 307
tcp_ping received 1024 bytes back
Round trip time was 0.022636 milliseconds in repetition 308
tcp_ping received 1024 bytes back
Round trip time was 0.02162 milliseconds in repetition 309
tcp_ping received 1024 bytes back
Round trip time was 0.022359 milliseconds in repetition 310
tcp_ping received 1024 bytes back
Round trip time was 0.022305 milliseconds in repetition 311
tcp_ping received 1024 bytes back
Round trip time was 0.022275 milliseconds in repetition 312
tcp_ping received 1024 bytes back
Round trip time was 0.022249 milliseconds in repetition 313
tcp_ping received 1024 bytes back
Round trip time was 0.022166 milliseconds in repetition 314
tcp_ping received 1024 bytes back
Round trip time was 0.035432 milliseconds in repetition 315
tcp_ping received 1024 bytes back
Round trip time was 0.022889 milliseconds in repetition 316
tcp_ping received 1024 bytes back
Round trip time was 0.022857 milliseconds in repetition 317
tcp_ping received 1024 bytes back
Round trip time was 0.023102 milliseconds in repetition 318
tcp_ping received 1024 bytes back
Round trip time was 0.022882 milliseconds in repetition 319
tcp_ping received 1024 bytes back
Round trip time was 0.022867 milliseconds in repetition 320
tcp_ping received 1024 bytes back
Round trip time was 0.022805 milliseconds in repetition 321
tcp_ping received 1024 bytes back
Round trip time was 0.022909 milliseconds in repetition 322
tcp_ping received 1024 bytes back
Round trip time was 0.022915 milliseconds in repetition 323
tcp_ping received 1024 bytes back
Round trip time was 0.022752 milliseconds in repetition 324
tcp_ping received 1024 bytes back
Round trip time was 0.020423 milliseconds in repetition 325
tcp_ping received 1024 bytes back
Round trip time was 0.020568 milliseconds in repetition 326
tcp_ping received 1024 bytes back
Round trip time was 0.020577 milliseconds in repetition 327
tcp_ping received 1024 bytes back
Round trip time was 0.020498 milliseconds in repetition 328
tcp_ping received 1024 bytes back
Round trip time was 0.020557 milliseconds in repetition 329
tcp_ping received 1024 bytes back
Round trip time was 0.020564 milliseconds in repetition 330
tcp_ping received 1024 bytes back
Round trip time was 0.020471 milliseconds in repetition 331
tcp_ping received 1024 bytes back
Round trip time was 0.020435 milliseconds in repetition 332
tcp_ping received 1024 bytes back
Round trip time was 0.021276 milliseconds in repetition 333
tcp_ping received 1024 bytes back
Round trip time was 0.020722 milliseconds in repetition 334
tcp_ping received 1024 bytes back
Round trip time was 0.022412 milliseconds in repetition 335
tcp_ping received 1024 bytes back
Round trip time was 0.022247 milliseconds in repetition 336
tcp_ping received 1024 bytes back
Round trip time was 0.022007 milliseconds in repetition 337
tcp_ping received 1024 bytes back
Round trip time was 0.021945 milliseconds in repetition 338
tcp_ping received 1024 bytes back
Round trip time was 0.021874 milliseconds in repetition 339
tcp_ping received 1024 bytes back
Round trip time was 0.021883 milliseconds in repetition 340
tcp_ping received 1024 bytes back
Round trip time was 0.021945 milliseconds in repetition 341
tcp_ping received 1024 bytes back
Round trip time was 0.022038 milliseconds in repetition 342
tcp_ping received 1024 bytes back
Round trip time was 0.022038 milliseconds in repetition 343
tcp_ping received 1024 bytes back
Round trip time was 0.02188 milliseconds in repetition 344
tcp_ping received 1024 bytes back
Round trip time was 0.022054 milliseconds in repetition 345
tcp_ping received 1024 bytes back
Round trip time was 0.021853 milliseconds in repetition 346
tcp_ping received 1024 bytes back
Round trip time was 0.021968 milliseconds in repetition 347
tcp_ping received 1024 bytes back
Round trip time was 0.021972 milliseconds in repetition 348
tcp_ping received 1024 bytes back
Round trip time was 0.022045 milliseconds in repetition 349
tcp_ping received 1024 bytes back
Round trip time was 0.039039 milliseconds in repetition 350
tcp_ping received 1024 bytes back
Round trip time was 0.023692 milliseconds in repetition 351
tcp_ping received 1024 bytes back
Round trip time was 0.023058 milliseconds in repetition 352
tcp_ping received 1024 bytes back
Round trip time was 0.022864 milliseconds in repetition 353
tcp_ping received 1024 bytes back
Round trip time was 0.022815 milliseconds in repetition 354
tcp_ping received 1024 bytes back
Round trip time was 0.024555 milliseconds in repetition 355
tcp_ping received 1024 bytes back
Round trip time was 0.024293 milliseconds in repetition 356
tcp_ping received 1024 bytes back
Round trip time was 0.024292 milliseconds in repetition 357
tcp_ping received 1024 bytes back
Round trip time was 0.024082 milliseconds in repetition 358
tcp_ping received 1024 bytes back
Round trip time was 0.024022 milliseconds in repetition 359
tcp_ping received 1024 bytes back
Round trip time was 0.02412 milliseconds in repetition 360
tcp_ping received 1024 bytes back
Round trip time was 0.024069 milliseconds in repetition 361
tcp_ping received 1024 bytes back
Round trip time was 0.024179 milliseconds in repetition 362
tcp_ping received 1024 bytes back
Round trip time was 0.024063 milliseconds in repetition 363
tcp_ping received 1024 bytes back
Round trip time was 0.024133 milliseconds in repetition 364
tcp_ping received 1024 bytes back
Round trip time was 0.024182 milliseconds in repetition 365
tcp_ping received 1024 bytes back
Round trip time was 0.02405 milliseconds in repetition 366
tcp_ping received 1024 bytes back
Round trip time was 0.024102 milliseconds in repetition 367
tcp_ping received 1024 bytes back
Round trip time was 0.024179 milliseconds in repetition 368
tcp_ping received 1024 bytes back
Round trip time was 0.024964 milliseconds in repetition 369
tcp_ping received 1024 bytes back
Round trip time was 0.024375 milliseconds in repetition 370
tcp_ping received 1024 bytes back
Round trip time was 0.024094 milliseconds in repetition 371
tcp_ping received 1024 bytes back
Round trip time was 0.02415 milliseconds in repetition 372
tcp_ping received 1024 bytes back
Round trip time was 0.024111 milliseconds in repetition 373
tcp_ping received 1024 bytes back
Round trip time was 0.024103 milliseconds in repetition 374
tcp_ping received 1024 bytes back
Round trip time was 0.024192 milliseconds in repetition 375
tcp_ping received 1024 bytes back
Round trip time was 0.073008 milliseconds in repetition 376
tcp_ping received 1024 bytes back
Round trip time was 0.029345 milliseconds in repetition 377
tcp_ping received 1024 bytes back
Round trip time was 0.024538 milliseconds in repetition 378
tcp_ping received 1024 bytes back
Round trip time was 0.024357 milliseconds in repetition 379
tcp_ping received 1024 bytes back
Round trip time was 0.024262 milliseconds in repetition 380
tcp_ping received 1024 bytes back
Round trip time was 0.024187 milliseconds in repetition 381
tcp_ping received 1024 bytes back
Round trip time was 0.024083 milliseconds in repetition 382
tcp_ping received 1024 bytes back
Round trip time was 0.024104 milliseconds in repetition 383
tcp_ping received 1024 bytes back
Round trip time was 0.024257 milliseconds in repetition 384
tcp_ping received 1024 bytes back
Round trip time was 0.024169 milliseconds in repetition 385
tcp_ping received 1024 bytes back
Round trip time was 0.024301 milliseconds in repetition 386
tcp_ping received 1024 bytes back
Round trip time was 0.024166 milliseconds in repetition 387
tcp_ping received 1024 bytes back
Round trip time was 0.024126 milliseconds in repetition 388
tcp_ping received 1024 bytes back
Round trip time was 0.024234 milliseconds in repetition 389
tcp_ping received 1024 bytes back
Round trip time was 0.024243 milliseconds in repetition 390
tcp_ping received 1024 bytes back
Round trip time was 0.024357 milliseconds in repetition 391
tcp_ping received 1024 bytes back
Round trip time was 0.024389 milliseconds in repetition 392
tcp_ping received 1024 bytes back
Round trip time was 0.03909 milliseconds in repetition 393
tcp_ping received 1024 bytes back
Round trip time was 0.025148 milliseconds in repetition 394
tcp_ping received 1024 bytes back
Round trip time was 0.024659 milliseconds in repetition 395
tcp_ping received 1024 bytes back
Round trip time was 0.024595 milliseconds in repetition 396
tcp_ping received 1024 bytes back
Round trip time was 0.024757 milliseconds in repetition 397
tcp_ping received 1024 bytes back
Round trip time was 0.024305 milliseconds in repetition 398
tcp_ping received 1024 bytes back
Round trip time was 0.024399 milliseconds in repetition 399
tcp_ping received 1024 bytes back
Round trip time was 0.024321 milliseconds in repetition 400
tcp_ping received 1024 bytes back
Round trip time was 0.025067 milliseconds in repetition 401
tcp_ping received 1024 bytes back
Round trip time was 0.024435 milliseconds in repetition 402
tcp_ping received 1024 bytes back
Round trip time was 0.024391 milliseconds in repetition 403
tcp_ping received 1024 bytes back
Round trip time was 0.024391 milliseconds in repetition 404
tcp_ping received 1024 bytes back
Round trip time was 0.024343 milliseconds in repetition 405
tcp_ping received 1024 bytes back
Round trip time was 0.024361 milliseconds in repetition 406
tcp_ping received 1024 bytes back
Round trip time was 0.024345 milliseconds in repetition 407
tcp_ping received 1024 bytes back
Round trip time was 0.024375 milliseconds in repetition 408
tcp_ping received 1024 bytes back
Round trip time was 0.024325 milliseconds in repetition 409
tcp_ping received 1024 bytes back
Round trip time was 0.024304 milliseconds in repetition 410
tcp_ping received 1024 bytes back
Round trip time was 0.024456 milliseconds in repetition 411
tcp_ping received 1024 bytes back
Round trip time was 0.024567 milliseconds in repetition 412
tcp_ping received 1024 bytes back
Round trip time was 0.024295 milliseconds in repetition 413
tcp_ping received 1024 bytes back
Round trip time was 0.056298 milliseconds in repetition 414
tcp_ping received 1024 bytes back
Round trip time was 0.041276 milliseconds in repetition 415
tcp_ping received 1024 bytes back
Round trip time was 0.025802 milliseconds in repetition 416
tcp_ping received 1024 bytes back
Round trip time was 0.024451 milliseconds in repetition 417
tcp_ping received 1024 bytes back
Round trip time was 0.024379 milliseconds in repetition 418
tcp_ping received 1024 bytes back
Round trip time was 0.024393 milliseconds in repetition 419
tcp_ping received 1024 bytes back
Round trip time was 0.024241 milliseconds in repetition 420
tcp_ping received 1024 bytes back
Round trip time was 0.024413 milliseconds in repetition 421
tcp_ping received 1024 bytes back
Round trip time was 0.024466 milliseconds in repetition 422
tcp_ping received 1024 bytes back
Round trip time was 0.02439 milliseconds in repetition 423
tcp_ping received 1024 bytes back
Round trip time was 0.024269 milliseconds in repetition 424
tcp_ping received 1024 bytes back
Round trip time was 0.024377 milliseconds in repetition 425
tcp_ping received 1024 bytes back
Round trip time was 0.024314 milliseconds in repetition 426
tcp_ping received 1024 bytes back
Round trip time was 0.02438 milliseconds in repetition 427
tcp_ping received 1024 bytes back
Round trip time was 0.024385 milliseconds in repetition 428
tcp_ping received 1024 bytes back
Round trip time was 0.024321 milliseconds in repetition 429
tcp_ping received 1024 bytes back
Round trip time was 0.024396 milliseconds in repetition 430
tcp_ping received 1024 bytes back
Round trip time was 0.024411 milliseconds in repetition 431
tcp_ping received 1024 bytes back
Round trip time was 0.024349 milliseconds in repetition 432
tcp_ping received 1024 bytes back
Round trip time was 0.024379 milliseconds in repetition 433
tcp_ping received 1024 bytes back
Round trip time was 0.024367 milliseconds in repetition 434
tcp_ping received 1024 bytes back
Round trip time was 0.024306 milliseconds in repetition 435
tcp_ping received 1024 bytes back
Round trip time was 0.024342 milliseconds in repetition 436
tcp_ping received 1024 bytes back
Round trip time was 0.045385 milliseconds in repetition 437
tcp_ping received 1024 bytes back
Round trip time was 0.025341 milliseconds in repetition 438
tcp_ping received 1024 bytes back
Round trip time was 0.024458 milliseconds in repetition 439
tcp_ping received 1024 bytes back
Round trip time was 0.024153 milliseconds in repetition 440
tcp_ping received 1024 bytes back
Round trip time was 0.02434 milliseconds in repetition 441
tcp_ping received 1024 bytes back
Round trip time was 0.024278 milliseconds in repetition 442
tcp_ping received 1024 bytes back
Round trip time was 0.024132 milliseconds in repetition 443
tcp_ping received 1024 bytes back
Round trip time was 0.024146 milliseconds in repetition 444
tcp_ping received 1024 bytes back
Round trip time was 0.024053 milliseconds in repetition 445
tcp_ping received 1024 bytes back
Round trip time was 0.024018 milliseconds in repetition 446
tcp_ping received 1024 bytes back
Round trip time was 0.024024 milliseconds in repetition 447
tcp_ping received 1024 bytes back
Round trip time was 0.024182 milliseconds in repetition 448
tcp_ping received 1024 bytes back
Round trip time was 0.024005 milliseconds in repetition 449
tcp_ping received 1024 bytes back
Round trip time was 0.024105 milliseconds in repetition 450
tcp_ping received 1024 bytes back
Round trip time was 0.024028 milliseconds in repetition 451
tcp_ping received 1024 bytes back
Round trip time was 0.024085 milliseconds in repetition 452
tcp_ping received 1024 bytes back
Round trip time was 0.024086 milliseconds in repetition 453
tcp_ping received 1024 bytes back
Round trip time was 0.024239 milliseconds in repetition 454
tcp_ping received 1024 bytes back
Round trip time was 0.024089 milliseconds in repetition 455
tcp_ping received 1024 bytes back
Round trip time was 0.02411 milliseconds in repetition 456
tcp_ping received 1024 bytes back
Round trip time was 0.024062 milliseconds in repetition 457
tcp_ping received 1024 bytes back
Round trip time was 0.024124 milliseconds in repetition 458
tcp_ping received 1024 bytes back
Round trip time was 0.024191 milliseconds in repetition 459
tcp_ping received 1024 bytes back
Round trip time was 0.024174 milliseconds in repetition 460
tcp_ping received 1024 bytes back
Round trip time was 0.024139 milliseconds in repetition 461
tcp_ping received 1024 bytes back
Round trip time was 0.024172 milliseconds in repetition 462
tcp_ping received 1024 bytes back
Round trip time was 0.024116 milliseconds in repetition 463
tcp_ping received 1024 bytes back
Round trip time was 0.024166 milliseconds in repetition 464
tcp_ping received 1024 bytes back
Round trip time was 0.024143 milliseconds in repetition 465
tcp_ping received 1024 bytes back
Round trip time was 0.024186 milliseconds in repetition 466
tcp_ping received 1024 bytes back
Round trip time was 0.024197 milliseconds in repetition 467
tcp_ping received 1024 bytes back
Round trip time was 0.02402 milliseconds in repetition 468
tcp_ping received 1024 bytes back
Round trip time was 0.02415 milliseconds in repetition 469
tcp_ping received 1024 bytes back
Round trip time was 0.024102 milliseconds in repetition 470
tcp_ping received 1024 bytes back
Round trip time was 0.024171 milliseconds in repetition 471
tcp_ping received 1024 bytes back
Round trip time was 0.024089 milliseconds in repetition 472
tcp_ping received 1024 bytes back
Round trip time was 0.024823 milliseconds in repetition 473
tcp_ping received 1024 bytes back
Round trip time was 0.063513 milliseconds in repetition 474
tcp_ping received 1024 bytes back
Round trip time was 0.038569 milliseconds in repetition 475
tcp_ping received 1024 bytes back
Round trip time was 0.024768 milliseconds in repetition 476
tcp_ping received 1024 bytes back
Round trip time was 0.024435 milliseconds in repetition 477
tcp_ping received 1024 bytes back
Round trip time was 0.024247 milliseconds in repetition 478
tcp_ping received 1024 bytes back
Round trip time was 0.023916 milliseconds in repetition 479
tcp_ping received 1024 bytes back
Round trip time was 0.044737 milliseconds in repetition 480
tcp_ping received 1024 bytes back
Round trip time was 0.025773 milliseconds in repetition 481
tcp_ping received 1024 bytes back
Round trip time was 0.02442 milliseconds in repetition 482
tcp_ping received 1024 bytes back
Round trip time was 0.024325 milliseconds in repetition 483
tcp_ping received 1024 bytes back
Round trip time was 0.024147 milliseconds in repetition 484
tcp_ping received 1024 bytes back
Round trip time was 0.024153 milliseconds in repetition 485
tcp_ping received 1024 bytes back
Round trip time was 0.023995 milliseconds in repetition 486
tcp_ping received 1024 bytes back
Round trip time was 0.02415 milliseconds in repetition 487
tcp_ping received 1024 bytes back
Round trip time was 0.024085 milliseconds in repetition 488
tcp_ping received 1024 bytes back
Round trip time was 0.024016 milliseconds in repetition 489
tcp_ping received 1024 bytes back
Round trip time was 0.024158 milliseconds in repetition 490
tcp_ping received 1024 bytes back
Round trip time was 0.024219 milliseconds in repetition 491
tcp_ping received 1024 bytes back
Round trip time was 0.024058 milliseconds in repetition 492
tcp_ping received 1024 bytes back
Round trip time was 0.024166 milliseconds in repetition 493
tcp_ping received 1024 bytes back
Round trip time was 0.024116 milliseconds in repetition 494
tcp_ping received 1024 bytes back
Round trip time was 0.024243 milliseconds in repetition 495
tcp_ping received 1024 bytes back
Round trip time was 0.024145 milliseconds in repetition 496
tcp_ping received 1024 bytes back
Round trip time was 0.024085 milliseconds in repetition 497
tcp_ping received 1024 bytes back
Round trip time was 0.023996 milliseconds in repetition 498
tcp_ping received 1024 bytes back
Round trip time was 0.024131 milliseconds in repetition 499
tcp_ping received 1024 bytes back
Round trip time was 0.024063 milliseconds in repetition 500
tcp_ping received 1024 bytes back
Round trip time was 0.211191 milliseconds in repetition 501

 ... clock resolution was 1e-06
TCP Ping:  Statistics over 501 repetitions of 1024 byte messages

RTT : percentile 10: 0.020952, median: 0.022882, percentile 90: 0.03909, average: 0.0297857, variance: 0.00223156

RTT histogram:
0.0204225 462
0.0694522 28
0.118482 8
0.167511 1
0.216541 1
0.265571 0
0.3146 0
0.36363 0
0.41266 0
0.461689 0
0.510719 0
0.559749 0
0.608778 0
0.657808 0
0.706838 0
0.755867 0
0.804897 0
0.853927 0
0.902956 0
0.951986 0
1.00102 1

   median Throughput : 89502.7 KB/s   overall Throughput : 68757.8 KB/s

