TCP Ping trying to connect to server localhost (127.0.0.1) on port 1420
 ... connected to Pong server: asking for 501 repetitions of 32 bytes TCP messages
 ... Pong server agreed :-)
tcp_ping received 32 bytes back
Round trip time was 0.028068 milliseconds in repetition 1
tcp_ping received 32 bytes back
Round trip time was 0.016527 milliseconds in repetition 2
tcp_ping received 32 bytes back
Round trip time was 0.013838 milliseconds in repetition 3
tcp_ping received 32 bytes back
Round trip time was 0.013382 milliseconds in repetition 4
tcp_ping received 32 bytes back
Round trip time was 0.013389 milliseconds in repetition 5
tcp_ping received 32 bytes back
Round trip time was 0.013287 milliseconds in repetition 6
tcp_ping received 32 bytes back
Round trip time was 0.013119 milliseconds in repetition 7
tcp_ping received 32 bytes back
Round trip time was 0.013311 milliseconds in repetition 8
tcp_ping received 32 bytes back
Round trip time was 0.0133 milliseconds in repetition 9
tcp_ping received 32 bytes back
Round trip time was 0.013224 milliseconds in repetition 10
tcp_ping received 32 bytes back
Round trip time was 0.013343 milliseconds in repetition 11
tcp_ping received 32 bytes back
Round trip time was 0.013264 milliseconds in repetition 12
tcp_ping received 32 bytes back
Round trip time was 0.013232 milliseconds in repetition 13
tcp_ping received 32 bytes back
Round trip time was 0.013239 milliseconds in repetition 14
tcp_ping received 32 bytes back
Round trip time was 0.013231 milliseconds in repetition 15
tcp_ping received 32 bytes back
Round trip time was 0.013245 milliseconds in repetition 16
tcp_ping received 32 bytes back
Round trip time was 0.013201 milliseconds in repetition 17
tcp_ping received 32 bytes back
Round trip time was 0.013203 milliseconds in repetition 18
tcp_ping received 32 bytes back
Round trip time was 0.013149 milliseconds in repetition 19
tcp_ping received 32 bytes back
Round trip time was 0.013169 milliseconds in repetition 20
tcp_ping received 32 bytes back
Round trip time was 0.013112 milliseconds in repetition 21
tcp_ping received 32 bytes back
Round trip time was 0.013211 milliseconds in repetition 22
tcp_ping received 32 bytes back
Round trip time was 0.013096 milliseconds in repetition 23
tcp_ping received 32 bytes back
Round trip time was 0.013247 milliseconds in repetition 24
tcp_ping received 32 bytes back
Round trip time was 0.013152 milliseconds in repetition 25
tcp_ping received 32 bytes back
Round trip time was 0.013261 milliseconds in repetition 26
tcp_ping received 32 bytes back
Round trip time was 0.013255 milliseconds in repetition 27
tcp_ping received 32 bytes back
Round trip time was 0.013144 milliseconds in repetition 28
tcp_ping received 32 bytes back
Round trip time was 0.013207 milliseconds in repetition 29
tcp_ping received 32 bytes back
Round trip time was 0.013478 milliseconds in repetition 30
tcp_ping received 32 bytes back
Round trip time was 0.013331 milliseconds in repetition 31
tcp_ping received 32 bytes back
Round trip time was 0.014014 milliseconds in repetition 32
tcp_ping received 32 bytes back
Round trip time was 0.013285 milliseconds in repetition 33
tcp_ping received 32 bytes back
Round trip time was 0.013236 milliseconds in repetition 34
tcp_ping received 32 bytes back
Round trip time was 0.013155 milliseconds in repetition 35
tcp_ping received 32 bytes back
Round trip time was 0.013136 milliseconds in repetition 36
tcp_ping received 32 bytes back
Round trip time was 0.013119 milliseconds in repetition 37
tcp_ping received 32 bytes back
Round trip time was 0.013118 milliseconds in repetition 38
tcp_ping received 32 bytes back
Round trip time was 0.013157 milliseconds in repetition 39
tcp_ping received 32 bytes back
Round trip time was 0.013127 milliseconds in repetition 40
tcp_ping received 32 bytes back
Round trip time was 0.01314 milliseconds in repetition 41
tcp_ping received 32 bytes back
Round trip time was 0.013033 milliseconds in repetition 42
tcp_ping received 32 bytes back
Round trip time was 0.013094 milliseconds in repetition 43
tcp_ping received 32 bytes back
Round trip time was 0.013032 milliseconds in repetition 44
tcp_ping received 32 bytes back
Round trip time was 0.030653 milliseconds in repetition 45
tcp_ping received 32 bytes back
Round trip time was 0.014724 milliseconds in repetition 46
tcp_ping received 32 bytes back
Round trip time was 0.01371 milliseconds in repetition 47
tcp_ping received 32 bytes back
Round trip time was 0.013696 milliseconds in repetition 48
tcp_ping received 32 bytes back
Round trip time was 0.013674 milliseconds in repetition 49
tcp_ping received 32 bytes back
Round trip time was 0.013637 milliseconds in repetition 50
tcp_ping received 32 bytes back
Round trip time was 0.013553 milliseconds in repetition 51
tcp_ping received 32 bytes back
Round trip time was 0.013524 milliseconds in repetition 52
tcp_ping received 32 bytes back
Round trip time was 0.013524 milliseconds in repetition 53
tcp_ping received 32 bytes back
Round trip time was 0.013589 milliseconds in repetition 54
tcp_ping received 32 bytes back
Round trip time was 0.013486 milliseconds in repetition 55
tcp_ping received 32 bytes back
Round trip time was 0.013584 milliseconds in repetition 56
tcp_ping received 32 bytes back
Round trip time was 0.013476 milliseconds in repetition 57
tcp_ping received 32 bytes back
Round trip time was 0.013654 milliseconds in repetition 58
tcp_ping received 32 bytes back
Round trip time was 0.031866 milliseconds in repetition 59
tcp_ping received 32 bytes back
Round trip time was 0.013113 milliseconds in repetition 60
tcp_ping received 32 bytes back
Round trip time was 0.012299 milliseconds in repetition 61
tcp_ping received 32 bytes back
Round trip time was 0.012053 milliseconds in repetition 62
tcp_ping received 32 bytes back
Round trip time was 0.012093 milliseconds in repetition 63
tcp_ping received 32 bytes back
Round trip time was 0.012243 milliseconds in repetition 64
tcp_ping received 32 bytes back
Round trip time was 0.012039 milliseconds in repetition 65
tcp_ping received 32 bytes back
Round trip time was 0.012021 milliseconds in repetition 66
tcp_ping received 32 bytes back
Round trip time was 0.012067 milliseconds in repetition 67
tcp_ping received 32 bytes back
Round trip time was 0.012041 milliseconds in repetition 68
tcp_ping received 32 bytes back
Round trip time was 0.012032 milliseconds in repetition 69
tcp_ping received 32 bytes back
Round trip time was 0.01203 milliseconds in repetition 70
tcp_ping received 32 bytes back
Round trip time was 0.012036 milliseconds in repetition 71
tcp_ping received 32 bytes back
Round trip time was 0.01206 milliseconds in repetition 72
tcp_ping received 32 bytes back
Round trip time was 0.012095 milliseconds in repetition 73
tcp_ping received 32 bytes back
Round trip time was 0.012078 milliseconds in repetition 74
tcp_ping received 32 bytes back
Round trip time was 0.012033 milliseconds in repetition 75
tcp_ping received 32 bytes back
Round trip time was 0.012099 milliseconds in repetition 76
tcp_ping received 32 bytes back
Round trip time was 0.012053 milliseconds in repetition 77
tcp_ping received 32 bytes back
Round trip time was 0.012105 milliseconds in repetition 78
tcp_ping received 32 bytes back
Round trip time was 0.012055 milliseconds in repetition 79
tcp_ping received 32 bytes back
Round trip time was 0.012144 milliseconds in repetition 80
tcp_ping received 32 bytes back
Round trip time was 0.012121 milliseconds in repetition 81
tcp_ping received 32 bytes back
Round trip time was 0.012142 milliseconds in repetition 82
tcp_ping received 32 bytes back
Round trip time was 0.012059 milliseconds in repetition 83
tcp_ping received 32 bytes back
Round trip time was 0.012127 milliseconds in repetition 84
tcp_ping received 32 bytes back
Round trip time was 0.012171 milliseconds in repetition 85
tcp_ping received 32 bytes back
Round trip time was 0.012018 milliseconds in repetition 86
tcp_ping received 32 bytes back
Round trip time was 0.012808 milliseconds in repetition 87
tcp_ping received 32 bytes back
Round trip time was 0.012024 milliseconds in repetition 88
tcp_ping received 32 bytes back
Round trip time was 0.012047 milliseconds in repetition 89
tcp_ping received 32 bytes back
Round trip time was 0.026028 milliseconds in repetition 90
tcp_ping received 32 bytes back
Round trip time was 0.012649 milliseconds in repetition 91
tcp_ping received 32 bytes back
Round trip time was 0.011971 milliseconds in repetition 92
tcp_ping received 32 bytes back
Round trip time was 0.011775 milliseconds in repetition 93
tcp_ping received 32 bytes back
Round trip time was 0.011697 milliseconds in repetition 94
tcp_ping received 32 bytes back
Round trip time was 0.011834 milliseconds in repetition 95
tcp_ping received 32 bytes back
Round trip time was 0.011844 milliseconds in repetition 96
tcp_ping received 32 bytes back
Round trip time was 0.06938 milliseconds in repetition 97
tcp_ping received 32 bytes back
Round trip time was 0.018182 milliseconds in repetition 98
tcp_ping received 32 bytes back
Round trip time was 0.012493 milliseconds in repetition 99
tcp_ping received 32 bytes back
Round trip time was 0.012046 milliseconds in repetition 100
tcp_ping received 32 bytes back
Round trip time was 0.011876 milliseconds in repetition 101
tcp_ping received 32 bytes back
Round trip time was 0.011897 milliseconds in repetition 102
tcp_ping received 32 bytes back
Round trip time was 0.011939 milliseconds in repetition 103
tcp_ping received 32 bytes back
Round trip time was 0.011825 milliseconds in repetition 104
tcp_ping received 32 bytes back
Round trip time was 0.011966 milliseconds in repetition 105
tcp_ping received 32 bytes back
Round trip time was 0.011819 milliseconds in repetition 106
tcp_ping received 32 bytes back
Round trip time was 0.011861 milliseconds in repetition 107
tcp_ping received 32 bytes back
Round trip time was 0.011869 milliseconds in repetition 108
tcp_ping received 32 bytes back
Round trip time was 0.011862 milliseconds in repetition 109
tcp_ping received 32 bytes back
Round trip time was 0.01182 milliseconds in repetition 110
tcp_ping received 32 bytes back
Round trip time was 0.011875 milliseconds in repetition 111
tcp_ping received 32 bytes back
Round trip time was 0.011769 milliseconds in repetition 112
tcp_ping received 32 bytes back
Round trip time was 0.011862 milliseconds in repetition 113
tcp_ping received 32 bytes back
Round trip time was 0.011797 milliseconds in repetition 114
tcp_ping received 32 bytes back
Round trip time was 0.011825 milliseconds in repetition 115
tcp_ping received 32 bytes back
Round trip time was 0.01176 milliseconds in repetition 116
tcp_ping received 32 bytes back
Round trip time was 0.011786 milliseconds in repetition 117
tcp_ping received 32 bytes back
Round trip time was 0.0118 milliseconds in repetition 118
tcp_ping received 32 bytes back
Round trip time was 0.01185 milliseconds in repetition 119
tcp_ping received 32 bytes back
Round trip time was 0.011825 milliseconds in repetition 120
tcp_ping received 32 bytes back
Round trip time was 0.011949 milliseconds in repetition 121
tcp_ping received 32 bytes back
Round trip time was 0.011899 milliseconds in repetition 122
tcp_ping received 32 bytes back
Round trip time was 0.011796 milliseconds in repetition 123
tcp_ping received 32 bytes back
Round trip time was 0.011892 milliseconds in repetition 124
tcp_ping received 32 bytes back
Round trip time was 0.011789 milliseconds in repetition 125
tcp_ping received 32 bytes back
Round trip time was 0.011777 milliseconds in repetition 126
tcp_ping received 32 bytes back
Round trip time was 0.011889 milliseconds in repetition 127
tcp_ping received 32 bytes back
Round trip time was 0.011807 milliseconds in repetition 128
tcp_ping received 32 bytes back
Round trip time was 0.011906 milliseconds in repetition 129
tcp_ping received 32 bytes back
Round trip time was 0.011818 milliseconds in repetition 130
tcp_ping received 32 bytes back
Round trip time was 0.011967 milliseconds in repetition 131
tcp_ping received 32 bytes back
Round trip time was 0.011801 milliseconds in repetition 132
tcp_ping received 32 bytes back
Round trip time was 0.011868 milliseconds in repetition 133
tcp_ping received 32 bytes back
Round trip time was 0.025854 milliseconds in repetition 134
tcp_ping received 32 bytes back
Round trip time was 0.012913 milliseconds in repetition 135
tcp_ping received 32 bytes back
Round trip time was 0.012449 milliseconds in repetition 136
tcp_ping received 32 bytes back
Round trip time was 0.01198 milliseconds in repetition 137
tcp_ping received 32 bytes back
Round trip time was 0.011993 milliseconds in repetition 138
tcp_ping received 32 bytes back
Round trip time was 0.012022 milliseconds in repetition 139
tcp_ping received 32 bytes back
Round trip time was 0.012659 milliseconds in repetition 140
tcp_ping received 32 bytes back
Round trip time was 0.012033 milliseconds in repetition 141
tcp_ping received 32 bytes back
Round trip time was 0.011896 milliseconds in repetition 142
tcp_ping received 32 bytes back
Round trip time was 0.011938 milliseconds in repetition 143
tcp_ping received 32 bytes back
Round trip time was 0.011793 milliseconds in repetition 144
tcp_ping received 32 bytes back
Round trip time was 0.011844 milliseconds in repetition 145
tcp_ping received 32 bytes back
Round trip time was 0.011868 milliseconds in repetition 146
tcp_ping received 32 bytes back
Round trip time was 0.011932 milliseconds in repetition 147
tcp_ping received 32 bytes back
Round trip time was 0.011959 milliseconds in repetition 148
tcp_ping received 32 bytes back
Round trip time was 0.011902 milliseconds in repetition 149
tcp_ping received 32 bytes back
Round trip time was 0.011895 milliseconds in repetition 150
tcp_ping received 32 bytes back
Round trip time was 0.011923 milliseconds in repetition 151
tcp_ping received 32 bytes back
Round trip time was 0.011914 milliseconds in repetition 152
tcp_ping received 32 bytes back
Round trip time was 0.011876 milliseconds in repetition 153
tcp_ping received 32 bytes back
Round trip time was 0.011837 milliseconds in repetition 154
tcp_ping received 32 bytes back
Round trip time was 0.011981 milliseconds in repetition 155
tcp_ping received 32 bytes back
Round trip time was 0.011874 milliseconds in repetition 156
tcp_ping received 32 bytes back
Round trip time was 0.011868 milliseconds in repetition 157
tcp_ping received 32 bytes back
Round trip time was 0.011784 milliseconds in repetition 158
tcp_ping received 32 bytes back
Round trip time was 0.012 milliseconds in repetition 159
tcp_ping received 32 bytes back
Round trip time was 0.011906 milliseconds in repetition 160
tcp_ping received 32 bytes back
Round trip time was 0.011922 milliseconds in repetition 161
tcp_ping received 32 bytes back
Round trip time was 0.011948 milliseconds in repetition 162
tcp_ping received 32 bytes back
Round trip time was 0.011873 milliseconds in repetition 163
tcp_ping received 32 bytes back
Round trip time was 0.011883 milliseconds in repetition 164
tcp_ping received 32 bytes back
Round trip time was 0.011954 milliseconds in repetition 165
tcp_ping received 32 bytes back
Round trip time was 0.011928 milliseconds in repetition 166
tcp_ping received 32 bytes back
Round trip time was 0.011944 milliseconds in repetition 167
tcp_ping received 32 bytes back
Round trip time was 0.01179 milliseconds in repetition 168
tcp_ping received 32 bytes back
Round trip time was 0.011943 milliseconds in repetition 169
tcp_ping received 32 bytes back
Round trip time was 0.011939 milliseconds in repetition 170
tcp_ping received 32 bytes back
Round trip time was 0.011933 milliseconds in repetition 171
tcp_ping received 32 bytes back
Round trip time was 0.011973 milliseconds in repetition 172
tcp_ping received 32 bytes back
Round trip time was 0.011951 milliseconds in repetition 173
tcp_ping received 32 bytes back
Round trip time was 0.011939 milliseconds in repetition 174
tcp_ping received 32 bytes back
Round trip time was 0.025143 milliseconds in repetition 175
tcp_ping received 32 bytes back
Round trip time was 0.01159 milliseconds in repetition 176
tcp_ping received 32 bytes back
Round trip time was 0.011624 milliseconds in repetition 177
tcp_ping received 32 bytes back
Round trip time was 0.011618 milliseconds in repetition 178
tcp_ping received 32 bytes back
Round trip time was 0.041197 milliseconds in repetition 179
tcp_ping received 32 bytes back
Round trip time was 0.012595 milliseconds in repetition 180
tcp_ping received 32 bytes back
Round trip time was 0.037176 milliseconds in repetition 181
tcp_ping received 32 bytes back
Round trip time was 0.01399 milliseconds in repetition 182
tcp_ping received 32 bytes back
Round trip time was 0.032454 milliseconds in repetition 183
tcp_ping received 32 bytes back
Round trip time was 0.016321 milliseconds in repetition 184
tcp_ping received 32 bytes back
Round trip time was 0.011934 milliseconds in repetition 185
tcp_ping received 32 bytes back
Round trip time was 0.011863 milliseconds in repetition 186
tcp_ping received 32 bytes back
Round trip time was 0.011659 milliseconds in repetition 187
tcp_ping received 32 bytes back
Round trip time was 0.011589 milliseconds in repetition 188
tcp_ping received 32 bytes back
Round trip time was 0.01149 milliseconds in repetition 189
tcp_ping received 32 bytes back
Round trip time was 0.011553 milliseconds in repetition 190
tcp_ping received 32 bytes back
Round trip time was 0.011601 milliseconds in repetition 191
tcp_ping received 32 bytes back
Round trip time was 0.011641 milliseconds in repetition 192
tcp_ping received 32 bytes back
Round trip time was 0.011448 milliseconds in repetition 193
tcp_ping received 32 bytes back
Round trip time was 0.011723 milliseconds in repetition 194
tcp_ping received 32 bytes back
Round trip time was 0.011585 milliseconds in repetition 195
tcp_ping received 32 bytes back
Round trip time was 0.011567 milliseconds in repetition 196
tcp_ping received 32 bytes back
Round trip time was 0.011466 milliseconds in repetition 197
tcp_ping received 32 bytes back
Round trip time was 0.011539 milliseconds in repetition 198
tcp_ping received 32 bytes back
Round trip time was 0.011731 milliseconds in repetition 199
tcp_ping received 32 bytes back
Round trip time was 0.012143 milliseconds in repetition 200
tcp_ping received 32 bytes back
Round trip time was 0.01162 milliseconds in repetition 201
tcp_ping received 32 bytes back
Round trip time was 0.011607 milliseconds in repetition 202
tcp_ping received 32 bytes back
Round trip time was 0.011522 milliseconds in repetition 203
tcp_ping received 32 bytes back
Round trip time was 0.011601 milliseconds in repetition 204
tcp_ping received 32 bytes back
Round trip time was 0.011555 milliseconds in repetition 205
tcp_ping received 32 bytes back
Round trip time was 0.011668 milliseconds in repetition 206
tcp_ping received 32 bytes back
Round trip time was 0.011679 milliseconds in repetition 207
tcp_ping received 32 bytes back
Round trip time was 0.011951 milliseconds in repetition 208
tcp_ping received 32 bytes back
Round trip time was 0.01153 milliseconds in repetition 209
tcp_ping received 32 bytes back
Round trip time was 0.011612 milliseconds in repetition 210
tcp_ping received 32 bytes back
Round trip time was 0.011652 milliseconds in repetition 211
tcp_ping received 32 bytes back
Round trip time was 0.011763 milliseconds in repetition 212
tcp_ping received 32 bytes back
Round trip time was 0.011762 milliseconds in repetition 213
tcp_ping received 32 bytes back
Round trip time was 0.011655 milliseconds in repetition 214
tcp_ping received 32 bytes back
Round trip time was 0.011555 milliseconds in repetition 215
tcp_ping received 32 bytes back
Round trip time was 0.011612 milliseconds in repetition 216
tcp_ping received 32 bytes back
Round trip time was 0.011571 milliseconds in repetition 217
tcp_ping received 32 bytes back
Round trip time was 0.011937 milliseconds in repetition 218
tcp_ping received 32 bytes back
Round trip time was 0.013104 milliseconds in repetition 219
tcp_ping received 32 bytes back
Round trip time was 0.028043 milliseconds in repetition 220
tcp_ping received 32 bytes back
Round trip time was 0.011867 milliseconds in repetition 221
tcp_ping received 32 bytes back
Round trip time was 0.011478 milliseconds in repetition 222
tcp_ping received 32 bytes back
Round trip time was 0.01143 milliseconds in repetition 223
tcp_ping received 32 bytes back
Round trip time was 0.054425 milliseconds in repetition 224
tcp_ping received 32 bytes back
Round trip time was 0.012409 milliseconds in repetition 225
tcp_ping received 32 bytes back
Round trip time was 0.011732 milliseconds in repetition 226
tcp_ping received 32 bytes back
Round trip time was 0.011603 milliseconds in repetition 227
tcp_ping received 32 bytes back
Round trip time was 0.032048 milliseconds in repetition 228
tcp_ping received 32 bytes back
Round trip time was 0.011914 milliseconds in repetition 229
tcp_ping received 32 bytes back
Round trip time was 0.028953 milliseconds in repetition 230
tcp_ping received 32 bytes back
Round trip time was 0.011609 milliseconds in repetition 231
tcp_ping received 32 bytes back
Round trip time was 0.01166 milliseconds in repetition 232
tcp_ping received 32 bytes back
Round trip time was 0.011533 milliseconds in repetition 233
tcp_ping received 32 bytes back
Round trip time was 0.011576 milliseconds in repetition 234
tcp_ping received 32 bytes back
Round trip time was 0.011579 milliseconds in repetition 235
tcp_ping received 32 bytes back
Round trip time was 0.011673 milliseconds in repetition 236
tcp_ping received 32 bytes back
Round trip time was 0.011531 milliseconds in repetition 237
tcp_ping received 32 bytes back
Round trip time was 0.011591 milliseconds in repetition 238
tcp_ping received 32 bytes back
Round trip time was 0.011569 milliseconds in repetition 239
tcp_ping received 32 bytes back
Round trip time was 0.011608 milliseconds in repetition 240
tcp_ping received 32 bytes back
Round trip time was 0.011645 milliseconds in repetition 241
tcp_ping received 32 bytes back
Round trip time was 0.03896 milliseconds in repetition 242
tcp_ping received 32 bytes back
Round trip time was 0.012897 milliseconds in repetition 243
tcp_ping received 32 bytes back
Round trip time was 0.011857 milliseconds in repetition 244
tcp_ping received 32 bytes back
Round trip time was 0.011577 milliseconds in repetition 245
tcp_ping received 32 bytes back
Round trip time was 0.011593 milliseconds in repetition 246
tcp_ping received 32 bytes back
Round trip time was 0.011584 milliseconds in repetition 247
tcp_ping received 32 bytes back
Round trip time was 0.011619 milliseconds in repetition 248
tcp_ping received 32 bytes back
Round trip time was 0.036071 milliseconds in repetition 249
tcp_ping received 32 bytes back
Round trip time was 0.012743 milliseconds in repetition 250
tcp_ping received 32 bytes back
Round trip time was 0.011826 milliseconds in repetition 251
tcp_ping received 32 bytes back
Round trip time was 0.032295 milliseconds in repetition 252
tcp_ping received 32 bytes back
Round trip time was 0.030757 milliseconds in repetition 253
tcp_ping received 32 bytes back
Round trip time was 0.017801 milliseconds in repetition 254
tcp_ping received 32 bytes back
Round trip time was 0.016742 milliseconds in repetition 255
tcp_ping received 32 bytes back
Round trip time was 0.017809 milliseconds in repetition 256
tcp_ping received 32 bytes back
Round trip time was 0.016599 milliseconds in repetition 257
tcp_ping received 32 bytes back
Round trip time was 0.019807 milliseconds in repetition 258
tcp_ping received 32 bytes back
Round trip time was 0.017881 milliseconds in repetition 259
tcp_ping received 32 bytes back
Round trip time was 0.021318 milliseconds in repetition 260
tcp_ping received 32 bytes back
Round trip time was 0.020322 milliseconds in repetition 261
tcp_ping received 32 bytes back
Round trip time was 0.017761 milliseconds in repetition 262
tcp_ping received 32 bytes back
Round trip time was 0.01923 milliseconds in repetition 263
tcp_ping received 32 bytes back
Round trip time was 0.016422 milliseconds in repetition 264
tcp_ping received 32 bytes back
Round trip time was 0.016981 milliseconds in repetition 265
tcp_ping received 32 bytes back
Round trip time was 0.019117 milliseconds in repetition 266
tcp_ping received 32 bytes back
Round trip time was 0.017666 milliseconds in repetition 267
tcp_ping received 32 bytes back
Round trip time was 0.116086 milliseconds in repetition 268
tcp_ping received 32 bytes back
Round trip time was 0.025527 milliseconds in repetition 269
tcp_ping received 32 bytes back
Round trip time was 0.01582 milliseconds in repetition 270
tcp_ping received 32 bytes back
Round trip time was 0.017731 milliseconds in repetition 271
tcp_ping received 32 bytes back
Round trip time was 0.018501 milliseconds in repetition 272
tcp_ping received 32 bytes back
Round trip time was 0.017202 milliseconds in repetition 273
tcp_ping received 32 bytes back
Round trip time was 0.018655 milliseconds in repetition 274
tcp_ping received 32 bytes back
Round trip time was 0.016068 milliseconds in repetition 275
tcp_ping received 32 bytes back
Round trip time was 0.019297 milliseconds in repetition 276
tcp_ping received 32 bytes back
Round trip time was 0.041109 milliseconds in repetition 277
tcp_ping received 32 bytes back
Round trip time was 0.077034 milliseconds in repetition 278
tcp_ping received 32 bytes back
Round trip time was 0.121269 milliseconds in repetition 279
tcp_ping received 32 bytes back
Round trip time was 0.078164 milliseconds in repetition 280
tcp_ping received 32 bytes back
Round trip time was 0.027431 milliseconds in repetition 281
tcp_ping received 32 bytes back
Round trip time was 0.022982 milliseconds in repetition 282
tcp_ping received 32 bytes back
Round trip time was 0.068643 milliseconds in repetition 283
tcp_ping received 32 bytes back
Round trip time was 0.049165 milliseconds in repetition 284
tcp_ping received 32 bytes back
Round trip time was 0.076291 milliseconds in repetition 285
tcp_ping received 32 bytes back
Round trip time was 0.022151 milliseconds in repetition 286
tcp_ping received 32 bytes back
Round trip time was 0.026628 milliseconds in repetition 287
tcp_ping received 32 bytes back
Round trip time was 0.145987 milliseconds in repetition 288
tcp_ping received 32 bytes back
Round trip time was 0.041738 milliseconds in repetition 289
tcp_ping received 32 bytes back
Round trip time was 0.140414 milliseconds in repetition 290
tcp_ping received 32 bytes back
Round trip time was 0.117998 milliseconds in repetition 291
tcp_ping received 32 bytes back
Round trip time was 0.108951 milliseconds in repetition 292
tcp_ping received 32 bytes back
Round trip time was 0.096446 milliseconds in repetition 293
tcp_ping received 32 bytes back
Round trip time was 0.090409 milliseconds in repetition 294
tcp_ping received 32 bytes back
Round trip time was 0.030549 milliseconds in repetition 295
tcp_ping received 32 bytes back
Round trip time was 0.025494 milliseconds in repetition 296
tcp_ping received 32 bytes back
Round trip time was 0.020143 milliseconds in repetition 297
tcp_ping received 32 bytes back
Round trip time was 0.024188 milliseconds in repetition 298
tcp_ping received 32 bytes back
Round trip time was 0.028308 milliseconds in repetition 299
tcp_ping received 32 bytes back
Round trip time was 0.038024 milliseconds in repetition 300
tcp_ping received 32 bytes back
Round trip time was 0.039964 milliseconds in repetition 301
tcp_ping received 32 bytes back
Round trip time was 0.032346 milliseconds in repetition 302
tcp_ping received 32 bytes back
Round trip time was 0.176645 milliseconds in repetition 303
tcp_ping received 32 bytes back
Round trip time was 0.028086 milliseconds in repetition 304
tcp_ping received 32 bytes back
Round trip time was 0.019836 milliseconds in repetition 305
tcp_ping received 32 bytes back
Round trip time was 0.015913 milliseconds in repetition 306
tcp_ping received 32 bytes back
Round trip time was 0.04642 milliseconds in repetition 307
tcp_ping received 32 bytes back
Round trip time was 0.017791 milliseconds in repetition 308
tcp_ping received 32 bytes back
Round trip time was 0.02024 milliseconds in repetition 309
tcp_ping received 32 bytes back
Round trip time was 0.193238 milliseconds in repetition 310
tcp_ping received 32 bytes back
Round trip time was 0.162844 milliseconds in repetition 311
tcp_ping received 32 bytes back
Round trip time was 0.102879 milliseconds in repetition 312
tcp_ping received 32 bytes back
Round trip time was 0.075169 milliseconds in repetition 313
tcp_ping received 32 bytes back
Round trip time was 0.063549 milliseconds in repetition 314
tcp_ping received 32 bytes back
Round trip time was 0.063925 milliseconds in repetition 315
tcp_ping received 32 bytes back
Round trip time was 0.101165 milliseconds in repetition 316
tcp_ping received 32 bytes back
Round trip time was 0.178254 milliseconds in repetition 317
tcp_ping received 32 bytes back
Round trip time was 0.023699 milliseconds in repetition 318
tcp_ping received 32 bytes back
Round trip time was 0.024218 milliseconds in repetition 319
tcp_ping received 32 bytes back
Round trip time was 0.037885 milliseconds in repetition 320
tcp_ping received 32 bytes back
Round trip time was 0.508827 milliseconds in repetition 321
tcp_ping received 32 bytes back
Round trip time was 0.01746 milliseconds in repetition 322
tcp_ping received 32 bytes back
Round trip time was 0.016249 milliseconds in repetition 323
tcp_ping received 32 bytes back
Round trip time was 0.057492 milliseconds in repetition 324
tcp_ping received 32 bytes back
Round trip time was 0.031731 milliseconds in repetition 325
tcp_ping received 32 bytes back
Round trip time was 0.013159 milliseconds in repetition 326
tcp_ping received 32 bytes back
Round trip time was 0.018046 milliseconds in repetition 327
tcp_ping received 32 bytes back
Round trip time was 0.042794 milliseconds in repetition 328
tcp_ping received 32 bytes back
Round trip time was 0.036271 milliseconds in repetition 329
tcp_ping received 32 bytes back
Round trip time was 0.025761 milliseconds in repetition 330
tcp_ping received 32 bytes back
Round trip time was 0.019697 milliseconds in repetition 331
tcp_ping received 32 bytes back
Round trip time was 0.018605 milliseconds in repetition 332
tcp_ping received 32 bytes back
Round trip time was 0.040751 milliseconds in repetition 333
tcp_ping received 32 bytes back
Round trip time was 0.05472 milliseconds in repetition 334
tcp_ping received 32 bytes back
Round trip time was 0.034253 milliseconds in repetition 335
tcp_ping received 32 bytes back
Round trip time was 0.012627 milliseconds in repetition 336
tcp_ping received 32 bytes back
Round trip time was 0.01204 milliseconds in repetition 337
tcp_ping received 32 bytes back
Round trip time was 0.011973 milliseconds in repetition 338
tcp_ping received 32 bytes back
Round trip time was 0.011941 milliseconds in repetition 339
tcp_ping received 32 bytes back
Round trip time was 0.012033 milliseconds in repetition 340
tcp_ping received 32 bytes back
Round trip time was 0.011874 milliseconds in repetition 341
tcp_ping received 32 bytes back
Round trip time was 0.043293 milliseconds in repetition 342
tcp_ping received 32 bytes back
Round trip time was 0.022717 milliseconds in repetition 343
tcp_ping received 32 bytes back
Round trip time was 0.022102 milliseconds in repetition 344
tcp_ping received 32 bytes back
Round trip time was 0.019401 milliseconds in repetition 345
tcp_ping received 32 bytes back
Round trip time was 0.021021 milliseconds in repetition 346
tcp_ping received 32 bytes back
Round trip time was 0.022435 milliseconds in repetition 347
tcp_ping received 32 bytes back
Round trip time was 0.023314 milliseconds in repetition 348
tcp_ping received 32 bytes back
Round trip time was 0.021996 milliseconds in repetition 349
tcp_ping received 32 bytes back
Round trip time was 0.023171 milliseconds in repetition 350
tcp_ping received 32 bytes back
Round trip time was 0.038501 milliseconds in repetition 351
tcp_ping received 32 bytes back
Round trip time was 0.019347 milliseconds in repetition 352
tcp_ping received 32 bytes back
Round trip time was 0.012536 milliseconds in repetition 353
tcp_ping received 32 bytes back
Round trip time was 0.012456 milliseconds in repetition 354
tcp_ping received 32 bytes back
Round trip time was 0.047844 milliseconds in repetition 355
tcp_ping received 32 bytes back
Round trip time was 0.019028 milliseconds in repetition 356
tcp_ping received 32 bytes back
Round trip time was 0.056193 milliseconds in repetition 357
tcp_ping received 32 bytes back
Round trip time was 0.061126 milliseconds in repetition 358
tcp_ping received 32 bytes back
Round trip time was 0.036558 milliseconds in repetition 359
tcp_ping received 32 bytes back
Round trip time was 0.031683 milliseconds in repetition 360
tcp_ping received 32 bytes back
Round trip time was 0.027354 milliseconds in repetition 361
tcp_ping received 32 bytes back
Round trip time was 0.117764 milliseconds in repetition 362
tcp_ping received 32 bytes back
Round trip time was 0.053883 milliseconds in repetition 363
tcp_ping received 32 bytes back
Round trip time was 0.042976 milliseconds in repetition 364
tcp_ping received 32 bytes back
Round trip time was 0.076828 milliseconds in repetition 365
tcp_ping received 32 bytes back
Round trip time was 0.077266 milliseconds in repetition 366
tcp_ping received 32 bytes back
Round trip time was 0.054666 milliseconds in repetition 367
tcp_ping received 32 bytes back
Round trip time was 0.27794 milliseconds in repetition 368
tcp_ping received 32 bytes back
Round trip time was 0.128564 milliseconds in repetition 369
tcp_ping received 32 bytes back
Round trip time was 0.025243 milliseconds in repetition 370
tcp_ping received 32 bytes back
Round trip time was 0.023788 milliseconds in repetition 371
tcp_ping received 32 bytes back
Round trip time was 0.023777 milliseconds in repetition 372
tcp_ping received 32 bytes back
Round trip time was 0.02255 milliseconds in repetition 373
tcp_ping received 32 bytes back
Round trip time was 0.146069 milliseconds in repetition 374
tcp_ping received 32 bytes back
Round trip time was 0.116549 milliseconds in repetition 375
tcp_ping received 32 bytes back
Round trip time was 0.099832 milliseconds in repetition 376
tcp_ping received 32 bytes back
Round trip time was 0.02795 milliseconds in repetition 377
tcp_ping received 32 bytes back
Round trip time was 0.019163 milliseconds in repetition 378
tcp_ping received 32 bytes back
Round trip time was 0.018834 milliseconds in repetition 379
tcp_ping received 32 bytes back
Round trip time was 0.019071 milliseconds in repetition 380
tcp_ping received 32 bytes back
Round trip time was 0.019627 milliseconds in repetition 381
tcp_ping received 32 bytes back
Round trip time was 0.018911 milliseconds in repetition 382
tcp_ping received 32 bytes back
Round trip time was 0.022097 milliseconds in repetition 383
tcp_ping received 32 bytes back
Round trip time was 0.023713 milliseconds in repetition 384
tcp_ping received 32 bytes back
Round trip time was 0.023697 milliseconds in repetition 385
tcp_ping received 32 bytes back
Round trip time was 0.023604 milliseconds in repetition 386
tcp_ping received 32 bytes back
Round trip time was 0.08949 milliseconds in repetition 387
tcp_ping received 32 bytes back
Round trip time was 0.030198 milliseconds in repetition 388
tcp_ping received 32 bytes back
Round trip time was 0.013226 milliseconds in repetition 389
tcp_ping received 32 bytes back
Round trip time was 0.012122 milliseconds in repetition 390
tcp_ping received 32 bytes back
Round trip time was 0.011921 milliseconds in repetition 391
tcp_ping received 32 bytes back
Round trip time was 0.011865 milliseconds in repetition 392
tcp_ping received 32 bytes back
Round trip time was 0.012456 milliseconds in repetition 393
tcp_ping received 32 bytes back
Round trip time was 0.095999 milliseconds in repetition 394
tcp_ping received 32 bytes back
Round trip time was 0.014028 milliseconds in repetition 395
tcp_ping received 32 bytes back
Round trip time was 0.012301 milliseconds in repetition 396
tcp_ping received 32 bytes back
Round trip time was 0.012079 milliseconds in repetition 397
tcp_ping received 32 bytes back
Round trip time was 0.011896 milliseconds in repetition 398
tcp_ping received 32 bytes back
Round trip time was 0.011962 milliseconds in repetition 399
tcp_ping received 32 bytes back
Round trip time was 0.011979 milliseconds in repetition 400
tcp_ping received 32 bytes back
Round trip time was 0.011961 milliseconds in repetition 401
tcp_ping received 32 bytes back
Round trip time was 0.085502 milliseconds in repetition 402
tcp_ping received 32 bytes back
Round trip time was 0.015563 milliseconds in repetition 403
tcp_ping received 32 bytes back
Round trip time was 0.012642 milliseconds in repetition 404
tcp_ping received 32 bytes back
Round trip time was 0.01212 milliseconds in repetition 405
tcp_ping received 32 bytes back
Round trip time was 0.012334 milliseconds in repetition 406
tcp_ping received 32 bytes back
Round trip time was 0.011894 milliseconds in repetition 407
tcp_ping received 32 bytes back
Round trip time was 0.012055 milliseconds in repetition 408
tcp_ping received 32 bytes back
Round trip time was 0.011967 milliseconds in repetition 409
tcp_ping received 32 bytes back
Round trip time was 0.012102 milliseconds in repetition 410
tcp_ping received 32 bytes back
Round trip time was 0.012064 milliseconds in repetition 411
tcp_ping received 32 bytes back
Round trip time was 0.011801 milliseconds in repetition 412
tcp_ping received 32 bytes back
Round trip time was 0.011701 milliseconds in repetition 413
tcp_ping received 32 bytes back
Round trip time was 0.011721 milliseconds in repetition 414
tcp_ping received 32 bytes back
Round trip time was 0.011764 milliseconds in repetition 415
tcp_ping received 32 bytes back
Round trip time was 0.012183 milliseconds in repetition 416
tcp_ping received 32 bytes back
Round trip time was 0.011734 milliseconds in repetition 417
tcp_ping received 32 bytes back
Round trip time was 0.012236 milliseconds in repetition 418
tcp_ping received 32 bytes back
Round trip time was 0.013417 milliseconds in repetition 419
tcp_ping received 32 bytes back
Round trip time was 0.012775 milliseconds in repetition 420
tcp_ping received 32 bytes back
Round trip time was 0.01182 milliseconds in repetition 421
tcp_ping received 32 bytes back
Round trip time was 0.011683 milliseconds in repetition 422
tcp_ping received 32 bytes back
Round trip time was 0.011794 milliseconds in repetition 423
tcp_ping received 32 bytes back
Round trip time was 0.011784 milliseconds in repetition 424
tcp_ping received 32 bytes back
Round trip time was 0.011817 milliseconds in repetition 425
tcp_ping received 32 bytes back
Round trip time was 0.011791 milliseconds in repetition 426
tcp_ping received 32 bytes back
Round trip time was 0.012902 milliseconds in repetition 427
tcp_ping received 32 bytes back
Round trip time was 0.014719 milliseconds in repetition 428
tcp_ping received 32 bytes back
Round trip time was 0.014079 milliseconds in repetition 429
tcp_ping received 32 bytes back
Round trip time was 0.014215 milliseconds in repetition 430
tcp_ping received 32 bytes back
Round trip time was 0.013497 milliseconds in repetition 431
tcp_ping received 32 bytes back
Round trip time was 0.013775 milliseconds in repetition 432
tcp_ping received 32 bytes back
Round trip time was 0.013065 milliseconds in repetition 433
tcp_ping received 32 bytes back
Round trip time was 0.013084 milliseconds in repetition 434
tcp_ping received 32 bytes back
Round trip time was 0.013369 milliseconds in repetition 435
tcp_ping received 32 bytes back
Round trip time was 0.013918 milliseconds in repetition 436
tcp_ping received 32 bytes back
Round trip time was 0.014033 milliseconds in repetition 437
tcp_ping received 32 bytes back
Round trip time was 0.013535 milliseconds in repetition 438
tcp_ping received 32 bytes back
Round trip time was 0.014655 milliseconds in repetition 439
tcp_ping received 32 bytes back
Round trip time was 0.016093 milliseconds in repetition 440
tcp_ping received 32 bytes back
Round trip time was 0.016123 milliseconds in repetition 441
tcp_ping received 32 bytes back
Round trip time was 0.014628 milliseconds in repetition 442
tcp_ping received 32 bytes back
Round trip time was 0.014875 milliseconds in repetition 443
tcp_ping received 32 bytes back
Round trip time was 0.014849 milliseconds in repetition 444
tcp_ping received 32 bytes back
Round trip time was 0.017193 milliseconds in repetition 445
tcp_ping received 32 bytes back
Round trip time was 0.08062 milliseconds in repetition 446
tcp_ping received 32 bytes back
Round trip time was 0.025178 milliseconds in repetition 447
tcp_ping received 32 bytes back
Round trip time was 0.021063 milliseconds in repetition 448
tcp_ping received 32 bytes back
Round trip time was 0.022836 milliseconds in repetition 449
tcp_ping received 32 bytes back
Round trip time was 0.019732 milliseconds in repetition 450
tcp_ping received 32 bytes back
Round trip time was 0.0316 milliseconds in repetition 451
tcp_ping received 32 bytes back
Round trip time was 0.125867 milliseconds in repetition 452
tcp_ping received 32 bytes back
Round trip time was 0.1723 milliseconds in repetition 453
tcp_ping received 32 bytes back
Round trip time was 0.046701 milliseconds in repetition 454
tcp_ping received 32 bytes back
Round trip time was 0.023817 milliseconds in repetition 455
tcp_ping received 32 bytes back
Round trip time was 0.023324 milliseconds in repetition 456
tcp_ping received 32 bytes back
Round trip time was 0.023964 milliseconds in repetition 457
tcp_ping received 32 bytes back
Round trip time was 0.01691 milliseconds in repetition 458
tcp_ping received 32 bytes back
Round trip time was 0.018221 milliseconds in repetition 459
tcp_ping received 32 bytes back
Round trip time was 0.014651 milliseconds in repetition 460
tcp_ping received 32 bytes back
Round trip time was 0.011943 milliseconds in repetition 461
tcp_ping received 32 bytes back
Round trip time was 0.023531 milliseconds in repetition 462
tcp_ping received 32 bytes back
Round trip time was 0.023252 milliseconds in repetition 463
tcp_ping received 32 bytes back
Round trip time was 0.013135 milliseconds in repetition 464
tcp_ping received 32 bytes back
Round trip time was 0.013986 milliseconds in repetition 465
tcp_ping received 32 bytes back
Round trip time was 0.014326 milliseconds in repetition 466
tcp_ping received 32 bytes back
Round trip time was 0.017071 milliseconds in repetition 467
tcp_ping received 32 bytes back
Round trip time was 0.018609 milliseconds in repetition 468
tcp_ping received 32 bytes back
Round trip time was 0.018913 milliseconds in repetition 469
tcp_ping received 32 bytes back
Round trip time was 0.017565 milliseconds in repetition 470
tcp_ping received 32 bytes back
Round trip time was 0.02117 milliseconds in repetition 471
tcp_ping received 32 bytes back
Round trip time was 0.022882 milliseconds in repetition 472
tcp_ping received 32 bytes back
Round trip time was 0.024033 milliseconds in repetition 473
tcp_ping received 32 bytes back
Round trip time was 0.043853 milliseconds in repetition 474
tcp_ping received 32 bytes back
Round trip time was 0.062558 milliseconds in repetition 475
tcp_ping received 32 bytes back
Round trip time was 0.080157 milliseconds in repetition 476
tcp_ping received 32 bytes back
Round trip time was 0.061373 milliseconds in repetition 477
tcp_ping received 32 bytes back
Round trip time was 0.055851 milliseconds in repetition 478
tcp_ping received 32 bytes back
Round trip time was 0.054864 milliseconds in repetition 479
tcp_ping received 32 bytes back
Round trip time was 0.07521 milliseconds in repetition 480
tcp_ping received 32 bytes back
Round trip time was 0.09588 milliseconds in repetition 481
tcp_ping received 32 bytes back
Round trip time was 0.078852 milliseconds in repetition 482
tcp_ping received 32 bytes back
Round trip time was 0.208349 milliseconds in repetition 483
tcp_ping received 32 bytes back
Round trip time was 0.053521 milliseconds in repetition 484
tcp_ping received 32 bytes back
Round trip time was 0.051964 milliseconds in repetition 485
tcp_ping received 32 bytes back
Round trip time was 0.41977 milliseconds in repetition 486
tcp_ping received 32 bytes back
Round trip time was 0.046212 milliseconds in repetition 487
tcp_ping received 32 bytes back
Round trip time was 0.019357 milliseconds in repetition 488
tcp_ping received 32 bytes back
Round trip time was 0.012161 milliseconds in repetition 489
tcp_ping received 32 bytes back
Round trip time was 0.012367 milliseconds in repetition 490
tcp_ping received 32 bytes back
Round trip time was 0.07607 milliseconds in repetition 491
tcp_ping received 32 bytes back
Round trip time was 0.027561 milliseconds in repetition 492
tcp_ping received 32 bytes back
Round trip time was 0.02282 milliseconds in repetition 493
tcp_ping received 32 bytes back
Round trip time was 0.019007 milliseconds in repetition 494
tcp_ping received 32 bytes back
Round trip time was 0.019842 milliseconds in repetition 495
tcp_ping received 32 bytes back
Round trip time was 0.018363 milliseconds in repetition 496
tcp_ping received 32 bytes back
Round trip time was 0.018237 milliseconds in repetition 497
tcp_ping received 32 bytes back
Round trip time was 0.016923 milliseconds in repetition 498
tcp_ping received 32 bytes back
Round trip time was 0.018357 milliseconds in repetition 499
tcp_ping received 32 bytes back
Round trip time was 0.016632 milliseconds in repetition 500
tcp_ping received 32 bytes back
Round trip time was 0.466774 milliseconds in repetition 501

 ... clock resolution was 1e-06
TCP Ping:  Statistics over 501 repetitions of 32 byte messages

RTT : percentile 10: 0.011723, median: 0.013239, percentile 90: 0.055851, average: 0.0282531, variance: 0.00211923

RTT histogram:
0.0114295 386
0.0362994 56
0.0611693 18
0.0860392 17
0.110909 9
0.135779 5
0.160649 2
0.185519 3
0.210389 1
0.235259 0
0.260128 0
0.284998 1
0.309868 0
0.334738 0
0.359608 0
0.384478 0
0.409348 1
0.434218 0
0.459088 1
0.483958 0
0.508827 1

   median Throughput : 4834.2 KB/s   overall Throughput : 2265.23 KB/s

