TCP Ping trying to connect to server localhost (127.0.0.1) on port 1421
 ... connected to Pong server: asking for 501 repetitions of 65536 bytes TCP messages
 ... Pong server agreed :-)
tcp_ping received 65536 bytes back
Round trip time was 0.680395 milliseconds in repetition 1
tcp_ping received 65536 bytes back
Round trip time was 0.970906 milliseconds in repetition 2
tcp_ping received 65536 bytes back
Round trip time was 0.756065 milliseconds in repetition 3
tcp_ping received 65536 bytes back
Round trip time was 0.7769 milliseconds in repetition 4
tcp_ping received 65536 bytes back
Round trip time was 0.713559 milliseconds in repetition 5
tcp_ping received 65536 bytes back
Round trip time was 0.752826 milliseconds in repetition 6
tcp_ping received 65536 bytes back
Round trip time was 0.915056 milliseconds in repetition 7
tcp_ping received 65536 bytes back
Round trip time was 0.83045 milliseconds in repetition 8
tcp_ping received 65536 bytes back
Round trip time was 3.93466 milliseconds in repetition 9
tcp_ping received 65536 bytes back
Round trip time was 0.928959 milliseconds in repetition 10
tcp_ping received 65536 bytes back
Round trip time was 0.91673 milliseconds in repetition 11
tcp_ping received 65536 bytes back
Round trip time was 0.652045 milliseconds in repetition 12
tcp_ping received 65536 bytes back
Round trip time was 1.03875 milliseconds in repetition 13
tcp_ping received 65536 bytes back
Round trip time was 0.833591 milliseconds in repetition 14
tcp_ping received 65536 bytes back
Round trip time was 2.77304 milliseconds in repetition 15
tcp_ping received 65536 bytes back
Round trip time was 1.20729 milliseconds in repetition 16
tcp_ping received 65536 bytes back
Round trip time was 1.25505 milliseconds in repetition 17
tcp_ping received 65536 bytes back
Round trip time was 2.81605 milliseconds in repetition 18
tcp_ping received 65536 bytes back
Round trip time was 0.823442 milliseconds in repetition 19
tcp_ping received 65536 bytes back
Round trip time was 0.597816 milliseconds in repetition 20
tcp_ping received 65536 bytes back
Round trip time was 0.726068 milliseconds in repetition 21
tcp_ping received 65536 bytes back
Round trip time was 1.00803 milliseconds in repetition 22
tcp_ping received 65536 bytes back
Round trip time was 1.06314 milliseconds in repetition 23
tcp_ping received 65536 bytes back
Round trip time was 0.675995 milliseconds in repetition 24
tcp_ping received 65536 bytes back
Round trip time was 0.788997 milliseconds in repetition 25
tcp_ping received 65536 bytes back
Round trip time was 1.01223 milliseconds in repetition 26
tcp_ping received 65536 bytes back
Round trip time was 0.88444 milliseconds in repetition 27
tcp_ping received 65536 bytes back
Round trip time was 0.652288 milliseconds in repetition 28
tcp_ping received 65536 bytes back
Round trip time was 0.825135 milliseconds in repetition 29
tcp_ping received 65536 bytes back
Round trip time was 1.54745 milliseconds in repetition 30
tcp_ping received 65536 bytes back
Round trip time was 1.4025 milliseconds in repetition 31
tcp_ping received 65536 bytes back
Round trip time was 1.27638 milliseconds in repetition 32
tcp_ping received 65536 bytes back
Round trip time was 1.24628 milliseconds in repetition 33
tcp_ping received 65536 bytes back
Round trip time was 0.778582 milliseconds in repetition 34
tcp_ping received 65536 bytes back
Round trip time was 0.928256 milliseconds in repetition 35
tcp_ping received 65536 bytes back
Round trip time was 1.18121 milliseconds in repetition 36
tcp_ping received 65536 bytes back
Round trip time was 1.21575 milliseconds in repetition 37
tcp_ping received 65536 bytes back
Round trip time was 2.3686 milliseconds in repetition 38
tcp_ping received 65536 bytes back
Round trip time was 0.663499 milliseconds in repetition 39
tcp_ping received 65536 bytes back
Round trip time was 2.14789 milliseconds in repetition 40
tcp_ping received 65536 bytes back
Round trip time was 0.916099 milliseconds in repetition 41
tcp_ping received 65536 bytes back
Round trip time was 0.715268 milliseconds in repetition 42
tcp_ping received 65536 bytes back
Round trip time was 0.903104 milliseconds in repetition 43
tcp_ping received 65536 bytes back
Round trip time was 1.44409 milliseconds in repetition 44
tcp_ping received 65536 bytes back
Round trip time was 1.00779 milliseconds in repetition 45
tcp_ping received 65536 bytes back
Round trip time was 0.916427 milliseconds in repetition 46
tcp_ping received 65536 bytes back
Round trip time was 0.791379 milliseconds in repetition 47
tcp_ping received 65536 bytes back
Round trip time was 0.637129 milliseconds in repetition 48
tcp_ping received 65536 bytes back
Round trip time was 0.617717 milliseconds in repetition 49
tcp_ping received 65536 bytes back
Round trip time was 0.63521 milliseconds in repetition 50
tcp_ping received 65536 bytes back
Round trip time was 0.743779 milliseconds in repetition 51
tcp_ping received 65536 bytes back
Round trip time was 0.635888 milliseconds in repetition 52
tcp_ping received 65536 bytes back
Round trip time was 0.62549 milliseconds in repetition 53
tcp_ping received 65536 bytes back
Round trip time was 0.935516 milliseconds in repetition 54
tcp_ping received 65536 bytes back
Round trip time was 0.921254 milliseconds in repetition 55
tcp_ping received 65536 bytes back
Round trip time was 0.789165 milliseconds in repetition 56
tcp_ping received 65536 bytes back
Round trip time was 0.623954 milliseconds in repetition 57
tcp_ping received 65536 bytes back
Round trip time was 0.711694 milliseconds in repetition 58
tcp_ping received 65536 bytes back
Round trip time was 0.659904 milliseconds in repetition 59
tcp_ping received 65536 bytes back
Round trip time was 0.618647 milliseconds in repetition 60
tcp_ping received 65536 bytes back
Round trip time was 0.642384 milliseconds in repetition 61
tcp_ping received 65536 bytes back
Round trip time was 0.654887 milliseconds in repetition 62
tcp_ping received 65536 bytes back
Round trip time was 0.615845 milliseconds in repetition 63
tcp_ping received 65536 bytes back
Round trip time was 0.611001 milliseconds in repetition 64
tcp_ping received 65536 bytes back
Round trip time was 0.935798 milliseconds in repetition 65
tcp_ping received 65536 bytes back
Round trip time was 0.873905 milliseconds in repetition 66
tcp_ping received 65536 bytes back
Round trip time was 0.654741 milliseconds in repetition 67
tcp_ping received 65536 bytes back
Round trip time was 0.697052 milliseconds in repetition 68
tcp_ping received 65536 bytes back
Round trip time was 0.613241 milliseconds in repetition 69
tcp_ping received 65536 bytes back
Round trip time was 0.610777 milliseconds in repetition 70
tcp_ping received 65536 bytes back
Round trip time was 0.610423 milliseconds in repetition 71
tcp_ping received 65536 bytes back
Round trip time was 0.609611 milliseconds in repetition 72
tcp_ping received 65536 bytes back
Round trip time was 0.609913 milliseconds in repetition 73
tcp_ping received 65536 bytes back
Round trip time was 0.698606 milliseconds in repetition 74
tcp_ping received 65536 bytes back
Round trip time was 0.625981 milliseconds in repetition 75
tcp_ping received 65536 bytes back
Round trip time was 0.598621 milliseconds in repetition 76
tcp_ping received 65536 bytes back
Round trip time was 1.23995 milliseconds in repetition 77
tcp_ping received 65536 bytes back
Round trip time was 1.20084 milliseconds in repetition 78
tcp_ping received 65536 bytes back
Round trip time was 0.673172 milliseconds in repetition 79
tcp_ping received 65536 bytes back
Round trip time was 0.600257 milliseconds in repetition 80
tcp_ping received 65536 bytes back
Round trip time was 0.76942 milliseconds in repetition 81
tcp_ping received 65536 bytes back
Round trip time was 0.619734 milliseconds in repetition 82
tcp_ping received 65536 bytes back
Round trip time was 0.596307 milliseconds in repetition 83
tcp_ping received 65536 bytes back
Round trip time was 0.595903 milliseconds in repetition 84
tcp_ping received 65536 bytes back
Round trip time was 0.634523 milliseconds in repetition 85
tcp_ping received 65536 bytes back
Round trip time was 0.676129 milliseconds in repetition 86
tcp_ping received 65536 bytes back
Round trip time was 1.18993 milliseconds in repetition 87
tcp_ping received 65536 bytes back
Round trip time was 0.779595 milliseconds in repetition 88
tcp_ping received 65536 bytes back
Round trip time was 0.769476 milliseconds in repetition 89
tcp_ping received 65536 bytes back
Round trip time was 0.766101 milliseconds in repetition 90
tcp_ping received 65536 bytes back
Round trip time was 0.848071 milliseconds in repetition 91
tcp_ping received 65536 bytes back
Round trip time was 0.83975 milliseconds in repetition 92
tcp_ping received 65536 bytes back
Round trip time was 0.824695 milliseconds in repetition 93
tcp_ping received 65536 bytes back
Round trip time was 0.91554 milliseconds in repetition 94
tcp_ping received 65536 bytes back
Round trip time was 0.737501 milliseconds in repetition 95
tcp_ping received 65536 bytes back
Round trip time was 0.864716 milliseconds in repetition 96
tcp_ping received 65536 bytes back
Round trip time was 0.738416 milliseconds in repetition 97
tcp_ping received 65536 bytes back
Round trip time was 0.72556 milliseconds in repetition 98
tcp_ping received 65536 bytes back
Round trip time was 0.795831 milliseconds in repetition 99
tcp_ping received 65536 bytes back
Round trip time was 0.735981 milliseconds in repetition 100
tcp_ping received 65536 bytes back
Round trip time was 0.846313 milliseconds in repetition 101
tcp_ping received 65536 bytes back
Round trip time was 0.738037 milliseconds in repetition 102
tcp_ping received 65536 bytes back
Round trip time was 0.911902 milliseconds in repetition 103
tcp_ping received 65536 bytes back
Round trip time was 0.693814 milliseconds in repetition 104
tcp_ping received 65536 bytes back
Round trip time was 0.906525 milliseconds in repetition 105
tcp_ping received 65536 bytes back
Round trip time was 0.619193 milliseconds in repetition 106
tcp_ping received 65536 bytes back
Round trip time was 0.688901 milliseconds in repetition 107
tcp_ping received 65536 bytes back
Round trip time was 0.740483 milliseconds in repetition 108
tcp_ping received 65536 bytes back
Round trip time was 0.885781 milliseconds in repetition 109
tcp_ping received 65536 bytes back
Round trip time was 0.745873 milliseconds in repetition 110
tcp_ping received 65536 bytes back
Round trip time was 0.832964 milliseconds in repetition 111
tcp_ping received 65536 bytes back
Round trip time was 0.758218 milliseconds in repetition 112
tcp_ping received 65536 bytes back
Round trip time was 0.697164 milliseconds in repetition 113
tcp_ping received 65536 bytes back
Round trip time was 0.881653 milliseconds in repetition 114
tcp_ping received 65536 bytes back
Round trip time was 0.94869 milliseconds in repetition 115
tcp_ping received 65536 bytes back
Round trip time was 1.11303 milliseconds in repetition 116
tcp_ping received 65536 bytes back
Round trip time was 0.907697 milliseconds in repetition 117
tcp_ping received 65536 bytes back
Round trip time was 0.824615 milliseconds in repetition 118
tcp_ping received 65536 bytes back
Round trip time was 0.898902 milliseconds in repetition 119
tcp_ping received 65536 bytes back
Round trip time was 0.816111 milliseconds in repetition 120
tcp_ping received 65536 bytes back
Round trip time was 0.834468 milliseconds in repetition 121
tcp_ping received 65536 bytes back
Round trip time was 0.690496 milliseconds in repetition 122
tcp_ping received 65536 bytes back
Round trip time was 0.751042 milliseconds in repetition 123
tcp_ping received 65536 bytes back
Round trip time was 2.47706 milliseconds in repetition 124
tcp_ping received 65536 bytes back
Round trip time was 0.734062 milliseconds in repetition 125
tcp_ping received 65536 bytes back
Round trip time was 0.600513 milliseconds in repetition 126
tcp_ping received 65536 bytes back
Round trip time was 0.702522 milliseconds in repetition 127
tcp_ping received 65536 bytes back
Round trip time was 0.617224 milliseconds in repetition 128
tcp_ping received 65536 bytes back
Round trip time was 0.603508 milliseconds in repetition 129
tcp_ping received 65536 bytes back
Round trip time was 0.739439 milliseconds in repetition 130
tcp_ping received 65536 bytes back
Round trip time was 0.614157 milliseconds in repetition 131
tcp_ping received 65536 bytes back
Round trip time was 0.606123 milliseconds in repetition 132
tcp_ping received 65536 bytes back
Round trip time was 0.934231 milliseconds in repetition 133
tcp_ping received 65536 bytes back
Round trip time was 0.75976 milliseconds in repetition 134
tcp_ping received 65536 bytes back
Round trip time was 0.596713 milliseconds in repetition 135
tcp_ping received 65536 bytes back
Round trip time was 0.596696 milliseconds in repetition 136
tcp_ping received 65536 bytes back
Round trip time was 0.595636 milliseconds in repetition 137
tcp_ping received 65536 bytes back
Round trip time was 0.594769 milliseconds in repetition 138
tcp_ping received 65536 bytes back
Round trip time was 0.757616 milliseconds in repetition 139
tcp_ping received 65536 bytes back
Round trip time was 0.598178 milliseconds in repetition 140
tcp_ping received 65536 bytes back
Round trip time was 0.594486 milliseconds in repetition 141
tcp_ping received 65536 bytes back
Round trip time was 0.592908 milliseconds in repetition 142
tcp_ping received 65536 bytes back
Round trip time was 0.593584 milliseconds in repetition 143
tcp_ping received 65536 bytes back
Round trip time was 0.593332 milliseconds in repetition 144
tcp_ping received 65536 bytes back
Round trip time was 0.744194 milliseconds in repetition 145
tcp_ping received 65536 bytes back
Round trip time was 0.852824 milliseconds in repetition 146
tcp_ping received 65536 bytes back
Round trip time was 0.722206 milliseconds in repetition 147
tcp_ping received 65536 bytes back
Round trip time was 0.714563 milliseconds in repetition 148
tcp_ping received 65536 bytes back
Round trip time was 0.692252 milliseconds in repetition 149
tcp_ping received 65536 bytes back
Round trip time was 0.882093 milliseconds in repetition 150
tcp_ping received 65536 bytes back
Round trip time was 0.857378 milliseconds in repetition 151
tcp_ping received 65536 bytes back
Round trip time was 0.721816 milliseconds in repetition 152
tcp_ping received 65536 bytes back
Round trip time was 0.83726 milliseconds in repetition 153
tcp_ping received 65536 bytes back
Round trip time was 0.713641 milliseconds in repetition 154
tcp_ping received 65536 bytes back
Round trip time was 0.806289 milliseconds in repetition 155
tcp_ping received 65536 bytes back
Round trip time was 0.789045 milliseconds in repetition 156
tcp_ping received 65536 bytes back
Round trip time was 0.871769 milliseconds in repetition 157
tcp_ping received 65536 bytes back
Round trip time was 0.95078 milliseconds in repetition 158
tcp_ping received 65536 bytes back
Round trip time was 1.13722 milliseconds in repetition 159
tcp_ping received 65536 bytes back
Round trip time was 0.797781 milliseconds in repetition 160
tcp_ping received 65536 bytes back
Round trip time was 0.832642 milliseconds in repetition 161
tcp_ping received 65536 bytes back
Round trip time was 0.825051 milliseconds in repetition 162
tcp_ping received 65536 bytes back
Round trip time was 0.758383 milliseconds in repetition 163
tcp_ping received 65536 bytes back
Round trip time was 0.88666 milliseconds in repetition 164
tcp_ping received 65536 bytes back
Round trip time was 0.819586 milliseconds in repetition 165
tcp_ping received 65536 bytes back
Round trip time was 0.826239 milliseconds in repetition 166
tcp_ping received 65536 bytes back
Round trip time was 0.851845 milliseconds in repetition 167
tcp_ping received 65536 bytes back
Round trip time was 0.740555 milliseconds in repetition 168
tcp_ping received 65536 bytes back
Round trip time was 0.868327 milliseconds in repetition 169
tcp_ping received 65536 bytes back
Round trip time was 0.766702 milliseconds in repetition 170
tcp_ping received 65536 bytes back
Round trip time was 0.833482 milliseconds in repetition 171
tcp_ping received 65536 bytes back
Round trip time was 0.829535 milliseconds in repetition 172
tcp_ping received 65536 bytes back
Round trip time was 0.853421 milliseconds in repetition 173
tcp_ping received 65536 bytes back
Round trip time was 0.756998 milliseconds in repetition 174
tcp_ping received 65536 bytes back
Round trip time was 0.77198 milliseconds in repetition 175
tcp_ping received 65536 bytes back
Round trip time was 0.821378 milliseconds in repetition 176
tcp_ping received 65536 bytes back
Round trip time was 0.812222 milliseconds in repetition 177
tcp_ping received 65536 bytes back
Round trip time was 0.741156 milliseconds in repetition 178
tcp_ping received 65536 bytes back
Round trip time was 0.775681 milliseconds in repetition 179
tcp_ping received 65536 bytes back
Round trip time was 0.767286 milliseconds in repetition 180
tcp_ping received 65536 bytes back
Round trip time was 0.819736 milliseconds in repetition 181
tcp_ping received 65536 bytes back
Round trip time was 0.846572 milliseconds in repetition 182
tcp_ping received 65536 bytes back
Round trip time was 0.729731 milliseconds in repetition 183
tcp_ping received 65536 bytes back
Round trip time was 0.811017 milliseconds in repetition 184
tcp_ping received 65536 bytes back
Round trip time was 0.799557 milliseconds in repetition 185
tcp_ping received 65536 bytes back
Round trip time was 1.01501 milliseconds in repetition 186
tcp_ping received 65536 bytes back
Round trip time was 0.72734 milliseconds in repetition 187
tcp_ping received 65536 bytes back
Round trip time was 0.867785 milliseconds in repetition 188
tcp_ping received 65536 bytes back
Round trip time was 0.780735 milliseconds in repetition 189
tcp_ping received 65536 bytes back
Round trip time was 0.77267 milliseconds in repetition 190
tcp_ping received 65536 bytes back
Round trip time was 0.807984 milliseconds in repetition 191
tcp_ping received 65536 bytes back
Round trip time was 0.806925 milliseconds in repetition 192
tcp_ping received 65536 bytes back
Round trip time was 0.732492 milliseconds in repetition 193
tcp_ping received 65536 bytes back
Round trip time was 0.738926 milliseconds in repetition 194
tcp_ping received 65536 bytes back
Round trip time was 0.739687 milliseconds in repetition 195
tcp_ping received 65536 bytes back
Round trip time was 0.837053 milliseconds in repetition 196
tcp_ping received 65536 bytes back
Round trip time was 0.825524 milliseconds in repetition 197
tcp_ping received 65536 bytes back
Round trip time was 0.830946 milliseconds in repetition 198
tcp_ping received 65536 bytes back
Round trip time was 0.729234 milliseconds in repetition 199
tcp_ping received 65536 bytes back
Round trip time was 0.809773 milliseconds in repetition 200
tcp_ping received 65536 bytes back
Round trip time was 0.747787 milliseconds in repetition 201
tcp_ping received 65536 bytes back
Round trip time was 0.831377 milliseconds in repetition 202
tcp_ping received 65536 bytes back
Round trip time was 0.835758 milliseconds in repetition 203
tcp_ping received 65536 bytes back
Round trip time was 0.7819 milliseconds in repetition 204
tcp_ping received 65536 bytes back
Round trip time was 0.827195 milliseconds in repetition 205
tcp_ping received 65536 bytes back
Round trip time was 0.70791 milliseconds in repetition 206
tcp_ping received 65536 bytes back
Round trip time was 0.704131 milliseconds in repetition 207
tcp_ping received 65536 bytes back
Round trip time was 0.811741 milliseconds in repetition 208
tcp_ping received 65536 bytes back
Round trip time was 0.770135 milliseconds in repetition 209
tcp_ping received 65536 bytes back
Round trip time was 0.809315 milliseconds in repetition 210
tcp_ping received 65536 bytes back
Round trip time was 0.807802 milliseconds in repetition 211
tcp_ping received 65536 bytes back
Round trip time was 0.761038 milliseconds in repetition 212
tcp_ping received 65536 bytes back
Round trip time was 0.704671 milliseconds in repetition 213
tcp_ping received 65536 bytes back
Round trip time was 0.816615 milliseconds in repetition 214
tcp_ping received 65536 bytes back
Round trip time was 0.794011 milliseconds in repetition 215
tcp_ping received 65536 bytes back
Round trip time was 0.728713 milliseconds in repetition 216
tcp_ping received 65536 bytes back
Round trip time was 0.788325 milliseconds in repetition 217
tcp_ping received 65536 bytes back
Round trip time was 0.796214 milliseconds in repetition 218
tcp_ping received 65536 bytes back
Round trip time was 1.08698 milliseconds in repetition 219
tcp_ping received 65536 bytes back
Round trip time was 0.874844 milliseconds in repetition 220
tcp_ping received 65536 bytes back
Round trip time was 0.79803 milliseconds in repetition 221
tcp_ping received 65536 bytes back
Round trip time was 0.812985 milliseconds in repetition 222
tcp_ping received 65536 bytes back
Round trip time was 0.871574 milliseconds in repetition 223
tcp_ping received 65536 bytes back
Round trip time was 0.751062 milliseconds in repetition 224
tcp_ping received 65536 bytes back
Round trip time was 0.808605 milliseconds in repetition 225
tcp_ping received 65536 bytes back
Round trip time was 0.70724 milliseconds in repetition 226
tcp_ping received 65536 bytes back
Round trip time was 0.707883 milliseconds in repetition 227
tcp_ping received 65536 bytes back
Round trip time was 0.842836 milliseconds in repetition 228
tcp_ping received 65536 bytes back
Round trip time was 0.986883 milliseconds in repetition 229
tcp_ping received 65536 bytes back
Round trip time was 0.747906 milliseconds in repetition 230
tcp_ping received 65536 bytes back
Round trip time was 0.601127 milliseconds in repetition 231
tcp_ping received 65536 bytes back
Round trip time was 0.636015 milliseconds in repetition 232
tcp_ping received 65536 bytes back
Round trip time was 0.596106 milliseconds in repetition 233
tcp_ping received 65536 bytes back
Round trip time was 0.732093 milliseconds in repetition 234
tcp_ping received 65536 bytes back
Round trip time was 0.598445 milliseconds in repetition 235
tcp_ping received 65536 bytes back
Round trip time was 0.641149 milliseconds in repetition 236
tcp_ping received 65536 bytes back
Round trip time was 0.596655 milliseconds in repetition 237
tcp_ping received 65536 bytes back
Round trip time was 0.596602 milliseconds in repetition 238
tcp_ping received 65536 bytes back
Round trip time was 0.600367 milliseconds in repetition 239
tcp_ping received 65536 bytes back
Round trip time was 0.684935 milliseconds in repetition 240
tcp_ping received 65536 bytes back
Round trip time was 0.611275 milliseconds in repetition 241
tcp_ping received 65536 bytes back
Round trip time was 0.897214 milliseconds in repetition 242
tcp_ping received 65536 bytes back
Round trip time was 0.696556 milliseconds in repetition 243
tcp_ping received 65536 bytes back
Round trip time was 0.849015 milliseconds in repetition 244
tcp_ping received 65536 bytes back
Round trip time was 0.642733 milliseconds in repetition 245
tcp_ping received 65536 bytes back
Round trip time was 0.699339 milliseconds in repetition 246
tcp_ping received 65536 bytes back
Round trip time was 1.13629 milliseconds in repetition 247
tcp_ping received 65536 bytes back
Round trip time was 0.643761 milliseconds in repetition 248
tcp_ping received 65536 bytes back
Round trip time was 0.600331 milliseconds in repetition 249
tcp_ping received 65536 bytes back
Round trip time was 0.643425 milliseconds in repetition 250
tcp_ping received 65536 bytes back
Round trip time was 2.8544 milliseconds in repetition 251
tcp_ping received 65536 bytes back
Round trip time was 0.632662 milliseconds in repetition 252
tcp_ping received 65536 bytes back
Round trip time was 2.10717 milliseconds in repetition 253
tcp_ping received 65536 bytes back
Round trip time was 0.772882 milliseconds in repetition 254
tcp_ping received 65536 bytes back
Round trip time was 0.615594 milliseconds in repetition 255
tcp_ping received 65536 bytes back
Round trip time was 0.594265 milliseconds in repetition 256
tcp_ping received 65536 bytes back
Round trip time was 1.58811 milliseconds in repetition 257
tcp_ping received 65536 bytes back
Round trip time was 0.613116 milliseconds in repetition 258
tcp_ping received 65536 bytes back
Round trip time was 0.799705 milliseconds in repetition 259
tcp_ping received 65536 bytes back
Round trip time was 0.655955 milliseconds in repetition 260
tcp_ping received 65536 bytes back
Round trip time was 0.683004 milliseconds in repetition 261
tcp_ping received 65536 bytes back
Round trip time was 0.726507 milliseconds in repetition 262
tcp_ping received 65536 bytes back
Round trip time was 0.613096 milliseconds in repetition 263
tcp_ping received 65536 bytes back
Round trip time was 0.610436 milliseconds in repetition 264
tcp_ping received 65536 bytes back
Round trip time was 0.610509 milliseconds in repetition 265
tcp_ping received 65536 bytes back
Round trip time was 0.609086 milliseconds in repetition 266
tcp_ping received 65536 bytes back
Round trip time was 0.609515 milliseconds in repetition 267
tcp_ping received 65536 bytes back
Round trip time was 0.712377 milliseconds in repetition 268
tcp_ping received 65536 bytes back
Round trip time was 0.619368 milliseconds in repetition 269
tcp_ping received 65536 bytes back
Round trip time was 0.612585 milliseconds in repetition 270
tcp_ping received 65536 bytes back
Round trip time was 0.617137 milliseconds in repetition 271
tcp_ping received 65536 bytes back
Round trip time was 0.613651 milliseconds in repetition 272
tcp_ping received 65536 bytes back
Round trip time was 0.694365 milliseconds in repetition 273
tcp_ping received 65536 bytes back
Round trip time was 0.864302 milliseconds in repetition 274
tcp_ping received 65536 bytes back
Round trip time was 0.648125 milliseconds in repetition 275
tcp_ping received 65536 bytes back
Round trip time was 0.619722 milliseconds in repetition 276
tcp_ping received 65536 bytes back
Round trip time was 1.0272 milliseconds in repetition 277
tcp_ping received 65536 bytes back
Round trip time was 0.624156 milliseconds in repetition 278
tcp_ping received 65536 bytes back
Round trip time was 0.947914 milliseconds in repetition 279
tcp_ping received 65536 bytes back
Round trip time was 0.612499 milliseconds in repetition 280
tcp_ping received 65536 bytes back
Round trip time was 1.59841 milliseconds in repetition 281
tcp_ping received 65536 bytes back
Round trip time was 0.633796 milliseconds in repetition 282
tcp_ping received 65536 bytes back
Round trip time was 1.87184 milliseconds in repetition 283
tcp_ping received 65536 bytes back
Round trip time was 1.36171 milliseconds in repetition 284
tcp_ping received 65536 bytes back
Round trip time was 0.625972 milliseconds in repetition 285
tcp_ping received 65536 bytes back
Round trip time was 0.617264 milliseconds in repetition 286
tcp_ping received 65536 bytes back
Round trip time was 1.70896 milliseconds in repetition 287
tcp_ping received 65536 bytes back
Round trip time was 0.926129 milliseconds in repetition 288
tcp_ping received 65536 bytes back
Round trip time was 1.04249 milliseconds in repetition 289
tcp_ping received 65536 bytes back
Round trip time was 2.27726 milliseconds in repetition 290
tcp_ping received 65536 bytes back
Round trip time was 0.641104 milliseconds in repetition 291
tcp_ping received 65536 bytes back
Round trip time was 0.625143 milliseconds in repetition 292
tcp_ping received 65536 bytes back
Round trip time was 0.695966 milliseconds in repetition 293
tcp_ping received 65536 bytes back
Round trip time was 0.698147 milliseconds in repetition 294
tcp_ping received 65536 bytes back
Round trip time was 0.623791 milliseconds in repetition 295
tcp_ping received 65536 bytes back
Round trip time was 0.672737 milliseconds in repetition 296
tcp_ping received 65536 bytes back
Round trip time was 0.768101 milliseconds in repetition 297
tcp_ping received 65536 bytes back
Round trip time was 0.623608 milliseconds in repetition 298
tcp_ping received 65536 bytes back
Round trip time was 0.631219 milliseconds in repetition 299
tcp_ping received 65536 bytes back
Round trip time was 0.705795 milliseconds in repetition 300
tcp_ping received 65536 bytes back
Round trip time was 0.615211 milliseconds in repetition 301
tcp_ping received 65536 bytes back
Round trip time was 0.611409 milliseconds in repetition 302
tcp_ping received 65536 bytes back
Round trip time was 0.719341 milliseconds in repetition 303
tcp_ping received 65536 bytes back
Round trip time was 0.692008 milliseconds in repetition 304
tcp_ping received 65536 bytes back
Round trip time was 0.892742 milliseconds in repetition 305
tcp_ping received 65536 bytes back
Round trip time was 0.955956 milliseconds in repetition 306
tcp_ping received 65536 bytes back
Round trip time was 0.776796 milliseconds in repetition 307
tcp_ping received 65536 bytes back
Round trip time was 0.72408 milliseconds in repetition 308
tcp_ping received 65536 bytes back
Round trip time was 0.74909 milliseconds in repetition 309
tcp_ping received 65536 bytes back
Round trip time was 0.882177 milliseconds in repetition 310
tcp_ping received 65536 bytes back
Round trip time was 0.816757 milliseconds in repetition 311
tcp_ping received 65536 bytes back
Round trip time was 0.870848 milliseconds in repetition 312
tcp_ping received 65536 bytes back
Round trip time was 0.773093 milliseconds in repetition 313
tcp_ping received 65536 bytes back
Round trip time was 0.785988 milliseconds in repetition 314
tcp_ping received 65536 bytes back
Round trip time was 0.970485 milliseconds in repetition 315
tcp_ping received 65536 bytes back
Round trip time was 2.09668 milliseconds in repetition 316
tcp_ping received 65536 bytes back
Round trip time was 0.970328 milliseconds in repetition 317
tcp_ping received 65536 bytes back
Round trip time was 0.781075 milliseconds in repetition 318
tcp_ping received 65536 bytes back
Round trip time was 0.65928 milliseconds in repetition 319
tcp_ping received 65536 bytes back
Round trip time was 0.614795 milliseconds in repetition 320
tcp_ping received 65536 bytes back
Round trip time was 0.611925 milliseconds in repetition 321
tcp_ping received 65536 bytes back
Round trip time was 0.611347 milliseconds in repetition 322
tcp_ping received 65536 bytes back
Round trip time was 1.75662 milliseconds in repetition 323
tcp_ping received 65536 bytes back
Round trip time was 0.631157 milliseconds in repetition 324
tcp_ping received 65536 bytes back
Round trip time was 0.615494 milliseconds in repetition 325
tcp_ping received 65536 bytes back
Round trip time was 0.704745 milliseconds in repetition 326
tcp_ping received 65536 bytes back
Round trip time was 1.10793 milliseconds in repetition 327
tcp_ping received 65536 bytes back
Round trip time was 0.977641 milliseconds in repetition 328
tcp_ping received 65536 bytes back
Round trip time was 1.18298 milliseconds in repetition 329
tcp_ping received 65536 bytes back
Round trip time was 3.73262 milliseconds in repetition 330
tcp_ping received 65536 bytes back
Round trip time was 0.750649 milliseconds in repetition 331
tcp_ping received 65536 bytes back
Round trip time was 0.845569 milliseconds in repetition 332
tcp_ping received 65536 bytes back
Round trip time was 1.51282 milliseconds in repetition 333
tcp_ping received 65536 bytes back
Round trip time was 0.612318 milliseconds in repetition 334
tcp_ping received 65536 bytes back
Round trip time was 0.606953 milliseconds in repetition 335
tcp_ping received 65536 bytes back
Round trip time was 0.605638 milliseconds in repetition 336
tcp_ping received 65536 bytes back
Round trip time was 0.605478 milliseconds in repetition 337
tcp_ping received 65536 bytes back
Round trip time was 0.713155 milliseconds in repetition 338
tcp_ping received 65536 bytes back
Round trip time was 0.643201 milliseconds in repetition 339
tcp_ping received 65536 bytes back
Round trip time was 1.20034 milliseconds in repetition 340
tcp_ping received 65536 bytes back
Round trip time was 3.82635 milliseconds in repetition 341
tcp_ping received 65536 bytes back
Round trip time was 1.14185 milliseconds in repetition 342
tcp_ping received 65536 bytes back
Round trip time was 0.643866 milliseconds in repetition 343
tcp_ping received 65536 bytes back
Round trip time was 0.727066 milliseconds in repetition 344
tcp_ping received 65536 bytes back
Round trip time was 0.629609 milliseconds in repetition 345
tcp_ping received 65536 bytes back
Round trip time was 0.660843 milliseconds in repetition 346
tcp_ping received 65536 bytes back
Round trip time was 0.633345 milliseconds in repetition 347
tcp_ping received 65536 bytes back
Round trip time was 0.597564 milliseconds in repetition 348
tcp_ping received 65536 bytes back
Round trip time was 0.595461 milliseconds in repetition 349
tcp_ping received 65536 bytes back
Round trip time was 0.703442 milliseconds in repetition 350
tcp_ping received 65536 bytes back
Round trip time was 0.765213 milliseconds in repetition 351
tcp_ping received 65536 bytes back
Round trip time was 0.601728 milliseconds in repetition 352
tcp_ping received 65536 bytes back
Round trip time was 0.596554 milliseconds in repetition 353
tcp_ping received 65536 bytes back
Round trip time was 0.595878 milliseconds in repetition 354
tcp_ping received 65536 bytes back
Round trip time was 0.595896 milliseconds in repetition 355
tcp_ping received 65536 bytes back
Round trip time was 0.669036 milliseconds in repetition 356
tcp_ping received 65536 bytes back
Round trip time was 0.608786 milliseconds in repetition 357
tcp_ping received 65536 bytes back
Round trip time was 0.596167 milliseconds in repetition 358
tcp_ping received 65536 bytes back
Round trip time was 0.595552 milliseconds in repetition 359
tcp_ping received 65536 bytes back
Round trip time was 0.596219 milliseconds in repetition 360
tcp_ping received 65536 bytes back
Round trip time was 0.672336 milliseconds in repetition 361
tcp_ping received 65536 bytes back
Round trip time was 0.632251 milliseconds in repetition 362
tcp_ping received 65536 bytes back
Round trip time was 0.61903 milliseconds in repetition 363
tcp_ping received 65536 bytes back
Round trip time was 0.594922 milliseconds in repetition 364
tcp_ping received 65536 bytes back
Round trip time was 0.593173 milliseconds in repetition 365
tcp_ping received 65536 bytes back
Round trip time was 0.593327 milliseconds in repetition 366
tcp_ping received 65536 bytes back
Round trip time was 0.593197 milliseconds in repetition 367
tcp_ping received 65536 bytes back
Round trip time was 0.603936 milliseconds in repetition 368
tcp_ping received 65536 bytes back
Round trip time was 0.784783 milliseconds in repetition 369
tcp_ping received 65536 bytes back
Round trip time was 0.602967 milliseconds in repetition 370
tcp_ping received 65536 bytes back
Round trip time was 0.696712 milliseconds in repetition 371
tcp_ping received 65536 bytes back
Round trip time was 0.693847 milliseconds in repetition 372
tcp_ping received 65536 bytes back
Round trip time was 0.610943 milliseconds in repetition 373
tcp_ping received 65536 bytes back
Round trip time was 0.594266 milliseconds in repetition 374
tcp_ping received 65536 bytes back
Round trip time was 0.699957 milliseconds in repetition 375
tcp_ping received 65536 bytes back
Round trip time was 0.597975 milliseconds in repetition 376
tcp_ping received 65536 bytes back
Round trip time was 0.68589 milliseconds in repetition 377
tcp_ping received 65536 bytes back
Round trip time was 0.596151 milliseconds in repetition 378
tcp_ping received 65536 bytes back
Round trip time was 0.597702 milliseconds in repetition 379
tcp_ping received 65536 bytes back
Round trip time was 0.578056 milliseconds in repetition 380
tcp_ping received 65536 bytes back
Round trip time was 0.694437 milliseconds in repetition 381
tcp_ping received 65536 bytes back
Round trip time was 0.724044 milliseconds in repetition 382
tcp_ping received 65536 bytes back
Round trip time was 0.584692 milliseconds in repetition 383
tcp_ping received 65536 bytes back
Round trip time was 0.578937 milliseconds in repetition 384
tcp_ping received 65536 bytes back
Round trip time was 0.578748 milliseconds in repetition 385
tcp_ping received 65536 bytes back
Round trip time was 0.577623 milliseconds in repetition 386
tcp_ping received 65536 bytes back
Round trip time was 0.577473 milliseconds in repetition 387
tcp_ping received 65536 bytes back
Round trip time was 0.629119 milliseconds in repetition 388
tcp_ping received 65536 bytes back
Round trip time was 0.620217 milliseconds in repetition 389
tcp_ping received 65536 bytes back
Round trip time was 0.667566 milliseconds in repetition 390
tcp_ping received 65536 bytes back
Round trip time was 0.580243 milliseconds in repetition 391
tcp_ping received 65536 bytes back
Round trip time was 0.57816 milliseconds in repetition 392
tcp_ping received 65536 bytes back
Round trip time was 0.578672 milliseconds in repetition 393
tcp_ping received 65536 bytes back
Round trip time was 0.690878 milliseconds in repetition 394
tcp_ping received 65536 bytes back
Round trip time was 0.582568 milliseconds in repetition 395
tcp_ping received 65536 bytes back
Round trip time was 0.614983 milliseconds in repetition 396
tcp_ping received 65536 bytes back
Round trip time was 0.578153 milliseconds in repetition 397
tcp_ping received 65536 bytes back
Round trip time was 0.651416 milliseconds in repetition 398
tcp_ping received 65536 bytes back
Round trip time was 0.578621 milliseconds in repetition 399
tcp_ping received 65536 bytes back
Round trip time was 0.667959 milliseconds in repetition 400
tcp_ping received 65536 bytes back
Round trip time was 0.691465 milliseconds in repetition 401
tcp_ping received 65536 bytes back
Round trip time was 0.581431 milliseconds in repetition 402
tcp_ping received 65536 bytes back
Round trip time was 0.619866 milliseconds in repetition 403
tcp_ping received 65536 bytes back
Round trip time was 0.578153 milliseconds in repetition 404
tcp_ping received 65536 bytes back
Round trip time was 0.578102 milliseconds in repetition 405
tcp_ping received 65536 bytes back
Round trip time was 0.608914 milliseconds in repetition 406
tcp_ping received 65536 bytes back
Round trip time was 0.669672 milliseconds in repetition 407
tcp_ping received 65536 bytes back
Round trip time was 0.581982 milliseconds in repetition 408
tcp_ping received 65536 bytes back
Round trip time was 0.619701 milliseconds in repetition 409
tcp_ping received 65536 bytes back
Round trip time was 0.578314 milliseconds in repetition 410
tcp_ping received 65536 bytes back
Round trip time was 0.577824 milliseconds in repetition 411
tcp_ping received 65536 bytes back
Round trip time was 0.578296 milliseconds in repetition 412
tcp_ping received 65536 bytes back
Round trip time was 0.579048 milliseconds in repetition 413
tcp_ping received 65536 bytes back
Round trip time was 0.661023 milliseconds in repetition 414
tcp_ping received 65536 bytes back
Round trip time was 0.581716 milliseconds in repetition 415
tcp_ping received 65536 bytes back
Round trip time was 0.578296 milliseconds in repetition 416
tcp_ping received 65536 bytes back
Round trip time was 0.579349 milliseconds in repetition 417
tcp_ping received 65536 bytes back
Round trip time was 0.578295 milliseconds in repetition 418
tcp_ping received 65536 bytes back
Round trip time was 0.578866 milliseconds in repetition 419
tcp_ping received 65536 bytes back
Round trip time was 0.62602 milliseconds in repetition 420
tcp_ping received 65536 bytes back
Round trip time was 0.589366 milliseconds in repetition 421
tcp_ping received 65536 bytes back
Round trip time was 0.616753 milliseconds in repetition 422
tcp_ping received 65536 bytes back
Round trip time was 1.71852 milliseconds in repetition 423
tcp_ping received 65536 bytes back
Round trip time was 0.666802 milliseconds in repetition 424
tcp_ping received 65536 bytes back
Round trip time was 0.675694 milliseconds in repetition 425
tcp_ping received 65536 bytes back
Round trip time was 0.668135 milliseconds in repetition 426
tcp_ping received 65536 bytes back
Round trip time was 0.583332 milliseconds in repetition 427
tcp_ping received 65536 bytes back
Round trip time was 0.688832 milliseconds in repetition 428
tcp_ping received 65536 bytes back
Round trip time was 0.706233 milliseconds in repetition 429
tcp_ping received 65536 bytes back
Round trip time was 0.811604 milliseconds in repetition 430
tcp_ping received 65536 bytes back
Round trip time was 0.840819 milliseconds in repetition 431
tcp_ping received 65536 bytes back
Round trip time was 0.813062 milliseconds in repetition 432
tcp_ping received 65536 bytes back
Round trip time was 0.875827 milliseconds in repetition 433
tcp_ping received 65536 bytes back
Round trip time was 0.810656 milliseconds in repetition 434
tcp_ping received 65536 bytes back
Round trip time was 0.836128 milliseconds in repetition 435
tcp_ping received 65536 bytes back
Round trip time was 0.752141 milliseconds in repetition 436
tcp_ping received 65536 bytes back
Round trip time was 0.752864 milliseconds in repetition 437
tcp_ping received 65536 bytes back
Round trip time was 0.804348 milliseconds in repetition 438
tcp_ping received 65536 bytes back
Round trip time was 0.846188 milliseconds in repetition 439
tcp_ping received 65536 bytes back
Round trip time was 0.788096 milliseconds in repetition 440
tcp_ping received 65536 bytes back
Round trip time was 0.699904 milliseconds in repetition 441
tcp_ping received 65536 bytes back
Round trip time was 0.691949 milliseconds in repetition 442
tcp_ping received 65536 bytes back
Round trip time was 0.911893 milliseconds in repetition 443
tcp_ping received 65536 bytes back
Round trip time was 0.721481 milliseconds in repetition 444
tcp_ping received 65536 bytes back
Round trip time was 0.842546 milliseconds in repetition 445
tcp_ping received 65536 bytes back
Round trip time was 0.821743 milliseconds in repetition 446
tcp_ping received 65536 bytes back
Round trip time was 0.771483 milliseconds in repetition 447
tcp_ping received 65536 bytes back
Round trip time was 0.873944 milliseconds in repetition 448
tcp_ping received 65536 bytes back
Round trip time was 0.69441 milliseconds in repetition 449
tcp_ping received 65536 bytes back
Round trip time was 0.725139 milliseconds in repetition 450
tcp_ping received 65536 bytes back
Round trip time was 0.784288 milliseconds in repetition 451
tcp_ping received 65536 bytes back
Round trip time was 0.788354 milliseconds in repetition 452
tcp_ping received 65536 bytes back
Round trip time was 0.793494 milliseconds in repetition 453
tcp_ping received 65536 bytes back
Round trip time was 0.690208 milliseconds in repetition 454
tcp_ping received 65536 bytes back
Round trip time was 0.792421 milliseconds in repetition 455
tcp_ping received 65536 bytes back
Round trip time was 0.774689 milliseconds in repetition 456
tcp_ping received 65536 bytes back
Round trip time was 0.791846 milliseconds in repetition 457
tcp_ping received 65536 bytes back
Round trip time was 0.806268 milliseconds in repetition 458
tcp_ping received 65536 bytes back
Round trip time was 0.805814 milliseconds in repetition 459
tcp_ping received 65536 bytes back
Round trip time was 0.897739 milliseconds in repetition 460
tcp_ping received 65536 bytes back
Round trip time was 0.703648 milliseconds in repetition 461
tcp_ping received 65536 bytes back
Round trip time was 0.69148 milliseconds in repetition 462
tcp_ping received 65536 bytes back
Round trip time was 0.690053 milliseconds in repetition 463
tcp_ping received 65536 bytes back
Round trip time was 0.809592 milliseconds in repetition 464
tcp_ping received 65536 bytes back
Round trip time was 0.809197 milliseconds in repetition 465
tcp_ping received 65536 bytes back
Round trip time was 0.810493 milliseconds in repetition 466
tcp_ping received 65536 bytes back
Round trip time was 0.800415 milliseconds in repetition 467
tcp_ping received 65536 bytes back
Round trip time was 0.805112 milliseconds in repetition 468
tcp_ping received 65536 bytes back
Round trip time was 0.798397 milliseconds in repetition 469
tcp_ping received 65536 bytes back
Round trip time was 0.794687 milliseconds in repetition 470
tcp_ping received 65536 bytes back
Round trip time was 0.830385 milliseconds in repetition 471
tcp_ping received 65536 bytes back
Round trip time was 0.781794 milliseconds in repetition 472
tcp_ping received 65536 bytes back
Round trip time was 0.813772 milliseconds in repetition 473
tcp_ping received 65536 bytes back
Round trip time was 1.05992 milliseconds in repetition 474
tcp_ping received 65536 bytes back
Round trip time was 0.837155 milliseconds in repetition 475
tcp_ping received 65536 bytes back
Round trip time was 1.29011 milliseconds in repetition 476
tcp_ping received 65536 bytes back
Round trip time was 1.0865 milliseconds in repetition 477
tcp_ping received 65536 bytes back
Round trip time was 1.14867 milliseconds in repetition 478
tcp_ping received 65536 bytes back
Round trip time was 0.983266 milliseconds in repetition 479
tcp_ping received 65536 bytes back
Round trip time was 0.81987 milliseconds in repetition 480
tcp_ping received 65536 bytes back
Round trip time was 0.874567 milliseconds in repetition 481
tcp_ping received 65536 bytes back
Round trip time was 0.894167 milliseconds in repetition 482
tcp_ping received 65536 bytes back
Round trip time was 0.76723 milliseconds in repetition 483
tcp_ping received 65536 bytes back
Round trip time was 0.733873 milliseconds in repetition 484
tcp_ping received 65536 bytes back
Round trip time was 0.729589 milliseconds in repetition 485
tcp_ping received 65536 bytes back
Round trip time was 0.842616 milliseconds in repetition 486
tcp_ping received 65536 bytes back
Round trip time was 0.748053 milliseconds in repetition 487
tcp_ping received 65536 bytes back
Round trip time was 0.841635 milliseconds in repetition 488
tcp_ping received 65536 bytes back
Round trip time was 0.826919 milliseconds in repetition 489
tcp_ping received 65536 bytes back
Round trip time was 0.851715 milliseconds in repetition 490
tcp_ping received 65536 bytes back
Round trip time was 0.835905 milliseconds in repetition 491
tcp_ping received 65536 bytes back
Round trip time was 0.846893 milliseconds in repetition 492
tcp_ping received 65536 bytes back
Round trip time was 0.872716 milliseconds in repetition 493
tcp_ping received 65536 bytes back
Round trip time was 0.818508 milliseconds in repetition 494
tcp_ping received 65536 bytes back
Round trip time was 0.709082 milliseconds in repetition 495
tcp_ping received 65536 bytes back
Round trip time was 0.707856 milliseconds in repetition 496
tcp_ping received 65536 bytes back
Round trip time was 0.80993 milliseconds in repetition 497
tcp_ping received 65536 bytes back
Round trip time was 0.80289 milliseconds in repetition 498
tcp_ping received 65536 bytes back
Round trip time was 0.8376 milliseconds in repetition 499
tcp_ping received 65536 bytes back
Round trip time was 0.711288 milliseconds in repetition 500
tcp_ping received 65536 bytes back
Round trip time was 0.854605 milliseconds in repetition 501

 ... clock resolution was 1e-06
TCP Ping:  Statistics over 501 repetitions of 65536 byte messages

RTT : percentile 10: 0.596602, median: 0.740483, percentile 90: 1.00803, average: 0.818103, variance: 0.140812

RTT histogram:
0.577473 159
0.745332 203
0.913192 87
1.08105 17
1.24891 12
1.41677 3
1.58463 4
1.75249 3
1.92035 1
2.08821 3
2.25607 1
2.42393 2
2.59179 0
2.75965 2
2.92751 1
3.09537 0
3.26323 0
3.43108 0
3.59894 0
3.7668 2
3.93466 1

   median Throughput : 177009 KB/s   overall Throughput : 160215 KB/s

