TCP Ping trying to connect to server localhost (127.0.0.1) on port 1421
 ... connected to Pong server: asking for 501 repetitions of 262144 bytes TCP messages
 ... Pong server agreed :-)
tcp_ping received 262144 bytes back
Round trip time was 2.59769 milliseconds in repetition 1
tcp_ping received 262144 bytes back
Round trip time was 2.46041 milliseconds in repetition 2
tcp_ping received 262144 bytes back
Round trip time was 3.06222 milliseconds in repetition 3
tcp_ping received 262144 bytes back
Round trip time was 2.44416 milliseconds in repetition 4
tcp_ping received 262144 bytes back
Round trip time was 2.73275 milliseconds in repetition 5
tcp_ping received 262144 bytes back
Round trip time was 3.04736 milliseconds in repetition 6
tcp_ping received 262144 bytes back
Round trip time was 3.104 milliseconds in repetition 7
tcp_ping received 262144 bytes back
Round trip time was 2.83634 milliseconds in repetition 8
tcp_ping received 262144 bytes back
Round trip time was 3.37391 milliseconds in repetition 9
tcp_ping received 262144 bytes back
Round trip time was 2.7064 milliseconds in repetition 10
tcp_ping received 262144 bytes back
Round trip time was 2.56455 milliseconds in repetition 11
tcp_ping received 262144 bytes back
Round trip time was 2.55361 milliseconds in repetition 12
tcp_ping received 262144 bytes back
Round trip time was 3.20002 milliseconds in repetition 13
tcp_ping received 262144 bytes back
Round trip time was 2.92674 milliseconds in repetition 14
tcp_ping received 262144 bytes back
Round trip time was 2.39204 milliseconds in repetition 15
tcp_ping received 262144 bytes back
Round trip time was 2.91081 milliseconds in repetition 16
tcp_ping received 262144 bytes back
Round trip time was 2.44416 milliseconds in repetition 17
tcp_ping received 262144 bytes back
Round trip time was 2.35372 milliseconds in repetition 18
tcp_ping received 262144 bytes back
Round trip time was 2.51612 milliseconds in repetition 19
tcp_ping received 262144 bytes back
Round trip time was 2.45397 milliseconds in repetition 20
tcp_ping received 262144 bytes back
Round trip time was 2.38438 milliseconds in repetition 21
tcp_ping received 262144 bytes back
Round trip time was 2.37844 milliseconds in repetition 22
tcp_ping received 262144 bytes back
Round trip time was 2.33679 milliseconds in repetition 23
tcp_ping received 262144 bytes back
Round trip time was 5.8877 milliseconds in repetition 24
tcp_ping received 262144 bytes back
Round trip time was 3.10756 milliseconds in repetition 25
tcp_ping received 262144 bytes back
Round trip time was 3.48605 milliseconds in repetition 26
tcp_ping received 262144 bytes back
Round trip time was 3.36099 milliseconds in repetition 27
tcp_ping received 262144 bytes back
Round trip time was 2.47978 milliseconds in repetition 28
tcp_ping received 262144 bytes back
Round trip time was 2.36683 milliseconds in repetition 29
tcp_ping received 262144 bytes back
Round trip time was 2.37655 milliseconds in repetition 30
tcp_ping received 262144 bytes back
Round trip time was 3.27117 milliseconds in repetition 31
tcp_ping received 262144 bytes back
Round trip time was 5.37588 milliseconds in repetition 32
tcp_ping received 262144 bytes back
Round trip time was 3.82704 milliseconds in repetition 33
tcp_ping received 262144 bytes back
Round trip time was 3.61933 milliseconds in repetition 34
tcp_ping received 262144 bytes back
Round trip time was 3.58102 milliseconds in repetition 35
tcp_ping received 262144 bytes back
Round trip time was 3.89711 milliseconds in repetition 36
tcp_ping received 262144 bytes back
Round trip time was 4.03364 milliseconds in repetition 37
tcp_ping received 262144 bytes back
Round trip time was 2.78046 milliseconds in repetition 38
tcp_ping received 262144 bytes back
Round trip time was 2.4136 milliseconds in repetition 39
tcp_ping received 262144 bytes back
Round trip time was 2.51766 milliseconds in repetition 40
tcp_ping received 262144 bytes back
Round trip time was 2.66967 milliseconds in repetition 41
tcp_ping received 262144 bytes back
Round trip time was 2.62211 milliseconds in repetition 42
tcp_ping received 262144 bytes back
Round trip time was 2.81761 milliseconds in repetition 43
tcp_ping received 262144 bytes back
Round trip time was 2.71761 milliseconds in repetition 44
tcp_ping received 262144 bytes back
Round trip time was 2.95102 milliseconds in repetition 45
tcp_ping received 262144 bytes back
Round trip time was 2.80812 milliseconds in repetition 46
tcp_ping received 262144 bytes back
Round trip time was 3.7103 milliseconds in repetition 47
tcp_ping received 262144 bytes back
Round trip time was 2.54206 milliseconds in repetition 48
tcp_ping received 262144 bytes back
Round trip time was 2.82616 milliseconds in repetition 49
tcp_ping received 262144 bytes back
Round trip time was 2.51672 milliseconds in repetition 50
tcp_ping received 262144 bytes back
Round trip time was 2.4454 milliseconds in repetition 51
tcp_ping received 262144 bytes back
Round trip time was 2.59505 milliseconds in repetition 52
tcp_ping received 262144 bytes back
Round trip time was 2.36733 milliseconds in repetition 53
tcp_ping received 262144 bytes back
Round trip time was 2.40599 milliseconds in repetition 54
tcp_ping received 262144 bytes back
Round trip time was 2.27907 milliseconds in repetition 55
tcp_ping received 262144 bytes back
Round trip time was 6.28533 milliseconds in repetition 56
tcp_ping received 262144 bytes back
Round trip time was 3.96405 milliseconds in repetition 57
tcp_ping received 262144 bytes back
Round trip time was 3.16605 milliseconds in repetition 58
tcp_ping received 262144 bytes back
Round trip time was 4.2773 milliseconds in repetition 59
tcp_ping received 262144 bytes back
Round trip time was 6.78923 milliseconds in repetition 60
tcp_ping received 262144 bytes back
Round trip time was 2.67393 milliseconds in repetition 61
tcp_ping received 262144 bytes back
Round trip time was 2.77445 milliseconds in repetition 62
tcp_ping received 262144 bytes back
Round trip time was 2.53024 milliseconds in repetition 63
tcp_ping received 262144 bytes back
Round trip time was 2.88461 milliseconds in repetition 64
tcp_ping received 262144 bytes back
Round trip time was 2.52626 milliseconds in repetition 65
tcp_ping received 262144 bytes back
Round trip time was 2.46423 milliseconds in repetition 66
tcp_ping received 262144 bytes back
Round trip time was 2.69957 milliseconds in repetition 67
tcp_ping received 262144 bytes back
Round trip time was 3.27864 milliseconds in repetition 68
tcp_ping received 262144 bytes back
Round trip time was 2.61441 milliseconds in repetition 69
tcp_ping received 262144 bytes back
Round trip time was 2.73216 milliseconds in repetition 70
tcp_ping received 262144 bytes back
Round trip time was 2.64501 milliseconds in repetition 71
tcp_ping received 262144 bytes back
Round trip time was 2.5958 milliseconds in repetition 72
tcp_ping received 262144 bytes back
Round trip time was 2.42838 milliseconds in repetition 73
tcp_ping received 262144 bytes back
Round trip time was 2.67757 milliseconds in repetition 74
tcp_ping received 262144 bytes back
Round trip time was 2.36692 milliseconds in repetition 75
tcp_ping received 262144 bytes back
Round trip time was 2.42323 milliseconds in repetition 76
tcp_ping received 262144 bytes back
Round trip time was 2.59158 milliseconds in repetition 77
tcp_ping received 262144 bytes back
Round trip time was 2.54193 milliseconds in repetition 78
tcp_ping received 262144 bytes back
Round trip time was 2.40923 milliseconds in repetition 79
tcp_ping received 262144 bytes back
Round trip time was 2.4019 milliseconds in repetition 80
tcp_ping received 262144 bytes back
Round trip time was 2.29018 milliseconds in repetition 81
tcp_ping received 262144 bytes back
Round trip time was 2.50052 milliseconds in repetition 82
tcp_ping received 262144 bytes back
Round trip time was 2.29359 milliseconds in repetition 83
tcp_ping received 262144 bytes back
Round trip time was 2.34546 milliseconds in repetition 84
tcp_ping received 262144 bytes back
Round trip time was 2.32221 milliseconds in repetition 85
tcp_ping received 262144 bytes back
Round trip time was 2.38559 milliseconds in repetition 86
tcp_ping received 262144 bytes back
Round trip time was 2.46377 milliseconds in repetition 87
tcp_ping received 262144 bytes back
Round trip time was 2.2845 milliseconds in repetition 88
tcp_ping received 262144 bytes back
Round trip time was 2.45088 milliseconds in repetition 89
tcp_ping received 262144 bytes back
Round trip time was 2.32841 milliseconds in repetition 90
tcp_ping received 262144 bytes back
Round trip time was 2.35554 milliseconds in repetition 91
tcp_ping received 262144 bytes back
Round trip time was 2.36768 milliseconds in repetition 92
tcp_ping received 262144 bytes back
Round trip time was 2.44616 milliseconds in repetition 93
tcp_ping received 262144 bytes back
Round trip time was 2.57775 milliseconds in repetition 94
tcp_ping received 262144 bytes back
Round trip time was 2.50006 milliseconds in repetition 95
tcp_ping received 262144 bytes back
Round trip time was 2.41605 milliseconds in repetition 96
tcp_ping received 262144 bytes back
Round trip time was 2.56723 milliseconds in repetition 97
tcp_ping received 262144 bytes back
Round trip time was 2.78717 milliseconds in repetition 98
tcp_ping received 262144 bytes back
Round trip time was 2.46938 milliseconds in repetition 99
tcp_ping received 262144 bytes back
Round trip time was 2.57983 milliseconds in repetition 100
tcp_ping received 262144 bytes back
Round trip time was 2.43542 milliseconds in repetition 101
tcp_ping received 262144 bytes back
Round trip time was 2.38507 milliseconds in repetition 102
tcp_ping received 262144 bytes back
Round trip time was 2.50709 milliseconds in repetition 103
tcp_ping received 262144 bytes back
Round trip time was 2.36457 milliseconds in repetition 104
tcp_ping received 262144 bytes back
Round trip time was 2.48636 milliseconds in repetition 105
tcp_ping received 262144 bytes back
Round trip time was 2.42418 milliseconds in repetition 106
tcp_ping received 262144 bytes back
Round trip time was 2.48282 milliseconds in repetition 107
tcp_ping received 262144 bytes back
Round trip time was 2.47535 milliseconds in repetition 108
tcp_ping received 262144 bytes back
Round trip time was 2.3735 milliseconds in repetition 109
tcp_ping received 262144 bytes back
Round trip time was 2.5008 milliseconds in repetition 110
tcp_ping received 262144 bytes back
Round trip time was 2.45504 milliseconds in repetition 111
tcp_ping received 262144 bytes back
Round trip time was 2.36689 milliseconds in repetition 112
tcp_ping received 262144 bytes back
Round trip time was 2.49148 milliseconds in repetition 113
tcp_ping received 262144 bytes back
Round trip time was 2.38892 milliseconds in repetition 114
tcp_ping received 262144 bytes back
Round trip time was 2.53205 milliseconds in repetition 115
tcp_ping received 262144 bytes back
Round trip time was 2.48144 milliseconds in repetition 116
tcp_ping received 262144 bytes back
Round trip time was 2.36538 milliseconds in repetition 117
tcp_ping received 262144 bytes back
Round trip time was 2.49275 milliseconds in repetition 118
tcp_ping received 262144 bytes back
Round trip time was 2.44442 milliseconds in repetition 119
tcp_ping received 262144 bytes back
Round trip time was 2.39504 milliseconds in repetition 120
tcp_ping received 262144 bytes back
Round trip time was 2.50969 milliseconds in repetition 121
tcp_ping received 262144 bytes back
Round trip time was 2.51889 milliseconds in repetition 122
tcp_ping received 262144 bytes back
Round trip time was 2.48077 milliseconds in repetition 123
tcp_ping received 262144 bytes back
Round trip time was 2.40066 milliseconds in repetition 124
tcp_ping received 262144 bytes back
Round trip time was 2.46376 milliseconds in repetition 125
tcp_ping received 262144 bytes back
Round trip time was 3.27542 milliseconds in repetition 126
tcp_ping received 262144 bytes back
Round trip time was 3.40812 milliseconds in repetition 127
tcp_ping received 262144 bytes back
Round trip time was 2.79307 milliseconds in repetition 128
tcp_ping received 262144 bytes back
Round trip time was 2.35964 milliseconds in repetition 129
tcp_ping received 262144 bytes back
Round trip time was 2.5078 milliseconds in repetition 130
tcp_ping received 262144 bytes back
Round trip time was 2.47156 milliseconds in repetition 131
tcp_ping received 262144 bytes back
Round trip time was 2.49586 milliseconds in repetition 132
tcp_ping received 262144 bytes back
Round trip time was 2.6348 milliseconds in repetition 133
tcp_ping received 262144 bytes back
Round trip time was 2.44551 milliseconds in repetition 134
tcp_ping received 262144 bytes back
Round trip time was 2.93812 milliseconds in repetition 135
tcp_ping received 262144 bytes back
Round trip time was 2.45532 milliseconds in repetition 136
tcp_ping received 262144 bytes back
Round trip time was 2.37587 milliseconds in repetition 137
tcp_ping received 262144 bytes back
Round trip time was 2.77122 milliseconds in repetition 138
tcp_ping received 262144 bytes back
Round trip time was 2.54167 milliseconds in repetition 139
tcp_ping received 262144 bytes back
Round trip time was 2.44919 milliseconds in repetition 140
tcp_ping received 262144 bytes back
Round trip time was 2.5331 milliseconds in repetition 141
tcp_ping received 262144 bytes back
Round trip time was 2.46199 milliseconds in repetition 142
tcp_ping received 262144 bytes back
Round trip time was 2.481 milliseconds in repetition 143
tcp_ping received 262144 bytes back
Round trip time was 2.50983 milliseconds in repetition 144
tcp_ping received 262144 bytes back
Round trip time was 2.52085 milliseconds in repetition 145
tcp_ping received 262144 bytes back
Round trip time was 2.60665 milliseconds in repetition 146
tcp_ping received 262144 bytes back
Round trip time was 2.67893 milliseconds in repetition 147
tcp_ping received 262144 bytes back
Round trip time was 2.4758 milliseconds in repetition 148
tcp_ping received 262144 bytes back
Round trip time was 2.55989 milliseconds in repetition 149
tcp_ping received 262144 bytes back
Round trip time was 2.60839 milliseconds in repetition 150
tcp_ping received 262144 bytes back
Round trip time was 2.47416 milliseconds in repetition 151
tcp_ping received 262144 bytes back
Round trip time was 2.60743 milliseconds in repetition 152
tcp_ping received 262144 bytes back
Round trip time was 2.47183 milliseconds in repetition 153
tcp_ping received 262144 bytes back
Round trip time was 2.54729 milliseconds in repetition 154
tcp_ping received 262144 bytes back
Round trip time was 2.48059 milliseconds in repetition 155
tcp_ping received 262144 bytes back
Round trip time was 2.432 milliseconds in repetition 156
tcp_ping received 262144 bytes back
Round trip time was 2.50841 milliseconds in repetition 157
tcp_ping received 262144 bytes back
Round trip time was 2.60112 milliseconds in repetition 158
tcp_ping received 262144 bytes back
Round trip time was 2.42954 milliseconds in repetition 159
tcp_ping received 262144 bytes back
Round trip time was 2.61309 milliseconds in repetition 160
tcp_ping received 262144 bytes back
Round trip time was 2.60967 milliseconds in repetition 161
tcp_ping received 262144 bytes back
Round trip time was 2.42006 milliseconds in repetition 162
tcp_ping received 262144 bytes back
Round trip time was 2.51484 milliseconds in repetition 163
tcp_ping received 262144 bytes back
Round trip time was 2.46111 milliseconds in repetition 164
tcp_ping received 262144 bytes back
Round trip time was 2.39574 milliseconds in repetition 165
tcp_ping received 262144 bytes back
Round trip time was 2.51337 milliseconds in repetition 166
tcp_ping received 262144 bytes back
Round trip time was 2.4137 milliseconds in repetition 167
tcp_ping received 262144 bytes back
Round trip time was 2.46903 milliseconds in repetition 168
tcp_ping received 262144 bytes back
Round trip time was 2.57234 milliseconds in repetition 169
tcp_ping received 262144 bytes back
Round trip time was 2.47683 milliseconds in repetition 170
tcp_ping received 262144 bytes back
Round trip time was 2.57557 milliseconds in repetition 171
tcp_ping received 262144 bytes back
Round trip time was 2.4863 milliseconds in repetition 172
tcp_ping received 262144 bytes back
Round trip time was 2.46093 milliseconds in repetition 173
tcp_ping received 262144 bytes back
Round trip time was 2.51975 milliseconds in repetition 174
tcp_ping received 262144 bytes back
Round trip time was 2.4136 milliseconds in repetition 175
tcp_ping received 262144 bytes back
Round trip time was 2.49289 milliseconds in repetition 176
tcp_ping received 262144 bytes back
Round trip time was 2.47254 milliseconds in repetition 177
tcp_ping received 262144 bytes back
Round trip time was 2.57676 milliseconds in repetition 178
tcp_ping received 262144 bytes back
Round trip time was 4.25593 milliseconds in repetition 179
tcp_ping received 262144 bytes back
Round trip time was 2.57028 milliseconds in repetition 180
tcp_ping received 262144 bytes back
Round trip time was 2.51837 milliseconds in repetition 181
tcp_ping received 262144 bytes back
Round trip time was 2.45011 milliseconds in repetition 182
tcp_ping received 262144 bytes back
Round trip time was 2.5058 milliseconds in repetition 183
tcp_ping received 262144 bytes back
Round trip time was 2.45111 milliseconds in repetition 184
tcp_ping received 262144 bytes back
Round trip time was 2.43471 milliseconds in repetition 185
tcp_ping received 262144 bytes back
Round trip time was 2.47529 milliseconds in repetition 186
tcp_ping received 262144 bytes back
Round trip time was 2.36119 milliseconds in repetition 187
tcp_ping received 262144 bytes back
Round trip time was 2.52063 milliseconds in repetition 188
tcp_ping received 262144 bytes back
Round trip time was 2.42638 milliseconds in repetition 189
tcp_ping received 262144 bytes back
Round trip time was 3.63504 milliseconds in repetition 190
tcp_ping received 262144 bytes back
Round trip time was 4.96609 milliseconds in repetition 191
tcp_ping received 262144 bytes back
Round trip time was 2.9474 milliseconds in repetition 192
tcp_ping received 262144 bytes back
Round trip time was 2.5594 milliseconds in repetition 193
tcp_ping received 262144 bytes back
Round trip time was 3.13828 milliseconds in repetition 194
tcp_ping received 262144 bytes back
Round trip time was 2.42368 milliseconds in repetition 195
tcp_ping received 262144 bytes back
Round trip time was 2.63058 milliseconds in repetition 196
tcp_ping received 262144 bytes back
Round trip time was 2.57951 milliseconds in repetition 197
tcp_ping received 262144 bytes back
Round trip time was 2.36647 milliseconds in repetition 198
tcp_ping received 262144 bytes back
Round trip time was 2.58553 milliseconds in repetition 199
tcp_ping received 262144 bytes back
Round trip time was 2.42438 milliseconds in repetition 200
tcp_ping received 262144 bytes back
Round trip time was 2.72037 milliseconds in repetition 201
tcp_ping received 262144 bytes back
Round trip time was 2.81623 milliseconds in repetition 202
tcp_ping received 262144 bytes back
Round trip time was 2.90741 milliseconds in repetition 203
tcp_ping received 262144 bytes back
Round trip time was 2.47131 milliseconds in repetition 204
tcp_ping received 262144 bytes back
Round trip time was 2.56426 milliseconds in repetition 205
tcp_ping received 262144 bytes back
Round trip time was 2.52535 milliseconds in repetition 206
tcp_ping received 262144 bytes back
Round trip time was 2.50374 milliseconds in repetition 207
tcp_ping received 262144 bytes back
Round trip time was 2.50166 milliseconds in repetition 208
tcp_ping received 262144 bytes back
Round trip time was 2.42305 milliseconds in repetition 209
tcp_ping received 262144 bytes back
Round trip time was 2.57191 milliseconds in repetition 210
tcp_ping received 262144 bytes back
Round trip time was 2.49485 milliseconds in repetition 211
tcp_ping received 262144 bytes back
Round trip time was 2.39935 milliseconds in repetition 212
tcp_ping received 262144 bytes back
Round trip time was 2.44515 milliseconds in repetition 213
tcp_ping received 262144 bytes back
Round trip time was 2.44895 milliseconds in repetition 214
tcp_ping received 262144 bytes back
Round trip time was 2.39502 milliseconds in repetition 215
tcp_ping received 262144 bytes back
Round trip time was 3.73829 milliseconds in repetition 216
tcp_ping received 262144 bytes back
Round trip time was 2.70415 milliseconds in repetition 217
tcp_ping received 262144 bytes back
Round trip time was 2.52526 milliseconds in repetition 218
tcp_ping received 262144 bytes back
Round trip time was 2.55555 milliseconds in repetition 219
tcp_ping received 262144 bytes back
Round trip time was 2.58674 milliseconds in repetition 220
tcp_ping received 262144 bytes back
Round trip time was 2.43288 milliseconds in repetition 221
tcp_ping received 262144 bytes back
Round trip time was 2.54168 milliseconds in repetition 222
tcp_ping received 262144 bytes back
Round trip time was 2.52642 milliseconds in repetition 223
tcp_ping received 262144 bytes back
Round trip time was 2.40716 milliseconds in repetition 224
tcp_ping received 262144 bytes back
Round trip time was 2.55695 milliseconds in repetition 225
tcp_ping received 262144 bytes back
Round trip time was 2.43357 milliseconds in repetition 226
tcp_ping received 262144 bytes back
Round trip time was 2.39104 milliseconds in repetition 227
tcp_ping received 262144 bytes back
Round trip time was 2.49788 milliseconds in repetition 228
tcp_ping received 262144 bytes back
Round trip time was 2.39429 milliseconds in repetition 229
tcp_ping received 262144 bytes back
Round trip time was 2.44362 milliseconds in repetition 230
tcp_ping received 262144 bytes back
Round trip time was 2.46734 milliseconds in repetition 231
tcp_ping received 262144 bytes back
Round trip time was 2.39245 milliseconds in repetition 232
tcp_ping received 262144 bytes back
Round trip time was 2.49628 milliseconds in repetition 233
tcp_ping received 262144 bytes back
Round trip time was 2.42486 milliseconds in repetition 234
tcp_ping received 262144 bytes back
Round trip time was 2.39879 milliseconds in repetition 235
tcp_ping received 262144 bytes back
Round trip time was 2.47124 milliseconds in repetition 236
tcp_ping received 262144 bytes back
Round trip time was 2.44427 milliseconds in repetition 237
tcp_ping received 262144 bytes back
Round trip time was 2.54315 milliseconds in repetition 238
tcp_ping received 262144 bytes back
Round trip time was 2.43671 milliseconds in repetition 239
tcp_ping received 262144 bytes back
Round trip time was 2.46878 milliseconds in repetition 240
tcp_ping received 262144 bytes back
Round trip time was 2.48135 milliseconds in repetition 241
tcp_ping received 262144 bytes back
Round trip time was 2.45326 milliseconds in repetition 242
tcp_ping received 262144 bytes back
Round trip time was 2.58733 milliseconds in repetition 243
tcp_ping received 262144 bytes back
Round trip time was 3.26214 milliseconds in repetition 244
tcp_ping received 262144 bytes back
Round trip time was 2.44715 milliseconds in repetition 245
tcp_ping received 262144 bytes back
Round trip time was 2.44615 milliseconds in repetition 246
tcp_ping received 262144 bytes back
Round trip time was 2.53611 milliseconds in repetition 247
tcp_ping received 262144 bytes back
Round trip time was 2.52676 milliseconds in repetition 248
tcp_ping received 262144 bytes back
Round trip time was 2.51591 milliseconds in repetition 249
tcp_ping received 262144 bytes back
Round trip time was 2.44975 milliseconds in repetition 250
tcp_ping received 262144 bytes back
Round trip time was 2.46901 milliseconds in repetition 251
tcp_ping received 262144 bytes back
Round trip time was 2.48165 milliseconds in repetition 252
tcp_ping received 262144 bytes back
Round trip time was 2.45459 milliseconds in repetition 253
tcp_ping received 262144 bytes back
Round trip time was 2.40511 milliseconds in repetition 254
tcp_ping received 262144 bytes back
Round trip time was 2.45633 milliseconds in repetition 255
tcp_ping received 262144 bytes back
Round trip time was 2.69347 milliseconds in repetition 256
tcp_ping received 262144 bytes back
Round trip time was 2.51055 milliseconds in repetition 257
tcp_ping received 262144 bytes back
Round trip time was 2.52664 milliseconds in repetition 258
tcp_ping received 262144 bytes back
Round trip time was 2.37693 milliseconds in repetition 259
tcp_ping received 262144 bytes back
Round trip time was 2.49899 milliseconds in repetition 260
tcp_ping received 262144 bytes back
Round trip time was 2.46359 milliseconds in repetition 261
tcp_ping received 262144 bytes back
Round trip time was 2.44688 milliseconds in repetition 262
tcp_ping received 262144 bytes back
Round trip time was 2.47571 milliseconds in repetition 263
tcp_ping received 262144 bytes back
Round trip time was 2.42651 milliseconds in repetition 264
tcp_ping received 262144 bytes back
Round trip time was 2.47198 milliseconds in repetition 265
tcp_ping received 262144 bytes back
Round trip time was 2.52616 milliseconds in repetition 266
tcp_ping received 262144 bytes back
Round trip time was 2.35623 milliseconds in repetition 267
tcp_ping received 262144 bytes back
Round trip time was 2.56952 milliseconds in repetition 268
tcp_ping received 262144 bytes back
Round trip time was 2.45385 milliseconds in repetition 269
tcp_ping received 262144 bytes back
Round trip time was 2.44474 milliseconds in repetition 270
tcp_ping received 262144 bytes back
Round trip time was 2.45816 milliseconds in repetition 271
tcp_ping received 262144 bytes back
Round trip time was 2.43447 milliseconds in repetition 272
tcp_ping received 262144 bytes back
Round trip time was 2.48042 milliseconds in repetition 273
tcp_ping received 262144 bytes back
Round trip time was 2.45922 milliseconds in repetition 274
tcp_ping received 262144 bytes back
Round trip time was 2.52811 milliseconds in repetition 275
tcp_ping received 262144 bytes back
Round trip time was 2.48278 milliseconds in repetition 276
tcp_ping received 262144 bytes back
Round trip time was 2.55508 milliseconds in repetition 277
tcp_ping received 262144 bytes back
Round trip time was 2.88703 milliseconds in repetition 278
tcp_ping received 262144 bytes back
Round trip time was 2.52053 milliseconds in repetition 279
tcp_ping received 262144 bytes back
Round trip time was 2.414 milliseconds in repetition 280
tcp_ping received 262144 bytes back
Round trip time was 2.51478 milliseconds in repetition 281
tcp_ping received 262144 bytes back
Round trip time was 2.53023 milliseconds in repetition 282
tcp_ping received 262144 bytes back
Round trip time was 2.40531 milliseconds in repetition 283
tcp_ping received 262144 bytes back
Round trip time was 2.47334 milliseconds in repetition 284
tcp_ping received 262144 bytes back
Round trip time was 2.46802 milliseconds in repetition 285
tcp_ping received 262144 bytes back
Round trip time was 2.50148 milliseconds in repetition 286
tcp_ping received 262144 bytes back
Round trip time was 2.56472 milliseconds in repetition 287
tcp_ping received 262144 bytes back
Round trip time was 2.3971 milliseconds in repetition 288
tcp_ping received 262144 bytes back
Round trip time was 2.52418 milliseconds in repetition 289
tcp_ping received 262144 bytes back
Round trip time was 2.45763 milliseconds in repetition 290
tcp_ping received 262144 bytes back
Round trip time was 2.40112 milliseconds in repetition 291
tcp_ping received 262144 bytes back
Round trip time was 2.51327 milliseconds in repetition 292
tcp_ping received 262144 bytes back
Round trip time was 2.48424 milliseconds in repetition 293
tcp_ping received 262144 bytes back
Round trip time was 2.48204 milliseconds in repetition 294
tcp_ping received 262144 bytes back
Round trip time was 2.51636 milliseconds in repetition 295
tcp_ping received 262144 bytes back
Round trip time was 2.40115 milliseconds in repetition 296
tcp_ping received 262144 bytes back
Round trip time was 2.71299 milliseconds in repetition 297
tcp_ping received 262144 bytes back
Round trip time was 2.62678 milliseconds in repetition 298
tcp_ping received 262144 bytes back
Round trip time was 2.39499 milliseconds in repetition 299
tcp_ping received 262144 bytes back
Round trip time was 2.54841 milliseconds in repetition 300
tcp_ping received 262144 bytes back
Round trip time was 2.49955 milliseconds in repetition 301
tcp_ping received 262144 bytes back
Round trip time was 2.48687 milliseconds in repetition 302
tcp_ping received 262144 bytes back
Round trip time was 2.53996 milliseconds in repetition 303
tcp_ping received 262144 bytes back
Round trip time was 2.42448 milliseconds in repetition 304
tcp_ping received 262144 bytes back
Round trip time was 2.35318 milliseconds in repetition 305
tcp_ping received 262144 bytes back
Round trip time was 2.52169 milliseconds in repetition 306
tcp_ping received 262144 bytes back
Round trip time was 2.4057 milliseconds in repetition 307
tcp_ping received 262144 bytes back
Round trip time was 2.53451 milliseconds in repetition 308
tcp_ping received 262144 bytes back
Round trip time was 2.5039 milliseconds in repetition 309
tcp_ping received 262144 bytes back
Round trip time was 2.44333 milliseconds in repetition 310
tcp_ping received 262144 bytes back
Round trip time was 2.57527 milliseconds in repetition 311
tcp_ping received 262144 bytes back
Round trip time was 2.41529 milliseconds in repetition 312
tcp_ping received 262144 bytes back
Round trip time was 2.53261 milliseconds in repetition 313
tcp_ping received 262144 bytes back
Round trip time was 2.50142 milliseconds in repetition 314
tcp_ping received 262144 bytes back
Round trip time was 2.427 milliseconds in repetition 315
tcp_ping received 262144 bytes back
Round trip time was 2.56033 milliseconds in repetition 316
tcp_ping received 262144 bytes back
Round trip time was 2.71897 milliseconds in repetition 317
tcp_ping received 262144 bytes back
Round trip time was 2.40596 milliseconds in repetition 318
tcp_ping received 262144 bytes back
Round trip time was 2.55557 milliseconds in repetition 319
tcp_ping received 262144 bytes back
Round trip time was 2.40275 milliseconds in repetition 320
tcp_ping received 262144 bytes back
Round trip time was 2.37663 milliseconds in repetition 321
tcp_ping received 262144 bytes back
Round trip time was 2.48919 milliseconds in repetition 322
tcp_ping received 262144 bytes back
Round trip time was 2.40797 milliseconds in repetition 323
tcp_ping received 262144 bytes back
Round trip time was 2.49592 milliseconds in repetition 324
tcp_ping received 262144 bytes back
Round trip time was 2.48674 milliseconds in repetition 325
tcp_ping received 262144 bytes back
Round trip time was 2.52288 milliseconds in repetition 326
tcp_ping received 262144 bytes back
Round trip time was 2.55395 milliseconds in repetition 327
tcp_ping received 262144 bytes back
Round trip time was 2.4275 milliseconds in repetition 328
tcp_ping received 262144 bytes back
Round trip time was 2.44232 milliseconds in repetition 329
tcp_ping received 262144 bytes back
Round trip time was 2.46715 milliseconds in repetition 330
tcp_ping received 262144 bytes back
Round trip time was 2.41279 milliseconds in repetition 331
tcp_ping received 262144 bytes back
Round trip time was 2.52735 milliseconds in repetition 332
tcp_ping received 262144 bytes back
Round trip time was 2.44092 milliseconds in repetition 333
tcp_ping received 262144 bytes back
Round trip time was 2.4576 milliseconds in repetition 334
tcp_ping received 262144 bytes back
Round trip time was 2.61092 milliseconds in repetition 335
tcp_ping received 262144 bytes back
Round trip time was 2.40965 milliseconds in repetition 336
tcp_ping received 262144 bytes back
Round trip time was 2.72743 milliseconds in repetition 337
tcp_ping received 262144 bytes back
Round trip time was 2.46304 milliseconds in repetition 338
tcp_ping received 262144 bytes back
Round trip time was 2.40368 milliseconds in repetition 339
tcp_ping received 262144 bytes back
Round trip time was 2.49314 milliseconds in repetition 340
tcp_ping received 262144 bytes back
Round trip time was 2.4752 milliseconds in repetition 341
tcp_ping received 262144 bytes back
Round trip time was 2.48475 milliseconds in repetition 342
tcp_ping received 262144 bytes back
Round trip time was 2.64084 milliseconds in repetition 343
tcp_ping received 262144 bytes back
Round trip time was 2.45616 milliseconds in repetition 344
tcp_ping received 262144 bytes back
Round trip time was 2.44093 milliseconds in repetition 345
tcp_ping received 262144 bytes back
Round trip time was 2.47923 milliseconds in repetition 346
tcp_ping received 262144 bytes back
Round trip time was 2.42849 milliseconds in repetition 347
tcp_ping received 262144 bytes back
Round trip time was 2.53376 milliseconds in repetition 348
tcp_ping received 262144 bytes back
Round trip time was 2.47032 milliseconds in repetition 349
tcp_ping received 262144 bytes back
Round trip time was 2.42781 milliseconds in repetition 350
tcp_ping received 262144 bytes back
Round trip time was 2.46898 milliseconds in repetition 351
tcp_ping received 262144 bytes back
Round trip time was 2.84798 milliseconds in repetition 352
tcp_ping received 262144 bytes back
Round trip time was 2.82708 milliseconds in repetition 353
tcp_ping received 262144 bytes back
Round trip time was 2.50627 milliseconds in repetition 354
tcp_ping received 262144 bytes back
Round trip time was 2.4177 milliseconds in repetition 355
tcp_ping received 262144 bytes back
Round trip time was 2.49422 milliseconds in repetition 356
tcp_ping received 262144 bytes back
Round trip time was 2.72451 milliseconds in repetition 357
tcp_ping received 262144 bytes back
Round trip time was 2.3864 milliseconds in repetition 358
tcp_ping received 262144 bytes back
Round trip time was 2.48405 milliseconds in repetition 359
tcp_ping received 262144 bytes back
Round trip time was 2.43165 milliseconds in repetition 360
tcp_ping received 262144 bytes back
Round trip time was 2.40106 milliseconds in repetition 361
tcp_ping received 262144 bytes back
Round trip time was 2.44729 milliseconds in repetition 362
tcp_ping received 262144 bytes back
Round trip time was 2.42027 milliseconds in repetition 363
tcp_ping received 262144 bytes back
Round trip time was 2.36881 milliseconds in repetition 364
tcp_ping received 262144 bytes back
Round trip time was 2.47236 milliseconds in repetition 365
tcp_ping received 262144 bytes back
Round trip time was 2.61972 milliseconds in repetition 366
tcp_ping received 262144 bytes back
Round trip time was 2.47026 milliseconds in repetition 367
tcp_ping received 262144 bytes back
Round trip time was 2.40725 milliseconds in repetition 368
tcp_ping received 262144 bytes back
Round trip time was 2.52154 milliseconds in repetition 369
tcp_ping received 262144 bytes back
Round trip time was 2.51229 milliseconds in repetition 370
tcp_ping received 262144 bytes back
Round trip time was 2.41459 milliseconds in repetition 371
tcp_ping received 262144 bytes back
Round trip time was 2.43762 milliseconds in repetition 372
tcp_ping received 262144 bytes back
Round trip time was 2.43562 milliseconds in repetition 373
tcp_ping received 262144 bytes back
Round trip time was 2.36736 milliseconds in repetition 374
tcp_ping received 262144 bytes back
Round trip time was 2.5069 milliseconds in repetition 375
tcp_ping received 262144 bytes back
Round trip time was 2.37968 milliseconds in repetition 376
tcp_ping received 262144 bytes back
Round trip time was 2.37303 milliseconds in repetition 377
tcp_ping received 262144 bytes back
Round trip time was 2.62042 milliseconds in repetition 378
tcp_ping received 262144 bytes back
Round trip time was 2.38273 milliseconds in repetition 379
tcp_ping received 262144 bytes back
Round trip time was 2.50171 milliseconds in repetition 380
tcp_ping received 262144 bytes back
Round trip time was 2.4646 milliseconds in repetition 381
tcp_ping received 262144 bytes back
Round trip time was 2.40509 milliseconds in repetition 382
tcp_ping received 262144 bytes back
Round trip time was 2.60849 milliseconds in repetition 383
tcp_ping received 262144 bytes back
Round trip time was 2.39097 milliseconds in repetition 384
tcp_ping received 262144 bytes back
Round trip time was 2.50832 milliseconds in repetition 385
tcp_ping received 262144 bytes back
Round trip time was 2.54301 milliseconds in repetition 386
tcp_ping received 262144 bytes back
Round trip time was 2.44846 milliseconds in repetition 387
tcp_ping received 262144 bytes back
Round trip time was 2.52616 milliseconds in repetition 388
tcp_ping received 262144 bytes back
Round trip time was 2.52103 milliseconds in repetition 389
tcp_ping received 262144 bytes back
Round trip time was 2.4215 milliseconds in repetition 390
tcp_ping received 262144 bytes back
Round trip time was 2.54953 milliseconds in repetition 391
tcp_ping received 262144 bytes back
Round trip time was 2.45021 milliseconds in repetition 392
tcp_ping received 262144 bytes back
Round trip time was 2.52598 milliseconds in repetition 393
tcp_ping received 262144 bytes back
Round trip time was 2.52703 milliseconds in repetition 394
tcp_ping received 262144 bytes back
Round trip time was 2.50293 milliseconds in repetition 395
tcp_ping received 262144 bytes back
Round trip time was 2.52115 milliseconds in repetition 396
tcp_ping received 262144 bytes back
Round trip time was 3.12667 milliseconds in repetition 397
tcp_ping received 262144 bytes back
Round trip time was 2.61443 milliseconds in repetition 398
tcp_ping received 262144 bytes back
Round trip time was 2.74488 milliseconds in repetition 399
tcp_ping received 262144 bytes back
Round trip time was 2.73633 milliseconds in repetition 400
tcp_ping received 262144 bytes back
Round trip time was 2.51315 milliseconds in repetition 401
tcp_ping received 262144 bytes back
Round trip time was 3.00381 milliseconds in repetition 402
tcp_ping received 262144 bytes back
Round trip time was 2.71974 milliseconds in repetition 403
tcp_ping received 262144 bytes back
Round trip time was 2.57863 milliseconds in repetition 404
tcp_ping received 262144 bytes back
Round trip time was 2.52969 milliseconds in repetition 405
tcp_ping received 262144 bytes back
Round trip time was 2.52381 milliseconds in repetition 406
tcp_ping received 262144 bytes back
Round trip time was 2.41038 milliseconds in repetition 407
tcp_ping received 262144 bytes back
Round trip time was 2.42399 milliseconds in repetition 408
tcp_ping received 262144 bytes back
Round trip time was 2.56517 milliseconds in repetition 409
tcp_ping received 262144 bytes back
Round trip time was 2.32769 milliseconds in repetition 410
tcp_ping received 262144 bytes back
Round trip time was 2.41538 milliseconds in repetition 411
tcp_ping received 262144 bytes back
Round trip time was 2.321 milliseconds in repetition 412
tcp_ping received 262144 bytes back
Round trip time was 2.48069 milliseconds in repetition 413
tcp_ping received 262144 bytes back
Round trip time was 2.50632 milliseconds in repetition 414
tcp_ping received 262144 bytes back
Round trip time was 2.41528 milliseconds in repetition 415
tcp_ping received 262144 bytes back
Round trip time was 3.04745 milliseconds in repetition 416
tcp_ping received 262144 bytes back
Round trip time was 3.01355 milliseconds in repetition 417
tcp_ping received 262144 bytes back
Round trip time was 2.69397 milliseconds in repetition 418
tcp_ping received 262144 bytes back
Round trip time was 2.43481 milliseconds in repetition 419
tcp_ping received 262144 bytes back
Round trip time was 5.23217 milliseconds in repetition 420
tcp_ping received 262144 bytes back
Round trip time was 2.62675 milliseconds in repetition 421
tcp_ping received 262144 bytes back
Round trip time was 2.7246 milliseconds in repetition 422
tcp_ping received 262144 bytes back
Round trip time was 2.88262 milliseconds in repetition 423
tcp_ping received 262144 bytes back
Round trip time was 3.06046 milliseconds in repetition 424
tcp_ping received 262144 bytes back
Round trip time was 2.48673 milliseconds in repetition 425
tcp_ping received 262144 bytes back
Round trip time was 2.70385 milliseconds in repetition 426
tcp_ping received 262144 bytes back
Round trip time was 2.44541 milliseconds in repetition 427
tcp_ping received 262144 bytes back
Round trip time was 2.54787 milliseconds in repetition 428
tcp_ping received 262144 bytes back
Round trip time was 2.43039 milliseconds in repetition 429
tcp_ping received 262144 bytes back
Round trip time was 2.46964 milliseconds in repetition 430
tcp_ping received 262144 bytes back
Round trip time was 2.7325 milliseconds in repetition 431
tcp_ping received 262144 bytes back
Round trip time was 2.51486 milliseconds in repetition 432
tcp_ping received 262144 bytes back
Round trip time was 2.38423 milliseconds in repetition 433
tcp_ping received 262144 bytes back
Round trip time was 2.48256 milliseconds in repetition 434
tcp_ping received 262144 bytes back
Round trip time was 2.38831 milliseconds in repetition 435
tcp_ping received 262144 bytes back
Round trip time was 2.48969 milliseconds in repetition 436
tcp_ping received 262144 bytes back
Round trip time was 2.34118 milliseconds in repetition 437
tcp_ping received 262144 bytes back
Round trip time was 2.35716 milliseconds in repetition 438
tcp_ping received 262144 bytes back
Round trip time was 2.32953 milliseconds in repetition 439
tcp_ping received 262144 bytes back
Round trip time was 2.3192 milliseconds in repetition 440
tcp_ping received 262144 bytes back
Round trip time was 2.31644 milliseconds in repetition 441
tcp_ping received 262144 bytes back
Round trip time was 2.32412 milliseconds in repetition 442
tcp_ping received 262144 bytes back
Round trip time was 2.37968 milliseconds in repetition 443
tcp_ping received 262144 bytes back
Round trip time was 2.47266 milliseconds in repetition 444
tcp_ping received 262144 bytes back
Round trip time was 2.28451 milliseconds in repetition 445
tcp_ping received 262144 bytes back
Round trip time was 2.37706 milliseconds in repetition 446
tcp_ping received 262144 bytes back
Round trip time was 2.38211 milliseconds in repetition 447
tcp_ping received 262144 bytes back
Round trip time was 2.47113 milliseconds in repetition 448
tcp_ping received 262144 bytes back
Round trip time was 2.38808 milliseconds in repetition 449
tcp_ping received 262144 bytes back
Round trip time was 2.37533 milliseconds in repetition 450
tcp_ping received 262144 bytes back
Round trip time was 2.46092 milliseconds in repetition 451
tcp_ping received 262144 bytes back
Round trip time was 2.39191 milliseconds in repetition 452
tcp_ping received 262144 bytes back
Round trip time was 2.61806 milliseconds in repetition 453
tcp_ping received 262144 bytes back
Round trip time was 2.50876 milliseconds in repetition 454
tcp_ping received 262144 bytes back
Round trip time was 2.45454 milliseconds in repetition 455
tcp_ping received 262144 bytes back
Round trip time was 2.5367 milliseconds in repetition 456
tcp_ping received 262144 bytes back
Round trip time was 2.50242 milliseconds in repetition 457
tcp_ping received 262144 bytes back
Round trip time was 2.75049 milliseconds in repetition 458
tcp_ping received 262144 bytes back
Round trip time was 2.53338 milliseconds in repetition 459
tcp_ping received 262144 bytes back
Round trip time was 2.44289 milliseconds in repetition 460
tcp_ping received 262144 bytes back
Round trip time was 2.51189 milliseconds in repetition 461
tcp_ping received 262144 bytes back
Round trip time was 2.47994 milliseconds in repetition 462
tcp_ping received 262144 bytes back
Round trip time was 2.46225 milliseconds in repetition 463
tcp_ping received 262144 bytes back
Round trip time was 2.52681 milliseconds in repetition 464
tcp_ping received 262144 bytes back
Round trip time was 2.51315 milliseconds in repetition 465
tcp_ping received 262144 bytes back
Round trip time was 2.41833 milliseconds in repetition 466
tcp_ping received 262144 bytes back
Round trip time was 2.49106 milliseconds in repetition 467
tcp_ping received 262144 bytes back
Round trip time was 2.42651 milliseconds in repetition 468
tcp_ping received 262144 bytes back
Round trip time was 2.40726 milliseconds in repetition 469
tcp_ping received 262144 bytes back
Round trip time was 2.52473 milliseconds in repetition 470
tcp_ping received 262144 bytes back
Round trip time was 2.40044 milliseconds in repetition 471
tcp_ping received 262144 bytes back
Round trip time was 2.56849 milliseconds in repetition 472
tcp_ping received 262144 bytes back
Round trip time was 2.47748 milliseconds in repetition 473
tcp_ping received 262144 bytes back
Round trip time was 2.37965 milliseconds in repetition 474
tcp_ping received 262144 bytes back
Round trip time was 2.59237 milliseconds in repetition 475
tcp_ping received 262144 bytes back
Round trip time was 2.47148 milliseconds in repetition 476
tcp_ping received 262144 bytes back
Round trip time was 2.68898 milliseconds in repetition 477
tcp_ping received 262144 bytes back
Round trip time was 2.60505 milliseconds in repetition 478
tcp_ping received 262144 bytes back
Round trip time was 2.48371 milliseconds in repetition 479
tcp_ping received 262144 bytes back
Round trip time was 2.49188 milliseconds in repetition 480
tcp_ping received 262144 bytes back
Round trip time was 2.54019 milliseconds in repetition 481
tcp_ping received 262144 bytes back
Round trip time was 2.5763 milliseconds in repetition 482
tcp_ping received 262144 bytes back
Round trip time was 4.62846 milliseconds in repetition 483
tcp_ping received 262144 bytes back
Round trip time was 3.96571 milliseconds in repetition 484
tcp_ping received 262144 bytes back
Round trip time was 3.21324 milliseconds in repetition 485
tcp_ping received 262144 bytes back
Round trip time was 2.57918 milliseconds in repetition 486
tcp_ping received 262144 bytes back
Round trip time was 2.66851 milliseconds in repetition 487
tcp_ping received 262144 bytes back
Round trip time was 3.6425 milliseconds in repetition 488
tcp_ping received 262144 bytes back
Round trip time was 2.59546 milliseconds in repetition 489
tcp_ping received 262144 bytes back
Round trip time was 2.84503 milliseconds in repetition 490
tcp_ping received 262144 bytes back
Round trip time was 2.87985 milliseconds in repetition 491
tcp_ping received 262144 bytes back
Round trip time was 2.53039 milliseconds in repetition 492
tcp_ping received 262144 bytes back
Round trip time was 2.55457 milliseconds in repetition 493
tcp_ping received 262144 bytes back
Round trip time was 2.52089 milliseconds in repetition 494
tcp_ping received 262144 bytes back
Round trip time was 2.72523 milliseconds in repetition 495
tcp_ping received 262144 bytes back
Round trip time was 3.01533 milliseconds in repetition 496
tcp_ping received 262144 bytes back
Round trip time was 2.50329 milliseconds in repetition 497
tcp_ping received 262144 bytes back
Round trip time was 2.44723 milliseconds in repetition 498
tcp_ping received 262144 bytes back
Round trip time was 2.51952 milliseconds in repetition 499
tcp_ping received 262144 bytes back
Round trip time was 2.43792 milliseconds in repetition 500
tcp_ping received 262144 bytes back
Round trip time was 2.511 milliseconds in repetition 501

 ... clock resolution was 1e-06
TCP Ping:  Statistics over 501 repetitions of 262144 byte messages

RTT : percentile 10: 2.38559, median: 2.49422, percentile 90: 2.88262, average: 2.6133, variance: 0.212141

RTT histogram:
2.27907 57
2.50458 342
2.73009 48
2.95559 19
3.1811 11
3.40661 4
3.63212 6
3.85763 4
4.08313 1
4.30864 2
4.53415 1
4.75966 0
4.98517 1
5.21067 1
5.43618 1
5.66169 0
5.8872 1
6.11271 0
6.33821 1
6.56372 0
6.78923 1

   median Throughput : 210201 KB/s   overall Throughput : 200623 KB/s

