TCP Ping trying to connect to server localhost (127.0.0.1) on port 1421
 ... connected to Pong server: asking for 501 repetitions of 256 bytes TCP messages
 ... Pong server agreed :-)
tcp_ping received 256 bytes back
Round trip time was 0.143834 milliseconds in repetition 1
tcp_ping received 256 bytes back
Round trip time was 0.157551 milliseconds in repetition 2
tcp_ping received 256 bytes back
Round trip time was 0.166795 milliseconds in repetition 3
tcp_ping received 256 bytes back
Round trip time was 0.174501 milliseconds in repetition 4
tcp_ping received 256 bytes back
Round trip time was 0.145063 milliseconds in repetition 5
tcp_ping received 256 bytes back
Round trip time was 0.246181 milliseconds in repetition 6
tcp_ping received 256 bytes back
Round trip time was 0.136838 milliseconds in repetition 7
tcp_ping received 256 bytes back
Round trip time was 0.219714 milliseconds in repetition 8
tcp_ping received 256 bytes back
Round trip time was 0.179837 milliseconds in repetition 9
tcp_ping received 256 bytes back
Round trip time was 0.024194 milliseconds in repetition 10
tcp_ping received 256 bytes back
Round trip time was 0.01428 milliseconds in repetition 11
tcp_ping received 256 bytes back
Round trip time was 0.013736 milliseconds in repetition 12
tcp_ping received 256 bytes back
Round trip time was 0.045942 milliseconds in repetition 13
tcp_ping received 256 bytes back
Round trip time was 0.098995 milliseconds in repetition 14
tcp_ping received 256 bytes back
Round trip time was 0.050312 milliseconds in repetition 15
tcp_ping received 256 bytes back
Round trip time was 0.02231 milliseconds in repetition 16
tcp_ping received 256 bytes back
Round trip time was 0.013854 milliseconds in repetition 17
tcp_ping received 256 bytes back
Round trip time was 0.013374 milliseconds in repetition 18
tcp_ping received 256 bytes back
Round trip time was 0.013034 milliseconds in repetition 19
tcp_ping received 256 bytes back
Round trip time was 0.013123 milliseconds in repetition 20
tcp_ping received 256 bytes back
Round trip time was 0.013111 milliseconds in repetition 21
tcp_ping received 256 bytes back
Round trip time was 0.012936 milliseconds in repetition 22
tcp_ping received 256 bytes back
Round trip time was 0.013001 milliseconds in repetition 23
tcp_ping received 256 bytes back
Round trip time was 0.012925 milliseconds in repetition 24
tcp_ping received 256 bytes back
Round trip time was 0.012991 milliseconds in repetition 25
tcp_ping received 256 bytes back
Round trip time was 0.013092 milliseconds in repetition 26
tcp_ping received 256 bytes back
Round trip time was 0.012903 milliseconds in repetition 27
tcp_ping received 256 bytes back
Round trip time was 0.01352 milliseconds in repetition 28
tcp_ping received 256 bytes back
Round trip time was 0.02629 milliseconds in repetition 29
tcp_ping received 256 bytes back
Round trip time was 0.014687 milliseconds in repetition 30
tcp_ping received 256 bytes back
Round trip time was 0.013177 milliseconds in repetition 31
tcp_ping received 256 bytes back
Round trip time was 0.012897 milliseconds in repetition 32
tcp_ping received 256 bytes back
Round trip time was 0.013213 milliseconds in repetition 33
tcp_ping received 256 bytes back
Round trip time was 0.012934 milliseconds in repetition 34
tcp_ping received 256 bytes back
Round trip time was 0.012948 milliseconds in repetition 35
tcp_ping received 256 bytes back
Round trip time was 0.01315 milliseconds in repetition 36
tcp_ping received 256 bytes back
Round trip time was 0.012993 milliseconds in repetition 37
tcp_ping received 256 bytes back
Round trip time was 0.012983 milliseconds in repetition 38
tcp_ping received 256 bytes back
Round trip time was 0.012895 milliseconds in repetition 39
tcp_ping received 256 bytes back
Round trip time was 0.012825 milliseconds in repetition 40
tcp_ping received 256 bytes back
Round trip time was 0.02708 milliseconds in repetition 41
tcp_ping received 256 bytes back
Round trip time was 0.017396 milliseconds in repetition 42
tcp_ping received 256 bytes back
Round trip time was 0.013353 milliseconds in repetition 43
tcp_ping received 256 bytes back
Round trip time was 0.031173 milliseconds in repetition 44
tcp_ping received 256 bytes back
Round trip time was 0.01461 milliseconds in repetition 45
tcp_ping received 256 bytes back
Round trip time was 0.0129 milliseconds in repetition 46
tcp_ping received 256 bytes back
Round trip time was 0.012812 milliseconds in repetition 47
tcp_ping received 256 bytes back
Round trip time was 0.012734 milliseconds in repetition 48
tcp_ping received 256 bytes back
Round trip time was 0.012684 milliseconds in repetition 49
tcp_ping received 256 bytes back
Round trip time was 0.012501 milliseconds in repetition 50
tcp_ping received 256 bytes back
Round trip time was 0.031051 milliseconds in repetition 51
tcp_ping received 256 bytes back
Round trip time was 0.013295 milliseconds in repetition 52
tcp_ping received 256 bytes back
Round trip time was 0.01282 milliseconds in repetition 53
tcp_ping received 256 bytes back
Round trip time was 0.044991 milliseconds in repetition 54
tcp_ping received 256 bytes back
Round trip time was 0.012958 milliseconds in repetition 55
tcp_ping received 256 bytes back
Round trip time was 0.026389 milliseconds in repetition 56
tcp_ping received 256 bytes back
Round trip time was 0.0404 milliseconds in repetition 57
tcp_ping received 256 bytes back
Round trip time was 0.119962 milliseconds in repetition 58
tcp_ping received 256 bytes back
Round trip time was 0.666694 milliseconds in repetition 59
tcp_ping received 256 bytes back
Round trip time was 0.537909 milliseconds in repetition 60
tcp_ping received 256 bytes back
Round trip time was 0.184705 milliseconds in repetition 61
tcp_ping received 256 bytes back
Round trip time was 0.121463 milliseconds in repetition 62
tcp_ping received 256 bytes back
Round trip time was 0.124524 milliseconds in repetition 63
tcp_ping received 256 bytes back
Round trip time was 0.077322 milliseconds in repetition 64
tcp_ping received 256 bytes back
Round trip time was 0.058373 milliseconds in repetition 65
tcp_ping received 256 bytes back
Round trip time was 0.059677 milliseconds in repetition 66
tcp_ping received 256 bytes back
Round trip time was 0.089965 milliseconds in repetition 67
tcp_ping received 256 bytes back
Round trip time was 0.08381 milliseconds in repetition 68
tcp_ping received 256 bytes back
Round trip time was 0.10601 milliseconds in repetition 69
tcp_ping received 256 bytes back
Round trip time was 0.119952 milliseconds in repetition 70
tcp_ping received 256 bytes back
Round trip time was 0.109172 milliseconds in repetition 71
tcp_ping received 256 bytes back
Round trip time was 0.091679 milliseconds in repetition 72
tcp_ping received 256 bytes back
Round trip time was 0.270717 milliseconds in repetition 73
tcp_ping received 256 bytes back
Round trip time was 0.126955 milliseconds in repetition 74
tcp_ping received 256 bytes back
Round trip time was 0.287374 milliseconds in repetition 75
tcp_ping received 256 bytes back
Round trip time was 0.063467 milliseconds in repetition 76
tcp_ping received 256 bytes back
Round trip time was 0.042283 milliseconds in repetition 77
tcp_ping received 256 bytes back
Round trip time was 0.043478 milliseconds in repetition 78
tcp_ping received 256 bytes back
Round trip time was 0.047634 milliseconds in repetition 79
tcp_ping received 256 bytes back
Round trip time was 0.048846 milliseconds in repetition 80
tcp_ping received 256 bytes back
Round trip time was 0.049316 milliseconds in repetition 81
tcp_ping received 256 bytes back
Round trip time was 0.021791 milliseconds in repetition 82
tcp_ping received 256 bytes back
Round trip time was 0.015267 milliseconds in repetition 83
tcp_ping received 256 bytes back
Round trip time was 0.015286 milliseconds in repetition 84
tcp_ping received 256 bytes back
Round trip time was 0.014185 milliseconds in repetition 85
tcp_ping received 256 bytes back
Round trip time was 0.014721 milliseconds in repetition 86
tcp_ping received 256 bytes back
Round trip time was 0.014714 milliseconds in repetition 87
tcp_ping received 256 bytes back
Round trip time was 0.015156 milliseconds in repetition 88
tcp_ping received 256 bytes back
Round trip time was 0.069117 milliseconds in repetition 89
tcp_ping received 256 bytes back
Round trip time was 0.068528 milliseconds in repetition 90
tcp_ping received 256 bytes back
Round trip time was 0.08573 milliseconds in repetition 91
tcp_ping received 256 bytes back
Round trip time was 0.082542 milliseconds in repetition 92
tcp_ping received 256 bytes back
Round trip time was 0.088938 milliseconds in repetition 93
tcp_ping received 256 bytes back
Round trip time was 0.092979 milliseconds in repetition 94
tcp_ping received 256 bytes back
Round trip time was 0.113406 milliseconds in repetition 95
tcp_ping received 256 bytes back
Round trip time was 0.122685 milliseconds in repetition 96
tcp_ping received 256 bytes back
Round trip time was 0.087772 milliseconds in repetition 97
tcp_ping received 256 bytes back
Round trip time was 0.058123 milliseconds in repetition 98
tcp_ping received 256 bytes back
Round trip time was 0.057445 milliseconds in repetition 99
tcp_ping received 256 bytes back
Round trip time was 0.058998 milliseconds in repetition 100
tcp_ping received 256 bytes back
Round trip time was 0.058053 milliseconds in repetition 101
tcp_ping received 256 bytes back
Round trip time was 0.057893 milliseconds in repetition 102
tcp_ping received 256 bytes back
Round trip time was 0.057577 milliseconds in repetition 103
tcp_ping received 256 bytes back
Round trip time was 0.041332 milliseconds in repetition 104
tcp_ping received 256 bytes back
Round trip time was 0.017313 milliseconds in repetition 105
tcp_ping received 256 bytes back
Round trip time was 0.013362 milliseconds in repetition 106
tcp_ping received 256 bytes back
Round trip time was 0.013251 milliseconds in repetition 107
tcp_ping received 256 bytes back
Round trip time was 0.013155 milliseconds in repetition 108
tcp_ping received 256 bytes back
Round trip time was 0.013187 milliseconds in repetition 109
tcp_ping received 256 bytes back
Round trip time was 0.012986 milliseconds in repetition 110
tcp_ping received 256 bytes back
Round trip time was 0.01299 milliseconds in repetition 111
tcp_ping received 256 bytes back
Round trip time was 0.012868 milliseconds in repetition 112
tcp_ping received 256 bytes back
Round trip time was 0.012876 milliseconds in repetition 113
tcp_ping received 256 bytes back
Round trip time was 0.013005 milliseconds in repetition 114
tcp_ping received 256 bytes back
Round trip time was 0.01295 milliseconds in repetition 115
tcp_ping received 256 bytes back
Round trip time was 0.012998 milliseconds in repetition 116
tcp_ping received 256 bytes back
Round trip time was 0.013023 milliseconds in repetition 117
tcp_ping received 256 bytes back
Round trip time was 0.012999 milliseconds in repetition 118
tcp_ping received 256 bytes back
Round trip time was 0.012853 milliseconds in repetition 119
tcp_ping received 256 bytes back
Round trip time was 0.012823 milliseconds in repetition 120
tcp_ping received 256 bytes back
Round trip time was 0.012871 milliseconds in repetition 121
tcp_ping received 256 bytes back
Round trip time was 0.012967 milliseconds in repetition 122
tcp_ping received 256 bytes back
Round trip time was 0.012863 milliseconds in repetition 123
tcp_ping received 256 bytes back
Round trip time was 0.013136 milliseconds in repetition 124
tcp_ping received 256 bytes back
Round trip time was 0.013231 milliseconds in repetition 125
tcp_ping received 256 bytes back
Round trip time was 0.013057 milliseconds in repetition 126
tcp_ping received 256 bytes back
Round trip time was 0.0129 milliseconds in repetition 127
tcp_ping received 256 bytes back
Round trip time was 0.012811 milliseconds in repetition 128
tcp_ping received 256 bytes back
Round trip time was 0.012794 milliseconds in repetition 129
tcp_ping received 256 bytes back
Round trip time was 0.013064 milliseconds in repetition 130
tcp_ping received 256 bytes back
Round trip time was 0.013002 milliseconds in repetition 131
tcp_ping received 256 bytes back
Round trip time was 0.012988 milliseconds in repetition 132
tcp_ping received 256 bytes back
Round trip time was 0.022842 milliseconds in repetition 133
tcp_ping received 256 bytes back
Round trip time was 0.013702 milliseconds in repetition 134
tcp_ping received 256 bytes back
Round trip time was 0.013165 milliseconds in repetition 135
tcp_ping received 256 bytes back
Round trip time was 0.012977 milliseconds in repetition 136
tcp_ping received 256 bytes back
Round trip time was 0.013129 milliseconds in repetition 137
tcp_ping received 256 bytes back
Round trip time was 0.013055 milliseconds in repetition 138
tcp_ping received 256 bytes back
Round trip time was 0.013024 milliseconds in repetition 139
tcp_ping received 256 bytes back
Round trip time was 0.013001 milliseconds in repetition 140
tcp_ping received 256 bytes back
Round trip time was 0.013002 milliseconds in repetition 141
tcp_ping received 256 bytes back
Round trip time was 0.01302 milliseconds in repetition 142
tcp_ping received 256 bytes back
Round trip time was 0.012944 milliseconds in repetition 143
tcp_ping received 256 bytes back
Round trip time was 0.013055 milliseconds in repetition 144
tcp_ping received 256 bytes back
Round trip time was 0.012924 milliseconds in repetition 145
tcp_ping received 256 bytes back
Round trip time was 0.01306 milliseconds in repetition 146
tcp_ping received 256 bytes back
Round trip time was 0.013014 milliseconds in repetition 147
tcp_ping received 256 bytes back
Round trip time was 0.012914 milliseconds in repetition 148
tcp_ping received 256 bytes back
Round trip time was 0.013032 milliseconds in repetition 149
tcp_ping received 256 bytes back
Round trip time was 0.013163 milliseconds in repetition 150
tcp_ping received 256 bytes back
Round trip time was 0.01299 milliseconds in repetition 151
tcp_ping received 256 bytes back
Round trip time was 0.012851 milliseconds in repetition 152
tcp_ping received 256 bytes back
Round trip time was 0.013012 milliseconds in repetition 153
tcp_ping received 256 bytes back
Round trip time was 0.013041 milliseconds in repetition 154
tcp_ping received 256 bytes back
Round trip time was 0.012942 milliseconds in repetition 155
tcp_ping received 256 bytes back
Round trip time was 0.013162 milliseconds in repetition 156
tcp_ping received 256 bytes back
Round trip time was 0.013236 milliseconds in repetition 157
tcp_ping received 256 bytes back
Round trip time was 0.013235 milliseconds in repetition 158
tcp_ping received 256 bytes back
Round trip time was 0.012876 milliseconds in repetition 159
tcp_ping received 256 bytes back
Round trip time was 0.012963 milliseconds in repetition 160
tcp_ping received 256 bytes back
Round trip time was 0.012988 milliseconds in repetition 161
tcp_ping received 256 bytes back
Round trip time was 0.013241 milliseconds in repetition 162
tcp_ping received 256 bytes back
Round trip time was 0.012981 milliseconds in repetition 163
tcp_ping received 256 bytes back
Round trip time was 0.012992 milliseconds in repetition 164
tcp_ping received 256 bytes back
Round trip time was 0.013116 milliseconds in repetition 165
tcp_ping received 256 bytes back
Round trip time was 0.013392 milliseconds in repetition 166
tcp_ping received 256 bytes back
Round trip time was 0.012924 milliseconds in repetition 167
tcp_ping received 256 bytes back
Round trip time was 0.013034 milliseconds in repetition 168
tcp_ping received 256 bytes back
Round trip time was 0.012948 milliseconds in repetition 169
tcp_ping received 256 bytes back
Round trip time was 0.012954 milliseconds in repetition 170
tcp_ping received 256 bytes back
Round trip time was 0.012942 milliseconds in repetition 171
tcp_ping received 256 bytes back
Round trip time was 0.012931 milliseconds in repetition 172
tcp_ping received 256 bytes back
Round trip time was 0.013556 milliseconds in repetition 173
tcp_ping received 256 bytes back
Round trip time was 0.013275 milliseconds in repetition 174
tcp_ping received 256 bytes back
Round trip time was 0.01303 milliseconds in repetition 175
tcp_ping received 256 bytes back
Round trip time was 0.013108 milliseconds in repetition 176
tcp_ping received 256 bytes back
Round trip time was 0.023146 milliseconds in repetition 177
tcp_ping received 256 bytes back
Round trip time was 0.16801 milliseconds in repetition 178
tcp_ping received 256 bytes back
Round trip time was 0.015095 milliseconds in repetition 179
tcp_ping received 256 bytes back
Round trip time was 0.013265 milliseconds in repetition 180
tcp_ping received 256 bytes back
Round trip time was 0.013152 milliseconds in repetition 181
tcp_ping received 256 bytes back
Round trip time was 0.013072 milliseconds in repetition 182
tcp_ping received 256 bytes back
Round trip time was 0.013002 milliseconds in repetition 183
tcp_ping received 256 bytes back
Round trip time was 0.013037 milliseconds in repetition 184
tcp_ping received 256 bytes back
Round trip time was 0.012999 milliseconds in repetition 185
tcp_ping received 256 bytes back
Round trip time was 0.013045 milliseconds in repetition 186
tcp_ping received 256 bytes back
Round trip time was 0.012961 milliseconds in repetition 187
tcp_ping received 256 bytes back
Round trip time was 0.012953 milliseconds in repetition 188
tcp_ping received 256 bytes back
Round trip time was 0.029924 milliseconds in repetition 189
tcp_ping received 256 bytes back
Round trip time was 0.020075 milliseconds in repetition 190
tcp_ping received 256 bytes back
Round trip time was 0.013539 milliseconds in repetition 191
tcp_ping received 256 bytes back
Round trip time was 0.013242 milliseconds in repetition 192
tcp_ping received 256 bytes back
Round trip time was 0.013078 milliseconds in repetition 193
tcp_ping received 256 bytes back
Round trip time was 0.013147 milliseconds in repetition 194
tcp_ping received 256 bytes back
Round trip time was 0.012936 milliseconds in repetition 195
tcp_ping received 256 bytes back
Round trip time was 0.012893 milliseconds in repetition 196
tcp_ping received 256 bytes back
Round trip time was 0.013075 milliseconds in repetition 197
tcp_ping received 256 bytes back
Round trip time was 0.012982 milliseconds in repetition 198
tcp_ping received 256 bytes back
Round trip time was 0.01291 milliseconds in repetition 199
tcp_ping received 256 bytes back
Round trip time was 0.013056 milliseconds in repetition 200
tcp_ping received 256 bytes back
Round trip time was 0.012874 milliseconds in repetition 201
tcp_ping received 256 bytes back
Round trip time was 0.012781 milliseconds in repetition 202
tcp_ping received 256 bytes back
Round trip time was 0.012909 milliseconds in repetition 203
tcp_ping received 256 bytes back
Round trip time was 0.013036 milliseconds in repetition 204
tcp_ping received 256 bytes back
Round trip time was 0.01317 milliseconds in repetition 205
tcp_ping received 256 bytes back
Round trip time was 0.013018 milliseconds in repetition 206
tcp_ping received 256 bytes back
Round trip time was 0.012942 milliseconds in repetition 207
tcp_ping received 256 bytes back
Round trip time was 0.013004 milliseconds in repetition 208
tcp_ping received 256 bytes back
Round trip time was 0.012919 milliseconds in repetition 209
tcp_ping received 256 bytes back
Round trip time was 0.013102 milliseconds in repetition 210
tcp_ping received 256 bytes back
Round trip time was 0.013058 milliseconds in repetition 211
tcp_ping received 256 bytes back
Round trip time was 0.012862 milliseconds in repetition 212
tcp_ping received 256 bytes back
Round trip time was 0.013023 milliseconds in repetition 213
tcp_ping received 256 bytes back
Round trip time was 0.01298 milliseconds in repetition 214
tcp_ping received 256 bytes back
Round trip time was 0.01299 milliseconds in repetition 215
tcp_ping received 256 bytes back
Round trip time was 0.012894 milliseconds in repetition 216
tcp_ping received 256 bytes back
Round trip time was 0.01301 milliseconds in repetition 217
tcp_ping received 256 bytes back
Round trip time was 0.013322 milliseconds in repetition 218
tcp_ping received 256 bytes back
Round trip time was 0.012951 milliseconds in repetition 219
tcp_ping received 256 bytes back
Round trip time was 0.013091 milliseconds in repetition 220
tcp_ping received 256 bytes back
Round trip time was 0.023465 milliseconds in repetition 221
tcp_ping received 256 bytes back
Round trip time was 0.013969 milliseconds in repetition 222
tcp_ping received 256 bytes back
Round trip time was 0.013333 milliseconds in repetition 223
tcp_ping received 256 bytes back
Round trip time was 0.01294 milliseconds in repetition 224
tcp_ping received 256 bytes back
Round trip time was 0.022189 milliseconds in repetition 225
tcp_ping received 256 bytes back
Round trip time was 0.016785 milliseconds in repetition 226
tcp_ping received 256 bytes back
Round trip time was 0.01342 milliseconds in repetition 227
tcp_ping received 256 bytes back
Round trip time was 0.013329 milliseconds in repetition 228
tcp_ping received 256 bytes back
Round trip time was 0.026993 milliseconds in repetition 229
tcp_ping received 256 bytes back
Round trip time was 0.026329 milliseconds in repetition 230
tcp_ping received 256 bytes back
Round trip time was 0.014692 milliseconds in repetition 231
tcp_ping received 256 bytes back
Round trip time was 0.01332 milliseconds in repetition 232
tcp_ping received 256 bytes back
Round trip time was 0.013177 milliseconds in repetition 233
tcp_ping received 256 bytes back
Round trip time was 0.013475 milliseconds in repetition 234
tcp_ping received 256 bytes back
Round trip time was 0.013191 milliseconds in repetition 235
tcp_ping received 256 bytes back
Round trip time was 0.013117 milliseconds in repetition 236
tcp_ping received 256 bytes back
Round trip time was 0.013285 milliseconds in repetition 237
tcp_ping received 256 bytes back
Round trip time was 0.013149 milliseconds in repetition 238
tcp_ping received 256 bytes back
Round trip time was 0.013014 milliseconds in repetition 239
tcp_ping received 256 bytes back
Round trip time was 0.013202 milliseconds in repetition 240
tcp_ping received 256 bytes back
Round trip time was 0.01296 milliseconds in repetition 241
tcp_ping received 256 bytes back
Round trip time was 0.013265 milliseconds in repetition 242
tcp_ping received 256 bytes back
Round trip time was 0.01312 milliseconds in repetition 243
tcp_ping received 256 bytes back
Round trip time was 0.013227 milliseconds in repetition 244
tcp_ping received 256 bytes back
Round trip time was 0.013128 milliseconds in repetition 245
tcp_ping received 256 bytes back
Round trip time was 0.013102 milliseconds in repetition 246
tcp_ping received 256 bytes back
Round trip time was 0.013009 milliseconds in repetition 247
tcp_ping received 256 bytes back
Round trip time was 0.013129 milliseconds in repetition 248
tcp_ping received 256 bytes back
Round trip time was 0.013027 milliseconds in repetition 249
tcp_ping received 256 bytes back
Round trip time was 0.012975 milliseconds in repetition 250
tcp_ping received 256 bytes back
Round trip time was 0.013087 milliseconds in repetition 251
tcp_ping received 256 bytes back
Round trip time was 0.013105 milliseconds in repetition 252
tcp_ping received 256 bytes back
Round trip time was 0.013371 milliseconds in repetition 253
tcp_ping received 256 bytes back
Round trip time was 0.013046 milliseconds in repetition 254
tcp_ping received 256 bytes back
Round trip time was 0.013118 milliseconds in repetition 255
tcp_ping received 256 bytes back
Round trip time was 0.014498 milliseconds in repetition 256
tcp_ping received 256 bytes back
Round trip time was 0.020753 milliseconds in repetition 257
tcp_ping received 256 bytes back
Round trip time was 0.013181 milliseconds in repetition 258
tcp_ping received 256 bytes back
Round trip time was 0.013455 milliseconds in repetition 259
tcp_ping received 256 bytes back
Round trip time was 0.013564 milliseconds in repetition 260
tcp_ping received 256 bytes back
Round trip time was 0.013418 milliseconds in repetition 261
tcp_ping received 256 bytes back
Round trip time was 0.013258 milliseconds in repetition 262
tcp_ping received 256 bytes back
Round trip time was 0.013186 milliseconds in repetition 263
tcp_ping received 256 bytes back
Round trip time was 0.013324 milliseconds in repetition 264
tcp_ping received 256 bytes back
Round trip time was 0.024139 milliseconds in repetition 265
tcp_ping received 256 bytes back
Round trip time was 0.013903 milliseconds in repetition 266
tcp_ping received 256 bytes back
Round trip time was 0.013431 milliseconds in repetition 267
tcp_ping received 256 bytes back
Round trip time was 0.01301 milliseconds in repetition 268
tcp_ping received 256 bytes back
Round trip time was 0.013602 milliseconds in repetition 269
tcp_ping received 256 bytes back
Round trip time was 0.01354 milliseconds in repetition 270
tcp_ping received 256 bytes back
Round trip time was 0.013025 milliseconds in repetition 271
tcp_ping received 256 bytes back
Round trip time was 0.012911 milliseconds in repetition 272
tcp_ping received 256 bytes back
Round trip time was 0.012993 milliseconds in repetition 273
tcp_ping received 256 bytes back
Round trip time was 0.013015 milliseconds in repetition 274
tcp_ping received 256 bytes back
Round trip time was 0.012924 milliseconds in repetition 275
tcp_ping received 256 bytes back
Round trip time was 0.012935 milliseconds in repetition 276
tcp_ping received 256 bytes back
Round trip time was 0.0131 milliseconds in repetition 277
tcp_ping received 256 bytes back
Round trip time was 0.012954 milliseconds in repetition 278
tcp_ping received 256 bytes back
Round trip time was 0.012886 milliseconds in repetition 279
tcp_ping received 256 bytes back
Round trip time was 0.012847 milliseconds in repetition 280
tcp_ping received 256 bytes back
Round trip time was 0.012965 milliseconds in repetition 281
tcp_ping received 256 bytes back
Round trip time was 0.013115 milliseconds in repetition 282
tcp_ping received 256 bytes back
Round trip time was 0.013043 milliseconds in repetition 283
tcp_ping received 256 bytes back
Round trip time was 0.012869 milliseconds in repetition 284
tcp_ping received 256 bytes back
Round trip time was 0.013329 milliseconds in repetition 285
tcp_ping received 256 bytes back
Round trip time was 0.013117 milliseconds in repetition 286
tcp_ping received 256 bytes back
Round trip time was 0.012865 milliseconds in repetition 287
tcp_ping received 256 bytes back
Round trip time was 0.013023 milliseconds in repetition 288
tcp_ping received 256 bytes back
Round trip time was 0.013063 milliseconds in repetition 289
tcp_ping received 256 bytes back
Round trip time was 0.013067 milliseconds in repetition 290
tcp_ping received 256 bytes back
Round trip time was 0.012975 milliseconds in repetition 291
tcp_ping received 256 bytes back
Round trip time was 0.012936 milliseconds in repetition 292
tcp_ping received 256 bytes back
Round trip time was 0.012911 milliseconds in repetition 293
tcp_ping received 256 bytes back
Round trip time was 0.013086 milliseconds in repetition 294
tcp_ping received 256 bytes back
Round trip time was 0.012906 milliseconds in repetition 295
tcp_ping received 256 bytes back
Round trip time was 0.01295 milliseconds in repetition 296
tcp_ping received 256 bytes back
Round trip time was 0.0129 milliseconds in repetition 297
tcp_ping received 256 bytes back
Round trip time was 0.013047 milliseconds in repetition 298
tcp_ping received 256 bytes back
Round trip time was 0.01312 milliseconds in repetition 299
tcp_ping received 256 bytes back
Round trip time was 0.013075 milliseconds in repetition 300
tcp_ping received 256 bytes back
Round trip time was 0.013035 milliseconds in repetition 301
tcp_ping received 256 bytes back
Round trip time was 0.012898 milliseconds in repetition 302
tcp_ping received 256 bytes back
Round trip time was 0.01305 milliseconds in repetition 303
tcp_ping received 256 bytes back
Round trip time was 0.012867 milliseconds in repetition 304
tcp_ping received 256 bytes back
Round trip time was 0.012853 milliseconds in repetition 305
tcp_ping received 256 bytes back
Round trip time was 0.013115 milliseconds in repetition 306
tcp_ping received 256 bytes back
Round trip time was 0.012941 milliseconds in repetition 307
tcp_ping received 256 bytes back
Round trip time was 0.012821 milliseconds in repetition 308
tcp_ping received 256 bytes back
Round trip time was 0.022614 milliseconds in repetition 309
tcp_ping received 256 bytes back
Round trip time was 0.013603 milliseconds in repetition 310
tcp_ping received 256 bytes back
Round trip time was 0.01295 milliseconds in repetition 311
tcp_ping received 256 bytes back
Round trip time was 0.013043 milliseconds in repetition 312
tcp_ping received 256 bytes back
Round trip time was 0.012822 milliseconds in repetition 313
tcp_ping received 256 bytes back
Round trip time was 0.012957 milliseconds in repetition 314
tcp_ping received 256 bytes back
Round trip time was 0.012916 milliseconds in repetition 315
tcp_ping received 256 bytes back
Round trip time was 0.013005 milliseconds in repetition 316
tcp_ping received 256 bytes back
Round trip time was 0.01307 milliseconds in repetition 317
tcp_ping received 256 bytes back
Round trip time was 0.012978 milliseconds in repetition 318
tcp_ping received 256 bytes back
Round trip time was 0.012801 milliseconds in repetition 319
tcp_ping received 256 bytes back
Round trip time was 0.012738 milliseconds in repetition 320
tcp_ping received 256 bytes back
Round trip time was 0.012823 milliseconds in repetition 321
tcp_ping received 256 bytes back
Round trip time was 0.012928 milliseconds in repetition 322
tcp_ping received 256 bytes back
Round trip time was 0.012911 milliseconds in repetition 323
tcp_ping received 256 bytes back
Round trip time was 0.012986 milliseconds in repetition 324
tcp_ping received 256 bytes back
Round trip time was 0.012939 milliseconds in repetition 325
tcp_ping received 256 bytes back
Round trip time was 0.013015 milliseconds in repetition 326
tcp_ping received 256 bytes back
Round trip time was 0.012752 milliseconds in repetition 327
tcp_ping received 256 bytes back
Round trip time was 0.013031 milliseconds in repetition 328
tcp_ping received 256 bytes back
Round trip time was 0.012911 milliseconds in repetition 329
tcp_ping received 256 bytes back
Round trip time was 0.013253 milliseconds in repetition 330
tcp_ping received 256 bytes back
Round trip time was 0.012962 milliseconds in repetition 331
tcp_ping received 256 bytes back
Round trip time was 0.013026 milliseconds in repetition 332
tcp_ping received 256 bytes back
Round trip time was 0.01319 milliseconds in repetition 333
tcp_ping received 256 bytes back
Round trip time was 0.012936 milliseconds in repetition 334
tcp_ping received 256 bytes back
Round trip time was 0.012951 milliseconds in repetition 335
tcp_ping received 256 bytes back
Round trip time was 0.012991 milliseconds in repetition 336
tcp_ping received 256 bytes back
Round trip time was 0.013061 milliseconds in repetition 337
tcp_ping received 256 bytes back
Round trip time was 0.013131 milliseconds in repetition 338
tcp_ping received 256 bytes back
Round trip time was 0.013122 milliseconds in repetition 339
tcp_ping received 256 bytes back
Round trip time was 0.013045 milliseconds in repetition 340
tcp_ping received 256 bytes back
Round trip time was 0.013117 milliseconds in repetition 341
tcp_ping received 256 bytes back
Round trip time was 0.012907 milliseconds in repetition 342
tcp_ping received 256 bytes back
Round trip time was 0.012857 milliseconds in repetition 343
tcp_ping received 256 bytes back
Round trip time was 0.012933 milliseconds in repetition 344
tcp_ping received 256 bytes back
Round trip time was 0.012935 milliseconds in repetition 345
tcp_ping received 256 bytes back
Round trip time was 0.012947 milliseconds in repetition 346
tcp_ping received 256 bytes back
Round trip time was 0.012934 milliseconds in repetition 347
tcp_ping received 256 bytes back
Round trip time was 0.013058 milliseconds in repetition 348
tcp_ping received 256 bytes back
Round trip time was 0.013017 milliseconds in repetition 349
tcp_ping received 256 bytes back
Round trip time was 0.012878 milliseconds in repetition 350
tcp_ping received 256 bytes back
Round trip time was 0.012802 milliseconds in repetition 351
tcp_ping received 256 bytes back
Round trip time was 0.012866 milliseconds in repetition 352
tcp_ping received 256 bytes back
Round trip time was 0.012844 milliseconds in repetition 353
tcp_ping received 256 bytes back
Round trip time was 0.023303 milliseconds in repetition 354
tcp_ping received 256 bytes back
Round trip time was 0.013545 milliseconds in repetition 355
tcp_ping received 256 bytes back
Round trip time was 0.013047 milliseconds in repetition 356
tcp_ping received 256 bytes back
Round trip time was 0.013072 milliseconds in repetition 357
tcp_ping received 256 bytes back
Round trip time was 0.012864 milliseconds in repetition 358
tcp_ping received 256 bytes back
Round trip time was 0.012897 milliseconds in repetition 359
tcp_ping received 256 bytes back
Round trip time was 0.013515 milliseconds in repetition 360
tcp_ping received 256 bytes back
Round trip time was 0.012901 milliseconds in repetition 361
tcp_ping received 256 bytes back
Round trip time was 0.012857 milliseconds in repetition 362
tcp_ping received 256 bytes back
Round trip time was 0.01284 milliseconds in repetition 363
tcp_ping received 256 bytes back
Round trip time was 0.012809 milliseconds in repetition 364
tcp_ping received 256 bytes back
Round trip time was 0.012904 milliseconds in repetition 365
tcp_ping received 256 bytes back
Round trip time was 0.012993 milliseconds in repetition 366
tcp_ping received 256 bytes back
Round trip time was 0.012906 milliseconds in repetition 367
tcp_ping received 256 bytes back
Round trip time was 0.012842 milliseconds in repetition 368
tcp_ping received 256 bytes back
Round trip time was 0.01278 milliseconds in repetition 369
tcp_ping received 256 bytes back
Round trip time was 0.012916 milliseconds in repetition 370
tcp_ping received 256 bytes back
Round trip time was 0.012951 milliseconds in repetition 371
tcp_ping received 256 bytes back
Round trip time was 0.012884 milliseconds in repetition 372
tcp_ping received 256 bytes back
Round trip time was 0.012951 milliseconds in repetition 373
tcp_ping received 256 bytes back
Round trip time was 0.012813 milliseconds in repetition 374
tcp_ping received 256 bytes back
Round trip time was 0.012948 milliseconds in repetition 375
tcp_ping received 256 bytes back
Round trip time was 0.012921 milliseconds in repetition 376
tcp_ping received 256 bytes back
Round trip time was 0.012823 milliseconds in repetition 377
tcp_ping received 256 bytes back
Round trip time was 0.013013 milliseconds in repetition 378
tcp_ping received 256 bytes back
Round trip time was 0.012879 milliseconds in repetition 379
tcp_ping received 256 bytes back
Round trip time was 0.012855 milliseconds in repetition 380
tcp_ping received 256 bytes back
Round trip time was 0.013014 milliseconds in repetition 381
tcp_ping received 256 bytes back
Round trip time was 0.012972 milliseconds in repetition 382
tcp_ping received 256 bytes back
Round trip time was 0.012989 milliseconds in repetition 383
tcp_ping received 256 bytes back
Round trip time was 0.013041 milliseconds in repetition 384
tcp_ping received 256 bytes back
Round trip time was 0.012894 milliseconds in repetition 385
tcp_ping received 256 bytes back
Round trip time was 0.013061 milliseconds in repetition 386
tcp_ping received 256 bytes back
Round trip time was 0.012964 milliseconds in repetition 387
tcp_ping received 256 bytes back
Round trip time was 0.012915 milliseconds in repetition 388
tcp_ping received 256 bytes back
Round trip time was 0.012953 milliseconds in repetition 389
tcp_ping received 256 bytes back
Round trip time was 0.012929 milliseconds in repetition 390
tcp_ping received 256 bytes back
Round trip time was 0.012935 milliseconds in repetition 391
tcp_ping received 256 bytes back
Round trip time was 0.01298 milliseconds in repetition 392
tcp_ping received 256 bytes back
Round trip time was 0.012966 milliseconds in repetition 393
tcp_ping received 256 bytes back
Round trip time was 0.0129 milliseconds in repetition 394
tcp_ping received 256 bytes back
Round trip time was 0.012956 milliseconds in repetition 395
tcp_ping received 256 bytes back
Round trip time was 0.013033 milliseconds in repetition 396
tcp_ping received 256 bytes back
Round trip time was 0.013145 milliseconds in repetition 397
tcp_ping received 256 bytes back
Round trip time was 0.05949 milliseconds in repetition 398
tcp_ping received 256 bytes back
Round trip time was 0.014328 milliseconds in repetition 399
tcp_ping received 256 bytes back
Round trip time was 0.013032 milliseconds in repetition 400
tcp_ping received 256 bytes back
Round trip time was 0.012934 milliseconds in repetition 401
tcp_ping received 256 bytes back
Round trip time was 0.013075 milliseconds in repetition 402
tcp_ping received 256 bytes back
Round trip time was 0.012949 milliseconds in repetition 403
tcp_ping received 256 bytes back
Round trip time was 0.012762 milliseconds in repetition 404
tcp_ping received 256 bytes back
Round trip time was 0.01291 milliseconds in repetition 405
tcp_ping received 256 bytes back
Round trip time was 0.012874 milliseconds in repetition 406
tcp_ping received 256 bytes back
Round trip time was 0.012836 milliseconds in repetition 407
tcp_ping received 256 bytes back
Round trip time was 0.012904 milliseconds in repetition 408
tcp_ping received 256 bytes back
Round trip time was 0.012847 milliseconds in repetition 409
tcp_ping received 256 bytes back
Round trip time was 0.012853 milliseconds in repetition 410
tcp_ping received 256 bytes back
Round trip time was 0.012973 milliseconds in repetition 411
tcp_ping received 256 bytes back
Round trip time was 0.012926 milliseconds in repetition 412
tcp_ping received 256 bytes back
Round trip time was 0.013328 milliseconds in repetition 413
tcp_ping received 256 bytes back
Round trip time was 0.012999 milliseconds in repetition 414
tcp_ping received 256 bytes back
Round trip time was 0.012887 milliseconds in repetition 415
tcp_ping received 256 bytes back
Round trip time was 0.012874 milliseconds in repetition 416
tcp_ping received 256 bytes back
Round trip time was 0.012722 milliseconds in repetition 417
tcp_ping received 256 bytes back
Round trip time was 0.013087 milliseconds in repetition 418
tcp_ping received 256 bytes back
Round trip time was 0.012922 milliseconds in repetition 419
tcp_ping received 256 bytes back
Round trip time was 0.013007 milliseconds in repetition 420
tcp_ping received 256 bytes back
Round trip time was 0.01298 milliseconds in repetition 421
tcp_ping received 256 bytes back
Round trip time was 0.012781 milliseconds in repetition 422
tcp_ping received 256 bytes back
Round trip time was 0.012863 milliseconds in repetition 423
tcp_ping received 256 bytes back
Round trip time was 0.01283 milliseconds in repetition 424
tcp_ping received 256 bytes back
Round trip time was 0.012938 milliseconds in repetition 425
tcp_ping received 256 bytes back
Round trip time was 0.012903 milliseconds in repetition 426
tcp_ping received 256 bytes back
Round trip time was 0.012883 milliseconds in repetition 427
tcp_ping received 256 bytes back
Round trip time was 0.01289 milliseconds in repetition 428
tcp_ping received 256 bytes back
Round trip time was 0.013036 milliseconds in repetition 429
tcp_ping received 256 bytes back
Round trip time was 0.012903 milliseconds in repetition 430
tcp_ping received 256 bytes back
Round trip time was 0.012887 milliseconds in repetition 431
tcp_ping received 256 bytes back
Round trip time was 0.012982 milliseconds in repetition 432
tcp_ping received 256 bytes back
Round trip time was 0.012872 milliseconds in repetition 433
tcp_ping received 256 bytes back
Round trip time was 0.012918 milliseconds in repetition 434
tcp_ping received 256 bytes back
Round trip time was 0.012926 milliseconds in repetition 435
tcp_ping received 256 bytes back
Round trip time was 0.012915 milliseconds in repetition 436
tcp_ping received 256 bytes back
Round trip time was 0.012809 milliseconds in repetition 437
tcp_ping received 256 bytes back
Round trip time was 0.012991 milliseconds in repetition 438
tcp_ping received 256 bytes back
Round trip time was 0.012985 milliseconds in repetition 439
tcp_ping received 256 bytes back
Round trip time was 0.013066 milliseconds in repetition 440
tcp_ping received 256 bytes back
Round trip time was 0.0132 milliseconds in repetition 441
tcp_ping received 256 bytes back
Round trip time was 0.023751 milliseconds in repetition 442
tcp_ping received 256 bytes back
Round trip time was 0.013645 milliseconds in repetition 443
tcp_ping received 256 bytes back
Round trip time was 0.013406 milliseconds in repetition 444
tcp_ping received 256 bytes back
Round trip time was 0.013267 milliseconds in repetition 445
tcp_ping received 256 bytes back
Round trip time was 0.013019 milliseconds in repetition 446
tcp_ping received 256 bytes back
Round trip time was 0.012866 milliseconds in repetition 447
tcp_ping received 256 bytes back
Round trip time was 0.012955 milliseconds in repetition 448
tcp_ping received 256 bytes back
Round trip time was 0.01286 milliseconds in repetition 449
tcp_ping received 256 bytes back
Round trip time was 0.013078 milliseconds in repetition 450
tcp_ping received 256 bytes back
Round trip time was 0.015538 milliseconds in repetition 451
tcp_ping received 256 bytes back
Round trip time was 0.013149 milliseconds in repetition 452
tcp_ping received 256 bytes back
Round trip time was 0.013142 milliseconds in repetition 453
tcp_ping received 256 bytes back
Round trip time was 0.012845 milliseconds in repetition 454
tcp_ping received 256 bytes back
Round trip time was 0.012896 milliseconds in repetition 455
tcp_ping received 256 bytes back
Round trip time was 0.013018 milliseconds in repetition 456
tcp_ping received 256 bytes back
Round trip time was 0.012937 milliseconds in repetition 457
tcp_ping received 256 bytes back
Round trip time was 0.012847 milliseconds in repetition 458
tcp_ping received 256 bytes back
Round trip time was 0.012852 milliseconds in repetition 459
tcp_ping received 256 bytes back
Round trip time was 0.012793 milliseconds in repetition 460
tcp_ping received 256 bytes back
Round trip time was 0.013028 milliseconds in repetition 461
tcp_ping received 256 bytes back
Round trip time was 0.012973 milliseconds in repetition 462
tcp_ping received 256 bytes back
Round trip time was 0.013012 milliseconds in repetition 463
tcp_ping received 256 bytes back
Round trip time was 0.012869 milliseconds in repetition 464
tcp_ping received 256 bytes back
Round trip time was 0.012894 milliseconds in repetition 465
tcp_ping received 256 bytes back
Round trip time was 0.012958 milliseconds in repetition 466
tcp_ping received 256 bytes back
Round trip time was 0.012832 milliseconds in repetition 467
tcp_ping received 256 bytes back
Round trip time was 0.013046 milliseconds in repetition 468
tcp_ping received 256 bytes back
Round trip time was 0.012858 milliseconds in repetition 469
tcp_ping received 256 bytes back
Round trip time was 0.012941 milliseconds in repetition 470
tcp_ping received 256 bytes back
Round trip time was 0.012749 milliseconds in repetition 471
tcp_ping received 256 bytes back
Round trip time was 0.013022 milliseconds in repetition 472
tcp_ping received 256 bytes back
Round trip time was 0.012849 milliseconds in repetition 473
tcp_ping received 256 bytes back
Round trip time was 0.013013 milliseconds in repetition 474
tcp_ping received 256 bytes back
Round trip time was 0.012936 milliseconds in repetition 475
tcp_ping received 256 bytes back
Round trip time was 0.013101 milliseconds in repetition 476
tcp_ping received 256 bytes back
Round trip time was 0.013208 milliseconds in repetition 477
tcp_ping received 256 bytes back
Round trip time was 0.012983 milliseconds in repetition 478
tcp_ping received 256 bytes back
Round trip time was 0.012824 milliseconds in repetition 479
tcp_ping received 256 bytes back
Round trip time was 0.013006 milliseconds in repetition 480
tcp_ping received 256 bytes back
Round trip time was 0.012985 milliseconds in repetition 481
tcp_ping received 256 bytes back
Round trip time was 0.013059 milliseconds in repetition 482
tcp_ping received 256 bytes back
Round trip time was 0.012988 milliseconds in repetition 483
tcp_ping received 256 bytes back
Round trip time was 0.012986 milliseconds in repetition 484
tcp_ping received 256 bytes back
Round trip time was 0.013003 milliseconds in repetition 485
tcp_ping received 256 bytes back
Round trip time was 0.023759 milliseconds in repetition 486
tcp_ping received 256 bytes back
Round trip time was 0.01368 milliseconds in repetition 487
tcp_ping received 256 bytes back
Round trip time was 0.013127 milliseconds in repetition 488
tcp_ping received 256 bytes back
Round trip time was 0.013003 milliseconds in repetition 489
tcp_ping received 256 bytes back
Round trip time was 0.012982 milliseconds in repetition 490
tcp_ping received 256 bytes back
Round trip time was 0.012933 milliseconds in repetition 491
tcp_ping received 256 bytes back
Round trip time was 0.013055 milliseconds in repetition 492
tcp_ping received 256 bytes back
Round trip time was 0.013061 milliseconds in repetition 493
tcp_ping received 256 bytes back
Round trip time was 0.012946 milliseconds in repetition 494
tcp_ping received 256 bytes back
Round trip time was 0.01286 milliseconds in repetition 495
tcp_ping received 256 bytes back
Round trip time was 0.012954 milliseconds in repetition 496
tcp_ping received 256 bytes back
Round trip time was 0.012884 milliseconds in repetition 497
tcp_ping received 256 bytes back
Round trip time was 0.013029 milliseconds in repetition 498
tcp_ping received 256 bytes back
Round trip time was 0.012857 milliseconds in repetition 499
tcp_ping received 256 bytes back
Round trip time was 0.012903 milliseconds in repetition 500
tcp_ping received 256 bytes back
Round trip time was 0.01292 milliseconds in repetition 501

 ... clock resolution was 1e-06
TCP Ping:  Statistics over 501 repetitions of 256 byte messages

RTT : percentile 10: 0.01286, median: 0.013023, percentile 90: 0.045942, average: 0.0257511, variance: 0.00251999

RTT histogram:
0.0125005 442
0.0452102 22
0.0779199 12
0.11063 10
0.143339 4
0.176049 5
0.208759 1
0.241468 1
0.274178 2
0.306888 0
0.339597 0
0.372307 0
0.405017 0
0.437727 0
0.470436 0
0.503146 0
0.535856 1
0.568565 0
0.601275 0
0.633985 0
0.666694 1

   median Throughput : 39315.1 KB/s   overall Throughput : 19882.7 KB/s

