TCP Ping trying to connect to server localhost (127.0.0.1) on port 1420
 ... connected to Pong server: asking for 501 repetitions of 768 bytes TCP messages
 ... Pong server agreed :-)
tcp_ping received 768 bytes back
Round trip time was 0.168466 milliseconds in repetition 1
tcp_ping received 768 bytes back
Round trip time was 0.12359 milliseconds in repetition 2
tcp_ping received 768 bytes back
Round trip time was 0.111369 milliseconds in repetition 3
tcp_ping received 768 bytes back
Round trip time was 0.111025 milliseconds in repetition 4
tcp_ping received 768 bytes back
Round trip time was 0.109576 milliseconds in repetition 5
tcp_ping received 768 bytes back
Round trip time was 0.109389 milliseconds in repetition 6
tcp_ping received 768 bytes back
Round trip time was 0.10013 milliseconds in repetition 7
tcp_ping received 768 bytes back
Round trip time was 0.120518 milliseconds in repetition 8
tcp_ping received 768 bytes back
Round trip time was 0.225168 milliseconds in repetition 9
tcp_ping received 768 bytes back
Round trip time was 0.130011 milliseconds in repetition 10
tcp_ping received 768 bytes back
Round trip time was 0.152967 milliseconds in repetition 11
tcp_ping received 768 bytes back
Round trip time was 0.093441 milliseconds in repetition 12
tcp_ping received 768 bytes back
Round trip time was 0.110482 milliseconds in repetition 13
tcp_ping received 768 bytes back
Round trip time was 0.170528 milliseconds in repetition 14
tcp_ping received 768 bytes back
Round trip time was 0.096194 milliseconds in repetition 15
tcp_ping received 768 bytes back
Round trip time was 0.111082 milliseconds in repetition 16
tcp_ping received 768 bytes back
Round trip time was 0.101605 milliseconds in repetition 17
tcp_ping received 768 bytes back
Round trip time was 0.074077 milliseconds in repetition 18
tcp_ping received 768 bytes back
Round trip time was 0.066987 milliseconds in repetition 19
tcp_ping received 768 bytes back
Round trip time was 0.066348 milliseconds in repetition 20
tcp_ping received 768 bytes back
Round trip time was 0.066102 milliseconds in repetition 21
tcp_ping received 768 bytes back
Round trip time was 0.120242 milliseconds in repetition 22
tcp_ping received 768 bytes back
Round trip time was 0.075049 milliseconds in repetition 23
tcp_ping received 768 bytes back
Round trip time was 0.092327 milliseconds in repetition 24
tcp_ping received 768 bytes back
Round trip time was 0.116617 milliseconds in repetition 25
tcp_ping received 768 bytes back
Round trip time was 0.129842 milliseconds in repetition 26
tcp_ping received 768 bytes back
Round trip time was 0.074042 milliseconds in repetition 27
tcp_ping received 768 bytes back
Round trip time was 0.072379 milliseconds in repetition 28
tcp_ping received 768 bytes back
Round trip time was 0.07602 milliseconds in repetition 29
tcp_ping received 768 bytes back
Round trip time was 0.094053 milliseconds in repetition 30
tcp_ping received 768 bytes back
Round trip time was 0.032023 milliseconds in repetition 31
tcp_ping received 768 bytes back
Round trip time was 0.020157 milliseconds in repetition 32
tcp_ping received 768 bytes back
Round trip time was 0.072267 milliseconds in repetition 33
tcp_ping received 768 bytes back
Round trip time was 1.16402 milliseconds in repetition 34
tcp_ping received 768 bytes back
Round trip time was 0.13289 milliseconds in repetition 35
tcp_ping received 768 bytes back
Round trip time was 0.197711 milliseconds in repetition 36
tcp_ping received 768 bytes back
Round trip time was 0.065666 milliseconds in repetition 37
tcp_ping received 768 bytes back
Round trip time was 0.06196 milliseconds in repetition 38
tcp_ping received 768 bytes back
Round trip time was 0.061664 milliseconds in repetition 39
tcp_ping received 768 bytes back
Round trip time was 0.071999 milliseconds in repetition 40
tcp_ping received 768 bytes back
Round trip time was 0.061692 milliseconds in repetition 41
tcp_ping received 768 bytes back
Round trip time was 0.061462 milliseconds in repetition 42
tcp_ping received 768 bytes back
Round trip time was 0.061592 milliseconds in repetition 43
tcp_ping received 768 bytes back
Round trip time was 0.047488 milliseconds in repetition 44
tcp_ping received 768 bytes back
Round trip time was 0.063211 milliseconds in repetition 45
tcp_ping received 768 bytes back
Round trip time was 0.062131 milliseconds in repetition 46
tcp_ping received 768 bytes back
Round trip time was 0.061457 milliseconds in repetition 47
tcp_ping received 768 bytes back
Round trip time was 0.061955 milliseconds in repetition 48
tcp_ping received 768 bytes back
Round trip time was 0.038372 milliseconds in repetition 49
tcp_ping received 768 bytes back
Round trip time was 0.036552 milliseconds in repetition 50
tcp_ping received 768 bytes back
Round trip time was 0.027396 milliseconds in repetition 51
tcp_ping received 768 bytes back
Round trip time was 0.017557 milliseconds in repetition 52
tcp_ping received 768 bytes back
Round trip time was 0.017927 milliseconds in repetition 53
tcp_ping received 768 bytes back
Round trip time was 0.016618 milliseconds in repetition 54
tcp_ping received 768 bytes back
Round trip time was 0.016669 milliseconds in repetition 55
tcp_ping received 768 bytes back
Round trip time was 0.01686 milliseconds in repetition 56
tcp_ping received 768 bytes back
Round trip time was 0.016834 milliseconds in repetition 57
tcp_ping received 768 bytes back
Round trip time was 0.016847 milliseconds in repetition 58
tcp_ping received 768 bytes back
Round trip time was 0.01677 milliseconds in repetition 59
tcp_ping received 768 bytes back
Round trip time was 0.016723 milliseconds in repetition 60
tcp_ping received 768 bytes back
Round trip time was 0.031229 milliseconds in repetition 61
tcp_ping received 768 bytes back
Round trip time was 0.01804 milliseconds in repetition 62
tcp_ping received 768 bytes back
Round trip time was 0.017462 milliseconds in repetition 63
tcp_ping received 768 bytes back
Round trip time was 0.016832 milliseconds in repetition 64
tcp_ping received 768 bytes back
Round trip time was 0.016954 milliseconds in repetition 65
tcp_ping received 768 bytes back
Round trip time was 0.01665 milliseconds in repetition 66
tcp_ping received 768 bytes back
Round trip time was 0.017728 milliseconds in repetition 67
tcp_ping received 768 bytes back
Round trip time was 0.017514 milliseconds in repetition 68
tcp_ping received 768 bytes back
Round trip time was 0.017456 milliseconds in repetition 69
tcp_ping received 768 bytes back
Round trip time was 0.017331 milliseconds in repetition 70
tcp_ping received 768 bytes back
Round trip time was 0.017263 milliseconds in repetition 71
tcp_ping received 768 bytes back
Round trip time was 0.017259 milliseconds in repetition 72
tcp_ping received 768 bytes back
Round trip time was 0.017226 milliseconds in repetition 73
tcp_ping received 768 bytes back
Round trip time was 0.016656 milliseconds in repetition 74
tcp_ping received 768 bytes back
Round trip time was 0.03198 milliseconds in repetition 75
tcp_ping received 768 bytes back
Round trip time was 0.030682 milliseconds in repetition 76
tcp_ping received 768 bytes back
Round trip time was 0.019348 milliseconds in repetition 77
tcp_ping received 768 bytes back
Round trip time was 0.01693 milliseconds in repetition 78
tcp_ping received 768 bytes back
Round trip time was 0.017033 milliseconds in repetition 79
tcp_ping received 768 bytes back
Round trip time was 0.016811 milliseconds in repetition 80
tcp_ping received 768 bytes back
Round trip time was 0.016772 milliseconds in repetition 81
tcp_ping received 768 bytes back
Round trip time was 0.016792 milliseconds in repetition 82
tcp_ping received 768 bytes back
Round trip time was 0.016786 milliseconds in repetition 83
tcp_ping received 768 bytes back
Round trip time was 0.016661 milliseconds in repetition 84
tcp_ping received 768 bytes back
Round trip time was 0.017495 milliseconds in repetition 85
tcp_ping received 768 bytes back
Round trip time was 0.017576 milliseconds in repetition 86
tcp_ping received 768 bytes back
Round trip time was 0.01735 milliseconds in repetition 87
tcp_ping received 768 bytes back
Round trip time was 0.03126 milliseconds in repetition 88
tcp_ping received 768 bytes back
Round trip time was 0.02829 milliseconds in repetition 89
tcp_ping received 768 bytes back
Round trip time was 0.019345 milliseconds in repetition 90
tcp_ping received 768 bytes back
Round trip time was 0.018873 milliseconds in repetition 91
tcp_ping received 768 bytes back
Round trip time was 0.018721 milliseconds in repetition 92
tcp_ping received 768 bytes back
Round trip time was 0.01864 milliseconds in repetition 93
tcp_ping received 768 bytes back
Round trip time was 0.032143 milliseconds in repetition 94
tcp_ping received 768 bytes back
Round trip time was 0.065761 milliseconds in repetition 95
tcp_ping received 768 bytes back
Round trip time was 0.022704 milliseconds in repetition 96
tcp_ping received 768 bytes back
Round trip time was 0.01717 milliseconds in repetition 97
tcp_ping received 768 bytes back
Round trip time was 0.016962 milliseconds in repetition 98
tcp_ping received 768 bytes back
Round trip time was 0.016586 milliseconds in repetition 99
tcp_ping received 768 bytes back
Round trip time was 0.016575 milliseconds in repetition 100
tcp_ping received 768 bytes back
Round trip time was 0.016723 milliseconds in repetition 101
tcp_ping received 768 bytes back
Round trip time was 0.016643 milliseconds in repetition 102
tcp_ping received 768 bytes back
Round trip time was 0.01669 milliseconds in repetition 103
tcp_ping received 768 bytes back
Round trip time was 0.016631 milliseconds in repetition 104
tcp_ping received 768 bytes back
Round trip time was 0.016817 milliseconds in repetition 105
tcp_ping received 768 bytes back
Round trip time was 0.060648 milliseconds in repetition 106
tcp_ping received 768 bytes back
Round trip time was 0.024291 milliseconds in repetition 107
tcp_ping received 768 bytes back
Round trip time was 0.019303 milliseconds in repetition 108
tcp_ping received 768 bytes back
Round trip time was 0.016866 milliseconds in repetition 109
tcp_ping received 768 bytes back
Round trip time was 0.016834 milliseconds in repetition 110
tcp_ping received 768 bytes back
Round trip time was 0.016854 milliseconds in repetition 111
tcp_ping received 768 bytes back
Round trip time was 0.017138 milliseconds in repetition 112
tcp_ping received 768 bytes back
Round trip time was 0.017096 milliseconds in repetition 113
tcp_ping received 768 bytes back
Round trip time was 0.016897 milliseconds in repetition 114
tcp_ping received 768 bytes back
Round trip time was 0.016904 milliseconds in repetition 115
tcp_ping received 768 bytes back
Round trip time was 0.016796 milliseconds in repetition 116
tcp_ping received 768 bytes back
Round trip time was 0.016731 milliseconds in repetition 117
tcp_ping received 768 bytes back
Round trip time was 0.028959 milliseconds in repetition 118
tcp_ping received 768 bytes back
Round trip time was 0.020923 milliseconds in repetition 119
tcp_ping received 768 bytes back
Round trip time was 0.02013 milliseconds in repetition 120
tcp_ping received 768 bytes back
Round trip time was 0.03078 milliseconds in repetition 121
tcp_ping received 768 bytes back
Round trip time was 0.020335 milliseconds in repetition 122
tcp_ping received 768 bytes back
Round trip time was 0.018811 milliseconds in repetition 123
tcp_ping received 768 bytes back
Round trip time was 0.018803 milliseconds in repetition 124
tcp_ping received 768 bytes back
Round trip time was 0.01862 milliseconds in repetition 125
tcp_ping received 768 bytes back
Round trip time was 0.018634 milliseconds in repetition 126
tcp_ping received 768 bytes back
Round trip time was 0.018645 milliseconds in repetition 127
tcp_ping received 768 bytes back
Round trip time was 0.018933 milliseconds in repetition 128
tcp_ping received 768 bytes back
Round trip time was 0.018731 milliseconds in repetition 129
tcp_ping received 768 bytes back
Round trip time was 0.028644 milliseconds in repetition 130
tcp_ping received 768 bytes back
Round trip time was 0.061955 milliseconds in repetition 131
tcp_ping received 768 bytes back
Round trip time was 0.02085 milliseconds in repetition 132
tcp_ping received 768 bytes back
Round trip time was 0.027964 milliseconds in repetition 133
tcp_ping received 768 bytes back
Round trip time was 0.019446 milliseconds in repetition 134
tcp_ping received 768 bytes back
Round trip time was 0.018386 milliseconds in repetition 135
tcp_ping received 768 bytes back
Round trip time was 0.018766 milliseconds in repetition 136
tcp_ping received 768 bytes back
Round trip time was 0.018776 milliseconds in repetition 137
tcp_ping received 768 bytes back
Round trip time was 0.018851 milliseconds in repetition 138
tcp_ping received 768 bytes back
Round trip time was 0.018754 milliseconds in repetition 139
tcp_ping received 768 bytes back
Round trip time was 0.018926 milliseconds in repetition 140
tcp_ping received 768 bytes back
Round trip time was 0.018839 milliseconds in repetition 141
tcp_ping received 768 bytes back
Round trip time was 0.018801 milliseconds in repetition 142
tcp_ping received 768 bytes back
Round trip time was 0.018817 milliseconds in repetition 143
tcp_ping received 768 bytes back
Round trip time was 0.018879 milliseconds in repetition 144
tcp_ping received 768 bytes back
Round trip time was 0.01893 milliseconds in repetition 145
tcp_ping received 768 bytes back
Round trip time was 0.018861 milliseconds in repetition 146
tcp_ping received 768 bytes back
Round trip time was 0.018819 milliseconds in repetition 147
tcp_ping received 768 bytes back
Round trip time was 0.018905 milliseconds in repetition 148
tcp_ping received 768 bytes back
Round trip time was 0.018784 milliseconds in repetition 149
tcp_ping received 768 bytes back
Round trip time was 0.018626 milliseconds in repetition 150
tcp_ping received 768 bytes back
Round trip time was 0.01869 milliseconds in repetition 151
tcp_ping received 768 bytes back
Round trip time was 0.018773 milliseconds in repetition 152
tcp_ping received 768 bytes back
Round trip time was 0.018761 milliseconds in repetition 153
tcp_ping received 768 bytes back
Round trip time was 0.019045 milliseconds in repetition 154
tcp_ping received 768 bytes back
Round trip time was 0.017602 milliseconds in repetition 155
tcp_ping received 768 bytes back
Round trip time was 0.018819 milliseconds in repetition 156
tcp_ping received 768 bytes back
Round trip time was 0.018849 milliseconds in repetition 157
tcp_ping received 768 bytes back
Round trip time was 0.018742 milliseconds in repetition 158
tcp_ping received 768 bytes back
Round trip time was 0.018867 milliseconds in repetition 159
tcp_ping received 768 bytes back
Round trip time was 0.01902 milliseconds in repetition 160
tcp_ping received 768 bytes back
Round trip time was 0.019095 milliseconds in repetition 161
tcp_ping received 768 bytes back
Round trip time was 0.018638 milliseconds in repetition 162
tcp_ping received 768 bytes back
Round trip time was 0.018918 milliseconds in repetition 163
tcp_ping received 768 bytes back
Round trip time was 0.018942 milliseconds in repetition 164
tcp_ping received 768 bytes back
Round trip time was 0.018593 milliseconds in repetition 165
tcp_ping received 768 bytes back
Round trip time was 0.01869 milliseconds in repetition 166
tcp_ping received 768 bytes back
Round trip time was 0.01894 milliseconds in repetition 167
tcp_ping received 768 bytes back
Round trip time was 0.018822 milliseconds in repetition 168
tcp_ping received 768 bytes back
Round trip time was 0.018762 milliseconds in repetition 169
tcp_ping received 768 bytes back
Round trip time was 0.018709 milliseconds in repetition 170
tcp_ping received 768 bytes back
Round trip time was 0.018873 milliseconds in repetition 171
tcp_ping received 768 bytes back
Round trip time was 0.018901 milliseconds in repetition 172
tcp_ping received 768 bytes back
Round trip time was 0.019024 milliseconds in repetition 173
tcp_ping received 768 bytes back
Round trip time was 0.019206 milliseconds in repetition 174
tcp_ping received 768 bytes back
Round trip time was 0.018833 milliseconds in repetition 175
tcp_ping received 768 bytes back
Round trip time was 0.018968 milliseconds in repetition 176
tcp_ping received 768 bytes back
Round trip time was 0.029631 milliseconds in repetition 177
tcp_ping received 768 bytes back
Round trip time was 0.019414 milliseconds in repetition 178
tcp_ping received 768 bytes back
Round trip time was 0.018275 milliseconds in repetition 179
tcp_ping received 768 bytes back
Round trip time was 0.018209 milliseconds in repetition 180
tcp_ping received 768 bytes back
Round trip time was 0.018185 milliseconds in repetition 181
tcp_ping received 768 bytes back
Round trip time was 0.018373 milliseconds in repetition 182
tcp_ping received 768 bytes back
Round trip time was 0.018107 milliseconds in repetition 183
tcp_ping received 768 bytes back
Round trip time was 0.018642 milliseconds in repetition 184
tcp_ping received 768 bytes back
Round trip time was 0.018219 milliseconds in repetition 185
tcp_ping received 768 bytes back
Round trip time was 0.018686 milliseconds in repetition 186
tcp_ping received 768 bytes back
Round trip time was 0.018669 milliseconds in repetition 187
tcp_ping received 768 bytes back
Round trip time was 0.018172 milliseconds in repetition 188
tcp_ping received 768 bytes back
Round trip time was 0.018096 milliseconds in repetition 189
tcp_ping received 768 bytes back
Round trip time was 0.018597 milliseconds in repetition 190
tcp_ping received 768 bytes back
Round trip time was 0.018722 milliseconds in repetition 191
tcp_ping received 768 bytes back
Round trip time was 0.018279 milliseconds in repetition 192
tcp_ping received 768 bytes back
Round trip time was 0.019043 milliseconds in repetition 193
tcp_ping received 768 bytes back
Round trip time was 0.018377 milliseconds in repetition 194
tcp_ping received 768 bytes back
Round trip time was 0.01853 milliseconds in repetition 195
tcp_ping received 768 bytes back
Round trip time was 0.018669 milliseconds in repetition 196
tcp_ping received 768 bytes back
Round trip time was 0.018345 milliseconds in repetition 197
tcp_ping received 768 bytes back
Round trip time was 0.018594 milliseconds in repetition 198
tcp_ping received 768 bytes back
Round trip time was 0.018118 milliseconds in repetition 199
tcp_ping received 768 bytes back
Round trip time was 0.018724 milliseconds in repetition 200
tcp_ping received 768 bytes back
Round trip time was 0.019147 milliseconds in repetition 201
tcp_ping received 768 bytes back
Round trip time was 0.018876 milliseconds in repetition 202
tcp_ping received 768 bytes back
Round trip time was 0.018625 milliseconds in repetition 203
tcp_ping received 768 bytes back
Round trip time was 0.018839 milliseconds in repetition 204
tcp_ping received 768 bytes back
Round trip time was 0.018736 milliseconds in repetition 205
tcp_ping received 768 bytes back
Round trip time was 0.01833 milliseconds in repetition 206
tcp_ping received 768 bytes back
Round trip time was 0.018087 milliseconds in repetition 207
tcp_ping received 768 bytes back
Round trip time was 0.018827 milliseconds in repetition 208
tcp_ping received 768 bytes back
Round trip time was 0.01852 milliseconds in repetition 209
tcp_ping received 768 bytes back
Round trip time was 0.018361 milliseconds in repetition 210
tcp_ping received 768 bytes back
Round trip time was 0.018798 milliseconds in repetition 211
tcp_ping received 768 bytes back
Round trip time was 0.019097 milliseconds in repetition 212
tcp_ping received 768 bytes back
Round trip time was 0.018638 milliseconds in repetition 213
tcp_ping received 768 bytes back
Round trip time was 0.019063 milliseconds in repetition 214
tcp_ping received 768 bytes back
Round trip time was 0.018763 milliseconds in repetition 215
tcp_ping received 768 bytes back
Round trip time was 0.018941 milliseconds in repetition 216
tcp_ping received 768 bytes back
Round trip time was 0.018737 milliseconds in repetition 217
tcp_ping received 768 bytes back
Round trip time was 0.018916 milliseconds in repetition 218
tcp_ping received 768 bytes back
Round trip time was 0.018784 milliseconds in repetition 219
tcp_ping received 768 bytes back
Round trip time was 0.019005 milliseconds in repetition 220
tcp_ping received 768 bytes back
Round trip time was 0.02963 milliseconds in repetition 221
tcp_ping received 768 bytes back
Round trip time was 0.019469 milliseconds in repetition 222
tcp_ping received 768 bytes back
Round trip time was 0.017574 milliseconds in repetition 223
tcp_ping received 768 bytes back
Round trip time was 0.018928 milliseconds in repetition 224
tcp_ping received 768 bytes back
Round trip time was 0.018906 milliseconds in repetition 225
tcp_ping received 768 bytes back
Round trip time was 0.018787 milliseconds in repetition 226
tcp_ping received 768 bytes back
Round trip time was 0.018749 milliseconds in repetition 227
tcp_ping received 768 bytes back
Round trip time was 0.018561 milliseconds in repetition 228
tcp_ping received 768 bytes back
Round trip time was 0.018638 milliseconds in repetition 229
tcp_ping received 768 bytes back
Round trip time was 0.15836 milliseconds in repetition 230
tcp_ping received 768 bytes back
Round trip time was 0.030105 milliseconds in repetition 231
tcp_ping received 768 bytes back
Round trip time was 0.03063 milliseconds in repetition 232
tcp_ping received 768 bytes back
Round trip time was 0.035568 milliseconds in repetition 233
tcp_ping received 768 bytes back
Round trip time was 0.022589 milliseconds in repetition 234
tcp_ping received 768 bytes back
Round trip time was 0.021334 milliseconds in repetition 235
tcp_ping received 768 bytes back
Round trip time was 0.019886 milliseconds in repetition 236
tcp_ping received 768 bytes back
Round trip time was 0.019457 milliseconds in repetition 237
tcp_ping received 768 bytes back
Round trip time was 0.019602 milliseconds in repetition 238
tcp_ping received 768 bytes back
Round trip time was 0.019381 milliseconds in repetition 239
tcp_ping received 768 bytes back
Round trip time was 0.019455 milliseconds in repetition 240
tcp_ping received 768 bytes back
Round trip time was 0.01951 milliseconds in repetition 241
tcp_ping received 768 bytes back
Round trip time was 0.019211 milliseconds in repetition 242
tcp_ping received 768 bytes back
Round trip time was 0.019129 milliseconds in repetition 243
tcp_ping received 768 bytes back
Round trip time was 0.019205 milliseconds in repetition 244
tcp_ping received 768 bytes back
Round trip time was 0.019205 milliseconds in repetition 245
tcp_ping received 768 bytes back
Round trip time was 0.0192 milliseconds in repetition 246
tcp_ping received 768 bytes back
Round trip time was 0.019189 milliseconds in repetition 247
tcp_ping received 768 bytes back
Round trip time was 0.019165 milliseconds in repetition 248
tcp_ping received 768 bytes back
Round trip time was 0.019349 milliseconds in repetition 249
tcp_ping received 768 bytes back
Round trip time was 0.019167 milliseconds in repetition 250
tcp_ping received 768 bytes back
Round trip time was 0.019065 milliseconds in repetition 251
tcp_ping received 768 bytes back
Round trip time was 0.019175 milliseconds in repetition 252
tcp_ping received 768 bytes back
Round trip time was 0.024908 milliseconds in repetition 253
tcp_ping received 768 bytes back
Round trip time was 0.030808 milliseconds in repetition 254
tcp_ping received 768 bytes back
Round trip time was 0.020196 milliseconds in repetition 255
tcp_ping received 768 bytes back
Round trip time was 0.019596 milliseconds in repetition 256
tcp_ping received 768 bytes back
Round trip time was 0.019367 milliseconds in repetition 257
tcp_ping received 768 bytes back
Round trip time was 0.019217 milliseconds in repetition 258
tcp_ping received 768 bytes back
Round trip time was 0.019166 milliseconds in repetition 259
tcp_ping received 768 bytes back
Round trip time was 0.019422 milliseconds in repetition 260
tcp_ping received 768 bytes back
Round trip time was 0.019016 milliseconds in repetition 261
tcp_ping received 768 bytes back
Round trip time was 0.019096 milliseconds in repetition 262
tcp_ping received 768 bytes back
Round trip time was 0.018935 milliseconds in repetition 263
tcp_ping received 768 bytes back
Round trip time was 0.01914 milliseconds in repetition 264
tcp_ping received 768 bytes back
Round trip time was 0.029685 milliseconds in repetition 265
tcp_ping received 768 bytes back
Round trip time was 0.018224 milliseconds in repetition 266
tcp_ping received 768 bytes back
Round trip time was 0.018051 milliseconds in repetition 267
tcp_ping received 768 bytes back
Round trip time was 0.018052 milliseconds in repetition 268
tcp_ping received 768 bytes back
Round trip time was 0.017925 milliseconds in repetition 269
tcp_ping received 768 bytes back
Round trip time was 0.017804 milliseconds in repetition 270
tcp_ping received 768 bytes back
Round trip time was 0.018248 milliseconds in repetition 271
tcp_ping received 768 bytes back
Round trip time was 0.01807 milliseconds in repetition 272
tcp_ping received 768 bytes back
Round trip time was 0.018307 milliseconds in repetition 273
tcp_ping received 768 bytes back
Round trip time was 0.018052 milliseconds in repetition 274
tcp_ping received 768 bytes back
Round trip time was 0.017974 milliseconds in repetition 275
tcp_ping received 768 bytes back
Round trip time was 0.01797 milliseconds in repetition 276
tcp_ping received 768 bytes back
Round trip time was 0.018147 milliseconds in repetition 277
tcp_ping received 768 bytes back
Round trip time was 0.017869 milliseconds in repetition 278
tcp_ping received 768 bytes back
Round trip time was 0.017265 milliseconds in repetition 279
tcp_ping received 768 bytes back
Round trip time was 0.017324 milliseconds in repetition 280
tcp_ping received 768 bytes back
Round trip time was 0.017127 milliseconds in repetition 281
tcp_ping received 768 bytes back
Round trip time was 0.017166 milliseconds in repetition 282
tcp_ping received 768 bytes back
Round trip time was 0.017122 milliseconds in repetition 283
tcp_ping received 768 bytes back
Round trip time was 0.017245 milliseconds in repetition 284
tcp_ping received 768 bytes back
Round trip time was 0.017274 milliseconds in repetition 285
tcp_ping received 768 bytes back
Round trip time was 0.017244 milliseconds in repetition 286
tcp_ping received 768 bytes back
Round trip time was 0.017161 milliseconds in repetition 287
tcp_ping received 768 bytes back
Round trip time was 0.017279 milliseconds in repetition 288
tcp_ping received 768 bytes back
Round trip time was 0.017017 milliseconds in repetition 289
tcp_ping received 768 bytes back
Round trip time was 0.017275 milliseconds in repetition 290
tcp_ping received 768 bytes back
Round trip time was 0.017115 milliseconds in repetition 291
tcp_ping received 768 bytes back
Round trip time was 0.017143 milliseconds in repetition 292
tcp_ping received 768 bytes back
Round trip time was 0.017309 milliseconds in repetition 293
tcp_ping received 768 bytes back
Round trip time was 0.017179 milliseconds in repetition 294
tcp_ping received 768 bytes back
Round trip time was 0.017247 milliseconds in repetition 295
tcp_ping received 768 bytes back
Round trip time was 0.0172 milliseconds in repetition 296
tcp_ping received 768 bytes back
Round trip time was 0.017127 milliseconds in repetition 297
tcp_ping received 768 bytes back
Round trip time was 0.01712 milliseconds in repetition 298
tcp_ping received 768 bytes back
Round trip time was 0.017204 milliseconds in repetition 299
tcp_ping received 768 bytes back
Round trip time was 0.017217 milliseconds in repetition 300
tcp_ping received 768 bytes back
Round trip time was 0.017173 milliseconds in repetition 301
tcp_ping received 768 bytes back
Round trip time was 0.017258 milliseconds in repetition 302
tcp_ping received 768 bytes back
Round trip time was 0.017207 milliseconds in repetition 303
tcp_ping received 768 bytes back
Round trip time was 0.017247 milliseconds in repetition 304
tcp_ping received 768 bytes back
Round trip time was 0.017277 milliseconds in repetition 305
tcp_ping received 768 bytes back
Round trip time was 0.017302 milliseconds in repetition 306
tcp_ping received 768 bytes back
Round trip time was 0.017136 milliseconds in repetition 307
tcp_ping received 768 bytes back
Round trip time was 0.017121 milliseconds in repetition 308
tcp_ping received 768 bytes back
Round trip time was 0.027993 milliseconds in repetition 309
tcp_ping received 768 bytes back
Round trip time was 0.019833 milliseconds in repetition 310
tcp_ping received 768 bytes back
Round trip time was 0.019385 milliseconds in repetition 311
tcp_ping received 768 bytes back
Round trip time was 0.019091 milliseconds in repetition 312
tcp_ping received 768 bytes back
Round trip time was 0.019208 milliseconds in repetition 313
tcp_ping received 768 bytes back
Round trip time was 0.018516 milliseconds in repetition 314
tcp_ping received 768 bytes back
Round trip time was 0.019143 milliseconds in repetition 315
tcp_ping received 768 bytes back
Round trip time was 0.018552 milliseconds in repetition 316
tcp_ping received 768 bytes back
Round trip time was 0.019036 milliseconds in repetition 317
tcp_ping received 768 bytes back
Round trip time was 0.019023 milliseconds in repetition 318
tcp_ping received 768 bytes back
Round trip time was 0.01897 milliseconds in repetition 319
tcp_ping received 768 bytes back
Round trip time was 0.019302 milliseconds in repetition 320
tcp_ping received 768 bytes back
Round trip time was 0.01787 milliseconds in repetition 321
tcp_ping received 768 bytes back
Round trip time was 0.019149 milliseconds in repetition 322
tcp_ping received 768 bytes back
Round trip time was 0.018425 milliseconds in repetition 323
tcp_ping received 768 bytes back
Round trip time was 0.018934 milliseconds in repetition 324
tcp_ping received 768 bytes back
Round trip time was 0.018486 milliseconds in repetition 325
tcp_ping received 768 bytes back
Round trip time was 0.0189 milliseconds in repetition 326
tcp_ping received 768 bytes back
Round trip time was 0.019086 milliseconds in repetition 327
tcp_ping received 768 bytes back
Round trip time was 0.018457 milliseconds in repetition 328
tcp_ping received 768 bytes back
Round trip time was 0.018777 milliseconds in repetition 329
tcp_ping received 768 bytes back
Round trip time was 0.018615 milliseconds in repetition 330
tcp_ping received 768 bytes back
Round trip time was 0.01897 milliseconds in repetition 331
tcp_ping received 768 bytes back
Round trip time was 0.0191 milliseconds in repetition 332
tcp_ping received 768 bytes back
Round trip time was 0.018664 milliseconds in repetition 333
tcp_ping received 768 bytes back
Round trip time was 0.018988 milliseconds in repetition 334
tcp_ping received 768 bytes back
Round trip time was 0.018514 milliseconds in repetition 335
tcp_ping received 768 bytes back
Round trip time was 0.019195 milliseconds in repetition 336
tcp_ping received 768 bytes back
Round trip time was 0.018724 milliseconds in repetition 337
tcp_ping received 768 bytes back
Round trip time was 0.01851 milliseconds in repetition 338
tcp_ping received 768 bytes back
Round trip time was 0.018573 milliseconds in repetition 339
tcp_ping received 768 bytes back
Round trip time was 0.018518 milliseconds in repetition 340
tcp_ping received 768 bytes back
Round trip time was 0.018594 milliseconds in repetition 341
tcp_ping received 768 bytes back
Round trip time was 0.018988 milliseconds in repetition 342
tcp_ping received 768 bytes back
Round trip time was 0.018358 milliseconds in repetition 343
tcp_ping received 768 bytes back
Round trip time was 0.01858 milliseconds in repetition 344
tcp_ping received 768 bytes back
Round trip time was 0.018587 milliseconds in repetition 345
tcp_ping received 768 bytes back
Round trip time was 0.018606 milliseconds in repetition 346
tcp_ping received 768 bytes back
Round trip time was 0.018552 milliseconds in repetition 347
tcp_ping received 768 bytes back
Round trip time was 0.018465 milliseconds in repetition 348
tcp_ping received 768 bytes back
Round trip time was 0.01842 milliseconds in repetition 349
tcp_ping received 768 bytes back
Round trip time was 0.018515 milliseconds in repetition 350
tcp_ping received 768 bytes back
Round trip time was 0.018571 milliseconds in repetition 351
tcp_ping received 768 bytes back
Round trip time was 0.018815 milliseconds in repetition 352
tcp_ping received 768 bytes back
Round trip time was 0.01858 milliseconds in repetition 353
tcp_ping received 768 bytes back
Round trip time was 0.028028 milliseconds in repetition 354
tcp_ping received 768 bytes back
Round trip time was 0.019807 milliseconds in repetition 355
tcp_ping received 768 bytes back
Round trip time was 0.018707 milliseconds in repetition 356
tcp_ping received 768 bytes back
Round trip time was 0.043046 milliseconds in repetition 357
tcp_ping received 768 bytes back
Round trip time was 0.05063 milliseconds in repetition 358
tcp_ping received 768 bytes back
Round trip time was 0.023654 milliseconds in repetition 359
tcp_ping received 768 bytes back
Round trip time was 0.017939 milliseconds in repetition 360
tcp_ping received 768 bytes back
Round trip time was 0.017442 milliseconds in repetition 361
tcp_ping received 768 bytes back
Round trip time was 0.017366 milliseconds in repetition 362
tcp_ping received 768 bytes back
Round trip time was 0.017317 milliseconds in repetition 363
tcp_ping received 768 bytes back
Round trip time was 0.0174 milliseconds in repetition 364
tcp_ping received 768 bytes back
Round trip time was 0.017432 milliseconds in repetition 365
tcp_ping received 768 bytes back
Round trip time was 0.017503 milliseconds in repetition 366
tcp_ping received 768 bytes back
Round trip time was 0.017299 milliseconds in repetition 367
tcp_ping received 768 bytes back
Round trip time was 0.017515 milliseconds in repetition 368
tcp_ping received 768 bytes back
Round trip time was 0.017355 milliseconds in repetition 369
tcp_ping received 768 bytes back
Round trip time was 0.017335 milliseconds in repetition 370
tcp_ping received 768 bytes back
Round trip time was 0.017316 milliseconds in repetition 371
tcp_ping received 768 bytes back
Round trip time was 0.017188 milliseconds in repetition 372
tcp_ping received 768 bytes back
Round trip time was 0.017259 milliseconds in repetition 373
tcp_ping received 768 bytes back
Round trip time was 0.017327 milliseconds in repetition 374
tcp_ping received 768 bytes back
Round trip time was 0.0177 milliseconds in repetition 375
tcp_ping received 768 bytes back
Round trip time was 0.017352 milliseconds in repetition 376
tcp_ping received 768 bytes back
Round trip time was 0.017252 milliseconds in repetition 377
tcp_ping received 768 bytes back
Round trip time was 0.017252 milliseconds in repetition 378
tcp_ping received 768 bytes back
Round trip time was 0.01718 milliseconds in repetition 379
tcp_ping received 768 bytes back
Round trip time was 0.01711 milliseconds in repetition 380
tcp_ping received 768 bytes back
Round trip time was 0.017195 milliseconds in repetition 381
tcp_ping received 768 bytes back
Round trip time was 0.017245 milliseconds in repetition 382
tcp_ping received 768 bytes back
Round trip time was 0.017361 milliseconds in repetition 383
tcp_ping received 768 bytes back
Round trip time was 0.017285 milliseconds in repetition 384
tcp_ping received 768 bytes back
Round trip time was 0.017192 milliseconds in repetition 385
tcp_ping received 768 bytes back
Round trip time was 0.017266 milliseconds in repetition 386
tcp_ping received 768 bytes back
Round trip time was 0.017086 milliseconds in repetition 387
tcp_ping received 768 bytes back
Round trip time was 0.01716 milliseconds in repetition 388
tcp_ping received 768 bytes back
Round trip time was 0.017122 milliseconds in repetition 389
tcp_ping received 768 bytes back
Round trip time was 0.017132 milliseconds in repetition 390
tcp_ping received 768 bytes back
Round trip time was 0.017075 milliseconds in repetition 391
tcp_ping received 768 bytes back
Round trip time was 0.017233 milliseconds in repetition 392
tcp_ping received 768 bytes back
Round trip time was 0.017272 milliseconds in repetition 393
tcp_ping received 768 bytes back
Round trip time was 0.017192 milliseconds in repetition 394
tcp_ping received 768 bytes back
Round trip time was 0.017347 milliseconds in repetition 395
tcp_ping received 768 bytes back
Round trip time was 0.017119 milliseconds in repetition 396
tcp_ping received 768 bytes back
Round trip time was 0.017252 milliseconds in repetition 397
tcp_ping received 768 bytes back
Round trip time was 0.028558 milliseconds in repetition 398
tcp_ping received 768 bytes back
Round trip time was 0.019872 milliseconds in repetition 399
tcp_ping received 768 bytes back
Round trip time was 0.019745 milliseconds in repetition 400
tcp_ping received 768 bytes back
Round trip time was 0.018951 milliseconds in repetition 401
tcp_ping received 768 bytes back
Round trip time was 0.018743 milliseconds in repetition 402
tcp_ping received 768 bytes back
Round trip time was 0.019332 milliseconds in repetition 403
tcp_ping received 768 bytes back
Round trip time was 0.019181 milliseconds in repetition 404
tcp_ping received 768 bytes back
Round trip time was 0.019191 milliseconds in repetition 405
tcp_ping received 768 bytes back
Round trip time was 0.019167 milliseconds in repetition 406
tcp_ping received 768 bytes back
Round trip time was 0.018746 milliseconds in repetition 407
tcp_ping received 768 bytes back
Round trip time was 0.019112 milliseconds in repetition 408
tcp_ping received 768 bytes back
Round trip time was 0.018728 milliseconds in repetition 409
tcp_ping received 768 bytes back
Round trip time was 0.019305 milliseconds in repetition 410
tcp_ping received 768 bytes back
Round trip time was 0.019248 milliseconds in repetition 411
tcp_ping received 768 bytes back
Round trip time was 0.01924 milliseconds in repetition 412
tcp_ping received 768 bytes back
Round trip time was 0.019148 milliseconds in repetition 413
tcp_ping received 768 bytes back
Round trip time was 0.019221 milliseconds in repetition 414
tcp_ping received 768 bytes back
Round trip time was 0.01924 milliseconds in repetition 415
tcp_ping received 768 bytes back
Round trip time was 0.01935 milliseconds in repetition 416
tcp_ping received 768 bytes back
Round trip time was 0.018799 milliseconds in repetition 417
tcp_ping received 768 bytes back
Round trip time was 0.019282 milliseconds in repetition 418
tcp_ping received 768 bytes back
Round trip time was 0.019243 milliseconds in repetition 419
tcp_ping received 768 bytes back
Round trip time was 0.019187 milliseconds in repetition 420
tcp_ping received 768 bytes back
Round trip time was 0.019261 milliseconds in repetition 421
tcp_ping received 768 bytes back
Round trip time was 0.018665 milliseconds in repetition 422
tcp_ping received 768 bytes back
Round trip time was 0.018886 milliseconds in repetition 423
tcp_ping received 768 bytes back
Round trip time was 0.019226 milliseconds in repetition 424
tcp_ping received 768 bytes back
Round trip time was 0.019302 milliseconds in repetition 425
tcp_ping received 768 bytes back
Round trip time was 0.018842 milliseconds in repetition 426
tcp_ping received 768 bytes back
Round trip time was 0.019156 milliseconds in repetition 427
tcp_ping received 768 bytes back
Round trip time was 0.019205 milliseconds in repetition 428
tcp_ping received 768 bytes back
Round trip time was 0.019325 milliseconds in repetition 429
tcp_ping received 768 bytes back
Round trip time was 0.019196 milliseconds in repetition 430
tcp_ping received 768 bytes back
Round trip time was 0.019241 milliseconds in repetition 431
tcp_ping received 768 bytes back
Round trip time was 0.019235 milliseconds in repetition 432
tcp_ping received 768 bytes back
Round trip time was 0.018695 milliseconds in repetition 433
tcp_ping received 768 bytes back
Round trip time was 0.019204 milliseconds in repetition 434
tcp_ping received 768 bytes back
Round trip time was 0.019176 milliseconds in repetition 435
tcp_ping received 768 bytes back
Round trip time was 0.01864 milliseconds in repetition 436
tcp_ping received 768 bytes back
Round trip time was 0.018743 milliseconds in repetition 437
tcp_ping received 768 bytes back
Round trip time was 0.019262 milliseconds in repetition 438
tcp_ping received 768 bytes back
Round trip time was 0.019201 milliseconds in repetition 439
tcp_ping received 768 bytes back
Round trip time was 0.019192 milliseconds in repetition 440
tcp_ping received 768 bytes back
Round trip time was 0.019355 milliseconds in repetition 441
tcp_ping received 768 bytes back
Round trip time was 0.033753 milliseconds in repetition 442
tcp_ping received 768 bytes back
Round trip time was 0.020813 milliseconds in repetition 443
tcp_ping received 768 bytes back
Round trip time was 0.019489 milliseconds in repetition 444
tcp_ping received 768 bytes back
Round trip time was 0.019439 milliseconds in repetition 445
tcp_ping received 768 bytes back
Round trip time was 0.019404 milliseconds in repetition 446
tcp_ping received 768 bytes back
Round trip time was 0.019441 milliseconds in repetition 447
tcp_ping received 768 bytes back
Round trip time was 0.019586 milliseconds in repetition 448
tcp_ping received 768 bytes back
Round trip time was 0.019363 milliseconds in repetition 449
tcp_ping received 768 bytes back
Round trip time was 0.019282 milliseconds in repetition 450
tcp_ping received 768 bytes back
Round trip time was 0.01918 milliseconds in repetition 451
tcp_ping received 768 bytes back
Round trip time was 0.019138 milliseconds in repetition 452
tcp_ping received 768 bytes back
Round trip time was 0.019284 milliseconds in repetition 453
tcp_ping received 768 bytes back
Round trip time was 0.019137 milliseconds in repetition 454
tcp_ping received 768 bytes back
Round trip time was 0.019161 milliseconds in repetition 455
tcp_ping received 768 bytes back
Round trip time was 0.019205 milliseconds in repetition 456
tcp_ping received 768 bytes back
Round trip time was 0.019222 milliseconds in repetition 457
tcp_ping received 768 bytes back
Round trip time was 0.019242 milliseconds in repetition 458
tcp_ping received 768 bytes back
Round trip time was 0.019179 milliseconds in repetition 459
tcp_ping received 768 bytes back
Round trip time was 0.01915 milliseconds in repetition 460
tcp_ping received 768 bytes back
Round trip time was 0.019117 milliseconds in repetition 461
tcp_ping received 768 bytes back
Round trip time was 0.019109 milliseconds in repetition 462
tcp_ping received 768 bytes back
Round trip time was 0.019216 milliseconds in repetition 463
tcp_ping received 768 bytes back
Round trip time was 0.030371 milliseconds in repetition 464
tcp_ping received 768 bytes back
Round trip time was 0.020991 milliseconds in repetition 465
tcp_ping received 768 bytes back
Round trip time was 0.017628 milliseconds in repetition 466
tcp_ping received 768 bytes back
Round trip time was 0.017393 milliseconds in repetition 467
tcp_ping received 768 bytes back
Round trip time was 0.017257 milliseconds in repetition 468
tcp_ping received 768 bytes back
Round trip time was 0.027673 milliseconds in repetition 469
tcp_ping received 768 bytes back
Round trip time was 0.018239 milliseconds in repetition 470
tcp_ping received 768 bytes back
Round trip time was 0.017323 milliseconds in repetition 471
tcp_ping received 768 bytes back
Round trip time was 0.01737 milliseconds in repetition 472
tcp_ping received 768 bytes back
Round trip time was 0.01725 milliseconds in repetition 473
tcp_ping received 768 bytes back
Round trip time was 0.017286 milliseconds in repetition 474
tcp_ping received 768 bytes back
Round trip time was 0.017295 milliseconds in repetition 475
tcp_ping received 768 bytes back
Round trip time was 0.017324 milliseconds in repetition 476
tcp_ping received 768 bytes back
Round trip time was 0.01733 milliseconds in repetition 477
tcp_ping received 768 bytes back
Round trip time was 0.017167 milliseconds in repetition 478
tcp_ping received 768 bytes back
Round trip time was 0.0172 milliseconds in repetition 479
tcp_ping received 768 bytes back
Round trip time was 0.017598 milliseconds in repetition 480
tcp_ping received 768 bytes back
Round trip time was 0.017451 milliseconds in repetition 481
tcp_ping received 768 bytes back
Round trip time was 0.017345 milliseconds in repetition 482
tcp_ping received 768 bytes back
Round trip time was 0.017285 milliseconds in repetition 483
tcp_ping received 768 bytes back
Round trip time was 0.017382 milliseconds in repetition 484
tcp_ping received 768 bytes back
Round trip time was 0.017262 milliseconds in repetition 485
tcp_ping received 768 bytes back
Round trip time was 0.028259 milliseconds in repetition 486
tcp_ping received 768 bytes back
Round trip time was 0.018048 milliseconds in repetition 487
tcp_ping received 768 bytes back
Round trip time was 0.018225 milliseconds in repetition 488
tcp_ping received 768 bytes back
Round trip time was 0.018102 milliseconds in repetition 489
tcp_ping received 768 bytes back
Round trip time was 0.018484 milliseconds in repetition 490
tcp_ping received 768 bytes back
Round trip time was 0.01811 milliseconds in repetition 491
tcp_ping received 768 bytes back
Round trip time was 0.01798 milliseconds in repetition 492
tcp_ping received 768 bytes back
Round trip time was 0.017928 milliseconds in repetition 493
tcp_ping received 768 bytes back
Round trip time was 0.018055 milliseconds in repetition 494
tcp_ping received 768 bytes back
Round trip time was 0.017256 milliseconds in repetition 495
tcp_ping received 768 bytes back
Round trip time was 0.018443 milliseconds in repetition 496
tcp_ping received 768 bytes back
Round trip time was 0.018167 milliseconds in repetition 497
tcp_ping received 768 bytes back
Round trip time was 0.018517 milliseconds in repetition 498
tcp_ping received 768 bytes back
Round trip time was 0.018543 milliseconds in repetition 499
tcp_ping received 768 bytes back
Round trip time was 0.017943 milliseconds in repetition 500
tcp_ping received 768 bytes back
Round trip time was 0.018053 milliseconds in repetition 501

 ... clock resolution was 1e-06
TCP Ping:  Statistics over 501 repetitions of 768 byte messages

RTT : percentile 10: 0.01716, median: 0.018773, percentile 90: 0.047488, average: 0.0291806, variance: 0.00328052

RTT histogram:
0.0165745 450
0.073947 31
0.131319 15
0.188692 3
0.246064 1
0.303437 0
0.360809 0
0.418182 0
0.475554 0
0.532927 0
0.590299 0
0.647671 0
0.705044 0
0.762416 0
0.819789 0
0.877161 0
0.934534 0
0.991906 0
1.04928 0
1.10665 0
1.16402 1

   median Throughput : 81819.6 KB/s   overall Throughput : 52637.8 KB/s

