TCP Ping trying to connect to server localhost (127.0.0.1) on port 1421
 ... connected to Pong server: asking for 501 repetitions of 2048 bytes TCP messages
 ... Pong server agreed :-)
tcp_ping received 2048 bytes back
Round trip time was 0.111101 milliseconds in repetition 1
tcp_ping received 2048 bytes back
Round trip time was 0.10017 milliseconds in repetition 2
tcp_ping received 2048 bytes back
Round trip time was 0.123335 milliseconds in repetition 3
tcp_ping received 2048 bytes back
Round trip time was 0.112458 milliseconds in repetition 4
tcp_ping received 2048 bytes back
Round trip time was 0.086939 milliseconds in repetition 5
tcp_ping received 2048 bytes back
Round trip time was 0.079593 milliseconds in repetition 6
tcp_ping received 2048 bytes back
Round trip time was 0.079086 milliseconds in repetition 7
tcp_ping received 2048 bytes back
Round trip time was 0.078574 milliseconds in repetition 8
tcp_ping received 2048 bytes back
Round trip time was 0.079078 milliseconds in repetition 9
tcp_ping received 2048 bytes back
Round trip time was 0.07879 milliseconds in repetition 10
tcp_ping received 2048 bytes back
Round trip time was 0.078816 milliseconds in repetition 11
tcp_ping received 2048 bytes back
Round trip time was 0.078674 milliseconds in repetition 12
tcp_ping received 2048 bytes back
Round trip time was 0.058054 milliseconds in repetition 13
tcp_ping received 2048 bytes back
Round trip time was 0.05791 milliseconds in repetition 14
tcp_ping received 2048 bytes back
Round trip time was 0.057886 milliseconds in repetition 15
tcp_ping received 2048 bytes back
Round trip time was 0.057702 milliseconds in repetition 16
tcp_ping received 2048 bytes back
Round trip time was 0.057615 milliseconds in repetition 17
tcp_ping received 2048 bytes back
Round trip time was 0.057685 milliseconds in repetition 18
tcp_ping received 2048 bytes back
Round trip time was 0.057782 milliseconds in repetition 19
tcp_ping received 2048 bytes back
Round trip time was 0.057651 milliseconds in repetition 20
tcp_ping received 2048 bytes back
Round trip time was 0.057551 milliseconds in repetition 21
tcp_ping received 2048 bytes back
Round trip time was 0.067093 milliseconds in repetition 22
tcp_ping received 2048 bytes back
Round trip time was 0.168762 milliseconds in repetition 23
tcp_ping received 2048 bytes back
Round trip time was 0.122858 milliseconds in repetition 24
tcp_ping received 2048 bytes back
Round trip time was 0.058814 milliseconds in repetition 25
tcp_ping received 2048 bytes back
Round trip time was 0.058313 milliseconds in repetition 26
tcp_ping received 2048 bytes back
Round trip time was 0.058127 milliseconds in repetition 27
tcp_ping received 2048 bytes back
Round trip time was 0.058053 milliseconds in repetition 28
tcp_ping received 2048 bytes back
Round trip time was 0.057969 milliseconds in repetition 29
tcp_ping received 2048 bytes back
Round trip time was 0.057828 milliseconds in repetition 30
tcp_ping received 2048 bytes back
Round trip time was 0.057953 milliseconds in repetition 31
tcp_ping received 2048 bytes back
Round trip time was 0.057991 milliseconds in repetition 32
tcp_ping received 2048 bytes back
Round trip time was 0.057883 milliseconds in repetition 33
tcp_ping received 2048 bytes back
Round trip time was 0.058188 milliseconds in repetition 34
tcp_ping received 2048 bytes back
Round trip time was 0.058206 milliseconds in repetition 35
tcp_ping received 2048 bytes back
Round trip time was 0.057686 milliseconds in repetition 36
tcp_ping received 2048 bytes back
Round trip time was 0.0581 milliseconds in repetition 37
tcp_ping received 2048 bytes back
Round trip time was 0.057891 milliseconds in repetition 38
tcp_ping received 2048 bytes back
Round trip time was 0.05793 milliseconds in repetition 39
tcp_ping received 2048 bytes back
Round trip time was 0.057924 milliseconds in repetition 40
tcp_ping received 2048 bytes back
Round trip time was 0.057756 milliseconds in repetition 41
tcp_ping received 2048 bytes back
Round trip time was 0.058182 milliseconds in repetition 42
tcp_ping received 2048 bytes back
Round trip time was 0.057654 milliseconds in repetition 43
tcp_ping received 2048 bytes back
Round trip time was 0.052077 milliseconds in repetition 44
tcp_ping received 2048 bytes back
Round trip time was 0.064278 milliseconds in repetition 45
tcp_ping received 2048 bytes back
Round trip time was 0.059183 milliseconds in repetition 46
tcp_ping received 2048 bytes back
Round trip time was 0.116318 milliseconds in repetition 47
tcp_ping received 2048 bytes back
Round trip time was 0.102847 milliseconds in repetition 48
tcp_ping received 2048 bytes back
Round trip time was 0.066418 milliseconds in repetition 49
tcp_ping received 2048 bytes back
Round trip time was 0.04353 milliseconds in repetition 50
tcp_ping received 2048 bytes back
Round trip time was 0.192697 milliseconds in repetition 51
tcp_ping received 2048 bytes back
Round trip time was 0.166917 milliseconds in repetition 52
tcp_ping received 2048 bytes back
Round trip time was 0.186644 milliseconds in repetition 53
tcp_ping received 2048 bytes back
Round trip time was 0.186665 milliseconds in repetition 54
tcp_ping received 2048 bytes back
Round trip time was 0.184438 milliseconds in repetition 55
tcp_ping received 2048 bytes back
Round trip time was 0.183917 milliseconds in repetition 56
tcp_ping received 2048 bytes back
Round trip time was 0.185076 milliseconds in repetition 57
tcp_ping received 2048 bytes back
Round trip time was 0.165596 milliseconds in repetition 58
tcp_ping received 2048 bytes back
Round trip time was 0.157823 milliseconds in repetition 59
tcp_ping received 2048 bytes back
Round trip time was 0.157529 milliseconds in repetition 60
tcp_ping received 2048 bytes back
Round trip time was 0.161491 milliseconds in repetition 61
tcp_ping received 2048 bytes back
Round trip time was 0.119269 milliseconds in repetition 62
tcp_ping received 2048 bytes back
Round trip time was 0.126334 milliseconds in repetition 63
tcp_ping received 2048 bytes back
Round trip time was 0.075176 milliseconds in repetition 64
tcp_ping received 2048 bytes back
Round trip time was 5.73497 milliseconds in repetition 65
tcp_ping received 2048 bytes back
Round trip time was 0.072416 milliseconds in repetition 66
tcp_ping received 2048 bytes back
Round trip time was 0.150056 milliseconds in repetition 67
tcp_ping received 2048 bytes back
Round trip time was 0.172983 milliseconds in repetition 68
tcp_ping received 2048 bytes back
Round trip time was 0.119793 milliseconds in repetition 69
tcp_ping received 2048 bytes back
Round trip time was 0.068328 milliseconds in repetition 70
tcp_ping received 2048 bytes back
Round trip time was 0.040718 milliseconds in repetition 71
tcp_ping received 2048 bytes back
Round trip time was 0.036652 milliseconds in repetition 72
tcp_ping received 2048 bytes back
Round trip time was 0.036661 milliseconds in repetition 73
tcp_ping received 2048 bytes back
Round trip time was 0.036529 milliseconds in repetition 74
tcp_ping received 2048 bytes back
Round trip time was 0.036744 milliseconds in repetition 75
tcp_ping received 2048 bytes back
Round trip time was 0.036522 milliseconds in repetition 76
tcp_ping received 2048 bytes back
Round trip time was 0.036621 milliseconds in repetition 77
tcp_ping received 2048 bytes back
Round trip time was 0.036721 milliseconds in repetition 78
tcp_ping received 2048 bytes back
Round trip time was 0.037452 milliseconds in repetition 79
tcp_ping received 2048 bytes back
Round trip time was 0.032391 milliseconds in repetition 80
tcp_ping received 2048 bytes back
Round trip time was 0.031935 milliseconds in repetition 81
tcp_ping received 2048 bytes back
Round trip time was 0.032271 milliseconds in repetition 82
tcp_ping received 2048 bytes back
Round trip time was 0.032173 milliseconds in repetition 83
tcp_ping received 2048 bytes back
Round trip time was 0.032751 milliseconds in repetition 84
tcp_ping received 2048 bytes back
Round trip time was 0.032646 milliseconds in repetition 85
tcp_ping received 2048 bytes back
Round trip time was 0.032418 milliseconds in repetition 86
tcp_ping received 2048 bytes back
Round trip time was 0.032851 milliseconds in repetition 87
tcp_ping received 2048 bytes back
Round trip time was 0.060341 milliseconds in repetition 88
tcp_ping received 2048 bytes back
Round trip time was 0.037193 milliseconds in repetition 89
tcp_ping received 2048 bytes back
Round trip time was 0.036622 milliseconds in repetition 90
tcp_ping received 2048 bytes back
Round trip time was 0.058747 milliseconds in repetition 91
tcp_ping received 2048 bytes back
Round trip time was 0.03325 milliseconds in repetition 92
tcp_ping received 2048 bytes back
Round trip time was 0.031855 milliseconds in repetition 93
tcp_ping received 2048 bytes back
Round trip time was 0.031518 milliseconds in repetition 94
tcp_ping received 2048 bytes back
Round trip time was 0.031697 milliseconds in repetition 95
tcp_ping received 2048 bytes back
Round trip time was 0.031597 milliseconds in repetition 96
tcp_ping received 2048 bytes back
Round trip time was 0.186155 milliseconds in repetition 97
tcp_ping received 2048 bytes back
Round trip time was 0.05307 milliseconds in repetition 98
tcp_ping received 2048 bytes back
Round trip time was 0.052036 milliseconds in repetition 99
tcp_ping received 2048 bytes back
Round trip time was 0.041539 milliseconds in repetition 100
tcp_ping received 2048 bytes back
Round trip time was 0.037976 milliseconds in repetition 101
tcp_ping received 2048 bytes back
Round trip time was 0.037074 milliseconds in repetition 102
tcp_ping received 2048 bytes back
Round trip time was 0.036904 milliseconds in repetition 103
tcp_ping received 2048 bytes back
Round trip time was 0.036889 milliseconds in repetition 104
tcp_ping received 2048 bytes back
Round trip time was 0.036785 milliseconds in repetition 105
tcp_ping received 2048 bytes back
Round trip time was 0.036731 milliseconds in repetition 106
tcp_ping received 2048 bytes back
Round trip time was 0.036663 milliseconds in repetition 107
tcp_ping received 2048 bytes back
Round trip time was 0.036735 milliseconds in repetition 108
tcp_ping received 2048 bytes back
Round trip time was 0.036845 milliseconds in repetition 109
tcp_ping received 2048 bytes back
Round trip time was 0.036843 milliseconds in repetition 110
tcp_ping received 2048 bytes back
Round trip time was 0.036844 milliseconds in repetition 111
tcp_ping received 2048 bytes back
Round trip time was 0.036763 milliseconds in repetition 112
tcp_ping received 2048 bytes back
Round trip time was 0.036837 milliseconds in repetition 113
tcp_ping received 2048 bytes back
Round trip time was 0.036788 milliseconds in repetition 114
tcp_ping received 2048 bytes back
Round trip time was 0.036826 milliseconds in repetition 115
tcp_ping received 2048 bytes back
Round trip time was 0.036751 milliseconds in repetition 116
tcp_ping received 2048 bytes back
Round trip time was 0.036752 milliseconds in repetition 117
tcp_ping received 2048 bytes back
Round trip time was 0.036729 milliseconds in repetition 118
tcp_ping received 2048 bytes back
Round trip time was 0.03674 milliseconds in repetition 119
tcp_ping received 2048 bytes back
Round trip time was 0.036747 milliseconds in repetition 120
tcp_ping received 2048 bytes back
Round trip time was 0.036757 milliseconds in repetition 121
tcp_ping received 2048 bytes back
Round trip time was 0.036725 milliseconds in repetition 122
tcp_ping received 2048 bytes back
Round trip time was 0.036758 milliseconds in repetition 123
tcp_ping received 2048 bytes back
Round trip time was 0.036785 milliseconds in repetition 124
tcp_ping received 2048 bytes back
Round trip time was 0.036801 milliseconds in repetition 125
tcp_ping received 2048 bytes back
Round trip time was 0.036698 milliseconds in repetition 126
tcp_ping received 2048 bytes back
Round trip time was 0.037148 milliseconds in repetition 127
tcp_ping received 2048 bytes back
Round trip time was 0.036694 milliseconds in repetition 128
tcp_ping received 2048 bytes back
Round trip time was 0.036522 milliseconds in repetition 129
tcp_ping received 2048 bytes back
Round trip time was 0.036516 milliseconds in repetition 130
tcp_ping received 2048 bytes back
Round trip time was 0.036434 milliseconds in repetition 131
tcp_ping received 2048 bytes back
Round trip time was 0.059207 milliseconds in repetition 132
tcp_ping received 2048 bytes back
Round trip time was 0.036215 milliseconds in repetition 133
tcp_ping received 2048 bytes back
Round trip time was 0.03659 milliseconds in repetition 134
tcp_ping received 2048 bytes back
Round trip time was 0.0366 milliseconds in repetition 135
tcp_ping received 2048 bytes back
Round trip time was 0.036464 milliseconds in repetition 136
tcp_ping received 2048 bytes back
Round trip time was 0.035875 milliseconds in repetition 137
tcp_ping received 2048 bytes back
Round trip time was 0.035208 milliseconds in repetition 138
tcp_ping received 2048 bytes back
Round trip time was 0.03303 milliseconds in repetition 139
tcp_ping received 2048 bytes back
Round trip time was 0.032932 milliseconds in repetition 140
tcp_ping received 2048 bytes back
Round trip time was 0.032811 milliseconds in repetition 141
tcp_ping received 2048 bytes back
Round trip time was 0.034342 milliseconds in repetition 142
tcp_ping received 2048 bytes back
Round trip time was 0.034393 milliseconds in repetition 143
tcp_ping received 2048 bytes back
Round trip time was 0.032973 milliseconds in repetition 144
tcp_ping received 2048 bytes back
Round trip time was 0.032671 milliseconds in repetition 145
tcp_ping received 2048 bytes back
Round trip time was 0.033549 milliseconds in repetition 146
tcp_ping received 2048 bytes back
Round trip time was 0.032985 milliseconds in repetition 147
tcp_ping received 2048 bytes back
Round trip time was 0.032561 milliseconds in repetition 148
tcp_ping received 2048 bytes back
Round trip time was 0.034136 milliseconds in repetition 149
tcp_ping received 2048 bytes back
Round trip time was 0.032599 milliseconds in repetition 150
tcp_ping received 2048 bytes back
Round trip time was 0.034202 milliseconds in repetition 151
tcp_ping received 2048 bytes back
Round trip time was 0.032698 milliseconds in repetition 152
tcp_ping received 2048 bytes back
Round trip time was 0.03263 milliseconds in repetition 153
tcp_ping received 2048 bytes back
Round trip time was 0.032505 milliseconds in repetition 154
tcp_ping received 2048 bytes back
Round trip time was 0.03271 milliseconds in repetition 155
tcp_ping received 2048 bytes back
Round trip time was 0.034292 milliseconds in repetition 156
tcp_ping received 2048 bytes back
Round trip time was 0.032546 milliseconds in repetition 157
tcp_ping received 2048 bytes back
Round trip time was 0.032644 milliseconds in repetition 158
tcp_ping received 2048 bytes back
Round trip time was 0.032609 milliseconds in repetition 159
tcp_ping received 2048 bytes back
Round trip time was 0.032726 milliseconds in repetition 160
tcp_ping received 2048 bytes back
Round trip time was 0.0326 milliseconds in repetition 161
tcp_ping received 2048 bytes back
Round trip time was 0.032576 milliseconds in repetition 162
tcp_ping received 2048 bytes back
Round trip time was 0.032554 milliseconds in repetition 163
tcp_ping received 2048 bytes back
Round trip time was 0.032701 milliseconds in repetition 164
tcp_ping received 2048 bytes back
Round trip time was 0.033322 milliseconds in repetition 165
tcp_ping received 2048 bytes back
Round trip time was 0.037566 milliseconds in repetition 166
tcp_ping received 2048 bytes back
Round trip time was 0.033477 milliseconds in repetition 167
tcp_ping received 2048 bytes back
Round trip time was 0.03442 milliseconds in repetition 168
tcp_ping received 2048 bytes back
Round trip time was 0.034483 milliseconds in repetition 169
tcp_ping received 2048 bytes back
Round trip time was 0.032887 milliseconds in repetition 170
tcp_ping received 2048 bytes back
Round trip time was 0.03446 milliseconds in repetition 171
tcp_ping received 2048 bytes back
Round trip time was 0.032864 milliseconds in repetition 172
tcp_ping received 2048 bytes back
Round trip time was 0.034378 milliseconds in repetition 173
tcp_ping received 2048 bytes back
Round trip time was 0.032806 milliseconds in repetition 174
tcp_ping received 2048 bytes back
Round trip time was 0.048475 milliseconds in repetition 175
tcp_ping received 2048 bytes back
Round trip time was 0.035606 milliseconds in repetition 176
tcp_ping received 2048 bytes back
Round trip time was 0.034504 milliseconds in repetition 177
tcp_ping received 2048 bytes back
Round trip time was 0.034258 milliseconds in repetition 178
tcp_ping received 2048 bytes back
Round trip time was 0.034352 milliseconds in repetition 179
tcp_ping received 2048 bytes back
Round trip time was 0.034152 milliseconds in repetition 180
tcp_ping received 2048 bytes back
Round trip time was 0.034336 milliseconds in repetition 181
tcp_ping received 2048 bytes back
Round trip time was 0.034305 milliseconds in repetition 182
tcp_ping received 2048 bytes back
Round trip time was 0.034362 milliseconds in repetition 183
tcp_ping received 2048 bytes back
Round trip time was 0.034345 milliseconds in repetition 184
tcp_ping received 2048 bytes back
Round trip time was 0.034281 milliseconds in repetition 185
tcp_ping received 2048 bytes back
Round trip time was 0.034326 milliseconds in repetition 186
tcp_ping received 2048 bytes back
Round trip time was 0.034237 milliseconds in repetition 187
tcp_ping received 2048 bytes back
Round trip time was 0.034225 milliseconds in repetition 188
tcp_ping received 2048 bytes back
Round trip time was 0.034312 milliseconds in repetition 189
tcp_ping received 2048 bytes back
Round trip time was 0.034311 milliseconds in repetition 190
tcp_ping received 2048 bytes back
Round trip time was 0.048128 milliseconds in repetition 191
tcp_ping received 2048 bytes back
Round trip time was 0.033452 milliseconds in repetition 192
tcp_ping received 2048 bytes back
Round trip time was 0.033391 milliseconds in repetition 193
tcp_ping received 2048 bytes back
Round trip time was 0.033641 milliseconds in repetition 194
tcp_ping received 2048 bytes back
Round trip time was 0.033479 milliseconds in repetition 195
tcp_ping received 2048 bytes back
Round trip time was 0.033436 milliseconds in repetition 196
tcp_ping received 2048 bytes back
Round trip time was 0.033424 milliseconds in repetition 197
tcp_ping received 2048 bytes back
Round trip time was 0.033433 milliseconds in repetition 198
tcp_ping received 2048 bytes back
Round trip time was 0.033419 milliseconds in repetition 199
tcp_ping received 2048 bytes back
Round trip time was 0.034075 milliseconds in repetition 200
tcp_ping received 2048 bytes back
Round trip time was 0.033647 milliseconds in repetition 201
tcp_ping received 2048 bytes back
Round trip time was 0.033395 milliseconds in repetition 202
tcp_ping received 2048 bytes back
Round trip time was 0.033432 milliseconds in repetition 203
tcp_ping received 2048 bytes back
Round trip time was 0.033409 milliseconds in repetition 204
tcp_ping received 2048 bytes back
Round trip time was 0.033388 milliseconds in repetition 205
tcp_ping received 2048 bytes back
Round trip time was 0.033423 milliseconds in repetition 206
tcp_ping received 2048 bytes back
Round trip time was 0.033424 milliseconds in repetition 207
tcp_ping received 2048 bytes back
Round trip time was 0.033439 milliseconds in repetition 208
tcp_ping received 2048 bytes back
Round trip time was 0.031944 milliseconds in repetition 209
tcp_ping received 2048 bytes back
Round trip time was 0.033471 milliseconds in repetition 210
tcp_ping received 2048 bytes back
Round trip time was 0.033825 milliseconds in repetition 211
tcp_ping received 2048 bytes back
Round trip time was 0.032032 milliseconds in repetition 212
tcp_ping received 2048 bytes back
Round trip time was 0.033415 milliseconds in repetition 213
tcp_ping received 2048 bytes back
Round trip time was 0.03358 milliseconds in repetition 214
tcp_ping received 2048 bytes back
Round trip time was 0.033531 milliseconds in repetition 215
tcp_ping received 2048 bytes back
Round trip time was 0.052551 milliseconds in repetition 216
tcp_ping received 2048 bytes back
Round trip time was 0.034598 milliseconds in repetition 217
tcp_ping received 2048 bytes back
Round trip time was 0.045962 milliseconds in repetition 218
tcp_ping received 2048 bytes back
Round trip time was 0.067223 milliseconds in repetition 219
tcp_ping received 2048 bytes back
Round trip time was 0.031036 milliseconds in repetition 220
tcp_ping received 2048 bytes back
Round trip time was 0.029266 milliseconds in repetition 221
tcp_ping received 2048 bytes back
Round trip time was 0.050416 milliseconds in repetition 222
tcp_ping received 2048 bytes back
Round trip time was 0.035173 milliseconds in repetition 223
tcp_ping received 2048 bytes back
Round trip time was 0.044027 milliseconds in repetition 224
tcp_ping received 2048 bytes back
Round trip time was 0.02916 milliseconds in repetition 225
tcp_ping received 2048 bytes back
Round trip time was 0.048783 milliseconds in repetition 226
tcp_ping received 2048 bytes back
Round trip time was 0.043809 milliseconds in repetition 227
tcp_ping received 2048 bytes back
Round trip time was 0.029094 milliseconds in repetition 228
tcp_ping received 2048 bytes back
Round trip time was 0.04843 milliseconds in repetition 229
tcp_ping received 2048 bytes back
Round trip time was 0.752835 milliseconds in repetition 230
tcp_ping received 2048 bytes back
Round trip time was 0.041039 milliseconds in repetition 231
tcp_ping received 2048 bytes back
Round trip time was 0.054111 milliseconds in repetition 232
tcp_ping received 2048 bytes back
Round trip time was 0.03493 milliseconds in repetition 233
tcp_ping received 2048 bytes back
Round trip time was 0.088438 milliseconds in repetition 234
tcp_ping received 2048 bytes back
Round trip time was 0.047859 milliseconds in repetition 235
tcp_ping received 2048 bytes back
Round trip time was 0.035141 milliseconds in repetition 236
tcp_ping received 2048 bytes back
Round trip time was 0.034698 milliseconds in repetition 237
tcp_ping received 2048 bytes back
Round trip time was 0.034678 milliseconds in repetition 238
tcp_ping received 2048 bytes back
Round trip time was 1.03603 milliseconds in repetition 239
tcp_ping received 2048 bytes back
Round trip time was 0.150801 milliseconds in repetition 240
tcp_ping received 2048 bytes back
Round trip time was 0.137402 milliseconds in repetition 241
tcp_ping received 2048 bytes back
Round trip time was 0.165385 milliseconds in repetition 242
tcp_ping received 2048 bytes back
Round trip time was 0.148736 milliseconds in repetition 243
tcp_ping received 2048 bytes back
Round trip time was 0.147375 milliseconds in repetition 244
tcp_ping received 2048 bytes back
Round trip time was 0.168713 milliseconds in repetition 245
tcp_ping received 2048 bytes back
Round trip time was 0.133552 milliseconds in repetition 246
tcp_ping received 2048 bytes back
Round trip time was 0.17776 milliseconds in repetition 247
tcp_ping received 2048 bytes back
Round trip time was 0.265825 milliseconds in repetition 248
tcp_ping received 2048 bytes back
Round trip time was 0.195007 milliseconds in repetition 249
tcp_ping received 2048 bytes back
Round trip time was 0.113578 milliseconds in repetition 250
tcp_ping received 2048 bytes back
Round trip time was 0.134368 milliseconds in repetition 251
tcp_ping received 2048 bytes back
Round trip time was 0.128641 milliseconds in repetition 252
tcp_ping received 2048 bytes back
Round trip time was 0.127694 milliseconds in repetition 253
tcp_ping received 2048 bytes back
Round trip time was 0.128069 milliseconds in repetition 254
tcp_ping received 2048 bytes back
Round trip time was 0.083319 milliseconds in repetition 255
tcp_ping received 2048 bytes back
Round trip time was 0.085078 milliseconds in repetition 256
tcp_ping received 2048 bytes back
Round trip time was 0.077921 milliseconds in repetition 257
tcp_ping received 2048 bytes back
Round trip time was 0.220133 milliseconds in repetition 258
tcp_ping received 2048 bytes back
Round trip time was 0.141784 milliseconds in repetition 259
tcp_ping received 2048 bytes back
Round trip time was 0.163003 milliseconds in repetition 260
tcp_ping received 2048 bytes back
Round trip time was 0.135297 milliseconds in repetition 261
tcp_ping received 2048 bytes back
Round trip time was 0.194386 milliseconds in repetition 262
tcp_ping received 2048 bytes back
Round trip time was 0.177395 milliseconds in repetition 263
tcp_ping received 2048 bytes back
Round trip time was 0.131844 milliseconds in repetition 264
tcp_ping received 2048 bytes back
Round trip time was 0.125701 milliseconds in repetition 265
tcp_ping received 2048 bytes back
Round trip time was 0.170962 milliseconds in repetition 266
tcp_ping received 2048 bytes back
Round trip time was 0.107906 milliseconds in repetition 267
tcp_ping received 2048 bytes back
Round trip time was 0.085119 milliseconds in repetition 268
tcp_ping received 2048 bytes back
Round trip time was 0.108027 milliseconds in repetition 269
tcp_ping received 2048 bytes back
Round trip time was 0.07758 milliseconds in repetition 270
tcp_ping received 2048 bytes back
Round trip time was 0.079264 milliseconds in repetition 271
tcp_ping received 2048 bytes back
Round trip time was 0.079279 milliseconds in repetition 272
tcp_ping received 2048 bytes back
Round trip time was 0.084375 milliseconds in repetition 273
tcp_ping received 2048 bytes back
Round trip time was 0.077641 milliseconds in repetition 274
tcp_ping received 2048 bytes back
Round trip time was 0.079115 milliseconds in repetition 275
tcp_ping received 2048 bytes back
Round trip time was 0.078569 milliseconds in repetition 276
tcp_ping received 2048 bytes back
Round trip time was 0.079013 milliseconds in repetition 277
tcp_ping received 2048 bytes back
Round trip time was 0.078809 milliseconds in repetition 278
tcp_ping received 2048 bytes back
Round trip time was 0.077556 milliseconds in repetition 279
tcp_ping received 2048 bytes back
Round trip time was 0.190842 milliseconds in repetition 280
tcp_ping received 2048 bytes back
Round trip time was 0.103771 milliseconds in repetition 281
tcp_ping received 2048 bytes back
Round trip time was 0.050349 milliseconds in repetition 282
tcp_ping received 2048 bytes back
Round trip time was 0.07081 milliseconds in repetition 283
tcp_ping received 2048 bytes back
Round trip time was 0.050449 milliseconds in repetition 284
tcp_ping received 2048 bytes back
Round trip time was 0.035181 milliseconds in repetition 285
tcp_ping received 2048 bytes back
Round trip time was 0.034984 milliseconds in repetition 286
tcp_ping received 2048 bytes back
Round trip time was 0.035326 milliseconds in repetition 287
tcp_ping received 2048 bytes back
Round trip time was 0.073357 milliseconds in repetition 288
tcp_ping received 2048 bytes back
Round trip time was 0.048866 milliseconds in repetition 289
tcp_ping received 2048 bytes back
Round trip time was 0.035579 milliseconds in repetition 290
tcp_ping received 2048 bytes back
Round trip time was 0.074271 milliseconds in repetition 291
tcp_ping received 2048 bytes back
Round trip time was 0.038105 milliseconds in repetition 292
tcp_ping received 2048 bytes back
Round trip time was 0.069096 milliseconds in repetition 293
tcp_ping received 2048 bytes back
Round trip time was 0.034669 milliseconds in repetition 294
tcp_ping received 2048 bytes back
Round trip time was 0.030404 milliseconds in repetition 295
tcp_ping received 2048 bytes back
Round trip time was 0.03054 milliseconds in repetition 296
tcp_ping received 2048 bytes back
Round trip time was 0.030138 milliseconds in repetition 297
tcp_ping received 2048 bytes back
Round trip time was 0.029868 milliseconds in repetition 298
tcp_ping received 2048 bytes back
Round trip time was 0.030062 milliseconds in repetition 299
tcp_ping received 2048 bytes back
Round trip time was 0.030219 milliseconds in repetition 300
tcp_ping received 2048 bytes back
Round trip time was 0.030407 milliseconds in repetition 301
tcp_ping received 2048 bytes back
Round trip time was 0.066491 milliseconds in repetition 302
tcp_ping received 2048 bytes back
Round trip time was 0.047232 milliseconds in repetition 303
tcp_ping received 2048 bytes back
Round trip time was 0.035164 milliseconds in repetition 304
tcp_ping received 2048 bytes back
Round trip time was 0.048063 milliseconds in repetition 305
tcp_ping received 2048 bytes back
Round trip time was 0.050015 milliseconds in repetition 306
tcp_ping received 2048 bytes back
Round trip time was 0.035577 milliseconds in repetition 307
tcp_ping received 2048 bytes back
Round trip time was 0.034705 milliseconds in repetition 308
tcp_ping received 2048 bytes back
Round trip time was 0.074002 milliseconds in repetition 309
tcp_ping received 2048 bytes back
Round trip time was 0.038106 milliseconds in repetition 310
tcp_ping received 2048 bytes back
Round trip time was 0.029978 milliseconds in repetition 311
tcp_ping received 2048 bytes back
Round trip time was 0.030275 milliseconds in repetition 312
tcp_ping received 2048 bytes back
Round trip time was 0.080781 milliseconds in repetition 313
tcp_ping received 2048 bytes back
Round trip time was 0.039812 milliseconds in repetition 314
tcp_ping received 2048 bytes back
Round trip time was 0.070907 milliseconds in repetition 315
tcp_ping received 2048 bytes back
Round trip time was 0.039024 milliseconds in repetition 316
tcp_ping received 2048 bytes back
Round trip time was 0.071825 milliseconds in repetition 317
tcp_ping received 2048 bytes back
Round trip time was 0.0411 milliseconds in repetition 318
tcp_ping received 2048 bytes back
Round trip time was 0.035817 milliseconds in repetition 319
tcp_ping received 2048 bytes back
Round trip time was 0.03449 milliseconds in repetition 320
tcp_ping received 2048 bytes back
Round trip time was 0.032997 milliseconds in repetition 321
tcp_ping received 2048 bytes back
Round trip time was 0.034642 milliseconds in repetition 322
tcp_ping received 2048 bytes back
Round trip time was 0.034693 milliseconds in repetition 323
tcp_ping received 2048 bytes back
Round trip time was 0.034656 milliseconds in repetition 324
tcp_ping received 2048 bytes back
Round trip time was 0.034549 milliseconds in repetition 325
tcp_ping received 2048 bytes back
Round trip time was 0.03448 milliseconds in repetition 326
tcp_ping received 2048 bytes back
Round trip time was 0.032842 milliseconds in repetition 327
tcp_ping received 2048 bytes back
Round trip time was 0.064481 milliseconds in repetition 328
tcp_ping received 2048 bytes back
Round trip time was 0.073036 milliseconds in repetition 329
tcp_ping received 2048 bytes back
Round trip time was 0.037522 milliseconds in repetition 330
tcp_ping received 2048 bytes back
Round trip time was 0.030251 milliseconds in repetition 331
tcp_ping received 2048 bytes back
Round trip time was 0.034628 milliseconds in repetition 332
tcp_ping received 2048 bytes back
Round trip time was 0.034639 milliseconds in repetition 333
tcp_ping received 2048 bytes back
Round trip time was 0.033065 milliseconds in repetition 334
tcp_ping received 2048 bytes back
Round trip time was 0.033057 milliseconds in repetition 335
tcp_ping received 2048 bytes back
Round trip time was 0.032913 milliseconds in repetition 336
tcp_ping received 2048 bytes back
Round trip time was 0.032953 milliseconds in repetition 337
tcp_ping received 2048 bytes back
Round trip time was 0.034692 milliseconds in repetition 338
tcp_ping received 2048 bytes back
Round trip time was 0.032951 milliseconds in repetition 339
tcp_ping received 2048 bytes back
Round trip time was 0.032883 milliseconds in repetition 340
tcp_ping received 2048 bytes back
Round trip time was 0.033028 milliseconds in repetition 341
tcp_ping received 2048 bytes back
Round trip time was 0.032887 milliseconds in repetition 342
tcp_ping received 2048 bytes back
Round trip time was 0.032871 milliseconds in repetition 343
tcp_ping received 2048 bytes back
Round trip time was 0.034677 milliseconds in repetition 344
tcp_ping received 2048 bytes back
Round trip time was 0.033006 milliseconds in repetition 345
tcp_ping received 2048 bytes back
Round trip time was 0.035478 milliseconds in repetition 346
tcp_ping received 2048 bytes back
Round trip time was 0.033132 milliseconds in repetition 347
tcp_ping received 2048 bytes back
Round trip time was 0.034685 milliseconds in repetition 348
tcp_ping received 2048 bytes back
Round trip time was 0.029915 milliseconds in repetition 349
tcp_ping received 2048 bytes back
Round trip time was 0.056352 milliseconds in repetition 350
tcp_ping received 2048 bytes back
Round trip time was 0.031656 milliseconds in repetition 351
tcp_ping received 2048 bytes back
Round trip time was 0.02999 milliseconds in repetition 352
tcp_ping received 2048 bytes back
Round trip time was 0.029802 milliseconds in repetition 353
tcp_ping received 2048 bytes back
Round trip time was 0.029611 milliseconds in repetition 354
tcp_ping received 2048 bytes back
Round trip time was 0.02966 milliseconds in repetition 355
tcp_ping received 2048 bytes back
Round trip time was 0.029567 milliseconds in repetition 356
tcp_ping received 2048 bytes back
Round trip time was 0.029521 milliseconds in repetition 357
tcp_ping received 2048 bytes back
Round trip time was 0.029523 milliseconds in repetition 358
tcp_ping received 2048 bytes back
Round trip time was 0.029477 milliseconds in repetition 359
tcp_ping received 2048 bytes back
Round trip time was 0.08482 milliseconds in repetition 360
tcp_ping received 2048 bytes back
Round trip time was 0.035598 milliseconds in repetition 361
tcp_ping received 2048 bytes back
Round trip time was 0.094788 milliseconds in repetition 362
tcp_ping received 2048 bytes back
Round trip time was 0.031695 milliseconds in repetition 363
tcp_ping received 2048 bytes back
Round trip time was 0.029855 milliseconds in repetition 364
tcp_ping received 2048 bytes back
Round trip time was 0.029777 milliseconds in repetition 365
tcp_ping received 2048 bytes back
Round trip time was 0.061911 milliseconds in repetition 366
tcp_ping received 2048 bytes back
Round trip time was 0.421486 milliseconds in repetition 367
tcp_ping received 2048 bytes back
Round trip time was 0.036455 milliseconds in repetition 368
tcp_ping received 2048 bytes back
Round trip time was 0.034646 milliseconds in repetition 369
tcp_ping received 2048 bytes back
Round trip time was 0.034636 milliseconds in repetition 370
tcp_ping received 2048 bytes back
Round trip time was 0.034546 milliseconds in repetition 371
tcp_ping received 2048 bytes back
Round trip time was 0.034511 milliseconds in repetition 372
tcp_ping received 2048 bytes back
Round trip time was 0.034456 milliseconds in repetition 373
tcp_ping received 2048 bytes back
Round trip time was 0.034444 milliseconds in repetition 374
tcp_ping received 2048 bytes back
Round trip time was 0.034469 milliseconds in repetition 375
tcp_ping received 2048 bytes back
Round trip time was 0.03444 milliseconds in repetition 376
tcp_ping received 2048 bytes back
Round trip time was 0.03455 milliseconds in repetition 377
tcp_ping received 2048 bytes back
Round trip time was 0.034355 milliseconds in repetition 378
tcp_ping received 2048 bytes back
Round trip time was 0.12765 milliseconds in repetition 379
tcp_ping received 2048 bytes back
Round trip time was 0.034352 milliseconds in repetition 380
tcp_ping received 2048 bytes back
Round trip time was 0.031043 milliseconds in repetition 381
tcp_ping received 2048 bytes back
Round trip time was 0.030851 milliseconds in repetition 382
tcp_ping received 2048 bytes back
Round trip time was 0.031986 milliseconds in repetition 383
tcp_ping received 2048 bytes back
Round trip time was 0.033322 milliseconds in repetition 384
tcp_ping received 2048 bytes back
Round trip time was 0.029833 milliseconds in repetition 385
tcp_ping received 2048 bytes back
Round trip time was 0.02983 milliseconds in repetition 386
tcp_ping received 2048 bytes back
Round trip time was 0.032082 milliseconds in repetition 387
tcp_ping received 2048 bytes back
Round trip time was 0.031585 milliseconds in repetition 388
tcp_ping received 2048 bytes back
Round trip time was 0.032814 milliseconds in repetition 389
tcp_ping received 2048 bytes back
Round trip time was 0.033788 milliseconds in repetition 390
tcp_ping received 2048 bytes back
Round trip time was 0.031744 milliseconds in repetition 391
tcp_ping received 2048 bytes back
Round trip time was 0.029579 milliseconds in repetition 392
tcp_ping received 2048 bytes back
Round trip time was 0.049771 milliseconds in repetition 393
tcp_ping received 2048 bytes back
Round trip time was 0.036301 milliseconds in repetition 394
tcp_ping received 2048 bytes back
Round trip time was 0.033314 milliseconds in repetition 395
tcp_ping received 2048 bytes back
Round trip time was 0.034798 milliseconds in repetition 396
tcp_ping received 2048 bytes back
Round trip time was 0.034566 milliseconds in repetition 397
tcp_ping received 2048 bytes back
Round trip time was 0.034689 milliseconds in repetition 398
tcp_ping received 2048 bytes back
Round trip time was 0.034522 milliseconds in repetition 399
tcp_ping received 2048 bytes back
Round trip time was 0.034346 milliseconds in repetition 400
tcp_ping received 2048 bytes back
Round trip time was 0.03448 milliseconds in repetition 401
tcp_ping received 2048 bytes back
Round trip time was 0.034544 milliseconds in repetition 402
tcp_ping received 2048 bytes back
Round trip time was 0.034606 milliseconds in repetition 403
tcp_ping received 2048 bytes back
Round trip time was 0.03465 milliseconds in repetition 404
tcp_ping received 2048 bytes back
Round trip time was 0.034496 milliseconds in repetition 405
tcp_ping received 2048 bytes back
Round trip time was 0.035193 milliseconds in repetition 406
tcp_ping received 2048 bytes back
Round trip time was 0.034701 milliseconds in repetition 407
tcp_ping received 2048 bytes back
Round trip time was 0.034452 milliseconds in repetition 408
tcp_ping received 2048 bytes back
Round trip time was 0.034594 milliseconds in repetition 409
tcp_ping received 2048 bytes back
Round trip time was 0.034408 milliseconds in repetition 410
tcp_ping received 2048 bytes back
Round trip time was 0.03463 milliseconds in repetition 411
tcp_ping received 2048 bytes back
Round trip time was 0.03455 milliseconds in repetition 412
tcp_ping received 2048 bytes back
Round trip time was 0.034454 milliseconds in repetition 413
tcp_ping received 2048 bytes back
Round trip time was 0.034424 milliseconds in repetition 414
tcp_ping received 2048 bytes back
Round trip time was 0.034353 milliseconds in repetition 415
tcp_ping received 2048 bytes back
Round trip time was 0.034404 milliseconds in repetition 416
tcp_ping received 2048 bytes back
Round trip time was 0.034347 milliseconds in repetition 417
tcp_ping received 2048 bytes back
Round trip time was 0.034204 milliseconds in repetition 418
tcp_ping received 2048 bytes back
Round trip time was 0.034267 milliseconds in repetition 419
tcp_ping received 2048 bytes back
Round trip time was 0.034329 milliseconds in repetition 420
tcp_ping received 2048 bytes back
Round trip time was 0.034266 milliseconds in repetition 421
tcp_ping received 2048 bytes back
Round trip time was 0.034278 milliseconds in repetition 422
tcp_ping received 2048 bytes back
Round trip time was 0.034514 milliseconds in repetition 423
tcp_ping received 2048 bytes back
Round trip time was 0.034229 milliseconds in repetition 424
tcp_ping received 2048 bytes back
Round trip time was 0.034404 milliseconds in repetition 425
tcp_ping received 2048 bytes back
Round trip time was 0.034329 milliseconds in repetition 426
tcp_ping received 2048 bytes back
Round trip time was 0.034273 milliseconds in repetition 427
tcp_ping received 2048 bytes back
Round trip time was 0.034385 milliseconds in repetition 428
tcp_ping received 2048 bytes back
Round trip time was 0.034478 milliseconds in repetition 429
tcp_ping received 2048 bytes back
Round trip time was 0.034551 milliseconds in repetition 430
tcp_ping received 2048 bytes back
Round trip time was 0.034473 milliseconds in repetition 431
tcp_ping received 2048 bytes back
Round trip time was 0.034481 milliseconds in repetition 432
tcp_ping received 2048 bytes back
Round trip time was 0.034418 milliseconds in repetition 433
tcp_ping received 2048 bytes back
Round trip time was 0.03439 milliseconds in repetition 434
tcp_ping received 2048 bytes back
Round trip time was 0.034854 milliseconds in repetition 435
tcp_ping received 2048 bytes back
Round trip time was 0.034653 milliseconds in repetition 436
tcp_ping received 2048 bytes back
Round trip time was 0.048725 milliseconds in repetition 437
tcp_ping received 2048 bytes back
Round trip time was 0.033925 milliseconds in repetition 438
tcp_ping received 2048 bytes back
Round trip time was 0.047863 milliseconds in repetition 439
tcp_ping received 2048 bytes back
Round trip time was 0.03201 milliseconds in repetition 440
tcp_ping received 2048 bytes back
Round trip time was 0.030187 milliseconds in repetition 441
tcp_ping received 2048 bytes back
Round trip time was 0.029875 milliseconds in repetition 442
tcp_ping received 2048 bytes back
Round trip time was 0.029767 milliseconds in repetition 443
tcp_ping received 2048 bytes back
Round trip time was 0.029829 milliseconds in repetition 444
tcp_ping received 2048 bytes back
Round trip time was 0.103237 milliseconds in repetition 445
tcp_ping received 2048 bytes back
Round trip time was 0.03948 milliseconds in repetition 446
tcp_ping received 2048 bytes back
Round trip time was 0.030169 milliseconds in repetition 447
tcp_ping received 2048 bytes back
Round trip time was 0.03269 milliseconds in repetition 448
tcp_ping received 2048 bytes back
Round trip time was 0.032639 milliseconds in repetition 449
tcp_ping received 2048 bytes back
Round trip time was 0.03263 milliseconds in repetition 450
tcp_ping received 2048 bytes back
Round trip time was 0.034359 milliseconds in repetition 451
tcp_ping received 2048 bytes back
Round trip time was 0.032689 milliseconds in repetition 452
tcp_ping received 2048 bytes back
Round trip time was 0.034217 milliseconds in repetition 453
tcp_ping received 2048 bytes back
Round trip time was 0.032642 milliseconds in repetition 454
tcp_ping received 2048 bytes back
Round trip time was 0.034199 milliseconds in repetition 455
tcp_ping received 2048 bytes back
Round trip time was 0.034217 milliseconds in repetition 456
tcp_ping received 2048 bytes back
Round trip time was 0.034328 milliseconds in repetition 457
tcp_ping received 2048 bytes back
Round trip time was 0.03426 milliseconds in repetition 458
tcp_ping received 2048 bytes back
Round trip time was 0.033454 milliseconds in repetition 459
tcp_ping received 2048 bytes back
Round trip time was 0.032604 milliseconds in repetition 460
tcp_ping received 2048 bytes back
Round trip time was 0.032603 milliseconds in repetition 461
tcp_ping received 2048 bytes back
Round trip time was 0.032666 milliseconds in repetition 462
tcp_ping received 2048 bytes back
Round trip time was 0.03432 milliseconds in repetition 463
tcp_ping received 2048 bytes back
Round trip time was 0.032773 milliseconds in repetition 464
tcp_ping received 2048 bytes back
Round trip time was 0.032604 milliseconds in repetition 465
tcp_ping received 2048 bytes back
Round trip time was 0.032616 milliseconds in repetition 466
tcp_ping received 2048 bytes back
Round trip time was 0.032691 milliseconds in repetition 467
tcp_ping received 2048 bytes back
Round trip time was 0.032688 milliseconds in repetition 468
tcp_ping received 2048 bytes back
Round trip time was 0.032635 milliseconds in repetition 469
tcp_ping received 2048 bytes back
Round trip time was 0.032617 milliseconds in repetition 470
tcp_ping received 2048 bytes back
Round trip time was 0.03444 milliseconds in repetition 471
tcp_ping received 2048 bytes back
Round trip time was 0.096651 milliseconds in repetition 472
tcp_ping received 2048 bytes back
Round trip time was 0.047672 milliseconds in repetition 473
tcp_ping received 2048 bytes back
Round trip time was 0.035251 milliseconds in repetition 474
tcp_ping received 2048 bytes back
Round trip time was 0.034677 milliseconds in repetition 475
tcp_ping received 2048 bytes back
Round trip time was 0.034823 milliseconds in repetition 476
tcp_ping received 2048 bytes back
Round trip time was 0.115684 milliseconds in repetition 477
tcp_ping received 2048 bytes back
Round trip time was 0.037757 milliseconds in repetition 478
tcp_ping received 2048 bytes back
Round trip time was 0.067072 milliseconds in repetition 479
tcp_ping received 2048 bytes back
Round trip time was 0.039605 milliseconds in repetition 480
tcp_ping received 2048 bytes back
Round trip time was 0.05824 milliseconds in repetition 481
tcp_ping received 2048 bytes back
Round trip time was 0.032841 milliseconds in repetition 482
tcp_ping received 2048 bytes back
Round trip time was 0.030231 milliseconds in repetition 483
tcp_ping received 2048 bytes back
Round trip time was 0.030327 milliseconds in repetition 484
tcp_ping received 2048 bytes back
Round trip time was 0.029658 milliseconds in repetition 485
tcp_ping received 2048 bytes back
Round trip time was 0.029602 milliseconds in repetition 486
tcp_ping received 2048 bytes back
Round trip time was 0.029571 milliseconds in repetition 487
tcp_ping received 2048 bytes back
Round trip time was 0.029721 milliseconds in repetition 488
tcp_ping received 2048 bytes back
Round trip time was 0.029742 milliseconds in repetition 489
tcp_ping received 2048 bytes back
Round trip time was 0.029677 milliseconds in repetition 490
tcp_ping received 2048 bytes back
Round trip time was 0.030009 milliseconds in repetition 491
tcp_ping received 2048 bytes back
Round trip time was 0.030833 milliseconds in repetition 492
tcp_ping received 2048 bytes back
Round trip time was 0.029709 milliseconds in repetition 493
tcp_ping received 2048 bytes back
Round trip time was 0.030046 milliseconds in repetition 494
tcp_ping received 2048 bytes back
Round trip time was 0.029678 milliseconds in repetition 495
tcp_ping received 2048 bytes back
Round trip time was 0.029547 milliseconds in repetition 496
tcp_ping received 2048 bytes back
Round trip time was 0.029715 milliseconds in repetition 497
tcp_ping received 2048 bytes back
Round trip time was 0.029728 milliseconds in repetition 498
tcp_ping received 2048 bytes back
Round trip time was 0.046237 milliseconds in repetition 499
tcp_ping received 2048 bytes back
Round trip time was 0.02912 milliseconds in repetition 500
tcp_ping received 2048 bytes back
Round trip time was 0.028898 milliseconds in repetition 501

 ... clock resolution was 1e-06
TCP Ping:  Statistics over 501 repetitions of 2048 byte messages

RTT : percentile 10: 0.030851, median: 0.034692, percentile 90: 0.115684, average: 0.0687295, variance: 0.0690001

RTT histogram:
0.0288965 482
0.3142 16
0.599504 0
0.884808 1
1.17011 1
1.45542 0
1.74072 0
2.02602 0
2.31133 0
2.59663 0
2.88193 0
3.16724 0
3.45254 0
3.73785 0
4.02315 0
4.30845 0
4.59376 0
4.87906 0
5.16436 0
5.44967 0
5.73497 1

   median Throughput : 118068 KB/s   overall Throughput : 59596 KB/s

