TCP Ping trying to connect to server localhost (127.0.0.1) on port 1421
 ... connected to Pong server: asking for 501 repetitions of 32768 bytes TCP messages
 ... Pong server agreed :-)
tcp_ping received 32768 bytes back
Round trip time was 0.632989 milliseconds in repetition 1
tcp_ping received 32768 bytes back
Round trip time was 1.08623 milliseconds in repetition 2
tcp_ping received 32768 bytes back
Round trip time was 0.441253 milliseconds in repetition 3
tcp_ping received 32768 bytes back
Round trip time was 0.431985 milliseconds in repetition 4
tcp_ping received 32768 bytes back
Round trip time was 0.390725 milliseconds in repetition 5
tcp_ping received 32768 bytes back
Round trip time was 0.426544 milliseconds in repetition 6
tcp_ping received 32768 bytes back
Round trip time was 0.412715 milliseconds in repetition 7
tcp_ping received 32768 bytes back
Round trip time was 0.360663 milliseconds in repetition 8
tcp_ping received 32768 bytes back
Round trip time was 0.356027 milliseconds in repetition 9
tcp_ping received 32768 bytes back
Round trip time was 0.400835 milliseconds in repetition 10
tcp_ping received 32768 bytes back
Round trip time was 0.443383 milliseconds in repetition 11
tcp_ping received 32768 bytes back
Round trip time was 0.310037 milliseconds in repetition 12
tcp_ping received 32768 bytes back
Round trip time was 0.303695 milliseconds in repetition 13
tcp_ping received 32768 bytes back
Round trip time was 0.41928 milliseconds in repetition 14
tcp_ping received 32768 bytes back
Round trip time was 0.83804 milliseconds in repetition 15
tcp_ping received 32768 bytes back
Round trip time was 0.32503 milliseconds in repetition 16
tcp_ping received 32768 bytes back
Round trip time was 0.336577 milliseconds in repetition 17
tcp_ping received 32768 bytes back
Round trip time was 0.523768 milliseconds in repetition 18
tcp_ping received 32768 bytes back
Round trip time was 0.647719 milliseconds in repetition 19
tcp_ping received 32768 bytes back
Round trip time was 0.426548 milliseconds in repetition 20
tcp_ping received 32768 bytes back
Round trip time was 0.312635 milliseconds in repetition 21
tcp_ping received 32768 bytes back
Round trip time was 0.356964 milliseconds in repetition 22
tcp_ping received 32768 bytes back
Round trip time was 0.343418 milliseconds in repetition 23
tcp_ping received 32768 bytes back
Round trip time was 0.304644 milliseconds in repetition 24
tcp_ping received 32768 bytes back
Round trip time was 0.305368 milliseconds in repetition 25
tcp_ping received 32768 bytes back
Round trip time was 0.30705 milliseconds in repetition 26
tcp_ping received 32768 bytes back
Round trip time was 0.31697 milliseconds in repetition 27
tcp_ping received 32768 bytes back
Round trip time was 0.307616 milliseconds in repetition 28
tcp_ping received 32768 bytes back
Round trip time was 0.306138 milliseconds in repetition 29
tcp_ping received 32768 bytes back
Round trip time was 0.310413 milliseconds in repetition 30
tcp_ping received 32768 bytes back
Round trip time was 0.31105 milliseconds in repetition 31
tcp_ping received 32768 bytes back
Round trip time was 0.312205 milliseconds in repetition 32
tcp_ping received 32768 bytes back
Round trip time was 0.312193 milliseconds in repetition 33
tcp_ping received 32768 bytes back
Round trip time was 0.308624 milliseconds in repetition 34
tcp_ping received 32768 bytes back
Round trip time was 0.395523 milliseconds in repetition 35
tcp_ping received 32768 bytes back
Round trip time was 0.315905 milliseconds in repetition 36
tcp_ping received 32768 bytes back
Round trip time was 0.337664 milliseconds in repetition 37
tcp_ping received 32768 bytes back
Round trip time was 0.314916 milliseconds in repetition 38
tcp_ping received 32768 bytes back
Round trip time was 0.304606 milliseconds in repetition 39
tcp_ping received 32768 bytes back
Round trip time was 0.305476 milliseconds in repetition 40
tcp_ping received 32768 bytes back
Round trip time was 0.427037 milliseconds in repetition 41
tcp_ping received 32768 bytes back
Round trip time was 0.568407 milliseconds in repetition 42
tcp_ping received 32768 bytes back
Round trip time was 0.564822 milliseconds in repetition 43
tcp_ping received 32768 bytes back
Round trip time was 2.34243 milliseconds in repetition 44
tcp_ping received 32768 bytes back
Round trip time was 0.31395 milliseconds in repetition 45
tcp_ping received 32768 bytes back
Round trip time was 0.453382 milliseconds in repetition 46
tcp_ping received 32768 bytes back
Round trip time was 0.330526 milliseconds in repetition 47
tcp_ping received 32768 bytes back
Round trip time was 0.325027 milliseconds in repetition 48
tcp_ping received 32768 bytes back
Round trip time was 0.615204 milliseconds in repetition 49
tcp_ping received 32768 bytes back
Round trip time was 0.529123 milliseconds in repetition 50
tcp_ping received 32768 bytes back
Round trip time was 0.36051 milliseconds in repetition 51
tcp_ping received 32768 bytes back
Round trip time was 0.358843 milliseconds in repetition 52
tcp_ping received 32768 bytes back
Round trip time was 0.312201 milliseconds in repetition 53
tcp_ping received 32768 bytes back
Round trip time was 0.306731 milliseconds in repetition 54
tcp_ping received 32768 bytes back
Round trip time was 0.315631 milliseconds in repetition 55
tcp_ping received 32768 bytes back
Round trip time was 0.545682 milliseconds in repetition 56
tcp_ping received 32768 bytes back
Round trip time was 0.495325 milliseconds in repetition 57
tcp_ping received 32768 bytes back
Round trip time was 1.26592 milliseconds in repetition 58
tcp_ping received 32768 bytes back
Round trip time was 0.798182 milliseconds in repetition 59
tcp_ping received 32768 bytes back
Round trip time was 0.391791 milliseconds in repetition 60
tcp_ping received 32768 bytes back
Round trip time was 0.468596 milliseconds in repetition 61
tcp_ping received 32768 bytes back
Round trip time was 0.397543 milliseconds in repetition 62
tcp_ping received 32768 bytes back
Round trip time was 0.336141 milliseconds in repetition 63
tcp_ping received 32768 bytes back
Round trip time was 0.397529 milliseconds in repetition 64
tcp_ping received 32768 bytes back
Round trip time was 0.325362 milliseconds in repetition 65
tcp_ping received 32768 bytes back
Round trip time was 0.337618 milliseconds in repetition 66
tcp_ping received 32768 bytes back
Round trip time was 0.414841 milliseconds in repetition 67
tcp_ping received 32768 bytes back
Round trip time was 0.480793 milliseconds in repetition 68
tcp_ping received 32768 bytes back
Round trip time was 0.509084 milliseconds in repetition 69
tcp_ping received 32768 bytes back
Round trip time was 0.440704 milliseconds in repetition 70
tcp_ping received 32768 bytes back
Round trip time was 0.729239 milliseconds in repetition 71
tcp_ping received 32768 bytes back
Round trip time was 0.969574 milliseconds in repetition 72
tcp_ping received 32768 bytes back
Round trip time was 0.934166 milliseconds in repetition 73
tcp_ping received 32768 bytes back
Round trip time was 0.46966 milliseconds in repetition 74
tcp_ping received 32768 bytes back
Round trip time was 0.324003 milliseconds in repetition 75
tcp_ping received 32768 bytes back
Round trip time was 0.396541 milliseconds in repetition 76
tcp_ping received 32768 bytes back
Round trip time was 0.314821 milliseconds in repetition 77
tcp_ping received 32768 bytes back
Round trip time was 0.360602 milliseconds in repetition 78
tcp_ping received 32768 bytes back
Round trip time was 0.3144 milliseconds in repetition 79
tcp_ping received 32768 bytes back
Round trip time was 0.321755 milliseconds in repetition 80
tcp_ping received 32768 bytes back
Round trip time was 0.299817 milliseconds in repetition 81
tcp_ping received 32768 bytes back
Round trip time was 0.343908 milliseconds in repetition 82
tcp_ping received 32768 bytes back
Round trip time was 0.346546 milliseconds in repetition 83
tcp_ping received 32768 bytes back
Round trip time was 0.449939 milliseconds in repetition 84
tcp_ping received 32768 bytes back
Round trip time was 0.308741 milliseconds in repetition 85
tcp_ping received 32768 bytes back
Round trip time was 0.432806 milliseconds in repetition 86
tcp_ping received 32768 bytes back
Round trip time was 1.14749 milliseconds in repetition 87
tcp_ping received 32768 bytes back
Round trip time was 1.59113 milliseconds in repetition 88
tcp_ping received 32768 bytes back
Round trip time was 0.305456 milliseconds in repetition 89
tcp_ping received 32768 bytes back
Round trip time was 0.297567 milliseconds in repetition 90
tcp_ping received 32768 bytes back
Round trip time was 0.355199 milliseconds in repetition 91
tcp_ping received 32768 bytes back
Round trip time was 0.297612 milliseconds in repetition 92
tcp_ping received 32768 bytes back
Round trip time was 0.295951 milliseconds in repetition 93
tcp_ping received 32768 bytes back
Round trip time was 0.373895 milliseconds in repetition 94
tcp_ping received 32768 bytes back
Round trip time was 0.67377 milliseconds in repetition 95
tcp_ping received 32768 bytes back
Round trip time was 1.07552 milliseconds in repetition 96
tcp_ping received 32768 bytes back
Round trip time was 0.555786 milliseconds in repetition 97
tcp_ping received 32768 bytes back
Round trip time was 0.575201 milliseconds in repetition 98
tcp_ping received 32768 bytes back
Round trip time was 0.53946 milliseconds in repetition 99
tcp_ping received 32768 bytes back
Round trip time was 0.521702 milliseconds in repetition 100
tcp_ping received 32768 bytes back
Round trip time was 0.826109 milliseconds in repetition 101
tcp_ping received 32768 bytes back
Round trip time was 0.899657 milliseconds in repetition 102
tcp_ping received 32768 bytes back
Round trip time was 0.468343 milliseconds in repetition 103
tcp_ping received 32768 bytes back
Round trip time was 0.448504 milliseconds in repetition 104
tcp_ping received 32768 bytes back
Round trip time was 0.410586 milliseconds in repetition 105
tcp_ping received 32768 bytes back
Round trip time was 0.586312 milliseconds in repetition 106
tcp_ping received 32768 bytes back
Round trip time was 0.461473 milliseconds in repetition 107
tcp_ping received 32768 bytes back
Round trip time was 0.737169 milliseconds in repetition 108
tcp_ping received 32768 bytes back
Round trip time was 0.47457 milliseconds in repetition 109
tcp_ping received 32768 bytes back
Round trip time was 0.42667 milliseconds in repetition 110
tcp_ping received 32768 bytes back
Round trip time was 0.455576 milliseconds in repetition 111
tcp_ping received 32768 bytes back
Round trip time was 0.433587 milliseconds in repetition 112
tcp_ping received 32768 bytes back
Round trip time was 0.417759 milliseconds in repetition 113
tcp_ping received 32768 bytes back
Round trip time was 0.455031 milliseconds in repetition 114
tcp_ping received 32768 bytes back
Round trip time was 0.495699 milliseconds in repetition 115
tcp_ping received 32768 bytes back
Round trip time was 0.444605 milliseconds in repetition 116
tcp_ping received 32768 bytes back
Round trip time was 0.626319 milliseconds in repetition 117
tcp_ping received 32768 bytes back
Round trip time was 1.82882 milliseconds in repetition 118
tcp_ping received 32768 bytes back
Round trip time was 0.716108 milliseconds in repetition 119
tcp_ping received 32768 bytes back
Round trip time was 0.482491 milliseconds in repetition 120
tcp_ping received 32768 bytes back
Round trip time was 0.588648 milliseconds in repetition 121
tcp_ping received 32768 bytes back
Round trip time was 0.445189 milliseconds in repetition 122
tcp_ping received 32768 bytes back
Round trip time was 0.46371 milliseconds in repetition 123
tcp_ping received 32768 bytes back
Round trip time was 0.416319 milliseconds in repetition 124
tcp_ping received 32768 bytes back
Round trip time was 0.653713 milliseconds in repetition 125
tcp_ping received 32768 bytes back
Round trip time was 0.469111 milliseconds in repetition 126
tcp_ping received 32768 bytes back
Round trip time was 0.492734 milliseconds in repetition 127
tcp_ping received 32768 bytes back
Round trip time was 0.475221 milliseconds in repetition 128
tcp_ping received 32768 bytes back
Round trip time was 0.501206 milliseconds in repetition 129
tcp_ping received 32768 bytes back
Round trip time was 0.854913 milliseconds in repetition 130
tcp_ping received 32768 bytes back
Round trip time was 0.488203 milliseconds in repetition 131
tcp_ping received 32768 bytes back
Round trip time was 0.463177 milliseconds in repetition 132
tcp_ping received 32768 bytes back
Round trip time was 0.466743 milliseconds in repetition 133
tcp_ping received 32768 bytes back
Round trip time was 0.825723 milliseconds in repetition 134
tcp_ping received 32768 bytes back
Round trip time was 0.444833 milliseconds in repetition 135
tcp_ping received 32768 bytes back
Round trip time was 0.408743 milliseconds in repetition 136
tcp_ping received 32768 bytes back
Round trip time was 0.47461 milliseconds in repetition 137
tcp_ping received 32768 bytes back
Round trip time was 0.335278 milliseconds in repetition 138
tcp_ping received 32768 bytes back
Round trip time was 0.454034 milliseconds in repetition 139
tcp_ping received 32768 bytes back
Round trip time was 0.443362 milliseconds in repetition 140
tcp_ping received 32768 bytes back
Round trip time was 0.441948 milliseconds in repetition 141
tcp_ping received 32768 bytes back
Round trip time was 0.506015 milliseconds in repetition 142
tcp_ping received 32768 bytes back
Round trip time was 0.434023 milliseconds in repetition 143
tcp_ping received 32768 bytes back
Round trip time was 0.412302 milliseconds in repetition 144
tcp_ping received 32768 bytes back
Round trip time was 0.632796 milliseconds in repetition 145
tcp_ping received 32768 bytes back
Round trip time was 0.646708 milliseconds in repetition 146
tcp_ping received 32768 bytes back
Round trip time was 0.380538 milliseconds in repetition 147
tcp_ping received 32768 bytes back
Round trip time was 0.403245 milliseconds in repetition 148
tcp_ping received 32768 bytes back
Round trip time was 0.411793 milliseconds in repetition 149
tcp_ping received 32768 bytes back
Round trip time was 0.409342 milliseconds in repetition 150
tcp_ping received 32768 bytes back
Round trip time was 0.315898 milliseconds in repetition 151
tcp_ping received 32768 bytes back
Round trip time was 0.30418 milliseconds in repetition 152
tcp_ping received 32768 bytes back
Round trip time was 0.35795 milliseconds in repetition 153
tcp_ping received 32768 bytes back
Round trip time was 0.305602 milliseconds in repetition 154
tcp_ping received 32768 bytes back
Round trip time was 0.304959 milliseconds in repetition 155
tcp_ping received 32768 bytes back
Round trip time was 0.372868 milliseconds in repetition 156
tcp_ping received 32768 bytes back
Round trip time was 0.311614 milliseconds in repetition 157
tcp_ping received 32768 bytes back
Round trip time was 0.303826 milliseconds in repetition 158
tcp_ping received 32768 bytes back
Round trip time was 0.305166 milliseconds in repetition 159
tcp_ping received 32768 bytes back
Round trip time was 0.305168 milliseconds in repetition 160
tcp_ping received 32768 bytes back
Round trip time was 0.465382 milliseconds in repetition 161
tcp_ping received 32768 bytes back
Round trip time was 0.406275 milliseconds in repetition 162
tcp_ping received 32768 bytes back
Round trip time was 0.501873 milliseconds in repetition 163
tcp_ping received 32768 bytes back
Round trip time was 0.432302 milliseconds in repetition 164
tcp_ping received 32768 bytes back
Round trip time was 0.374316 milliseconds in repetition 165
tcp_ping received 32768 bytes back
Round trip time was 0.580813 milliseconds in repetition 166
tcp_ping received 32768 bytes back
Round trip time was 0.578214 milliseconds in repetition 167
tcp_ping received 32768 bytes back
Round trip time was 0.312082 milliseconds in repetition 168
tcp_ping received 32768 bytes back
Round trip time was 0.306139 milliseconds in repetition 169
tcp_ping received 32768 bytes back
Round trip time was 0.394259 milliseconds in repetition 170
tcp_ping received 32768 bytes back
Round trip time was 0.313682 milliseconds in repetition 171
tcp_ping received 32768 bytes back
Round trip time was 0.308492 milliseconds in repetition 172
tcp_ping received 32768 bytes back
Round trip time was 0.397021 milliseconds in repetition 173
tcp_ping received 32768 bytes back
Round trip time was 0.506582 milliseconds in repetition 174
tcp_ping received 32768 bytes back
Round trip time was 0.464573 milliseconds in repetition 175
tcp_ping received 32768 bytes back
Round trip time was 0.329526 milliseconds in repetition 176
tcp_ping received 32768 bytes back
Round trip time was 0.313471 milliseconds in repetition 177
tcp_ping received 32768 bytes back
Round trip time was 0.304819 milliseconds in repetition 178
tcp_ping received 32768 bytes back
Round trip time was 0.307251 milliseconds in repetition 179
tcp_ping received 32768 bytes back
Round trip time was 0.309855 milliseconds in repetition 180
tcp_ping received 32768 bytes back
Round trip time was 0.310629 milliseconds in repetition 181
tcp_ping received 32768 bytes back
Round trip time was 0.310161 milliseconds in repetition 182
tcp_ping received 32768 bytes back
Round trip time was 0.367371 milliseconds in repetition 183
tcp_ping received 32768 bytes back
Round trip time was 0.319459 milliseconds in repetition 184
tcp_ping received 32768 bytes back
Round trip time was 0.307678 milliseconds in repetition 185
tcp_ping received 32768 bytes back
Round trip time was 0.316369 milliseconds in repetition 186
tcp_ping received 32768 bytes back
Round trip time was 0.566917 milliseconds in repetition 187
tcp_ping received 32768 bytes back
Round trip time was 0.621947 milliseconds in repetition 188
tcp_ping received 32768 bytes back
Round trip time was 0.333927 milliseconds in repetition 189
tcp_ping received 32768 bytes back
Round trip time was 0.311805 milliseconds in repetition 190
tcp_ping received 32768 bytes back
Round trip time was 0.304793 milliseconds in repetition 191
tcp_ping received 32768 bytes back
Round trip time was 0.304097 milliseconds in repetition 192
tcp_ping received 32768 bytes back
Round trip time was 0.303616 milliseconds in repetition 193
tcp_ping received 32768 bytes back
Round trip time was 0.375275 milliseconds in repetition 194
tcp_ping received 32768 bytes back
Round trip time was 0.311521 milliseconds in repetition 195
tcp_ping received 32768 bytes back
Round trip time was 0.304685 milliseconds in repetition 196
tcp_ping received 32768 bytes back
Round trip time was 0.359403 milliseconds in repetition 197
tcp_ping received 32768 bytes back
Round trip time was 0.368077 milliseconds in repetition 198
tcp_ping received 32768 bytes back
Round trip time was 0.306084 milliseconds in repetition 199
tcp_ping received 32768 bytes back
Round trip time was 0.322977 milliseconds in repetition 200
tcp_ping received 32768 bytes back
Round trip time was 0.30661 milliseconds in repetition 201
tcp_ping received 32768 bytes back
Round trip time was 0.303849 milliseconds in repetition 202
tcp_ping received 32768 bytes back
Round trip time was 0.303902 milliseconds in repetition 203
tcp_ping received 32768 bytes back
Round trip time was 0.303854 milliseconds in repetition 204
tcp_ping received 32768 bytes back
Round trip time was 0.392868 milliseconds in repetition 205
tcp_ping received 32768 bytes back
Round trip time was 0.342847 milliseconds in repetition 206
tcp_ping received 32768 bytes back
Round trip time was 0.356503 milliseconds in repetition 207
tcp_ping received 32768 bytes back
Round trip time was 0.312011 milliseconds in repetition 208
tcp_ping received 32768 bytes back
Round trip time was 0.347868 milliseconds in repetition 209
tcp_ping received 32768 bytes back
Round trip time was 0.410516 milliseconds in repetition 210
tcp_ping received 32768 bytes back
Round trip time was 0.333204 milliseconds in repetition 211
tcp_ping received 32768 bytes back
Round trip time was 0.305176 milliseconds in repetition 212
tcp_ping received 32768 bytes back
Round trip time was 0.333989 milliseconds in repetition 213
tcp_ping received 32768 bytes back
Round trip time was 0.304421 milliseconds in repetition 214
tcp_ping received 32768 bytes back
Round trip time was 0.30295 milliseconds in repetition 215
tcp_ping received 32768 bytes back
Round trip time was 0.30345 milliseconds in repetition 216
tcp_ping received 32768 bytes back
Round trip time was 0.377466 milliseconds in repetition 217
tcp_ping received 32768 bytes back
Round trip time was 0.305853 milliseconds in repetition 218
tcp_ping received 32768 bytes back
Round trip time was 0.330184 milliseconds in repetition 219
tcp_ping received 32768 bytes back
Round trip time was 0.352672 milliseconds in repetition 220
tcp_ping received 32768 bytes back
Round trip time was 0.331477 milliseconds in repetition 221
tcp_ping received 32768 bytes back
Round trip time was 0.30532 milliseconds in repetition 222
tcp_ping received 32768 bytes back
Round trip time was 0.345198 milliseconds in repetition 223
tcp_ping received 32768 bytes back
Round trip time was 0.310947 milliseconds in repetition 224
tcp_ping received 32768 bytes back
Round trip time was 0.303359 milliseconds in repetition 225
tcp_ping received 32768 bytes back
Round trip time was 0.340857 milliseconds in repetition 226
tcp_ping received 32768 bytes back
Round trip time was 0.305895 milliseconds in repetition 227
tcp_ping received 32768 bytes back
Round trip time was 0.304444 milliseconds in repetition 228
tcp_ping received 32768 bytes back
Round trip time was 0.304721 milliseconds in repetition 229
tcp_ping received 32768 bytes back
Round trip time was 0.304126 milliseconds in repetition 230
tcp_ping received 32768 bytes back
Round trip time was 0.304455 milliseconds in repetition 231
tcp_ping received 32768 bytes back
Round trip time was 0.3052 milliseconds in repetition 232
tcp_ping received 32768 bytes back
Round trip time was 0.362634 milliseconds in repetition 233
tcp_ping received 32768 bytes back
Round trip time was 0.443063 milliseconds in repetition 234
tcp_ping received 32768 bytes back
Round trip time was 0.311852 milliseconds in repetition 235
tcp_ping received 32768 bytes back
Round trip time was 0.30462 milliseconds in repetition 236
tcp_ping received 32768 bytes back
Round trip time was 0.30378 milliseconds in repetition 237
tcp_ping received 32768 bytes back
Round trip time was 0.303608 milliseconds in repetition 238
tcp_ping received 32768 bytes back
Round trip time was 0.303837 milliseconds in repetition 239
tcp_ping received 32768 bytes back
Round trip time was 0.313838 milliseconds in repetition 240
tcp_ping received 32768 bytes back
Round trip time was 0.295772 milliseconds in repetition 241
tcp_ping received 32768 bytes back
Round trip time was 0.295173 milliseconds in repetition 242
tcp_ping received 32768 bytes back
Round trip time was 0.295246 milliseconds in repetition 243
tcp_ping received 32768 bytes back
Round trip time was 0.295547 milliseconds in repetition 244
tcp_ping received 32768 bytes back
Round trip time was 0.326227 milliseconds in repetition 245
tcp_ping received 32768 bytes back
Round trip time was 0.35492 milliseconds in repetition 246
tcp_ping received 32768 bytes back
Round trip time was 0.325436 milliseconds in repetition 247
tcp_ping received 32768 bytes back
Round trip time was 0.350039 milliseconds in repetition 248
tcp_ping received 32768 bytes back
Round trip time was 0.301088 milliseconds in repetition 249
tcp_ping received 32768 bytes back
Round trip time was 0.295429 milliseconds in repetition 250
tcp_ping received 32768 bytes back
Round trip time was 0.32618 milliseconds in repetition 251
tcp_ping received 32768 bytes back
Round trip time was 0.301259 milliseconds in repetition 252
tcp_ping received 32768 bytes back
Round trip time was 0.295751 milliseconds in repetition 253
tcp_ping received 32768 bytes back
Round trip time was 0.29817 milliseconds in repetition 254
tcp_ping received 32768 bytes back
Round trip time was 0.505856 milliseconds in repetition 255
tcp_ping received 32768 bytes back
Round trip time was 0.303226 milliseconds in repetition 256
tcp_ping received 32768 bytes back
Round trip time was 0.343258 milliseconds in repetition 257
tcp_ping received 32768 bytes back
Round trip time was 0.689027 milliseconds in repetition 258
tcp_ping received 32768 bytes back
Round trip time was 0.306382 milliseconds in repetition 259
tcp_ping received 32768 bytes back
Round trip time was 0.324387 milliseconds in repetition 260
tcp_ping received 32768 bytes back
Round trip time was 0.296499 milliseconds in repetition 261
tcp_ping received 32768 bytes back
Round trip time was 0.297476 milliseconds in repetition 262
tcp_ping received 32768 bytes back
Round trip time was 0.295727 milliseconds in repetition 263
tcp_ping received 32768 bytes back
Round trip time was 0.295633 milliseconds in repetition 264
tcp_ping received 32768 bytes back
Round trip time was 0.295358 milliseconds in repetition 265
tcp_ping received 32768 bytes back
Round trip time was 0.295909 milliseconds in repetition 266
tcp_ping received 32768 bytes back
Round trip time was 0.366216 milliseconds in repetition 267
tcp_ping received 32768 bytes back
Round trip time was 0.347873 milliseconds in repetition 268
tcp_ping received 32768 bytes back
Round trip time was 0.299956 milliseconds in repetition 269
tcp_ping received 32768 bytes back
Round trip time was 0.312329 milliseconds in repetition 270
tcp_ping received 32768 bytes back
Round trip time was 0.355153 milliseconds in repetition 271
tcp_ping received 32768 bytes back
Round trip time was 0.296759 milliseconds in repetition 272
tcp_ping received 32768 bytes back
Round trip time was 0.361621 milliseconds in repetition 273
tcp_ping received 32768 bytes back
Round trip time was 0.370886 milliseconds in repetition 274
tcp_ping received 32768 bytes back
Round trip time was 0.351179 milliseconds in repetition 275
tcp_ping received 32768 bytes back
Round trip time was 0.29653 milliseconds in repetition 276
tcp_ping received 32768 bytes back
Round trip time was 0.295252 milliseconds in repetition 277
tcp_ping received 32768 bytes back
Round trip time was 0.295498 milliseconds in repetition 278
tcp_ping received 32768 bytes back
Round trip time was 0.294816 milliseconds in repetition 279
tcp_ping received 32768 bytes back
Round trip time was 0.332334 milliseconds in repetition 280
tcp_ping received 32768 bytes back
Round trip time was 0.419382 milliseconds in repetition 281
tcp_ping received 32768 bytes back
Round trip time was 0.296958 milliseconds in repetition 282
tcp_ping received 32768 bytes back
Round trip time was 0.295319 milliseconds in repetition 283
tcp_ping received 32768 bytes back
Round trip time was 0.29478 milliseconds in repetition 284
tcp_ping received 32768 bytes back
Round trip time was 0.29508 milliseconds in repetition 285
tcp_ping received 32768 bytes back
Round trip time was 0.294795 milliseconds in repetition 286
tcp_ping received 32768 bytes back
Round trip time was 0.295002 milliseconds in repetition 287
tcp_ping received 32768 bytes back
Round trip time was 0.295003 milliseconds in repetition 288
tcp_ping received 32768 bytes back
Round trip time was 0.294866 milliseconds in repetition 289
tcp_ping received 32768 bytes back
Round trip time was 0.295792 milliseconds in repetition 290
tcp_ping received 32768 bytes back
Round trip time was 0.338938 milliseconds in repetition 291
tcp_ping received 32768 bytes back
Round trip time was 0.300717 milliseconds in repetition 292
tcp_ping received 32768 bytes back
Round trip time was 0.337562 milliseconds in repetition 293
tcp_ping received 32768 bytes back
Round trip time was 0.350439 milliseconds in repetition 294
tcp_ping received 32768 bytes back
Round trip time was 0.296073 milliseconds in repetition 295
tcp_ping received 32768 bytes back
Round trip time was 0.295542 milliseconds in repetition 296
tcp_ping received 32768 bytes back
Round trip time was 0.296195 milliseconds in repetition 297
tcp_ping received 32768 bytes back
Round trip time was 0.296035 milliseconds in repetition 298
tcp_ping received 32768 bytes back
Round trip time was 0.295357 milliseconds in repetition 299
tcp_ping received 32768 bytes back
Round trip time was 0.296301 milliseconds in repetition 300
tcp_ping received 32768 bytes back
Round trip time was 0.296577 milliseconds in repetition 301
tcp_ping received 32768 bytes back
Round trip time was 0.296036 milliseconds in repetition 302
tcp_ping received 32768 bytes back
Round trip time was 0.332437 milliseconds in repetition 303
tcp_ping received 32768 bytes back
Round trip time was 0.300418 milliseconds in repetition 304
tcp_ping received 32768 bytes back
Round trip time was 0.343165 milliseconds in repetition 305
tcp_ping received 32768 bytes back
Round trip time was 0.584475 milliseconds in repetition 306
tcp_ping received 32768 bytes back
Round trip time was 0.306155 milliseconds in repetition 307
tcp_ping received 32768 bytes back
Round trip time was 0.297331 milliseconds in repetition 308
tcp_ping received 32768 bytes back
Round trip time was 0.297015 milliseconds in repetition 309
tcp_ping received 32768 bytes back
Round trip time was 0.297002 milliseconds in repetition 310
tcp_ping received 32768 bytes back
Round trip time was 0.296476 milliseconds in repetition 311
tcp_ping received 32768 bytes back
Round trip time was 0.296219 milliseconds in repetition 312
tcp_ping received 32768 bytes back
Round trip time was 0.336441 milliseconds in repetition 313
tcp_ping received 32768 bytes back
Round trip time was 0.296936 milliseconds in repetition 314
tcp_ping received 32768 bytes back
Round trip time was 0.297461 milliseconds in repetition 315
tcp_ping received 32768 bytes back
Round trip time was 0.335003 milliseconds in repetition 316
tcp_ping received 32768 bytes back
Round trip time was 0.29846 milliseconds in repetition 317
tcp_ping received 32768 bytes back
Round trip time was 0.336564 milliseconds in repetition 318
tcp_ping received 32768 bytes back
Round trip time was 0.302175 milliseconds in repetition 319
tcp_ping received 32768 bytes back
Round trip time was 0.369251 milliseconds in repetition 320
tcp_ping received 32768 bytes back
Round trip time was 0.342626 milliseconds in repetition 321
tcp_ping received 32768 bytes back
Round trip time was 0.32123 milliseconds in repetition 322
tcp_ping received 32768 bytes back
Round trip time was 0.375085 milliseconds in repetition 323
tcp_ping received 32768 bytes back
Round trip time was 0.503501 milliseconds in repetition 324
tcp_ping received 32768 bytes back
Round trip time was 0.324851 milliseconds in repetition 325
tcp_ping received 32768 bytes back
Round trip time was 0.481342 milliseconds in repetition 326
tcp_ping received 32768 bytes back
Round trip time was 0.444803 milliseconds in repetition 327
tcp_ping received 32768 bytes back
Round trip time was 0.417245 milliseconds in repetition 328
tcp_ping received 32768 bytes back
Round trip time was 0.456702 milliseconds in repetition 329
tcp_ping received 32768 bytes back
Round trip time was 0.310994 milliseconds in repetition 330
tcp_ping received 32768 bytes back
Round trip time was 0.405522 milliseconds in repetition 331
tcp_ping received 32768 bytes back
Round trip time was 0.349379 milliseconds in repetition 332
tcp_ping received 32768 bytes back
Round trip time was 0.308615 milliseconds in repetition 333
tcp_ping received 32768 bytes back
Round trip time was 0.31408 milliseconds in repetition 334
tcp_ping received 32768 bytes back
Round trip time was 0.358431 milliseconds in repetition 335
tcp_ping received 32768 bytes back
Round trip time was 0.318624 milliseconds in repetition 336
tcp_ping received 32768 bytes back
Round trip time was 0.310545 milliseconds in repetition 337
tcp_ping received 32768 bytes back
Round trip time was 0.310971 milliseconds in repetition 338
tcp_ping received 32768 bytes back
Round trip time was 0.744602 milliseconds in repetition 339
tcp_ping received 32768 bytes back
Round trip time was 0.32902 milliseconds in repetition 340
tcp_ping received 32768 bytes back
Round trip time was 0.436684 milliseconds in repetition 341
tcp_ping received 32768 bytes back
Round trip time was 0.460254 milliseconds in repetition 342
tcp_ping received 32768 bytes back
Round trip time was 0.433146 milliseconds in repetition 343
tcp_ping received 32768 bytes back
Round trip time was 0.361545 milliseconds in repetition 344
tcp_ping received 32768 bytes back
Round trip time was 0.304469 milliseconds in repetition 345
tcp_ping received 32768 bytes back
Round trip time was 0.429166 milliseconds in repetition 346
tcp_ping received 32768 bytes back
Round trip time was 0.329482 milliseconds in repetition 347
tcp_ping received 32768 bytes back
Round trip time was 0.309983 milliseconds in repetition 348
tcp_ping received 32768 bytes back
Round trip time was 0.422492 milliseconds in repetition 349
tcp_ping received 32768 bytes back
Round trip time was 0.31634 milliseconds in repetition 350
tcp_ping received 32768 bytes back
Round trip time was 0.36513 milliseconds in repetition 351
tcp_ping received 32768 bytes back
Round trip time was 0.327885 milliseconds in repetition 352
tcp_ping received 32768 bytes back
Round trip time was 0.341068 milliseconds in repetition 353
tcp_ping received 32768 bytes back
Round trip time was 0.306168 milliseconds in repetition 354
tcp_ping received 32768 bytes back
Round trip time was 0.304816 milliseconds in repetition 355
tcp_ping received 32768 bytes back
Round trip time was 0.366964 milliseconds in repetition 356
tcp_ping received 32768 bytes back
Round trip time was 0.357018 milliseconds in repetition 357
tcp_ping received 32768 bytes back
Round trip time was 0.383784 milliseconds in repetition 358
tcp_ping received 32768 bytes back
Round trip time was 0.318676 milliseconds in repetition 359
tcp_ping received 32768 bytes back
Round trip time was 0.304059 milliseconds in repetition 360
tcp_ping received 32768 bytes back
Round trip time was 0.304512 milliseconds in repetition 361
tcp_ping received 32768 bytes back
Round trip time was 0.304565 milliseconds in repetition 362
tcp_ping received 32768 bytes back
Round trip time was 0.304536 milliseconds in repetition 363
tcp_ping received 32768 bytes back
Round trip time was 0.304845 milliseconds in repetition 364
tcp_ping received 32768 bytes back
Round trip time was 0.304387 milliseconds in repetition 365
tcp_ping received 32768 bytes back
Round trip time was 0.305839 milliseconds in repetition 366
tcp_ping received 32768 bytes back
Round trip time was 0.305549 milliseconds in repetition 367
tcp_ping received 32768 bytes back
Round trip time was 0.305773 milliseconds in repetition 368
tcp_ping received 32768 bytes back
Round trip time was 0.305636 milliseconds in repetition 369
tcp_ping received 32768 bytes back
Round trip time was 0.335819 milliseconds in repetition 370
tcp_ping received 32768 bytes back
Round trip time was 0.366638 milliseconds in repetition 371
tcp_ping received 32768 bytes back
Round trip time was 0.349912 milliseconds in repetition 372
tcp_ping received 32768 bytes back
Round trip time was 0.314156 milliseconds in repetition 373
tcp_ping received 32768 bytes back
Round trip time was 0.304129 milliseconds in repetition 374
tcp_ping received 32768 bytes back
Round trip time was 0.332679 milliseconds in repetition 375
tcp_ping received 32768 bytes back
Round trip time was 0.305956 milliseconds in repetition 376
tcp_ping received 32768 bytes back
Round trip time was 0.304573 milliseconds in repetition 377
tcp_ping received 32768 bytes back
Round trip time was 0.304002 milliseconds in repetition 378
tcp_ping received 32768 bytes back
Round trip time was 0.303866 milliseconds in repetition 379
tcp_ping received 32768 bytes back
Round trip time was 0.304389 milliseconds in repetition 380
tcp_ping received 32768 bytes back
Round trip time was 0.304576 milliseconds in repetition 381
tcp_ping received 32768 bytes back
Round trip time was 0.304128 milliseconds in repetition 382
tcp_ping received 32768 bytes back
Round trip time was 0.355382 milliseconds in repetition 383
tcp_ping received 32768 bytes back
Round trip time was 0.321325 milliseconds in repetition 384
tcp_ping received 32768 bytes back
Round trip time was 0.296475 milliseconds in repetition 385
tcp_ping received 32768 bytes back
Round trip time was 0.295307 milliseconds in repetition 386
tcp_ping received 32768 bytes back
Round trip time was 0.33622 milliseconds in repetition 387
tcp_ping received 32768 bytes back
Round trip time was 0.295733 milliseconds in repetition 388
tcp_ping received 32768 bytes back
Round trip time was 0.328832 milliseconds in repetition 389
tcp_ping received 32768 bytes back
Round trip time was 0.298642 milliseconds in repetition 390
tcp_ping received 32768 bytes back
Round trip time was 0.29746 milliseconds in repetition 391
tcp_ping received 32768 bytes back
Round trip time was 0.364601 milliseconds in repetition 392
tcp_ping received 32768 bytes back
Round trip time was 0.48228 milliseconds in repetition 393
tcp_ping received 32768 bytes back
Round trip time was 0.416682 milliseconds in repetition 394
tcp_ping received 32768 bytes back
Round trip time was 0.373654 milliseconds in repetition 395
tcp_ping received 32768 bytes back
Round trip time was 0.305106 milliseconds in repetition 396
tcp_ping received 32768 bytes back
Round trip time was 0.359426 milliseconds in repetition 397
tcp_ping received 32768 bytes back
Round trip time was 0.355566 milliseconds in repetition 398
tcp_ping received 32768 bytes back
Round trip time was 0.545428 milliseconds in repetition 399
tcp_ping received 32768 bytes back
Round trip time was 0.465243 milliseconds in repetition 400
tcp_ping received 32768 bytes back
Round trip time was 0.325329 milliseconds in repetition 401
tcp_ping received 32768 bytes back
Round trip time was 0.305835 milliseconds in repetition 402
tcp_ping received 32768 bytes back
Round trip time was 0.434814 milliseconds in repetition 403
tcp_ping received 32768 bytes back
Round trip time was 0.475091 milliseconds in repetition 404
tcp_ping received 32768 bytes back
Round trip time was 0.30174 milliseconds in repetition 405
tcp_ping received 32768 bytes back
Round trip time was 0.514539 milliseconds in repetition 406
tcp_ping received 32768 bytes back
Round trip time was 0.370099 milliseconds in repetition 407
tcp_ping received 32768 bytes back
Round trip time was 0.304333 milliseconds in repetition 408
tcp_ping received 32768 bytes back
Round trip time was 0.330802 milliseconds in repetition 409
tcp_ping received 32768 bytes back
Round trip time was 0.312426 milliseconds in repetition 410
tcp_ping received 32768 bytes back
Round trip time was 0.31267 milliseconds in repetition 411
tcp_ping received 32768 bytes back
Round trip time was 0.312478 milliseconds in repetition 412
tcp_ping received 32768 bytes back
Round trip time was 0.315716 milliseconds in repetition 413
tcp_ping received 32768 bytes back
Round trip time was 0.313543 milliseconds in repetition 414
tcp_ping received 32768 bytes back
Round trip time was 0.384254 milliseconds in repetition 415
tcp_ping received 32768 bytes back
Round trip time was 0.4045 milliseconds in repetition 416
tcp_ping received 32768 bytes back
Round trip time was 0.372399 milliseconds in repetition 417
tcp_ping received 32768 bytes back
Round trip time was 0.313064 milliseconds in repetition 418
tcp_ping received 32768 bytes back
Round trip time was 0.30627 milliseconds in repetition 419
tcp_ping received 32768 bytes back
Round trip time was 0.305205 milliseconds in repetition 420
tcp_ping received 32768 bytes back
Round trip time was 0.304973 milliseconds in repetition 421
tcp_ping received 32768 bytes back
Round trip time was 0.337581 milliseconds in repetition 422
tcp_ping received 32768 bytes back
Round trip time was 0.314236 milliseconds in repetition 423
tcp_ping received 32768 bytes back
Round trip time was 0.304668 milliseconds in repetition 424
tcp_ping received 32768 bytes back
Round trip time was 0.304404 milliseconds in repetition 425
tcp_ping received 32768 bytes back
Round trip time was 0.454302 milliseconds in repetition 426
tcp_ping received 32768 bytes back
Round trip time was 0.377226 milliseconds in repetition 427
tcp_ping received 32768 bytes back
Round trip time was 0.42192 milliseconds in repetition 428
tcp_ping received 32768 bytes back
Round trip time was 0.385806 milliseconds in repetition 429
tcp_ping received 32768 bytes back
Round trip time was 0.315138 milliseconds in repetition 430
tcp_ping received 32768 bytes back
Round trip time was 0.307032 milliseconds in repetition 431
tcp_ping received 32768 bytes back
Round trip time was 0.339043 milliseconds in repetition 432
tcp_ping received 32768 bytes back
Round trip time was 0.316948 milliseconds in repetition 433
tcp_ping received 32768 bytes back
Round trip time was 0.307271 milliseconds in repetition 434
tcp_ping received 32768 bytes back
Round trip time was 0.30587 milliseconds in repetition 435
tcp_ping received 32768 bytes back
Round trip time was 0.305819 milliseconds in repetition 436
tcp_ping received 32768 bytes back
Round trip time was 0.366922 milliseconds in repetition 437
tcp_ping received 32768 bytes back
Round trip time was 0.33964 milliseconds in repetition 438
tcp_ping received 32768 bytes back
Round trip time was 0.308164 milliseconds in repetition 439
tcp_ping received 32768 bytes back
Round trip time was 0.382468 milliseconds in repetition 440
tcp_ping received 32768 bytes back
Round trip time was 0.537306 milliseconds in repetition 441
tcp_ping received 32768 bytes back
Round trip time was 0.456261 milliseconds in repetition 442
tcp_ping received 32768 bytes back
Round trip time was 0.380074 milliseconds in repetition 443
tcp_ping received 32768 bytes back
Round trip time was 0.371372 milliseconds in repetition 444
tcp_ping received 32768 bytes back
Round trip time was 0.307425 milliseconds in repetition 445
tcp_ping received 32768 bytes back
Round trip time was 0.304211 milliseconds in repetition 446
tcp_ping received 32768 bytes back
Round trip time was 0.37077 milliseconds in repetition 447
tcp_ping received 32768 bytes back
Round trip time was 0.317252 milliseconds in repetition 448
tcp_ping received 32768 bytes back
Round trip time was 0.307173 milliseconds in repetition 449
tcp_ping received 32768 bytes back
Round trip time was 0.307527 milliseconds in repetition 450
tcp_ping received 32768 bytes back
Round trip time was 0.308658 milliseconds in repetition 451
tcp_ping received 32768 bytes back
Round trip time was 0.307584 milliseconds in repetition 452
tcp_ping received 32768 bytes back
Round trip time was 0.307063 milliseconds in repetition 453
tcp_ping received 32768 bytes back
Round trip time was 0.452406 milliseconds in repetition 454
tcp_ping received 32768 bytes back
Round trip time was 0.314497 milliseconds in repetition 455
tcp_ping received 32768 bytes back
Round trip time was 0.307073 milliseconds in repetition 456
tcp_ping received 32768 bytes back
Round trip time was 0.308423 milliseconds in repetition 457
tcp_ping received 32768 bytes back
Round trip time was 0.307863 milliseconds in repetition 458
tcp_ping received 32768 bytes back
Round trip time was 0.425419 milliseconds in repetition 459
tcp_ping received 32768 bytes back
Round trip time was 0.360872 milliseconds in repetition 460
tcp_ping received 32768 bytes back
Round trip time was 0.315809 milliseconds in repetition 461
tcp_ping received 32768 bytes back
Round trip time was 0.30491 milliseconds in repetition 462
tcp_ping received 32768 bytes back
Round trip time was 0.304493 milliseconds in repetition 463
tcp_ping received 32768 bytes back
Round trip time was 0.30423 milliseconds in repetition 464
tcp_ping received 32768 bytes back
Round trip time was 0.30284 milliseconds in repetition 465
tcp_ping received 32768 bytes back
Round trip time was 0.317772 milliseconds in repetition 466
tcp_ping received 32768 bytes back
Round trip time was 0.295757 milliseconds in repetition 467
tcp_ping received 32768 bytes back
Round trip time was 0.295593 milliseconds in repetition 468
tcp_ping received 32768 bytes back
Round trip time was 0.295801 milliseconds in repetition 469
tcp_ping received 32768 bytes back
Round trip time was 0.295015 milliseconds in repetition 470
tcp_ping received 32768 bytes back
Round trip time was 0.29608 milliseconds in repetition 471
tcp_ping received 32768 bytes back
Round trip time was 0.343866 milliseconds in repetition 472
tcp_ping received 32768 bytes back
Round trip time was 0.300808 milliseconds in repetition 473
tcp_ping received 32768 bytes back
Round trip time was 0.295795 milliseconds in repetition 474
tcp_ping received 32768 bytes back
Round trip time was 0.29535 milliseconds in repetition 475
tcp_ping received 32768 bytes back
Round trip time was 0.368792 milliseconds in repetition 476
tcp_ping received 32768 bytes back
Round trip time was 0.298188 milliseconds in repetition 477
tcp_ping received 32768 bytes back
Round trip time was 0.393388 milliseconds in repetition 478
tcp_ping received 32768 bytes back
Round trip time was 0.300703 milliseconds in repetition 479
tcp_ping received 32768 bytes back
Round trip time was 0.29649 milliseconds in repetition 480
tcp_ping received 32768 bytes back
Round trip time was 0.296208 milliseconds in repetition 481
tcp_ping received 32768 bytes back
Round trip time was 0.29566 milliseconds in repetition 482
tcp_ping received 32768 bytes back
Round trip time was 0.361995 milliseconds in repetition 483
tcp_ping received 32768 bytes back
Round trip time was 0.300426 milliseconds in repetition 484
tcp_ping received 32768 bytes back
Round trip time was 0.296105 milliseconds in repetition 485
tcp_ping received 32768 bytes back
Round trip time was 0.295959 milliseconds in repetition 486
tcp_ping received 32768 bytes back
Round trip time was 0.296081 milliseconds in repetition 487
tcp_ping received 32768 bytes back
Round trip time was 0.29532 milliseconds in repetition 488
tcp_ping received 32768 bytes back
Round trip time was 0.340263 milliseconds in repetition 489
tcp_ping received 32768 bytes back
Round trip time was 0.295544 milliseconds in repetition 490
tcp_ping received 32768 bytes back
Round trip time was 0.424446 milliseconds in repetition 491
tcp_ping received 32768 bytes back
Round trip time was 0.573649 milliseconds in repetition 492
tcp_ping received 32768 bytes back
Round trip time was 0.516475 milliseconds in repetition 493
tcp_ping received 32768 bytes back
Round trip time was 0.438411 milliseconds in repetition 494
tcp_ping received 32768 bytes back
Round trip time was 0.301919 milliseconds in repetition 495
tcp_ping received 32768 bytes back
Round trip time was 0.296321 milliseconds in repetition 496
tcp_ping received 32768 bytes back
Round trip time was 0.318871 milliseconds in repetition 497
tcp_ping received 32768 bytes back
Round trip time was 0.296842 milliseconds in repetition 498
tcp_ping received 32768 bytes back
Round trip time was 0.295176 milliseconds in repetition 499
tcp_ping received 32768 bytes back
Round trip time was 0.295571 milliseconds in repetition 500
tcp_ping received 32768 bytes back
Round trip time was 0.294991 milliseconds in repetition 501

 ... clock resolution was 1e-06
TCP Ping:  Statistics over 501 repetitions of 32768 byte messages

RTT : percentile 10: 0.296475, median: 0.325436, percentile 90: 0.506582, average: 0.387302, variance: 0.0310258

RTT histogram:
0.294779 294
0.397162 117
0.499544 50
0.601927 18
0.704309 7
0.806691 5
0.909074 2
1.01146 1
1.11384 3
1.21622 1
1.3186 0
1.42099 0
1.52337 0
1.62575 1
1.72813 0
1.83052 1
1.9329 0
2.03528 0
2.13766 0
2.24005 0
2.34243 1

   median Throughput : 201379 KB/s   overall Throughput : 169211 KB/s

