TCP Ping trying to connect to server localhost (127.0.0.1) on port 1421
 ... connected to Pong server: asking for 501 repetitions of 12288 bytes TCP messages
 ... Pong server agreed :-)
tcp_ping received 12288 bytes back
Round trip time was 0.259256 milliseconds in repetition 1
tcp_ping received 12288 bytes back
Round trip time was 0.238138 milliseconds in repetition 2
tcp_ping received 12288 bytes back
Round trip time was 0.235952 milliseconds in repetition 3
tcp_ping received 12288 bytes back
Round trip time was 0.235409 milliseconds in repetition 4
tcp_ping received 12288 bytes back
Round trip time was 0.237043 milliseconds in repetition 5
tcp_ping received 12288 bytes back
Round trip time was 0.289039 milliseconds in repetition 6
tcp_ping received 12288 bytes back
Round trip time was 0.235449 milliseconds in repetition 7
tcp_ping received 12288 bytes back
Round trip time was 0.232159 milliseconds in repetition 8
tcp_ping received 12288 bytes back
Round trip time was 0.211759 milliseconds in repetition 9
tcp_ping received 12288 bytes back
Round trip time was 0.226455 milliseconds in repetition 10
tcp_ping received 12288 bytes back
Round trip time was 0.22446 milliseconds in repetition 11
tcp_ping received 12288 bytes back
Round trip time was 0.224835 milliseconds in repetition 12
tcp_ping received 12288 bytes back
Round trip time was 0.224357 milliseconds in repetition 13
tcp_ping received 12288 bytes back
Round trip time was 0.224148 milliseconds in repetition 14
tcp_ping received 12288 bytes back
Round trip time was 0.211543 milliseconds in repetition 15
tcp_ping received 12288 bytes back
Round trip time was 0.340411 milliseconds in repetition 16
tcp_ping received 12288 bytes back
Round trip time was 0.271776 milliseconds in repetition 17
tcp_ping received 12288 bytes back
Round trip time was 0.340181 milliseconds in repetition 18
tcp_ping received 12288 bytes back
Round trip time was 0.279377 milliseconds in repetition 19
tcp_ping received 12288 bytes back
Round trip time was 0.263456 milliseconds in repetition 20
tcp_ping received 12288 bytes back
Round trip time was 0.294652 milliseconds in repetition 21
tcp_ping received 12288 bytes back
Round trip time was 0.190071 milliseconds in repetition 22
tcp_ping received 12288 bytes back
Round trip time was 0.129041 milliseconds in repetition 23
tcp_ping received 12288 bytes back
Round trip time was 0.12423 milliseconds in repetition 24
tcp_ping received 12288 bytes back
Round trip time was 0.123842 milliseconds in repetition 25
tcp_ping received 12288 bytes back
Round trip time was 0.125815 milliseconds in repetition 26
tcp_ping received 12288 bytes back
Round trip time was 0.130691 milliseconds in repetition 27
tcp_ping received 12288 bytes back
Round trip time was 0.125656 milliseconds in repetition 28
tcp_ping received 12288 bytes back
Round trip time was 0.126513 milliseconds in repetition 29
tcp_ping received 12288 bytes back
Round trip time was 0.124681 milliseconds in repetition 30
tcp_ping received 12288 bytes back
Round trip time was 0.126986 milliseconds in repetition 31
tcp_ping received 12288 bytes back
Round trip time was 0.126865 milliseconds in repetition 32
tcp_ping received 12288 bytes back
Round trip time was 0.136354 milliseconds in repetition 33
tcp_ping received 12288 bytes back
Round trip time was 0.124797 milliseconds in repetition 34
tcp_ping received 12288 bytes back
Round trip time was 0.139633 milliseconds in repetition 35
tcp_ping received 12288 bytes back
Round trip time was 0.120603 milliseconds in repetition 36
tcp_ping received 12288 bytes back
Round trip time was 0.12053 milliseconds in repetition 37
tcp_ping received 12288 bytes back
Round trip time was 0.352489 milliseconds in repetition 38
tcp_ping received 12288 bytes back
Round trip time was 2.11335 milliseconds in repetition 39
tcp_ping received 12288 bytes back
Round trip time was 0.132335 milliseconds in repetition 40
tcp_ping received 12288 bytes back
Round trip time was 0.124006 milliseconds in repetition 41
tcp_ping received 12288 bytes back
Round trip time was 0.123263 milliseconds in repetition 42
tcp_ping received 12288 bytes back
Round trip time was 0.171364 milliseconds in repetition 43
tcp_ping received 12288 bytes back
Round trip time was 0.133761 milliseconds in repetition 44
tcp_ping received 12288 bytes back
Round trip time was 0.123145 milliseconds in repetition 45
tcp_ping received 12288 bytes back
Round trip time was 0.122277 milliseconds in repetition 46
tcp_ping received 12288 bytes back
Round trip time was 0.121341 milliseconds in repetition 47
tcp_ping received 12288 bytes back
Round trip time was 0.121314 milliseconds in repetition 48
tcp_ping received 12288 bytes back
Round trip time was 0.18804 milliseconds in repetition 49
tcp_ping received 12288 bytes back
Round trip time was 0.126641 milliseconds in repetition 50
tcp_ping received 12288 bytes back
Round trip time was 0.121898 milliseconds in repetition 51
tcp_ping received 12288 bytes back
Round trip time was 0.16141 milliseconds in repetition 52
tcp_ping received 12288 bytes back
Round trip time was 0.404813 milliseconds in repetition 53
tcp_ping received 12288 bytes back
Round trip time was 0.225802 milliseconds in repetition 54
tcp_ping received 12288 bytes back
Round trip time was 0.143198 milliseconds in repetition 55
tcp_ping received 12288 bytes back
Round trip time was 0.12259 milliseconds in repetition 56
tcp_ping received 12288 bytes back
Round trip time was 0.123205 milliseconds in repetition 57
tcp_ping received 12288 bytes back
Round trip time was 0.123316 milliseconds in repetition 58
tcp_ping received 12288 bytes back
Round trip time was 0.201427 milliseconds in repetition 59
tcp_ping received 12288 bytes back
Round trip time was 0.153509 milliseconds in repetition 60
tcp_ping received 12288 bytes back
Round trip time was 0.166421 milliseconds in repetition 61
tcp_ping received 12288 bytes back
Round trip time was 0.339645 milliseconds in repetition 62
tcp_ping received 12288 bytes back
Round trip time was 0.817818 milliseconds in repetition 63
tcp_ping received 12288 bytes back
Round trip time was 0.129072 milliseconds in repetition 64
tcp_ping received 12288 bytes back
Round trip time was 0.144752 milliseconds in repetition 65
tcp_ping received 12288 bytes back
Round trip time was 0.13957 milliseconds in repetition 66
tcp_ping received 12288 bytes back
Round trip time was 0.11818 milliseconds in repetition 67
tcp_ping received 12288 bytes back
Round trip time was 0.118499 milliseconds in repetition 68
tcp_ping received 12288 bytes back
Round trip time was 0.118648 milliseconds in repetition 69
tcp_ping received 12288 bytes back
Round trip time was 0.11868 milliseconds in repetition 70
tcp_ping received 12288 bytes back
Round trip time was 0.118349 milliseconds in repetition 71
tcp_ping received 12288 bytes back
Round trip time was 0.118083 milliseconds in repetition 72
tcp_ping received 12288 bytes back
Round trip time was 0.321526 milliseconds in repetition 73
tcp_ping received 12288 bytes back
Round trip time was 0.136864 milliseconds in repetition 74
tcp_ping received 12288 bytes back
Round trip time was 0.118401 milliseconds in repetition 75
tcp_ping received 12288 bytes back
Round trip time was 0.118217 milliseconds in repetition 76
tcp_ping received 12288 bytes back
Round trip time was 0.118693 milliseconds in repetition 77
tcp_ping received 12288 bytes back
Round trip time was 0.188594 milliseconds in repetition 78
tcp_ping received 12288 bytes back
Round trip time was 0.119682 milliseconds in repetition 79
tcp_ping received 12288 bytes back
Round trip time was 0.138429 milliseconds in repetition 80
tcp_ping received 12288 bytes back
Round trip time was 1.52768 milliseconds in repetition 81
tcp_ping received 12288 bytes back
Round trip time was 0.148242 milliseconds in repetition 82
tcp_ping received 12288 bytes back
Round trip time was 0.139576 milliseconds in repetition 83
tcp_ping received 12288 bytes back
Round trip time was 0.153687 milliseconds in repetition 84
tcp_ping received 12288 bytes back
Round trip time was 0.119006 milliseconds in repetition 85
tcp_ping received 12288 bytes back
Round trip time was 0.118014 milliseconds in repetition 86
tcp_ping received 12288 bytes back
Round trip time was 0.186533 milliseconds in repetition 87
tcp_ping received 12288 bytes back
Round trip time was 0.121805 milliseconds in repetition 88
tcp_ping received 12288 bytes back
Round trip time was 0.118145 milliseconds in repetition 89
tcp_ping received 12288 bytes back
Round trip time was 0.117797 milliseconds in repetition 90
tcp_ping received 12288 bytes back
Round trip time was 0.117615 milliseconds in repetition 91
tcp_ping received 12288 bytes back
Round trip time was 0.11764 milliseconds in repetition 92
tcp_ping received 12288 bytes back
Round trip time was 0.183793 milliseconds in repetition 93
tcp_ping received 12288 bytes back
Round trip time was 0.125624 milliseconds in repetition 94
tcp_ping received 12288 bytes back
Round trip time was 0.138172 milliseconds in repetition 95
tcp_ping received 12288 bytes back
Round trip time was 0.117852 milliseconds in repetition 96
tcp_ping received 12288 bytes back
Round trip time was 0.182119 milliseconds in repetition 97
tcp_ping received 12288 bytes back
Round trip time was 0.148684 milliseconds in repetition 98
tcp_ping received 12288 bytes back
Round trip time was 0.117743 milliseconds in repetition 99
tcp_ping received 12288 bytes back
Round trip time was 0.117302 milliseconds in repetition 100
tcp_ping received 12288 bytes back
Round trip time was 0.11792 milliseconds in repetition 101
tcp_ping received 12288 bytes back
Round trip time was 0.117318 milliseconds in repetition 102
tcp_ping received 12288 bytes back
Round trip time was 0.117576 milliseconds in repetition 103
tcp_ping received 12288 bytes back
Round trip time was 0.118076 milliseconds in repetition 104
tcp_ping received 12288 bytes back
Round trip time was 0.118045 milliseconds in repetition 105
tcp_ping received 12288 bytes back
Round trip time was 0.118148 milliseconds in repetition 106
tcp_ping received 12288 bytes back
Round trip time was 0.118642 milliseconds in repetition 107
tcp_ping received 12288 bytes back
Round trip time was 0.14334 milliseconds in repetition 108
tcp_ping received 12288 bytes back
Round trip time was 0.123185 milliseconds in repetition 109
tcp_ping received 12288 bytes back
Round trip time was 0.122352 milliseconds in repetition 110
tcp_ping received 12288 bytes back
Round trip time was 0.122876 milliseconds in repetition 111
tcp_ping received 12288 bytes back
Round trip time was 0.122536 milliseconds in repetition 112
tcp_ping received 12288 bytes back
Round trip time was 0.12111 milliseconds in repetition 113
tcp_ping received 12288 bytes back
Round trip time was 0.161546 milliseconds in repetition 114
tcp_ping received 12288 bytes back
Round trip time was 0.125804 milliseconds in repetition 115
tcp_ping received 12288 bytes back
Round trip time was 0.200451 milliseconds in repetition 116
tcp_ping received 12288 bytes back
Round trip time was 0.195896 milliseconds in repetition 117
tcp_ping received 12288 bytes back
Round trip time was 0.137115 milliseconds in repetition 118
tcp_ping received 12288 bytes back
Round trip time was 0.118209 milliseconds in repetition 119
tcp_ping received 12288 bytes back
Round trip time was 0.118869 milliseconds in repetition 120
tcp_ping received 12288 bytes back
Round trip time was 0.118059 milliseconds in repetition 121
tcp_ping received 12288 bytes back
Round trip time was 0.118849 milliseconds in repetition 122
tcp_ping received 12288 bytes back
Round trip time was 0.118414 milliseconds in repetition 123
tcp_ping received 12288 bytes back
Round trip time was 0.118039 milliseconds in repetition 124
tcp_ping received 12288 bytes back
Round trip time was 0.120831 milliseconds in repetition 125
tcp_ping received 12288 bytes back
Round trip time was 0.185144 milliseconds in repetition 126
tcp_ping received 12288 bytes back
Round trip time was 0.186115 milliseconds in repetition 127
tcp_ping received 12288 bytes back
Round trip time was 0.221359 milliseconds in repetition 128
tcp_ping received 12288 bytes back
Round trip time was 0.200346 milliseconds in repetition 129
tcp_ping received 12288 bytes back
Round trip time was 0.15445 milliseconds in repetition 130
tcp_ping received 12288 bytes back
Round trip time was 0.149307 milliseconds in repetition 131
tcp_ping received 12288 bytes back
Round trip time was 0.127518 milliseconds in repetition 132
tcp_ping received 12288 bytes back
Round trip time was 0.11835 milliseconds in repetition 133
tcp_ping received 12288 bytes back
Round trip time was 0.118679 milliseconds in repetition 134
tcp_ping received 12288 bytes back
Round trip time was 0.118347 milliseconds in repetition 135
tcp_ping received 12288 bytes back
Round trip time was 0.11808 milliseconds in repetition 136
tcp_ping received 12288 bytes back
Round trip time was 0.22069 milliseconds in repetition 137
tcp_ping received 12288 bytes back
Round trip time was 0.207082 milliseconds in repetition 138
tcp_ping received 12288 bytes back
Round trip time was 0.190117 milliseconds in repetition 139
tcp_ping received 12288 bytes back
Round trip time was 0.210579 milliseconds in repetition 140
tcp_ping received 12288 bytes back
Round trip time was 0.160299 milliseconds in repetition 141
tcp_ping received 12288 bytes back
Round trip time was 0.119425 milliseconds in repetition 142
tcp_ping received 12288 bytes back
Round trip time was 0.118229 milliseconds in repetition 143
tcp_ping received 12288 bytes back
Round trip time was 0.120155 milliseconds in repetition 144
tcp_ping received 12288 bytes back
Round trip time was 0.120144 milliseconds in repetition 145
tcp_ping received 12288 bytes back
Round trip time was 0.117705 milliseconds in repetition 146
tcp_ping received 12288 bytes back
Round trip time was 0.118154 milliseconds in repetition 147
tcp_ping received 12288 bytes back
Round trip time was 0.117459 milliseconds in repetition 148
tcp_ping received 12288 bytes back
Round trip time was 0.1182 milliseconds in repetition 149
tcp_ping received 12288 bytes back
Round trip time was 0.118978 milliseconds in repetition 150
tcp_ping received 12288 bytes back
Round trip time was 0.120165 milliseconds in repetition 151
tcp_ping received 12288 bytes back
Round trip time was 0.221301 milliseconds in repetition 152
tcp_ping received 12288 bytes back
Round trip time was 0.120401 milliseconds in repetition 153
tcp_ping received 12288 bytes back
Round trip time was 0.119666 milliseconds in repetition 154
tcp_ping received 12288 bytes back
Round trip time was 0.119354 milliseconds in repetition 155
tcp_ping received 12288 bytes back
Round trip time was 0.120569 milliseconds in repetition 156
tcp_ping received 12288 bytes back
Round trip time was 0.289625 milliseconds in repetition 157
tcp_ping received 12288 bytes back
Round trip time was 0.181488 milliseconds in repetition 158
tcp_ping received 12288 bytes back
Round trip time was 0.259142 milliseconds in repetition 159
tcp_ping received 12288 bytes back
Round trip time was 0.13496 milliseconds in repetition 160
tcp_ping received 12288 bytes back
Round trip time was 0.130362 milliseconds in repetition 161
tcp_ping received 12288 bytes back
Round trip time was 0.121573 milliseconds in repetition 162
tcp_ping received 12288 bytes back
Round trip time was 0.142993 milliseconds in repetition 163
tcp_ping received 12288 bytes back
Round trip time was 0.168425 milliseconds in repetition 164
tcp_ping received 12288 bytes back
Round trip time was 0.147178 milliseconds in repetition 165
tcp_ping received 12288 bytes back
Round trip time was 0.124954 milliseconds in repetition 166
tcp_ping received 12288 bytes back
Round trip time was 0.166255 milliseconds in repetition 167
tcp_ping received 12288 bytes back
Round trip time was 0.151539 milliseconds in repetition 168
tcp_ping received 12288 bytes back
Round trip time was 0.293952 milliseconds in repetition 169
tcp_ping received 12288 bytes back
Round trip time was 0.134744 milliseconds in repetition 170
tcp_ping received 12288 bytes back
Round trip time was 0.11853 milliseconds in repetition 171
tcp_ping received 12288 bytes back
Round trip time was 0.118462 milliseconds in repetition 172
tcp_ping received 12288 bytes back
Round trip time was 0.143928 milliseconds in repetition 173
tcp_ping received 12288 bytes back
Round trip time was 0.118725 milliseconds in repetition 174
tcp_ping received 12288 bytes back
Round trip time was 0.224431 milliseconds in repetition 175
tcp_ping received 12288 bytes back
Round trip time was 0.143777 milliseconds in repetition 176
tcp_ping received 12288 bytes back
Round trip time was 0.185958 milliseconds in repetition 177
tcp_ping received 12288 bytes back
Round trip time was 0.129735 milliseconds in repetition 178
tcp_ping received 12288 bytes back
Round trip time was 0.216699 milliseconds in repetition 179
tcp_ping received 12288 bytes back
Round trip time was 0.538141 milliseconds in repetition 180
tcp_ping received 12288 bytes back
Round trip time was 0.123218 milliseconds in repetition 181
tcp_ping received 12288 bytes back
Round trip time was 0.118434 milliseconds in repetition 182
tcp_ping received 12288 bytes back
Round trip time was 0.118263 milliseconds in repetition 183
tcp_ping received 12288 bytes back
Round trip time was 0.117737 milliseconds in repetition 184
tcp_ping received 12288 bytes back
Round trip time was 0.117854 milliseconds in repetition 185
tcp_ping received 12288 bytes back
Round trip time was 0.117886 milliseconds in repetition 186
tcp_ping received 12288 bytes back
Round trip time was 0.11775 milliseconds in repetition 187
tcp_ping received 12288 bytes back
Round trip time was 0.117623 milliseconds in repetition 188
tcp_ping received 12288 bytes back
Round trip time was 0.118145 milliseconds in repetition 189
tcp_ping received 12288 bytes back
Round trip time was 0.117828 milliseconds in repetition 190
tcp_ping received 12288 bytes back
Round trip time was 0.118411 milliseconds in repetition 191
tcp_ping received 12288 bytes back
Round trip time was 0.117542 milliseconds in repetition 192
tcp_ping received 12288 bytes back
Round trip time was 0.118251 milliseconds in repetition 193
tcp_ping received 12288 bytes back
Round trip time was 0.117713 milliseconds in repetition 194
tcp_ping received 12288 bytes back
Round trip time was 0.117731 milliseconds in repetition 195
tcp_ping received 12288 bytes back
Round trip time was 0.117927 milliseconds in repetition 196
tcp_ping received 12288 bytes back
Round trip time was 0.117964 milliseconds in repetition 197
tcp_ping received 12288 bytes back
Round trip time was 0.117945 milliseconds in repetition 198
tcp_ping received 12288 bytes back
Round trip time was 0.117594 milliseconds in repetition 199
tcp_ping received 12288 bytes back
Round trip time was 0.118004 milliseconds in repetition 200
tcp_ping received 12288 bytes back
Round trip time was 0.26682 milliseconds in repetition 201
tcp_ping received 12288 bytes back
Round trip time was 0.254661 milliseconds in repetition 202
tcp_ping received 12288 bytes back
Round trip time was 0.119569 milliseconds in repetition 203
tcp_ping received 12288 bytes back
Round trip time was 0.118125 milliseconds in repetition 204
tcp_ping received 12288 bytes back
Round trip time was 0.117629 milliseconds in repetition 205
tcp_ping received 12288 bytes back
Round trip time was 0.117917 milliseconds in repetition 206
tcp_ping received 12288 bytes back
Round trip time was 0.11748 milliseconds in repetition 207
tcp_ping received 12288 bytes back
Round trip time was 0.117897 milliseconds in repetition 208
tcp_ping received 12288 bytes back
Round trip time was 0.117795 milliseconds in repetition 209
tcp_ping received 12288 bytes back
Round trip time was 0.117762 milliseconds in repetition 210
tcp_ping received 12288 bytes back
Round trip time was 0.117344 milliseconds in repetition 211
tcp_ping received 12288 bytes back
Round trip time was 0.117337 milliseconds in repetition 212
tcp_ping received 12288 bytes back
Round trip time was 0.117597 milliseconds in repetition 213
tcp_ping received 12288 bytes back
Round trip time was 0.117982 milliseconds in repetition 214
tcp_ping received 12288 bytes back
Round trip time was 0.117331 milliseconds in repetition 215
tcp_ping received 12288 bytes back
Round trip time was 0.158589 milliseconds in repetition 216
tcp_ping received 12288 bytes back
Round trip time was 0.142503 milliseconds in repetition 217
tcp_ping received 12288 bytes back
Round trip time was 0.118873 milliseconds in repetition 218
tcp_ping received 12288 bytes back
Round trip time was 0.117661 milliseconds in repetition 219
tcp_ping received 12288 bytes back
Round trip time was 0.118065 milliseconds in repetition 220
tcp_ping received 12288 bytes back
Round trip time was 0.11739 milliseconds in repetition 221
tcp_ping received 12288 bytes back
Round trip time was 0.117817 milliseconds in repetition 222
tcp_ping received 12288 bytes back
Round trip time was 0.11821 milliseconds in repetition 223
tcp_ping received 12288 bytes back
Round trip time was 0.117893 milliseconds in repetition 224
tcp_ping received 12288 bytes back
Round trip time was 0.118064 milliseconds in repetition 225
tcp_ping received 12288 bytes back
Round trip time was 0.117817 milliseconds in repetition 226
tcp_ping received 12288 bytes back
Round trip time was 0.118002 milliseconds in repetition 227
tcp_ping received 12288 bytes back
Round trip time was 0.118269 milliseconds in repetition 228
tcp_ping received 12288 bytes back
Round trip time was 0.118361 milliseconds in repetition 229
tcp_ping received 12288 bytes back
Round trip time was 0.118251 milliseconds in repetition 230
tcp_ping received 12288 bytes back
Round trip time was 1.25713 milliseconds in repetition 231
tcp_ping received 12288 bytes back
Round trip time was 0.132392 milliseconds in repetition 232
tcp_ping received 12288 bytes back
Round trip time was 0.118815 milliseconds in repetition 233
tcp_ping received 12288 bytes back
Round trip time was 0.123297 milliseconds in repetition 234
tcp_ping received 12288 bytes back
Round trip time was 0.180991 milliseconds in repetition 235
tcp_ping received 12288 bytes back
Round trip time was 0.172971 milliseconds in repetition 236
tcp_ping received 12288 bytes back
Round trip time was 0.145711 milliseconds in repetition 237
tcp_ping received 12288 bytes back
Round trip time was 0.121751 milliseconds in repetition 238
tcp_ping received 12288 bytes back
Round trip time was 0.118499 milliseconds in repetition 239
tcp_ping received 12288 bytes back
Round trip time was 0.117861 milliseconds in repetition 240
tcp_ping received 12288 bytes back
Round trip time was 0.118664 milliseconds in repetition 241
tcp_ping received 12288 bytes back
Round trip time was 0.122289 milliseconds in repetition 242
tcp_ping received 12288 bytes back
Round trip time was 0.121231 milliseconds in repetition 243
tcp_ping received 12288 bytes back
Round trip time was 0.11786 milliseconds in repetition 244
tcp_ping received 12288 bytes back
Round trip time was 0.145867 milliseconds in repetition 245
tcp_ping received 12288 bytes back
Round trip time was 0.120936 milliseconds in repetition 246
tcp_ping received 12288 bytes back
Round trip time was 0.117917 milliseconds in repetition 247
tcp_ping received 12288 bytes back
Round trip time was 0.118353 milliseconds in repetition 248
tcp_ping received 12288 bytes back
Round trip time was 0.118467 milliseconds in repetition 249
tcp_ping received 12288 bytes back
Round trip time was 0.118175 milliseconds in repetition 250
tcp_ping received 12288 bytes back
Round trip time was 0.119326 milliseconds in repetition 251
tcp_ping received 12288 bytes back
Round trip time was 0.119607 milliseconds in repetition 252
tcp_ping received 12288 bytes back
Round trip time was 0.213356 milliseconds in repetition 253
tcp_ping received 12288 bytes back
Round trip time was 0.128593 milliseconds in repetition 254
tcp_ping received 12288 bytes back
Round trip time was 0.118824 milliseconds in repetition 255
tcp_ping received 12288 bytes back
Round trip time was 0.117996 milliseconds in repetition 256
tcp_ping received 12288 bytes back
Round trip time was 0.119103 milliseconds in repetition 257
tcp_ping received 12288 bytes back
Round trip time was 0.118838 milliseconds in repetition 258
tcp_ping received 12288 bytes back
Round trip time was 0.119546 milliseconds in repetition 259
tcp_ping received 12288 bytes back
Round trip time was 0.1681 milliseconds in repetition 260
tcp_ping received 12288 bytes back
Round trip time was 0.119576 milliseconds in repetition 261
tcp_ping received 12288 bytes back
Round trip time was 0.128074 milliseconds in repetition 262
tcp_ping received 12288 bytes back
Round trip time was 0.118949 milliseconds in repetition 263
tcp_ping received 12288 bytes back
Round trip time was 0.119359 milliseconds in repetition 264
tcp_ping received 12288 bytes back
Round trip time was 0.119742 milliseconds in repetition 265
tcp_ping received 12288 bytes back
Round trip time was 0.119904 milliseconds in repetition 266
tcp_ping received 12288 bytes back
Round trip time was 0.12043 milliseconds in repetition 267
tcp_ping received 12288 bytes back
Round trip time was 0.120535 milliseconds in repetition 268
tcp_ping received 12288 bytes back
Round trip time was 0.12053 milliseconds in repetition 269
tcp_ping received 12288 bytes back
Round trip time was 0.120275 milliseconds in repetition 270
tcp_ping received 12288 bytes back
Round trip time was 0.230204 milliseconds in repetition 271
tcp_ping received 12288 bytes back
Round trip time was 0.156604 milliseconds in repetition 272
tcp_ping received 12288 bytes back
Round trip time was 0.151546 milliseconds in repetition 273
tcp_ping received 12288 bytes back
Round trip time was 0.172405 milliseconds in repetition 274
tcp_ping received 12288 bytes back
Round trip time was 0.122913 milliseconds in repetition 275
tcp_ping received 12288 bytes back
Round trip time was 0.119354 milliseconds in repetition 276
tcp_ping received 12288 bytes back
Round trip time was 0.118374 milliseconds in repetition 277
tcp_ping received 12288 bytes back
Round trip time was 0.117554 milliseconds in repetition 278
tcp_ping received 12288 bytes back
Round trip time was 0.117574 milliseconds in repetition 279
tcp_ping received 12288 bytes back
Round trip time was 0.117956 milliseconds in repetition 280
tcp_ping received 12288 bytes back
Round trip time was 0.198058 milliseconds in repetition 281
tcp_ping received 12288 bytes back
Round trip time was 0.147941 milliseconds in repetition 282
tcp_ping received 12288 bytes back
Round trip time was 0.127008 milliseconds in repetition 283
tcp_ping received 12288 bytes back
Round trip time was 0.117742 milliseconds in repetition 284
tcp_ping received 12288 bytes back
Round trip time was 0.118017 milliseconds in repetition 285
tcp_ping received 12288 bytes back
Round trip time was 0.117916 milliseconds in repetition 286
tcp_ping received 12288 bytes back
Round trip time was 0.117566 milliseconds in repetition 287
tcp_ping received 12288 bytes back
Round trip time was 0.118177 milliseconds in repetition 288
tcp_ping received 12288 bytes back
Round trip time was 0.117695 milliseconds in repetition 289
tcp_ping received 12288 bytes back
Round trip time was 0.117645 milliseconds in repetition 290
tcp_ping received 12288 bytes back
Round trip time was 0.117649 milliseconds in repetition 291
tcp_ping received 12288 bytes back
Round trip time was 0.117891 milliseconds in repetition 292
tcp_ping received 12288 bytes back
Round trip time was 0.117626 milliseconds in repetition 293
tcp_ping received 12288 bytes back
Round trip time was 0.117936 milliseconds in repetition 294
tcp_ping received 12288 bytes back
Round trip time was 0.117643 milliseconds in repetition 295
tcp_ping received 12288 bytes back
Round trip time was 0.117906 milliseconds in repetition 296
tcp_ping received 12288 bytes back
Round trip time was 0.117889 milliseconds in repetition 297
tcp_ping received 12288 bytes back
Round trip time was 0.117732 milliseconds in repetition 298
tcp_ping received 12288 bytes back
Round trip time was 0.117672 milliseconds in repetition 299
tcp_ping received 12288 bytes back
Round trip time was 0.280329 milliseconds in repetition 300
tcp_ping received 12288 bytes back
Round trip time was 0.182992 milliseconds in repetition 301
tcp_ping received 12288 bytes back
Round trip time was 0.118986 milliseconds in repetition 302
tcp_ping received 12288 bytes back
Round trip time was 0.148085 milliseconds in repetition 303
tcp_ping received 12288 bytes back
Round trip time was 0.146869 milliseconds in repetition 304
tcp_ping received 12288 bytes back
Round trip time was 0.142593 milliseconds in repetition 305
tcp_ping received 12288 bytes back
Round trip time was 0.127498 milliseconds in repetition 306
tcp_ping received 12288 bytes back
Round trip time was 0.170553 milliseconds in repetition 307
tcp_ping received 12288 bytes back
Round trip time was 0.257887 milliseconds in repetition 308
tcp_ping received 12288 bytes back
Round trip time was 0.132518 milliseconds in repetition 309
tcp_ping received 12288 bytes back
Round trip time was 0.118437 milliseconds in repetition 310
tcp_ping received 12288 bytes back
Round trip time was 0.29711 milliseconds in repetition 311
tcp_ping received 12288 bytes back
Round trip time was 0.181539 milliseconds in repetition 312
tcp_ping received 12288 bytes back
Round trip time was 0.131439 milliseconds in repetition 313
tcp_ping received 12288 bytes back
Round trip time was 0.118528 milliseconds in repetition 314
tcp_ping received 12288 bytes back
Round trip time was 0.117899 milliseconds in repetition 315
tcp_ping received 12288 bytes back
Round trip time was 0.117477 milliseconds in repetition 316
tcp_ping received 12288 bytes back
Round trip time was 0.117432 milliseconds in repetition 317
tcp_ping received 12288 bytes back
Round trip time was 0.11739 milliseconds in repetition 318
tcp_ping received 12288 bytes back
Round trip time was 0.117406 milliseconds in repetition 319
tcp_ping received 12288 bytes back
Round trip time was 0.134877 milliseconds in repetition 320
tcp_ping received 12288 bytes back
Round trip time was 0.119725 milliseconds in repetition 321
tcp_ping received 12288 bytes back
Round trip time was 0.118491 milliseconds in repetition 322
tcp_ping received 12288 bytes back
Round trip time was 0.118473 milliseconds in repetition 323
tcp_ping received 12288 bytes back
Round trip time was 0.11826 milliseconds in repetition 324
tcp_ping received 12288 bytes back
Round trip time was 0.118016 milliseconds in repetition 325
tcp_ping received 12288 bytes back
Round trip time was 0.118276 milliseconds in repetition 326
tcp_ping received 12288 bytes back
Round trip time was 0.117952 milliseconds in repetition 327
tcp_ping received 12288 bytes back
Round trip time was 0.11785 milliseconds in repetition 328
tcp_ping received 12288 bytes back
Round trip time was 0.11791 milliseconds in repetition 329
tcp_ping received 12288 bytes back
Round trip time was 0.117925 milliseconds in repetition 330
tcp_ping received 12288 bytes back
Round trip time was 0.118152 milliseconds in repetition 331
tcp_ping received 12288 bytes back
Round trip time was 0.118455 milliseconds in repetition 332
tcp_ping received 12288 bytes back
Round trip time was 0.117867 milliseconds in repetition 333
tcp_ping received 12288 bytes back
Round trip time was 0.117863 milliseconds in repetition 334
tcp_ping received 12288 bytes back
Round trip time was 0.117785 milliseconds in repetition 335
tcp_ping received 12288 bytes back
Round trip time was 0.179018 milliseconds in repetition 336
tcp_ping received 12288 bytes back
Round trip time was 0.146957 milliseconds in repetition 337
tcp_ping received 12288 bytes back
Round trip time was 0.123943 milliseconds in repetition 338
tcp_ping received 12288 bytes back
Round trip time was 0.118048 milliseconds in repetition 339
tcp_ping received 12288 bytes back
Round trip time was 0.117781 milliseconds in repetition 340
tcp_ping received 12288 bytes back
Round trip time was 0.11792 milliseconds in repetition 341
tcp_ping received 12288 bytes back
Round trip time was 0.117865 milliseconds in repetition 342
tcp_ping received 12288 bytes back
Round trip time was 0.117837 milliseconds in repetition 343
tcp_ping received 12288 bytes back
Round trip time was 0.117809 milliseconds in repetition 344
tcp_ping received 12288 bytes back
Round trip time was 0.117942 milliseconds in repetition 345
tcp_ping received 12288 bytes back
Round trip time was 0.157188 milliseconds in repetition 346
tcp_ping received 12288 bytes back
Round trip time was 0.128216 milliseconds in repetition 347
tcp_ping received 12288 bytes back
Round trip time was 0.11757 milliseconds in repetition 348
tcp_ping received 12288 bytes back
Round trip time was 0.117421 milliseconds in repetition 349
tcp_ping received 12288 bytes back
Round trip time was 0.117496 milliseconds in repetition 350
tcp_ping received 12288 bytes back
Round trip time was 0.11753 milliseconds in repetition 351
tcp_ping received 12288 bytes back
Round trip time was 0.117486 milliseconds in repetition 352
tcp_ping received 12288 bytes back
Round trip time was 0.117422 milliseconds in repetition 353
tcp_ping received 12288 bytes back
Round trip time was 0.117481 milliseconds in repetition 354
tcp_ping received 12288 bytes back
Round trip time was 0.117821 milliseconds in repetition 355
tcp_ping received 12288 bytes back
Round trip time was 0.117501 milliseconds in repetition 356
tcp_ping received 12288 bytes back
Round trip time was 0.158539 milliseconds in repetition 357
tcp_ping received 12288 bytes back
Round trip time was 0.117585 milliseconds in repetition 358
tcp_ping received 12288 bytes back
Round trip time was 0.117933 milliseconds in repetition 359
tcp_ping received 12288 bytes back
Round trip time was 0.192603 milliseconds in repetition 360
tcp_ping received 12288 bytes back
Round trip time was 0.119067 milliseconds in repetition 361
tcp_ping received 12288 bytes back
Round trip time was 0.11904 milliseconds in repetition 362
tcp_ping received 12288 bytes back
Round trip time was 0.155558 milliseconds in repetition 363
tcp_ping received 12288 bytes back
Round trip time was 0.185804 milliseconds in repetition 364
tcp_ping received 12288 bytes back
Round trip time was 0.354016 milliseconds in repetition 365
tcp_ping received 12288 bytes back
Round trip time was 0.176935 milliseconds in repetition 366
tcp_ping received 12288 bytes back
Round trip time was 0.163229 milliseconds in repetition 367
tcp_ping received 12288 bytes back
Round trip time was 0.148148 milliseconds in repetition 368
tcp_ping received 12288 bytes back
Round trip time was 0.140728 milliseconds in repetition 369
tcp_ping received 12288 bytes back
Round trip time was 0.134375 milliseconds in repetition 370
tcp_ping received 12288 bytes back
Round trip time was 0.169648 milliseconds in repetition 371
tcp_ping received 12288 bytes back
Round trip time was 0.119364 milliseconds in repetition 372
tcp_ping received 12288 bytes back
Round trip time was 0.11893 milliseconds in repetition 373
tcp_ping received 12288 bytes back
Round trip time was 0.119707 milliseconds in repetition 374
tcp_ping received 12288 bytes back
Round trip time was 0.167964 milliseconds in repetition 375
tcp_ping received 12288 bytes back
Round trip time was 0.1362 milliseconds in repetition 376
tcp_ping received 12288 bytes back
Round trip time was 0.136126 milliseconds in repetition 377
tcp_ping received 12288 bytes back
Round trip time was 0.18027 milliseconds in repetition 378
tcp_ping received 12288 bytes back
Round trip time was 0.211543 milliseconds in repetition 379
tcp_ping received 12288 bytes back
Round trip time was 0.234807 milliseconds in repetition 380
tcp_ping received 12288 bytes back
Round trip time was 0.119244 milliseconds in repetition 381
tcp_ping received 12288 bytes back
Round trip time was 0.119931 milliseconds in repetition 382
tcp_ping received 12288 bytes back
Round trip time was 0.118298 milliseconds in repetition 383
tcp_ping received 12288 bytes back
Round trip time was 0.118592 milliseconds in repetition 384
tcp_ping received 12288 bytes back
Round trip time was 0.118716 milliseconds in repetition 385
tcp_ping received 12288 bytes back
Round trip time was 0.118887 milliseconds in repetition 386
tcp_ping received 12288 bytes back
Round trip time was 0.118427 milliseconds in repetition 387
tcp_ping received 12288 bytes back
Round trip time was 0.118901 milliseconds in repetition 388
tcp_ping received 12288 bytes back
Round trip time was 0.243003 milliseconds in repetition 389
tcp_ping received 12288 bytes back
Round trip time was 0.127733 milliseconds in repetition 390
tcp_ping received 12288 bytes back
Round trip time was 0.124779 milliseconds in repetition 391
tcp_ping received 12288 bytes back
Round trip time was 0.134681 milliseconds in repetition 392
tcp_ping received 12288 bytes back
Round trip time was 0.117672 milliseconds in repetition 393
tcp_ping received 12288 bytes back
Round trip time was 0.11756 milliseconds in repetition 394
tcp_ping received 12288 bytes back
Round trip time was 0.118578 milliseconds in repetition 395
tcp_ping received 12288 bytes back
Round trip time was 0.11828 milliseconds in repetition 396
tcp_ping received 12288 bytes back
Round trip time was 0.118422 milliseconds in repetition 397
tcp_ping received 12288 bytes back
Round trip time was 0.118909 milliseconds in repetition 398
tcp_ping received 12288 bytes back
Round trip time was 0.117682 milliseconds in repetition 399
tcp_ping received 12288 bytes back
Round trip time was 0.118029 milliseconds in repetition 400
tcp_ping received 12288 bytes back
Round trip time was 0.119327 milliseconds in repetition 401
tcp_ping received 12288 bytes back
Round trip time was 0.117754 milliseconds in repetition 402
tcp_ping received 12288 bytes back
Round trip time was 0.120213 milliseconds in repetition 403
tcp_ping received 12288 bytes back
Round trip time was 0.119048 milliseconds in repetition 404
tcp_ping received 12288 bytes back
Round trip time was 0.118703 milliseconds in repetition 405
tcp_ping received 12288 bytes back
Round trip time was 0.118503 milliseconds in repetition 406
tcp_ping received 12288 bytes back
Round trip time was 0.117501 milliseconds in repetition 407
tcp_ping received 12288 bytes back
Round trip time was 0.118119 milliseconds in repetition 408
tcp_ping received 12288 bytes back
Round trip time was 0.121176 milliseconds in repetition 409
tcp_ping received 12288 bytes back
Round trip time was 0.118202 milliseconds in repetition 410
tcp_ping received 12288 bytes back
Round trip time was 0.118172 milliseconds in repetition 411
tcp_ping received 12288 bytes back
Round trip time was 0.118672 milliseconds in repetition 412
tcp_ping received 12288 bytes back
Round trip time was 0.119529 milliseconds in repetition 413
tcp_ping received 12288 bytes back
Round trip time was 0.119088 milliseconds in repetition 414
tcp_ping received 12288 bytes back
Round trip time was 0.31687 milliseconds in repetition 415
tcp_ping received 12288 bytes back
Round trip time was 0.141772 milliseconds in repetition 416
tcp_ping received 12288 bytes back
Round trip time was 0.118233 milliseconds in repetition 417
tcp_ping received 12288 bytes back
Round trip time was 0.117319 milliseconds in repetition 418
tcp_ping received 12288 bytes back
Round trip time was 0.118017 milliseconds in repetition 419
tcp_ping received 12288 bytes back
Round trip time was 0.174636 milliseconds in repetition 420
tcp_ping received 12288 bytes back
Round trip time was 0.122298 milliseconds in repetition 421
tcp_ping received 12288 bytes back
Round trip time was 0.118337 milliseconds in repetition 422
tcp_ping received 12288 bytes back
Round trip time was 0.118129 milliseconds in repetition 423
tcp_ping received 12288 bytes back
Round trip time was 0.117648 milliseconds in repetition 424
tcp_ping received 12288 bytes back
Round trip time was 0.118296 milliseconds in repetition 425
tcp_ping received 12288 bytes back
Round trip time was 0.118196 milliseconds in repetition 426
tcp_ping received 12288 bytes back
Round trip time was 0.118006 milliseconds in repetition 427
tcp_ping received 12288 bytes back
Round trip time was 0.118155 milliseconds in repetition 428
tcp_ping received 12288 bytes back
Round trip time was 0.118111 milliseconds in repetition 429
tcp_ping received 12288 bytes back
Round trip time was 0.117873 milliseconds in repetition 430
tcp_ping received 12288 bytes back
Round trip time was 0.11764 milliseconds in repetition 431
tcp_ping received 12288 bytes back
Round trip time was 0.155787 milliseconds in repetition 432
tcp_ping received 12288 bytes back
Round trip time was 0.120089 milliseconds in repetition 433
tcp_ping received 12288 bytes back
Round trip time was 0.119652 milliseconds in repetition 434
tcp_ping received 12288 bytes back
Round trip time was 0.118097 milliseconds in repetition 435
tcp_ping received 12288 bytes back
Round trip time was 0.118172 milliseconds in repetition 436
tcp_ping received 12288 bytes back
Round trip time was 0.117857 milliseconds in repetition 437
tcp_ping received 12288 bytes back
Round trip time was 0.1183 milliseconds in repetition 438
tcp_ping received 12288 bytes back
Round trip time was 0.117694 milliseconds in repetition 439
tcp_ping received 12288 bytes back
Round trip time was 0.117659 milliseconds in repetition 440
tcp_ping received 12288 bytes back
Round trip time was 0.117866 milliseconds in repetition 441
tcp_ping received 12288 bytes back
Round trip time was 0.118014 milliseconds in repetition 442
tcp_ping received 12288 bytes back
Round trip time was 0.118782 milliseconds in repetition 443
tcp_ping received 12288 bytes back
Round trip time was 0.118501 milliseconds in repetition 444
tcp_ping received 12288 bytes back
Round trip time was 0.11778 milliseconds in repetition 445
tcp_ping received 12288 bytes back
Round trip time was 0.117833 milliseconds in repetition 446
tcp_ping received 12288 bytes back
Round trip time was 0.118269 milliseconds in repetition 447
tcp_ping received 12288 bytes back
Round trip time was 0.117926 milliseconds in repetition 448
tcp_ping received 12288 bytes back
Round trip time was 0.117729 milliseconds in repetition 449
tcp_ping received 12288 bytes back
Round trip time was 0.162108 milliseconds in repetition 450
tcp_ping received 12288 bytes back
Round trip time was 0.122916 milliseconds in repetition 451
tcp_ping received 12288 bytes back
Round trip time was 0.118837 milliseconds in repetition 452
tcp_ping received 12288 bytes back
Round trip time was 0.118131 milliseconds in repetition 453
tcp_ping received 12288 bytes back
Round trip time was 0.154975 milliseconds in repetition 454
tcp_ping received 12288 bytes back
Round trip time was 0.117874 milliseconds in repetition 455
tcp_ping received 12288 bytes back
Round trip time was 0.117672 milliseconds in repetition 456
tcp_ping received 12288 bytes back
Round trip time was 0.117818 milliseconds in repetition 457
tcp_ping received 12288 bytes back
Round trip time was 0.117471 milliseconds in repetition 458
tcp_ping received 12288 bytes back
Round trip time was 0.117801 milliseconds in repetition 459
tcp_ping received 12288 bytes back
Round trip time was 0.117675 milliseconds in repetition 460
tcp_ping received 12288 bytes back
Round trip time was 0.117531 milliseconds in repetition 461
tcp_ping received 12288 bytes back
Round trip time was 0.117535 milliseconds in repetition 462
tcp_ping received 12288 bytes back
Round trip time was 0.117638 milliseconds in repetition 463
tcp_ping received 12288 bytes back
Round trip time was 0.117864 milliseconds in repetition 464
tcp_ping received 12288 bytes back
Round trip time was 0.117494 milliseconds in repetition 465
tcp_ping received 12288 bytes back
Round trip time was 0.117631 milliseconds in repetition 466
tcp_ping received 12288 bytes back
Round trip time was 0.117556 milliseconds in repetition 467
tcp_ping received 12288 bytes back
Round trip time was 0.117811 milliseconds in repetition 468
tcp_ping received 12288 bytes back
Round trip time was 0.118522 milliseconds in repetition 469
tcp_ping received 12288 bytes back
Round trip time was 0.117541 milliseconds in repetition 470
tcp_ping received 12288 bytes back
Round trip time was 0.117652 milliseconds in repetition 471
tcp_ping received 12288 bytes back
Round trip time was 0.117576 milliseconds in repetition 472
tcp_ping received 12288 bytes back
Round trip time was 0.117617 milliseconds in repetition 473
tcp_ping received 12288 bytes back
Round trip time was 0.117514 milliseconds in repetition 474
tcp_ping received 12288 bytes back
Round trip time was 0.117716 milliseconds in repetition 475
tcp_ping received 12288 bytes back
Round trip time was 0.168869 milliseconds in repetition 476
tcp_ping received 12288 bytes back
Round trip time was 0.119515 milliseconds in repetition 477
tcp_ping received 12288 bytes back
Round trip time was 0.118211 milliseconds in repetition 478
tcp_ping received 12288 bytes back
Round trip time was 0.117875 milliseconds in repetition 479
tcp_ping received 12288 bytes back
Round trip time was 0.156286 milliseconds in repetition 480
tcp_ping received 12288 bytes back
Round trip time was 0.166839 milliseconds in repetition 481
tcp_ping received 12288 bytes back
Round trip time was 0.118393 milliseconds in repetition 482
tcp_ping received 12288 bytes back
Round trip time was 0.117803 milliseconds in repetition 483
tcp_ping received 12288 bytes back
Round trip time was 0.118042 milliseconds in repetition 484
tcp_ping received 12288 bytes back
Round trip time was 0.117808 milliseconds in repetition 485
tcp_ping received 12288 bytes back
Round trip time was 0.117482 milliseconds in repetition 486
tcp_ping received 12288 bytes back
Round trip time was 0.117494 milliseconds in repetition 487
tcp_ping received 12288 bytes back
Round trip time was 0.117494 milliseconds in repetition 488
tcp_ping received 12288 bytes back
Round trip time was 0.117786 milliseconds in repetition 489
tcp_ping received 12288 bytes back
Round trip time was 0.117704 milliseconds in repetition 490
tcp_ping received 12288 bytes back
Round trip time was 0.118154 milliseconds in repetition 491
tcp_ping received 12288 bytes back
Round trip time was 0.117855 milliseconds in repetition 492
tcp_ping received 12288 bytes back
Round trip time was 0.117408 milliseconds in repetition 493
tcp_ping received 12288 bytes back
Round trip time was 0.11766 milliseconds in repetition 494
tcp_ping received 12288 bytes back
Round trip time was 0.117835 milliseconds in repetition 495
tcp_ping received 12288 bytes back
Round trip time was 0.117522 milliseconds in repetition 496
tcp_ping received 12288 bytes back
Round trip time was 0.117756 milliseconds in repetition 497
tcp_ping received 12288 bytes back
Round trip time was 0.11779 milliseconds in repetition 498
tcp_ping received 12288 bytes back
Round trip time was 0.137485 milliseconds in repetition 499
tcp_ping received 12288 bytes back
Round trip time was 0.118202 milliseconds in repetition 500
tcp_ping received 12288 bytes back
Round trip time was 0.117908 milliseconds in repetition 501

 ... clock resolution was 1e-06
TCP Ping:  Statistics over 501 repetitions of 12288 byte messages

RTT : percentile 10: 0.117638, median: 0.118909, percentile 90: 0.211543, average: 0.151718, variance: 0.0172787

RTT histogram:
0.117301 414
0.217104 66
0.316906 15
0.416708 1
0.516511 1
0.616313 0
0.716115 0
0.815918 1
0.91572 0
1.01552 0
1.11532 0
1.21513 1
1.31493 0
1.41473 0
1.51453 1
1.61434 0
1.71414 0
1.81394 0
1.91374 0
2.01355 0
2.11335 1

   median Throughput : 206679 KB/s   overall Throughput : 161985 KB/s

