TCP Ping trying to connect to server localhost (127.0.0.1) on port 1421
 ... connected to Pong server: asking for 501 repetitions of 3072 bytes TCP messages
 ... Pong server agreed :-)
tcp_ping received 3072 bytes back
Round trip time was 0.195563 milliseconds in repetition 1
tcp_ping received 3072 bytes back
Round trip time was 0.135956 milliseconds in repetition 2
tcp_ping received 3072 bytes back
Round trip time was 0.133999 milliseconds in repetition 3
tcp_ping received 3072 bytes back
Round trip time was 0.13439 milliseconds in repetition 4
tcp_ping received 3072 bytes back
Round trip time was 0.133553 milliseconds in repetition 5
tcp_ping received 3072 bytes back
Round trip time was 0.123914 milliseconds in repetition 6
tcp_ping received 3072 bytes back
Round trip time was 0.145698 milliseconds in repetition 7
tcp_ping received 3072 bytes back
Round trip time was 0.135873 milliseconds in repetition 8
tcp_ping received 3072 bytes back
Round trip time was 0.134602 milliseconds in repetition 9
tcp_ping received 3072 bytes back
Round trip time was 0.134864 milliseconds in repetition 10
tcp_ping received 3072 bytes back
Round trip time was 0.124334 milliseconds in repetition 11
tcp_ping received 3072 bytes back
Round trip time was 0.109685 milliseconds in repetition 12
tcp_ping received 3072 bytes back
Round trip time was 0.116877 milliseconds in repetition 13
tcp_ping received 3072 bytes back
Round trip time was 0.094538 milliseconds in repetition 14
tcp_ping received 3072 bytes back
Round trip time was 0.093871 milliseconds in repetition 15
tcp_ping received 3072 bytes back
Round trip time was 0.093597 milliseconds in repetition 16
tcp_ping received 3072 bytes back
Round trip time was 0.093406 milliseconds in repetition 17
tcp_ping received 3072 bytes back
Round trip time was 0.093287 milliseconds in repetition 18
tcp_ping received 3072 bytes back
Round trip time was 0.093594 milliseconds in repetition 19
tcp_ping received 3072 bytes back
Round trip time was 0.072811 milliseconds in repetition 20
tcp_ping received 3072 bytes back
Round trip time was 0.102449 milliseconds in repetition 21
tcp_ping received 3072 bytes back
Round trip time was 0.07962 milliseconds in repetition 22
tcp_ping received 3072 bytes back
Round trip time was 0.073007 milliseconds in repetition 23
tcp_ping received 3072 bytes back
Round trip time was 0.072809 milliseconds in repetition 24
tcp_ping received 3072 bytes back
Round trip time was 0.072817 milliseconds in repetition 25
tcp_ping received 3072 bytes back
Round trip time was 0.072399 milliseconds in repetition 26
tcp_ping received 3072 bytes back
Round trip time was 0.072457 milliseconds in repetition 27
tcp_ping received 3072 bytes back
Round trip time was 0.072562 milliseconds in repetition 28
tcp_ping received 3072 bytes back
Round trip time was 0.072045 milliseconds in repetition 29
tcp_ping received 3072 bytes back
Round trip time was 0.105187 milliseconds in repetition 30
tcp_ping received 3072 bytes back
Round trip time was 0.07588 milliseconds in repetition 31
tcp_ping received 3072 bytes back
Round trip time was 0.089787 milliseconds in repetition 32
tcp_ping received 3072 bytes back
Round trip time was 0.072176 milliseconds in repetition 33
tcp_ping received 3072 bytes back
Round trip time was 0.071891 milliseconds in repetition 34
tcp_ping received 3072 bytes back
Round trip time was 0.072528 milliseconds in repetition 35
tcp_ping received 3072 bytes back
Round trip time was 0.142453 milliseconds in repetition 36
tcp_ping received 3072 bytes back
Round trip time was 0.117399 milliseconds in repetition 37
tcp_ping received 3072 bytes back
Round trip time was 0.122319 milliseconds in repetition 38
tcp_ping received 3072 bytes back
Round trip time was 0.122994 milliseconds in repetition 39
tcp_ping received 3072 bytes back
Round trip time was 0.146256 milliseconds in repetition 40
tcp_ping received 3072 bytes back
Round trip time was 0.151137 milliseconds in repetition 41
tcp_ping received 3072 bytes back
Round trip time was 0.14362 milliseconds in repetition 42
tcp_ping received 3072 bytes back
Round trip time was 0.143437 milliseconds in repetition 43
tcp_ping received 3072 bytes back
Round trip time was 0.093696 milliseconds in repetition 44
tcp_ping received 3072 bytes back
Round trip time was 0.0977 milliseconds in repetition 45
tcp_ping received 3072 bytes back
Round trip time was 0.090289 milliseconds in repetition 46
tcp_ping received 3072 bytes back
Round trip time was 0.088615 milliseconds in repetition 47
tcp_ping received 3072 bytes back
Round trip time was 0.088343 milliseconds in repetition 48
tcp_ping received 3072 bytes back
Round trip time was 0.088411 milliseconds in repetition 49
tcp_ping received 3072 bytes back
Round trip time was 0.071053 milliseconds in repetition 50
tcp_ping received 3072 bytes back
Round trip time was 0.071286 milliseconds in repetition 51
tcp_ping received 3072 bytes back
Round trip time was 0.070845 milliseconds in repetition 52
tcp_ping received 3072 bytes back
Round trip time was 0.070747 milliseconds in repetition 53
tcp_ping received 3072 bytes back
Round trip time was 0.070631 milliseconds in repetition 54
tcp_ping received 3072 bytes back
Round trip time was 0.070829 milliseconds in repetition 55
tcp_ping received 3072 bytes back
Round trip time was 0.070658 milliseconds in repetition 56
tcp_ping received 3072 bytes back
Round trip time was 0.070629 milliseconds in repetition 57
tcp_ping received 3072 bytes back
Round trip time was 0.07134 milliseconds in repetition 58
tcp_ping received 3072 bytes back
Round trip time was 0.053706 milliseconds in repetition 59
tcp_ping received 3072 bytes back
Round trip time was 0.045354 milliseconds in repetition 60
tcp_ping received 3072 bytes back
Round trip time was 0.062296 milliseconds in repetition 61
tcp_ping received 3072 bytes back
Round trip time was 0.10123 milliseconds in repetition 62
tcp_ping received 3072 bytes back
Round trip time was 0.06073 milliseconds in repetition 63
tcp_ping received 3072 bytes back
Round trip time was 0.058875 milliseconds in repetition 64
tcp_ping received 3072 bytes back
Round trip time was 0.06693 milliseconds in repetition 65
tcp_ping received 3072 bytes back
Round trip time was 0.042894 milliseconds in repetition 66
tcp_ping received 3072 bytes back
Round trip time was 0.040655 milliseconds in repetition 67
tcp_ping received 3072 bytes back
Round trip time was 0.057333 milliseconds in repetition 68
tcp_ping received 3072 bytes back
Round trip time was 0.039259 milliseconds in repetition 69
tcp_ping received 3072 bytes back
Round trip time was 0.059201 milliseconds in repetition 70
tcp_ping received 3072 bytes back
Round trip time was 0.054427 milliseconds in repetition 71
tcp_ping received 3072 bytes back
Round trip time was 0.03931 milliseconds in repetition 72
tcp_ping received 3072 bytes back
Round trip time was 0.039197 milliseconds in repetition 73
tcp_ping received 3072 bytes back
Round trip time was 0.039424 milliseconds in repetition 74
tcp_ping received 3072 bytes back
Round trip time was 0.039124 milliseconds in repetition 75
tcp_ping received 3072 bytes back
Round trip time was 0.03922 milliseconds in repetition 76
tcp_ping received 3072 bytes back
Round trip time was 0.039187 milliseconds in repetition 77
tcp_ping received 3072 bytes back
Round trip time was 0.039207 milliseconds in repetition 78
tcp_ping received 3072 bytes back
Round trip time was 0.039082 milliseconds in repetition 79
tcp_ping received 3072 bytes back
Round trip time was 0.039184 milliseconds in repetition 80
tcp_ping received 3072 bytes back
Round trip time was 0.039223 milliseconds in repetition 81
tcp_ping received 3072 bytes back
Round trip time was 0.039141 milliseconds in repetition 82
tcp_ping received 3072 bytes back
Round trip time was 0.039101 milliseconds in repetition 83
tcp_ping received 3072 bytes back
Round trip time was 0.039172 milliseconds in repetition 84
tcp_ping received 3072 bytes back
Round trip time was 0.03914 milliseconds in repetition 85
tcp_ping received 3072 bytes back
Round trip time was 0.039178 milliseconds in repetition 86
tcp_ping received 3072 bytes back
Round trip time was 0.03943 milliseconds in repetition 87
tcp_ping received 3072 bytes back
Round trip time was 0.087138 milliseconds in repetition 88
tcp_ping received 3072 bytes back
Round trip time was 0.047418 milliseconds in repetition 89
tcp_ping received 3072 bytes back
Round trip time was 0.038296 milliseconds in repetition 90
tcp_ping received 3072 bytes back
Round trip time was 0.045154 milliseconds in repetition 91
tcp_ping received 3072 bytes back
Round trip time was 0.044705 milliseconds in repetition 92
tcp_ping received 3072 bytes back
Round trip time was 0.044613 milliseconds in repetition 93
tcp_ping received 3072 bytes back
Round trip time was 0.04475 milliseconds in repetition 94
tcp_ping received 3072 bytes back
Round trip time was 0.044648 milliseconds in repetition 95
tcp_ping received 3072 bytes back
Round trip time was 0.044527 milliseconds in repetition 96
tcp_ping received 3072 bytes back
Round trip time was 0.044636 milliseconds in repetition 97
tcp_ping received 3072 bytes back
Round trip time was 0.044727 milliseconds in repetition 98
tcp_ping received 3072 bytes back
Round trip time was 0.044472 milliseconds in repetition 99
tcp_ping received 3072 bytes back
Round trip time was 0.044563 milliseconds in repetition 100
tcp_ping received 3072 bytes back
Round trip time was 0.063663 milliseconds in repetition 101
tcp_ping received 3072 bytes back
Round trip time was 0.045962 milliseconds in repetition 102
tcp_ping received 3072 bytes back
Round trip time was 0.11331 milliseconds in repetition 103
tcp_ping received 3072 bytes back
Round trip time was 0.052138 milliseconds in repetition 104
tcp_ping received 3072 bytes back
Round trip time was 0.045458 milliseconds in repetition 105
tcp_ping received 3072 bytes back
Round trip time was 0.044867 milliseconds in repetition 106
tcp_ping received 3072 bytes back
Round trip time was 0.044738 milliseconds in repetition 107
tcp_ping received 3072 bytes back
Round trip time was 0.044788 milliseconds in repetition 108
tcp_ping received 3072 bytes back
Round trip time was 0.044714 milliseconds in repetition 109
tcp_ping received 3072 bytes back
Round trip time was 0.04468 milliseconds in repetition 110
tcp_ping received 3072 bytes back
Round trip time was 0.103881 milliseconds in repetition 111
tcp_ping received 3072 bytes back
Round trip time was 0.066048 milliseconds in repetition 112
tcp_ping received 3072 bytes back
Round trip time was 0.19991 milliseconds in repetition 113
tcp_ping received 3072 bytes back
Round trip time was 0.06576 milliseconds in repetition 114
tcp_ping received 3072 bytes back
Round trip time was 0.291586 milliseconds in repetition 115
tcp_ping received 3072 bytes back
Round trip time was 0.130711 milliseconds in repetition 116
tcp_ping received 3072 bytes back
Round trip time was 0.051295 milliseconds in repetition 117
tcp_ping received 3072 bytes back
Round trip time was 0.046172 milliseconds in repetition 118
tcp_ping received 3072 bytes back
Round trip time was 0.046439 milliseconds in repetition 119
tcp_ping received 3072 bytes back
Round trip time was 0.046099 milliseconds in repetition 120
tcp_ping received 3072 bytes back
Round trip time was 0.046427 milliseconds in repetition 121
tcp_ping received 3072 bytes back
Round trip time was 0.046197 milliseconds in repetition 122
tcp_ping received 3072 bytes back
Round trip time was 0.046596 milliseconds in repetition 123
tcp_ping received 3072 bytes back
Round trip time was 0.047103 milliseconds in repetition 124
tcp_ping received 3072 bytes back
Round trip time was 0.047118 milliseconds in repetition 125
tcp_ping received 3072 bytes back
Round trip time was 0.046345 milliseconds in repetition 126
tcp_ping received 3072 bytes back
Round trip time was 0.046661 milliseconds in repetition 127
tcp_ping received 3072 bytes back
Round trip time was 0.046635 milliseconds in repetition 128
tcp_ping received 3072 bytes back
Round trip time was 0.04696 milliseconds in repetition 129
tcp_ping received 3072 bytes back
Round trip time was 0.046646 milliseconds in repetition 130
tcp_ping received 3072 bytes back
Round trip time was 0.046601 milliseconds in repetition 131
tcp_ping received 3072 bytes back
Round trip time was 0.064575 milliseconds in repetition 132
tcp_ping received 3072 bytes back
Round trip time was 0.044756 milliseconds in repetition 133
tcp_ping received 3072 bytes back
Round trip time was 0.159506 milliseconds in repetition 134
tcp_ping received 3072 bytes back
Round trip time was 0.600492 milliseconds in repetition 135
tcp_ping received 3072 bytes back
Round trip time was 0.052118 milliseconds in repetition 136
tcp_ping received 3072 bytes back
Round trip time was 0.047373 milliseconds in repetition 137
tcp_ping received 3072 bytes back
Round trip time was 0.046495 milliseconds in repetition 138
tcp_ping received 3072 bytes back
Round trip time was 0.04655 milliseconds in repetition 139
tcp_ping received 3072 bytes back
Round trip time was 0.046128 milliseconds in repetition 140
tcp_ping received 3072 bytes back
Round trip time was 0.046157 milliseconds in repetition 141
tcp_ping received 3072 bytes back
Round trip time was 0.046151 milliseconds in repetition 142
tcp_ping received 3072 bytes back
Round trip time was 0.046336 milliseconds in repetition 143
tcp_ping received 3072 bytes back
Round trip time was 0.04617 milliseconds in repetition 144
tcp_ping received 3072 bytes back
Round trip time was 0.046155 milliseconds in repetition 145
tcp_ping received 3072 bytes back
Round trip time was 0.046174 milliseconds in repetition 146
tcp_ping received 3072 bytes back
Round trip time was 0.046314 milliseconds in repetition 147
tcp_ping received 3072 bytes back
Round trip time was 0.046126 milliseconds in repetition 148
tcp_ping received 3072 bytes back
Round trip time was 0.04604 milliseconds in repetition 149
tcp_ping received 3072 bytes back
Round trip time was 0.046184 milliseconds in repetition 150
tcp_ping received 3072 bytes back
Round trip time was 0.046192 milliseconds in repetition 151
tcp_ping received 3072 bytes back
Round trip time was 0.046194 milliseconds in repetition 152
tcp_ping received 3072 bytes back
Round trip time was 0.04614 milliseconds in repetition 153
tcp_ping received 3072 bytes back
Round trip time was 0.046124 milliseconds in repetition 154
tcp_ping received 3072 bytes back
Round trip time was 0.04592 milliseconds in repetition 155
tcp_ping received 3072 bytes back
Round trip time was 0.04588 milliseconds in repetition 156
tcp_ping received 3072 bytes back
Round trip time was 0.045771 milliseconds in repetition 157
tcp_ping received 3072 bytes back
Round trip time was 0.045834 milliseconds in repetition 158
tcp_ping received 3072 bytes back
Round trip time was 0.04628 milliseconds in repetition 159
tcp_ping received 3072 bytes back
Round trip time was 0.045918 milliseconds in repetition 160
tcp_ping received 3072 bytes back
Round trip time was 0.045899 milliseconds in repetition 161
tcp_ping received 3072 bytes back
Round trip time was 0.045896 milliseconds in repetition 162
tcp_ping received 3072 bytes back
Round trip time was 0.046001 milliseconds in repetition 163
tcp_ping received 3072 bytes back
Round trip time was 0.045802 milliseconds in repetition 164
tcp_ping received 3072 bytes back
Round trip time was 0.059192 milliseconds in repetition 165
tcp_ping received 3072 bytes back
Round trip time was 0.072149 milliseconds in repetition 166
tcp_ping received 3072 bytes back
Round trip time was 0.041868 milliseconds in repetition 167
tcp_ping received 3072 bytes back
Round trip time was 0.039599 milliseconds in repetition 168
tcp_ping received 3072 bytes back
Round trip time was 0.03974 milliseconds in repetition 169
tcp_ping received 3072 bytes back
Round trip time was 0.03928 milliseconds in repetition 170
tcp_ping received 3072 bytes back
Round trip time was 0.039289 milliseconds in repetition 171
tcp_ping received 3072 bytes back
Round trip time was 0.039264 milliseconds in repetition 172
tcp_ping received 3072 bytes back
Round trip time was 0.039415 milliseconds in repetition 173
tcp_ping received 3072 bytes back
Round trip time was 0.039453 milliseconds in repetition 174
tcp_ping received 3072 bytes back
Round trip time was 0.060552 milliseconds in repetition 175
tcp_ping received 3072 bytes back
Round trip time was 0.047159 milliseconds in repetition 176
tcp_ping received 3072 bytes back
Round trip time was 0.043991 milliseconds in repetition 177
tcp_ping received 3072 bytes back
Round trip time was 0.045805 milliseconds in repetition 178
tcp_ping received 3072 bytes back
Round trip time was 0.045622 milliseconds in repetition 179
tcp_ping received 3072 bytes back
Round trip time was 0.045678 milliseconds in repetition 180
tcp_ping received 3072 bytes back
Round trip time was 0.045603 milliseconds in repetition 181
tcp_ping received 3072 bytes back
Round trip time was 0.045608 milliseconds in repetition 182
tcp_ping received 3072 bytes back
Round trip time was 0.045708 milliseconds in repetition 183
tcp_ping received 3072 bytes back
Round trip time was 0.04578 milliseconds in repetition 184
tcp_ping received 3072 bytes back
Round trip time was 0.045731 milliseconds in repetition 185
tcp_ping received 3072 bytes back
Round trip time was 0.045842 milliseconds in repetition 186
tcp_ping received 3072 bytes back
Round trip time was 0.04572 milliseconds in repetition 187
tcp_ping received 3072 bytes back
Round trip time was 0.045982 milliseconds in repetition 188
tcp_ping received 3072 bytes back
Round trip time was 0.04561 milliseconds in repetition 189
tcp_ping received 3072 bytes back
Round trip time was 0.045547 milliseconds in repetition 190
tcp_ping received 3072 bytes back
Round trip time was 0.046062 milliseconds in repetition 191
tcp_ping received 3072 bytes back
Round trip time was 0.04583 milliseconds in repetition 192
tcp_ping received 3072 bytes back
Round trip time was 0.044706 milliseconds in repetition 193
tcp_ping received 3072 bytes back
Round trip time was 0.045507 milliseconds in repetition 194
tcp_ping received 3072 bytes back
Round trip time was 0.045823 milliseconds in repetition 195
tcp_ping received 3072 bytes back
Round trip time was 0.046241 milliseconds in repetition 196
tcp_ping received 3072 bytes back
Round trip time was 0.046544 milliseconds in repetition 197
tcp_ping received 3072 bytes back
Round trip time was 0.046541 milliseconds in repetition 198
tcp_ping received 3072 bytes back
Round trip time was 0.046642 milliseconds in repetition 199
tcp_ping received 3072 bytes back
Round trip time was 0.045731 milliseconds in repetition 200
tcp_ping received 3072 bytes back
Round trip time was 0.044951 milliseconds in repetition 201
tcp_ping received 3072 bytes back
Round trip time was 0.046091 milliseconds in repetition 202
tcp_ping received 3072 bytes back
Round trip time was 1.03058 milliseconds in repetition 203
tcp_ping received 3072 bytes back
Round trip time was 0.052241 milliseconds in repetition 204
tcp_ping received 3072 bytes back
Round trip time was 0.039703 milliseconds in repetition 205
tcp_ping received 3072 bytes back
Round trip time was 0.046127 milliseconds in repetition 206
tcp_ping received 3072 bytes back
Round trip time was 0.046002 milliseconds in repetition 207
tcp_ping received 3072 bytes back
Round trip time was 0.046359 milliseconds in repetition 208
tcp_ping received 3072 bytes back
Round trip time was 0.045947 milliseconds in repetition 209
tcp_ping received 3072 bytes back
Round trip time was 0.045867 milliseconds in repetition 210
tcp_ping received 3072 bytes back
Round trip time was 0.045906 milliseconds in repetition 211
tcp_ping received 3072 bytes back
Round trip time was 0.045871 milliseconds in repetition 212
tcp_ping received 3072 bytes back
Round trip time was 0.045853 milliseconds in repetition 213
tcp_ping received 3072 bytes back
Round trip time was 0.045923 milliseconds in repetition 214
tcp_ping received 3072 bytes back
Round trip time was 0.045716 milliseconds in repetition 215
tcp_ping received 3072 bytes back
Round trip time was 0.04594 milliseconds in repetition 216
tcp_ping received 3072 bytes back
Round trip time was 0.045858 milliseconds in repetition 217
tcp_ping received 3072 bytes back
Round trip time was 0.045966 milliseconds in repetition 218
tcp_ping received 3072 bytes back
Round trip time was 0.061534 milliseconds in repetition 219
tcp_ping received 3072 bytes back
Round trip time was 0.046644 milliseconds in repetition 220
tcp_ping received 3072 bytes back
Round trip time was 0.043559 milliseconds in repetition 221
tcp_ping received 3072 bytes back
Round trip time was 0.045672 milliseconds in repetition 222
tcp_ping received 3072 bytes back
Round trip time was 0.045625 milliseconds in repetition 223
tcp_ping received 3072 bytes back
Round trip time was 0.045566 milliseconds in repetition 224
tcp_ping received 3072 bytes back
Round trip time was 0.045569 milliseconds in repetition 225
tcp_ping received 3072 bytes back
Round trip time was 0.04542 milliseconds in repetition 226
tcp_ping received 3072 bytes back
Round trip time was 0.043105 milliseconds in repetition 227
tcp_ping received 3072 bytes back
Round trip time was 0.043047 milliseconds in repetition 228
tcp_ping received 3072 bytes back
Round trip time was 0.043015 milliseconds in repetition 229
tcp_ping received 3072 bytes back
Round trip time was 0.043115 milliseconds in repetition 230
tcp_ping received 3072 bytes back
Round trip time was 0.04537 milliseconds in repetition 231
tcp_ping received 3072 bytes back
Round trip time was 0.043003 milliseconds in repetition 232
tcp_ping received 3072 bytes back
Round trip time was 0.04537 milliseconds in repetition 233
tcp_ping received 3072 bytes back
Round trip time was 0.04547 milliseconds in repetition 234
tcp_ping received 3072 bytes back
Round trip time was 0.045472 milliseconds in repetition 235
tcp_ping received 3072 bytes back
Round trip time was 0.045493 milliseconds in repetition 236
tcp_ping received 3072 bytes back
Round trip time was 0.045494 milliseconds in repetition 237
tcp_ping received 3072 bytes back
Round trip time was 0.043152 milliseconds in repetition 238
tcp_ping received 3072 bytes back
Round trip time was 0.043234 milliseconds in repetition 239
tcp_ping received 3072 bytes back
Round trip time was 0.043181 milliseconds in repetition 240
tcp_ping received 3072 bytes back
Round trip time was 0.045985 milliseconds in repetition 241
tcp_ping received 3072 bytes back
Round trip time was 0.045583 milliseconds in repetition 242
tcp_ping received 3072 bytes back
Round trip time was 0.044202 milliseconds in repetition 243
tcp_ping received 3072 bytes back
Round trip time was 0.050052 milliseconds in repetition 244
tcp_ping received 3072 bytes back
Round trip time was 0.047417 milliseconds in repetition 245
tcp_ping received 3072 bytes back
Round trip time was 0.043753 milliseconds in repetition 246
tcp_ping received 3072 bytes back
Round trip time was 0.04339 milliseconds in repetition 247
tcp_ping received 3072 bytes back
Round trip time was 0.045593 milliseconds in repetition 248
tcp_ping received 3072 bytes back
Round trip time was 0.045498 milliseconds in repetition 249
tcp_ping received 3072 bytes back
Round trip time was 0.043163 milliseconds in repetition 250
tcp_ping received 3072 bytes back
Round trip time was 0.038794 milliseconds in repetition 251
tcp_ping received 3072 bytes back
Round trip time was 0.045508 milliseconds in repetition 252
tcp_ping received 3072 bytes back
Round trip time was 0.045447 milliseconds in repetition 253
tcp_ping received 3072 bytes back
Round trip time was 0.045542 milliseconds in repetition 254
tcp_ping received 3072 bytes back
Round trip time was 0.04542 milliseconds in repetition 255
tcp_ping received 3072 bytes back
Round trip time was 0.080477 milliseconds in repetition 256
tcp_ping received 3072 bytes back
Round trip time was 0.047499 milliseconds in repetition 257
tcp_ping received 3072 bytes back
Round trip time was 0.046018 milliseconds in repetition 258
tcp_ping received 3072 bytes back
Round trip time was 0.045648 milliseconds in repetition 259
tcp_ping received 3072 bytes back
Round trip time was 0.045694 milliseconds in repetition 260
tcp_ping received 3072 bytes back
Round trip time was 0.045604 milliseconds in repetition 261
tcp_ping received 3072 bytes back
Round trip time was 0.08374 milliseconds in repetition 262
tcp_ping received 3072 bytes back
Round trip time was 0.063075 milliseconds in repetition 263
tcp_ping received 3072 bytes back
Round trip time was 0.046652 milliseconds in repetition 264
tcp_ping received 3072 bytes back
Round trip time was 0.046022 milliseconds in repetition 265
tcp_ping received 3072 bytes back
Round trip time was 0.059706 milliseconds in repetition 266
tcp_ping received 3072 bytes back
Round trip time was 0.044554 milliseconds in repetition 267
tcp_ping received 3072 bytes back
Round trip time was 0.044503 milliseconds in repetition 268
tcp_ping received 3072 bytes back
Round trip time was 0.044504 milliseconds in repetition 269
tcp_ping received 3072 bytes back
Round trip time was 0.044648 milliseconds in repetition 270
tcp_ping received 3072 bytes back
Round trip time was 0.044388 milliseconds in repetition 271
tcp_ping received 3072 bytes back
Round trip time was 0.044484 milliseconds in repetition 272
tcp_ping received 3072 bytes back
Round trip time was 0.044352 milliseconds in repetition 273
tcp_ping received 3072 bytes back
Round trip time was 0.044312 milliseconds in repetition 274
tcp_ping received 3072 bytes back
Round trip time was 0.044543 milliseconds in repetition 275
tcp_ping received 3072 bytes back
Round trip time was 0.044404 milliseconds in repetition 276
tcp_ping received 3072 bytes back
Round trip time was 0.044557 milliseconds in repetition 277
tcp_ping received 3072 bytes back
Round trip time was 0.044561 milliseconds in repetition 278
tcp_ping received 3072 bytes back
Round trip time was 0.04446 milliseconds in repetition 279
tcp_ping received 3072 bytes back
Round trip time was 0.04487 milliseconds in repetition 280
tcp_ping received 3072 bytes back
Round trip time was 0.044406 milliseconds in repetition 281
tcp_ping received 3072 bytes back
Round trip time was 0.045085 milliseconds in repetition 282
tcp_ping received 3072 bytes back
Round trip time was 0.04454 milliseconds in repetition 283
tcp_ping received 3072 bytes back
Round trip time was 0.044361 milliseconds in repetition 284
tcp_ping received 3072 bytes back
Round trip time was 0.044399 milliseconds in repetition 285
tcp_ping received 3072 bytes back
Round trip time was 0.043208 milliseconds in repetition 286
tcp_ping received 3072 bytes back
Round trip time was 0.045003 milliseconds in repetition 287
tcp_ping received 3072 bytes back
Round trip time was 0.044346 milliseconds in repetition 288
tcp_ping received 3072 bytes back
Round trip time was 0.044443 milliseconds in repetition 289
tcp_ping received 3072 bytes back
Round trip time was 0.044505 milliseconds in repetition 290
tcp_ping received 3072 bytes back
Round trip time was 0.04455 milliseconds in repetition 291
tcp_ping received 3072 bytes back
Round trip time was 0.044471 milliseconds in repetition 292
tcp_ping received 3072 bytes back
Round trip time was 0.044488 milliseconds in repetition 293
tcp_ping received 3072 bytes back
Round trip time was 0.044538 milliseconds in repetition 294
tcp_ping received 3072 bytes back
Round trip time was 0.044467 milliseconds in repetition 295
tcp_ping received 3072 bytes back
Round trip time was 0.044514 milliseconds in repetition 296
tcp_ping received 3072 bytes back
Round trip time was 0.04463 milliseconds in repetition 297
tcp_ping received 3072 bytes back
Round trip time was 0.044402 milliseconds in repetition 298
tcp_ping received 3072 bytes back
Round trip time was 0.04481 milliseconds in repetition 299
tcp_ping received 3072 bytes back
Round trip time was 0.044455 milliseconds in repetition 300
tcp_ping received 3072 bytes back
Round trip time was 0.044823 milliseconds in repetition 301
tcp_ping received 3072 bytes back
Round trip time was 0.044756 milliseconds in repetition 302
tcp_ping received 3072 bytes back
Round trip time was 0.044848 milliseconds in repetition 303
tcp_ping received 3072 bytes back
Round trip time was 0.044674 milliseconds in repetition 304
tcp_ping received 3072 bytes back
Round trip time was 0.044819 milliseconds in repetition 305
tcp_ping received 3072 bytes back
Round trip time was 0.061603 milliseconds in repetition 306
tcp_ping received 3072 bytes back
Round trip time was 0.045919 milliseconds in repetition 307
tcp_ping received 3072 bytes back
Round trip time was 0.044893 milliseconds in repetition 308
tcp_ping received 3072 bytes back
Round trip time was 0.044627 milliseconds in repetition 309
tcp_ping received 3072 bytes back
Round trip time was 0.044559 milliseconds in repetition 310
tcp_ping received 3072 bytes back
Round trip time was 0.044429 milliseconds in repetition 311
tcp_ping received 3072 bytes back
Round trip time was 0.044355 milliseconds in repetition 312
tcp_ping received 3072 bytes back
Round trip time was 0.044562 milliseconds in repetition 313
tcp_ping received 3072 bytes back
Round trip time was 0.044529 milliseconds in repetition 314
tcp_ping received 3072 bytes back
Round trip time was 0.044478 milliseconds in repetition 315
tcp_ping received 3072 bytes back
Round trip time was 0.04486 milliseconds in repetition 316
tcp_ping received 3072 bytes back
Round trip time was 0.044606 milliseconds in repetition 317
tcp_ping received 3072 bytes back
Round trip time was 0.045312 milliseconds in repetition 318
tcp_ping received 3072 bytes back
Round trip time was 0.044393 milliseconds in repetition 319
tcp_ping received 3072 bytes back
Round trip time was 0.044401 milliseconds in repetition 320
tcp_ping received 3072 bytes back
Round trip time was 0.04475 milliseconds in repetition 321
tcp_ping received 3072 bytes back
Round trip time was 0.044601 milliseconds in repetition 322
tcp_ping received 3072 bytes back
Round trip time was 0.044442 milliseconds in repetition 323
tcp_ping received 3072 bytes back
Round trip time was 0.044445 milliseconds in repetition 324
tcp_ping received 3072 bytes back
Round trip time was 0.044491 milliseconds in repetition 325
tcp_ping received 3072 bytes back
Round trip time was 0.044816 milliseconds in repetition 326
tcp_ping received 3072 bytes back
Round trip time was 0.044482 milliseconds in repetition 327
tcp_ping received 3072 bytes back
Round trip time was 0.044384 milliseconds in repetition 328
tcp_ping received 3072 bytes back
Round trip time was 0.044761 milliseconds in repetition 329
tcp_ping received 3072 bytes back
Round trip time was 0.044394 milliseconds in repetition 330
tcp_ping received 3072 bytes back
Round trip time was 0.044468 milliseconds in repetition 331
tcp_ping received 3072 bytes back
Round trip time was 0.044474 milliseconds in repetition 332
tcp_ping received 3072 bytes back
Round trip time was 0.044486 milliseconds in repetition 333
tcp_ping received 3072 bytes back
Round trip time was 0.044557 milliseconds in repetition 334
tcp_ping received 3072 bytes back
Round trip time was 0.044476 milliseconds in repetition 335
tcp_ping received 3072 bytes back
Round trip time was 0.044991 milliseconds in repetition 336
tcp_ping received 3072 bytes back
Round trip time was 0.04486 milliseconds in repetition 337
tcp_ping received 3072 bytes back
Round trip time was 0.044558 milliseconds in repetition 338
tcp_ping received 3072 bytes back
Round trip time was 0.088195 milliseconds in repetition 339
tcp_ping received 3072 bytes back
Round trip time was 0.049939 milliseconds in repetition 340
tcp_ping received 3072 bytes back
Round trip time was 0.045424 milliseconds in repetition 341
tcp_ping received 3072 bytes back
Round trip time was 0.037665 milliseconds in repetition 342
tcp_ping received 3072 bytes back
Round trip time was 0.038016 milliseconds in repetition 343
tcp_ping received 3072 bytes back
Round trip time was 0.037869 milliseconds in repetition 344
tcp_ping received 3072 bytes back
Round trip time was 0.037554 milliseconds in repetition 345
tcp_ping received 3072 bytes back
Round trip time was 0.037537 milliseconds in repetition 346
tcp_ping received 3072 bytes back
Round trip time was 0.037509 milliseconds in repetition 347
tcp_ping received 3072 bytes back
Round trip time was 0.037793 milliseconds in repetition 348
tcp_ping received 3072 bytes back
Round trip time was 0.037806 milliseconds in repetition 349
tcp_ping received 3072 bytes back
Round trip time was 0.058493 milliseconds in repetition 350
tcp_ping received 3072 bytes back
Round trip time was 0.045514 milliseconds in repetition 351
tcp_ping received 3072 bytes back
Round trip time was 0.04457 milliseconds in repetition 352
tcp_ping received 3072 bytes back
Round trip time was 0.044384 milliseconds in repetition 353
tcp_ping received 3072 bytes back
Round trip time was 0.044418 milliseconds in repetition 354
tcp_ping received 3072 bytes back
Round trip time was 0.04437 milliseconds in repetition 355
tcp_ping received 3072 bytes back
Round trip time was 0.044635 milliseconds in repetition 356
tcp_ping received 3072 bytes back
Round trip time was 0.044343 milliseconds in repetition 357
tcp_ping received 3072 bytes back
Round trip time was 0.044331 milliseconds in repetition 358
tcp_ping received 3072 bytes back
Round trip time was 0.044357 milliseconds in repetition 359
tcp_ping received 3072 bytes back
Round trip time was 0.04248 milliseconds in repetition 360
tcp_ping received 3072 bytes back
Round trip time was 0.044774 milliseconds in repetition 361
tcp_ping received 3072 bytes back
Round trip time was 0.044992 milliseconds in repetition 362
tcp_ping received 3072 bytes back
Round trip time was 0.042742 milliseconds in repetition 363
tcp_ping received 3072 bytes back
Round trip time was 0.042264 milliseconds in repetition 364
tcp_ping received 3072 bytes back
Round trip time was 0.042198 milliseconds in repetition 365
tcp_ping received 3072 bytes back
Round trip time was 0.044556 milliseconds in repetition 366
tcp_ping received 3072 bytes back
Round trip time was 0.045631 milliseconds in repetition 367
tcp_ping received 3072 bytes back
Round trip time was 0.04452 milliseconds in repetition 368
tcp_ping received 3072 bytes back
Round trip time was 0.044818 milliseconds in repetition 369
tcp_ping received 3072 bytes back
Round trip time was 0.634572 milliseconds in repetition 370
tcp_ping received 3072 bytes back
Round trip time was 0.061199 milliseconds in repetition 371
tcp_ping received 3072 bytes back
Round trip time was 0.045984 milliseconds in repetition 372
tcp_ping received 3072 bytes back
Round trip time was 0.146573 milliseconds in repetition 373
tcp_ping received 3072 bytes back
Round trip time was 0.132217 milliseconds in repetition 374
tcp_ping received 3072 bytes back
Round trip time was 0.116647 milliseconds in repetition 375
tcp_ping received 3072 bytes back
Round trip time was 0.065039 milliseconds in repetition 376
tcp_ping received 3072 bytes back
Round trip time was 0.041019 milliseconds in repetition 377
tcp_ping received 3072 bytes back
Round trip time was 0.037791 milliseconds in repetition 378
tcp_ping received 3072 bytes back
Round trip time was 0.037592 milliseconds in repetition 379
tcp_ping received 3072 bytes back
Round trip time was 0.037787 milliseconds in repetition 380
tcp_ping received 3072 bytes back
Round trip time was 0.037539 milliseconds in repetition 381
tcp_ping received 3072 bytes back
Round trip time was 0.037542 milliseconds in repetition 382
tcp_ping received 3072 bytes back
Round trip time was 0.037494 milliseconds in repetition 383
tcp_ping received 3072 bytes back
Round trip time was 0.037556 milliseconds in repetition 384
tcp_ping received 3072 bytes back
Round trip time was 0.03797 milliseconds in repetition 385
tcp_ping received 3072 bytes back
Round trip time was 0.037553 milliseconds in repetition 386
tcp_ping received 3072 bytes back
Round trip time was 0.037892 milliseconds in repetition 387
tcp_ping received 3072 bytes back
Round trip time was 0.037582 milliseconds in repetition 388
tcp_ping received 3072 bytes back
Round trip time was 0.037578 milliseconds in repetition 389
tcp_ping received 3072 bytes back
Round trip time was 0.037557 milliseconds in repetition 390
tcp_ping received 3072 bytes back
Round trip time was 0.03848 milliseconds in repetition 391
tcp_ping received 3072 bytes back
Round trip time was 0.037706 milliseconds in repetition 392
tcp_ping received 3072 bytes back
Round trip time was 0.058203 milliseconds in repetition 393
tcp_ping received 3072 bytes back
Round trip time was 0.043852 milliseconds in repetition 394
tcp_ping received 3072 bytes back
Round trip time was 0.044831 milliseconds in repetition 395
tcp_ping received 3072 bytes back
Round trip time was 0.044655 milliseconds in repetition 396
tcp_ping received 3072 bytes back
Round trip time was 0.044639 milliseconds in repetition 397
tcp_ping received 3072 bytes back
Round trip time was 0.044535 milliseconds in repetition 398
tcp_ping received 3072 bytes back
Round trip time was 0.044437 milliseconds in repetition 399
tcp_ping received 3072 bytes back
Round trip time was 0.044488 milliseconds in repetition 400
tcp_ping received 3072 bytes back
Round trip time was 0.044402 milliseconds in repetition 401
tcp_ping received 3072 bytes back
Round trip time was 0.084531 milliseconds in repetition 402
tcp_ping received 3072 bytes back
Round trip time was 0.043153 milliseconds in repetition 403
tcp_ping received 3072 bytes back
Round trip time was 0.038212 milliseconds in repetition 404
tcp_ping received 3072 bytes back
Round trip time was 0.03815 milliseconds in repetition 405
tcp_ping received 3072 bytes back
Round trip time was 0.037725 milliseconds in repetition 406
tcp_ping received 3072 bytes back
Round trip time was 0.037621 milliseconds in repetition 407
tcp_ping received 3072 bytes back
Round trip time was 0.037663 milliseconds in repetition 408
tcp_ping received 3072 bytes back
Round trip time was 0.037698 milliseconds in repetition 409
tcp_ping received 3072 bytes back
Round trip time was 0.037886 milliseconds in repetition 410
tcp_ping received 3072 bytes back
Round trip time was 0.038249 milliseconds in repetition 411
tcp_ping received 3072 bytes back
Round trip time was 0.037611 milliseconds in repetition 412
tcp_ping received 3072 bytes back
Round trip time was 0.037694 milliseconds in repetition 413
tcp_ping received 3072 bytes back
Round trip time was 0.037763 milliseconds in repetition 414
tcp_ping received 3072 bytes back
Round trip time was 0.037574 milliseconds in repetition 415
tcp_ping received 3072 bytes back
Round trip time was 0.059415 milliseconds in repetition 416
tcp_ping received 3072 bytes back
Round trip time was 0.05218 milliseconds in repetition 417
tcp_ping received 3072 bytes back
Round trip time was 0.039155 milliseconds in repetition 418
tcp_ping received 3072 bytes back
Round trip time was 0.041333 milliseconds in repetition 419
tcp_ping received 3072 bytes back
Round trip time was 0.042207 milliseconds in repetition 420
tcp_ping received 3072 bytes back
Round trip time was 0.042378 milliseconds in repetition 421
tcp_ping received 3072 bytes back
Round trip time was 0.041981 milliseconds in repetition 422
tcp_ping received 3072 bytes back
Round trip time was 0.039067 milliseconds in repetition 423
tcp_ping received 3072 bytes back
Round trip time was 0.039443 milliseconds in repetition 424
tcp_ping received 3072 bytes back
Round trip time was 0.039069 milliseconds in repetition 425
tcp_ping received 3072 bytes back
Round trip time was 0.039254 milliseconds in repetition 426
tcp_ping received 3072 bytes back
Round trip time was 0.095723 milliseconds in repetition 427
tcp_ping received 3072 bytes back
Round trip time was 0.051983 milliseconds in repetition 428
tcp_ping received 3072 bytes back
Round trip time was 0.038409 milliseconds in repetition 429
tcp_ping received 3072 bytes back
Round trip time was 0.042401 milliseconds in repetition 430
tcp_ping received 3072 bytes back
Round trip time was 0.042333 milliseconds in repetition 431
tcp_ping received 3072 bytes back
Round trip time was 0.06114 milliseconds in repetition 432
tcp_ping received 3072 bytes back
Round trip time was 0.213916 milliseconds in repetition 433
tcp_ping received 3072 bytes back
Round trip time was 0.095422 milliseconds in repetition 434
tcp_ping received 3072 bytes back
Round trip time was 0.045684 milliseconds in repetition 435
tcp_ping received 3072 bytes back
Round trip time was 0.047491 milliseconds in repetition 436
tcp_ping received 3072 bytes back
Round trip time was 0.067563 milliseconds in repetition 437
tcp_ping received 3072 bytes back
Round trip time was 0.112194 milliseconds in repetition 438
tcp_ping received 3072 bytes back
Round trip time was 0.105152 milliseconds in repetition 439
tcp_ping received 3072 bytes back
Round trip time was 0.081194 milliseconds in repetition 440
tcp_ping received 3072 bytes back
Round trip time was 0.045171 milliseconds in repetition 441
tcp_ping received 3072 bytes back
Round trip time was 0.061053 milliseconds in repetition 442
tcp_ping received 3072 bytes back
Round trip time was 0.099648 milliseconds in repetition 443
tcp_ping received 3072 bytes back
Round trip time was 0.04158 milliseconds in repetition 444
tcp_ping received 3072 bytes back
Round trip time was 0.041326 milliseconds in repetition 445
tcp_ping received 3072 bytes back
Round trip time was 0.046228 milliseconds in repetition 446
tcp_ping received 3072 bytes back
Round trip time was 0.052522 milliseconds in repetition 447
tcp_ping received 3072 bytes back
Round trip time was 0.064045 milliseconds in repetition 448
tcp_ping received 3072 bytes back
Round trip time was 0.065028 milliseconds in repetition 449
tcp_ping received 3072 bytes back
Round trip time was 0.059313 milliseconds in repetition 450
tcp_ping received 3072 bytes back
Round trip time was 0.052085 milliseconds in repetition 451
tcp_ping received 3072 bytes back
Round trip time was 0.051878 milliseconds in repetition 452
tcp_ping received 3072 bytes back
Round trip time was 0.05473 milliseconds in repetition 453
tcp_ping received 3072 bytes back
Round trip time was 0.080465 milliseconds in repetition 454
tcp_ping received 3072 bytes back
Round trip time was 0.102936 milliseconds in repetition 455
tcp_ping received 3072 bytes back
Round trip time was 0.040668 milliseconds in repetition 456
tcp_ping received 3072 bytes back
Round trip time was 0.038438 milliseconds in repetition 457
tcp_ping received 3072 bytes back
Round trip time was 0.039035 milliseconds in repetition 458
tcp_ping received 3072 bytes back
Round trip time was 0.038271 milliseconds in repetition 459
tcp_ping received 3072 bytes back
Round trip time was 0.038318 milliseconds in repetition 460
tcp_ping received 3072 bytes back
Round trip time was 0.03836 milliseconds in repetition 461
tcp_ping received 3072 bytes back
Round trip time was 0.038474 milliseconds in repetition 462
tcp_ping received 3072 bytes back
Round trip time was 0.03794 milliseconds in repetition 463
tcp_ping received 3072 bytes back
Round trip time was 0.038647 milliseconds in repetition 464
tcp_ping received 3072 bytes back
Round trip time was 0.038197 milliseconds in repetition 465
tcp_ping received 3072 bytes back
Round trip time was 0.03864 milliseconds in repetition 466
tcp_ping received 3072 bytes back
Round trip time was 0.039775 milliseconds in repetition 467
tcp_ping received 3072 bytes back
Round trip time was 0.042229 milliseconds in repetition 468
tcp_ping received 3072 bytes back
Round trip time was 0.110301 milliseconds in repetition 469
tcp_ping received 3072 bytes back
Round trip time was 0.053439 milliseconds in repetition 470
tcp_ping received 3072 bytes back
Round trip time was 0.04515 milliseconds in repetition 471
tcp_ping received 3072 bytes back
Round trip time was 0.044926 milliseconds in repetition 472
tcp_ping received 3072 bytes back
Round trip time was 0.044742 milliseconds in repetition 473
tcp_ping received 3072 bytes back
Round trip time was 0.044776 milliseconds in repetition 474
tcp_ping received 3072 bytes back
Round trip time was 0.044904 milliseconds in repetition 475
tcp_ping received 3072 bytes back
Round trip time was 0.045001 milliseconds in repetition 476
tcp_ping received 3072 bytes back
Round trip time was 0.044982 milliseconds in repetition 477
tcp_ping received 3072 bytes back
Round trip time was 0.045195 milliseconds in repetition 478
tcp_ping received 3072 bytes back
Round trip time was 0.044826 milliseconds in repetition 479
tcp_ping received 3072 bytes back
Round trip time was 0.04552 milliseconds in repetition 480
tcp_ping received 3072 bytes back
Round trip time was 0.070864 milliseconds in repetition 481
tcp_ping received 3072 bytes back
Round trip time was 0.04455 milliseconds in repetition 482
tcp_ping received 3072 bytes back
Round trip time was 0.038069 milliseconds in repetition 483
tcp_ping received 3072 bytes back
Round trip time was 0.037629 milliseconds in repetition 484
tcp_ping received 3072 bytes back
Round trip time was 0.037699 milliseconds in repetition 485
tcp_ping received 3072 bytes back
Round trip time was 0.037812 milliseconds in repetition 486
tcp_ping received 3072 bytes back
Round trip time was 0.037729 milliseconds in repetition 487
tcp_ping received 3072 bytes back
Round trip time was 0.037706 milliseconds in repetition 488
tcp_ping received 3072 bytes back
Round trip time was 0.038015 milliseconds in repetition 489
tcp_ping received 3072 bytes back
Round trip time was 0.038325 milliseconds in repetition 490
tcp_ping received 3072 bytes back
Round trip time was 0.038199 milliseconds in repetition 491
tcp_ping received 3072 bytes back
Round trip time was 0.038252 milliseconds in repetition 492
tcp_ping received 3072 bytes back
Round trip time was 0.038341 milliseconds in repetition 493
tcp_ping received 3072 bytes back
Round trip time was 0.03825 milliseconds in repetition 494
tcp_ping received 3072 bytes back
Round trip time was 0.038273 milliseconds in repetition 495
tcp_ping received 3072 bytes back
Round trip time was 0.038937 milliseconds in repetition 496
tcp_ping received 3072 bytes back
Round trip time was 0.039413 milliseconds in repetition 497
tcp_ping received 3072 bytes back
Round trip time was 0.039283 milliseconds in repetition 498
tcp_ping received 3072 bytes back
Round trip time was 0.038462 milliseconds in repetition 499
tcp_ping received 3072 bytes back
Round trip time was 0.039217 milliseconds in repetition 500
tcp_ping received 3072 bytes back
Round trip time was 0.038644 milliseconds in repetition 501

 ... clock resolution was 1e-06
TCP Ping:  Statistics over 501 repetitions of 3072 byte messages

RTT : percentile 10: 0.038325, median: 0.045312, percentile 90: 0.093406, average: 0.0594358, variance: 0.00394368

RTT histogram:
0.0374935 403
0.0871477 65
0.136802 26
0.186456 2
0.236111 1
0.285765 1
0.335419 0
0.385073 0
0.434728 0
0.484382 0
0.534036 0
0.58369 1
0.633345 1
0.682999 0
0.732653 0
0.782307 0
0.831962 0
0.881616 0
0.93127 0
0.980924 0
1.03058 1

   median Throughput : 135593 KB/s   overall Throughput : 103372 KB/s

