TCP Ping trying to connect to server localhost (127.0.0.1) on port 1421
 ... connected to Pong server: asking for 501 repetitions of 524288 bytes TCP messages
 ... Pong server agreed :-)
tcp_ping received 524288 bytes back
Round trip time was 8.8021 milliseconds in repetition 1
tcp_ping received 524288 bytes back
Round trip time was 7.58056 milliseconds in repetition 2
tcp_ping received 524288 bytes back
Round trip time was 6.47099 milliseconds in repetition 3
tcp_ping received 524288 bytes back
Round trip time was 5.37348 milliseconds in repetition 4
tcp_ping received 524288 bytes back
Round trip time was 4.88501 milliseconds in repetition 5
tcp_ping received 524288 bytes back
Round trip time was 5.01237 milliseconds in repetition 6
tcp_ping received 524288 bytes back
Round trip time was 4.84274 milliseconds in repetition 7
tcp_ping received 524288 bytes back
Round trip time was 4.83726 milliseconds in repetition 8
tcp_ping received 524288 bytes back
Round trip time was 4.96799 milliseconds in repetition 9
tcp_ping received 524288 bytes back
Round trip time was 4.76449 milliseconds in repetition 10
tcp_ping received 524288 bytes back
Round trip time was 4.71379 milliseconds in repetition 11
tcp_ping received 524288 bytes back
Round trip time was 4.70608 milliseconds in repetition 12
tcp_ping received 524288 bytes back
Round trip time was 4.68573 milliseconds in repetition 13
tcp_ping received 524288 bytes back
Round trip time was 4.64114 milliseconds in repetition 14
tcp_ping received 524288 bytes back
Round trip time was 5.07516 milliseconds in repetition 15
tcp_ping received 524288 bytes back
Round trip time was 6.30599 milliseconds in repetition 16
tcp_ping received 524288 bytes back
Round trip time was 4.88186 milliseconds in repetition 17
tcp_ping received 524288 bytes back
Round trip time was 5.16819 milliseconds in repetition 18
tcp_ping received 524288 bytes back
Round trip time was 5.13618 milliseconds in repetition 19
tcp_ping received 524288 bytes back
Round trip time was 6.41979 milliseconds in repetition 20
tcp_ping received 524288 bytes back
Round trip time was 9.24529 milliseconds in repetition 21
tcp_ping received 524288 bytes back
Round trip time was 4.98125 milliseconds in repetition 22
tcp_ping received 524288 bytes back
Round trip time was 5.35584 milliseconds in repetition 23
tcp_ping received 524288 bytes back
Round trip time was 8.85826 milliseconds in repetition 24
tcp_ping received 524288 bytes back
Round trip time was 11.0396 milliseconds in repetition 25
tcp_ping received 524288 bytes back
Round trip time was 6.16896 milliseconds in repetition 26
tcp_ping received 524288 bytes back
Round trip time was 7.08567 milliseconds in repetition 27
tcp_ping received 524288 bytes back
Round trip time was 6.10493 milliseconds in repetition 28
tcp_ping received 524288 bytes back
Round trip time was 5.42366 milliseconds in repetition 29
tcp_ping received 524288 bytes back
Round trip time was 6.57123 milliseconds in repetition 30
tcp_ping received 524288 bytes back
Round trip time was 5.80078 milliseconds in repetition 31
tcp_ping received 524288 bytes back
Round trip time was 5.21153 milliseconds in repetition 32
tcp_ping received 524288 bytes back
Round trip time was 5.00987 milliseconds in repetition 33
tcp_ping received 524288 bytes back
Round trip time was 5.29493 milliseconds in repetition 34
tcp_ping received 524288 bytes back
Round trip time was 4.97207 milliseconds in repetition 35
tcp_ping received 524288 bytes back
Round trip time was 4.69976 milliseconds in repetition 36
tcp_ping received 524288 bytes back
Round trip time was 5.01288 milliseconds in repetition 37
tcp_ping received 524288 bytes back
Round trip time was 4.78543 milliseconds in repetition 38
tcp_ping received 524288 bytes back
Round trip time was 4.81017 milliseconds in repetition 39
tcp_ping received 524288 bytes back
Round trip time was 4.7269 milliseconds in repetition 40
tcp_ping received 524288 bytes back
Round trip time was 4.79286 milliseconds in repetition 41
tcp_ping received 524288 bytes back
Round trip time was 4.76183 milliseconds in repetition 42
tcp_ping received 524288 bytes back
Round trip time was 5.11772 milliseconds in repetition 43
tcp_ping received 524288 bytes back
Round trip time was 5.73559 milliseconds in repetition 44
tcp_ping received 524288 bytes back
Round trip time was 4.68821 milliseconds in repetition 45
tcp_ping received 524288 bytes back
Round trip time was 4.77577 milliseconds in repetition 46
tcp_ping received 524288 bytes back
Round trip time was 4.66549 milliseconds in repetition 47
tcp_ping received 524288 bytes back
Round trip time was 4.77353 milliseconds in repetition 48
tcp_ping received 524288 bytes back
Round trip time was 4.76486 milliseconds in repetition 49
tcp_ping received 524288 bytes back
Round trip time was 4.71911 milliseconds in repetition 50
tcp_ping received 524288 bytes back
Round trip time was 4.71441 milliseconds in repetition 51
tcp_ping received 524288 bytes back
Round trip time was 5.12342 milliseconds in repetition 52
tcp_ping received 524288 bytes back
Round trip time was 4.58165 milliseconds in repetition 53
tcp_ping received 524288 bytes back
Round trip time was 4.8125 milliseconds in repetition 54
tcp_ping received 524288 bytes back
Round trip time was 4.73432 milliseconds in repetition 55
tcp_ping received 524288 bytes back
Round trip time was 4.72341 milliseconds in repetition 56
tcp_ping received 524288 bytes back
Round trip time was 4.73591 milliseconds in repetition 57
tcp_ping received 524288 bytes back
Round trip time was 4.74477 milliseconds in repetition 58
tcp_ping received 524288 bytes back
Round trip time was 4.71624 milliseconds in repetition 59
tcp_ping received 524288 bytes back
Round trip time was 4.81815 milliseconds in repetition 60
tcp_ping received 524288 bytes back
Round trip time was 4.73755 milliseconds in repetition 61
tcp_ping received 524288 bytes back
Round trip time was 4.69557 milliseconds in repetition 62
tcp_ping received 524288 bytes back
Round trip time was 6.17551 milliseconds in repetition 63
tcp_ping received 524288 bytes back
Round trip time was 10.1521 milliseconds in repetition 64
tcp_ping received 524288 bytes back
Round trip time was 4.85723 milliseconds in repetition 65
tcp_ping received 524288 bytes back
Round trip time was 4.84114 milliseconds in repetition 66
tcp_ping received 524288 bytes back
Round trip time was 4.78087 milliseconds in repetition 67
tcp_ping received 524288 bytes back
Round trip time was 4.73064 milliseconds in repetition 68
tcp_ping received 524288 bytes back
Round trip time was 4.73234 milliseconds in repetition 69
tcp_ping received 524288 bytes back
Round trip time was 4.73341 milliseconds in repetition 70
tcp_ping received 524288 bytes back
Round trip time was 4.73478 milliseconds in repetition 71
tcp_ping received 524288 bytes back
Round trip time was 5.23412 milliseconds in repetition 72
tcp_ping received 524288 bytes back
Round trip time was 5.10215 milliseconds in repetition 73
tcp_ping received 524288 bytes back
Round trip time was 4.8335 milliseconds in repetition 74
tcp_ping received 524288 bytes back
Round trip time was 6.4886 milliseconds in repetition 75
tcp_ping received 524288 bytes back
Round trip time was 6.22201 milliseconds in repetition 76
tcp_ping received 524288 bytes back
Round trip time was 5.22442 milliseconds in repetition 77
tcp_ping received 524288 bytes back
Round trip time was 5.63417 milliseconds in repetition 78
tcp_ping received 524288 bytes back
Round trip time was 5.37134 milliseconds in repetition 79
tcp_ping received 524288 bytes back
Round trip time was 5.20601 milliseconds in repetition 80
tcp_ping received 524288 bytes back
Round trip time was 5.82739 milliseconds in repetition 81
tcp_ping received 524288 bytes back
Round trip time was 4.98534 milliseconds in repetition 82
tcp_ping received 524288 bytes back
Round trip time was 4.95283 milliseconds in repetition 83
tcp_ping received 524288 bytes back
Round trip time was 4.84511 milliseconds in repetition 84
tcp_ping received 524288 bytes back
Round trip time was 4.7609 milliseconds in repetition 85
tcp_ping received 524288 bytes back
Round trip time was 4.78856 milliseconds in repetition 86
tcp_ping received 524288 bytes back
Round trip time was 4.75619 milliseconds in repetition 87
tcp_ping received 524288 bytes back
Round trip time was 4.81071 milliseconds in repetition 88
tcp_ping received 524288 bytes back
Round trip time was 4.70354 milliseconds in repetition 89
tcp_ping received 524288 bytes back
Round trip time was 4.7292 milliseconds in repetition 90
tcp_ping received 524288 bytes back
Round trip time was 4.75733 milliseconds in repetition 91
tcp_ping received 524288 bytes back
Round trip time was 4.8107 milliseconds in repetition 92
tcp_ping received 524288 bytes back
Round trip time was 4.74822 milliseconds in repetition 93
tcp_ping received 524288 bytes back
Round trip time was 4.78414 milliseconds in repetition 94
tcp_ping received 524288 bytes back
Round trip time was 4.73378 milliseconds in repetition 95
tcp_ping received 524288 bytes back
Round trip time was 4.65735 milliseconds in repetition 96
tcp_ping received 524288 bytes back
Round trip time was 4.72024 milliseconds in repetition 97
tcp_ping received 524288 bytes back
Round trip time was 4.81863 milliseconds in repetition 98
tcp_ping received 524288 bytes back
Round trip time was 4.68878 milliseconds in repetition 99
tcp_ping received 524288 bytes back
Round trip time was 4.9556 milliseconds in repetition 100
tcp_ping received 524288 bytes back
Round trip time was 4.8808 milliseconds in repetition 101
tcp_ping received 524288 bytes back
Round trip time was 4.81368 milliseconds in repetition 102
tcp_ping received 524288 bytes back
Round trip time was 4.71165 milliseconds in repetition 103
tcp_ping received 524288 bytes back
Round trip time was 4.75638 milliseconds in repetition 104
tcp_ping received 524288 bytes back
Round trip time was 4.78635 milliseconds in repetition 105
tcp_ping received 524288 bytes back
Round trip time was 4.65418 milliseconds in repetition 106
tcp_ping received 524288 bytes back
Round trip time was 4.7163 milliseconds in repetition 107
tcp_ping received 524288 bytes back
Round trip time was 4.85167 milliseconds in repetition 108
tcp_ping received 524288 bytes back
Round trip time was 4.69859 milliseconds in repetition 109
tcp_ping received 524288 bytes back
Round trip time was 4.7505 milliseconds in repetition 110
tcp_ping received 524288 bytes back
Round trip time was 4.85676 milliseconds in repetition 111
tcp_ping received 524288 bytes back
Round trip time was 4.78517 milliseconds in repetition 112
tcp_ping received 524288 bytes back
Round trip time was 4.93061 milliseconds in repetition 113
tcp_ping received 524288 bytes back
Round trip time was 4.77953 milliseconds in repetition 114
tcp_ping received 524288 bytes back
Round trip time was 4.75491 milliseconds in repetition 115
tcp_ping received 524288 bytes back
Round trip time was 4.58499 milliseconds in repetition 116
tcp_ping received 524288 bytes back
Round trip time was 4.90123 milliseconds in repetition 117
tcp_ping received 524288 bytes back
Round trip time was 4.77507 milliseconds in repetition 118
tcp_ping received 524288 bytes back
Round trip time was 4.70963 milliseconds in repetition 119
tcp_ping received 524288 bytes back
Round trip time was 4.76121 milliseconds in repetition 120
tcp_ping received 524288 bytes back
Round trip time was 4.76691 milliseconds in repetition 121
tcp_ping received 524288 bytes back
Round trip time was 6.07855 milliseconds in repetition 122
tcp_ping received 524288 bytes back
Round trip time was 4.73468 milliseconds in repetition 123
tcp_ping received 524288 bytes back
Round trip time was 4.84227 milliseconds in repetition 124
tcp_ping received 524288 bytes back
Round trip time was 4.64109 milliseconds in repetition 125
tcp_ping received 524288 bytes back
Round trip time was 4.69023 milliseconds in repetition 126
tcp_ping received 524288 bytes back
Round trip time was 4.71108 milliseconds in repetition 127
tcp_ping received 524288 bytes back
Round trip time was 4.87421 milliseconds in repetition 128
tcp_ping received 524288 bytes back
Round trip time was 4.77796 milliseconds in repetition 129
tcp_ping received 524288 bytes back
Round trip time was 4.79253 milliseconds in repetition 130
tcp_ping received 524288 bytes back
Round trip time was 4.77328 milliseconds in repetition 131
tcp_ping received 524288 bytes back
Round trip time was 5.96648 milliseconds in repetition 132
tcp_ping received 524288 bytes back
Round trip time was 6.09664 milliseconds in repetition 133
tcp_ping received 524288 bytes back
Round trip time was 5.06525 milliseconds in repetition 134
tcp_ping received 524288 bytes back
Round trip time was 4.8603 milliseconds in repetition 135
tcp_ping received 524288 bytes back
Round trip time was 4.71901 milliseconds in repetition 136
tcp_ping received 524288 bytes back
Round trip time was 4.84676 milliseconds in repetition 137
tcp_ping received 524288 bytes back
Round trip time was 4.76585 milliseconds in repetition 138
tcp_ping received 524288 bytes back
Round trip time was 6.63613 milliseconds in repetition 139
tcp_ping received 524288 bytes back
Round trip time was 4.96471 milliseconds in repetition 140
tcp_ping received 524288 bytes back
Round trip time was 4.91789 milliseconds in repetition 141
tcp_ping received 524288 bytes back
Round trip time was 4.90086 milliseconds in repetition 142
tcp_ping received 524288 bytes back
Round trip time was 4.7349 milliseconds in repetition 143
tcp_ping received 524288 bytes back
Round trip time was 4.83479 milliseconds in repetition 144
tcp_ping received 524288 bytes back
Round trip time was 5.4885 milliseconds in repetition 145
tcp_ping received 524288 bytes back
Round trip time was 4.75292 milliseconds in repetition 146
tcp_ping received 524288 bytes back
Round trip time was 6.44147 milliseconds in repetition 147
tcp_ping received 524288 bytes back
Round trip time was 5.01853 milliseconds in repetition 148
tcp_ping received 524288 bytes back
Round trip time was 5.00493 milliseconds in repetition 149
tcp_ping received 524288 bytes back
Round trip time was 5.32923 milliseconds in repetition 150
tcp_ping received 524288 bytes back
Round trip time was 5.04479 milliseconds in repetition 151
tcp_ping received 524288 bytes back
Round trip time was 4.71414 milliseconds in repetition 152
tcp_ping received 524288 bytes back
Round trip time was 5.06102 milliseconds in repetition 153
tcp_ping received 524288 bytes back
Round trip time was 4.91411 milliseconds in repetition 154
tcp_ping received 524288 bytes back
Round trip time was 4.84714 milliseconds in repetition 155
tcp_ping received 524288 bytes back
Round trip time was 4.79826 milliseconds in repetition 156
tcp_ping received 524288 bytes back
Round trip time was 4.6955 milliseconds in repetition 157
tcp_ping received 524288 bytes back
Round trip time was 4.81132 milliseconds in repetition 158
tcp_ping received 524288 bytes back
Round trip time was 4.98891 milliseconds in repetition 159
tcp_ping received 524288 bytes back
Round trip time was 4.82945 milliseconds in repetition 160
tcp_ping received 524288 bytes back
Round trip time was 5.65998 milliseconds in repetition 161
tcp_ping received 524288 bytes back
Round trip time was 5.10265 milliseconds in repetition 162
tcp_ping received 524288 bytes back
Round trip time was 4.75604 milliseconds in repetition 163
tcp_ping received 524288 bytes back
Round trip time was 4.80119 milliseconds in repetition 164
tcp_ping received 524288 bytes back
Round trip time was 4.78181 milliseconds in repetition 165
tcp_ping received 524288 bytes back
Round trip time was 4.76569 milliseconds in repetition 166
tcp_ping received 524288 bytes back
Round trip time was 4.73241 milliseconds in repetition 167
tcp_ping received 524288 bytes back
Round trip time was 4.84995 milliseconds in repetition 168
tcp_ping received 524288 bytes back
Round trip time was 4.8681 milliseconds in repetition 169
tcp_ping received 524288 bytes back
Round trip time was 4.77204 milliseconds in repetition 170
tcp_ping received 524288 bytes back
Round trip time was 4.8409 milliseconds in repetition 171
tcp_ping received 524288 bytes back
Round trip time was 4.79923 milliseconds in repetition 172
tcp_ping received 524288 bytes back
Round trip time was 4.8056 milliseconds in repetition 173
tcp_ping received 524288 bytes back
Round trip time was 5.03844 milliseconds in repetition 174
tcp_ping received 524288 bytes back
Round trip time was 4.72599 milliseconds in repetition 175
tcp_ping received 524288 bytes back
Round trip time was 4.73685 milliseconds in repetition 176
tcp_ping received 524288 bytes back
Round trip time was 4.93484 milliseconds in repetition 177
tcp_ping received 524288 bytes back
Round trip time was 5.09469 milliseconds in repetition 178
tcp_ping received 524288 bytes back
Round trip time was 5.17332 milliseconds in repetition 179
tcp_ping received 524288 bytes back
Round trip time was 4.78922 milliseconds in repetition 180
tcp_ping received 524288 bytes back
Round trip time was 4.71058 milliseconds in repetition 181
tcp_ping received 524288 bytes back
Round trip time was 4.6502 milliseconds in repetition 182
tcp_ping received 524288 bytes back
Round trip time was 4.71572 milliseconds in repetition 183
tcp_ping received 524288 bytes back
Round trip time was 4.71298 milliseconds in repetition 184
tcp_ping received 524288 bytes back
Round trip time was 4.70191 milliseconds in repetition 185
tcp_ping received 524288 bytes back
Round trip time was 4.73437 milliseconds in repetition 186
tcp_ping received 524288 bytes back
Round trip time was 4.75019 milliseconds in repetition 187
tcp_ping received 524288 bytes back
Round trip time was 4.71847 milliseconds in repetition 188
tcp_ping received 524288 bytes back
Round trip time was 4.66758 milliseconds in repetition 189
tcp_ping received 524288 bytes back
Round trip time was 4.8031 milliseconds in repetition 190
tcp_ping received 524288 bytes back
Round trip time was 5.15775 milliseconds in repetition 191
tcp_ping received 524288 bytes back
Round trip time was 5.40517 milliseconds in repetition 192
tcp_ping received 524288 bytes back
Round trip time was 4.72039 milliseconds in repetition 193
tcp_ping received 524288 bytes back
Round trip time was 4.8254 milliseconds in repetition 194
tcp_ping received 524288 bytes back
Round trip time was 5.06894 milliseconds in repetition 195
tcp_ping received 524288 bytes back
Round trip time was 4.92982 milliseconds in repetition 196
tcp_ping received 524288 bytes back
Round trip time was 4.73187 milliseconds in repetition 197
tcp_ping received 524288 bytes back
Round trip time was 4.76826 milliseconds in repetition 198
tcp_ping received 524288 bytes back
Round trip time was 4.70565 milliseconds in repetition 199
tcp_ping received 524288 bytes back
Round trip time was 4.72366 milliseconds in repetition 200
tcp_ping received 524288 bytes back
Round trip time was 4.78842 milliseconds in repetition 201
tcp_ping received 524288 bytes back
Round trip time was 4.75673 milliseconds in repetition 202
tcp_ping received 524288 bytes back
Round trip time was 4.81923 milliseconds in repetition 203
tcp_ping received 524288 bytes back
Round trip time was 4.7682 milliseconds in repetition 204
tcp_ping received 524288 bytes back
Round trip time was 4.66142 milliseconds in repetition 205
tcp_ping received 524288 bytes back
Round trip time was 4.73771 milliseconds in repetition 206
tcp_ping received 524288 bytes back
Round trip time was 4.79613 milliseconds in repetition 207
tcp_ping received 524288 bytes back
Round trip time was 4.75084 milliseconds in repetition 208
tcp_ping received 524288 bytes back
Round trip time was 4.89957 milliseconds in repetition 209
tcp_ping received 524288 bytes back
Round trip time was 4.7351 milliseconds in repetition 210
tcp_ping received 524288 bytes back
Round trip time was 4.72248 milliseconds in repetition 211
tcp_ping received 524288 bytes back
Round trip time was 4.758 milliseconds in repetition 212
tcp_ping received 524288 bytes back
Round trip time was 4.91674 milliseconds in repetition 213
tcp_ping received 524288 bytes back
Round trip time was 4.68477 milliseconds in repetition 214
tcp_ping received 524288 bytes back
Round trip time was 4.69649 milliseconds in repetition 215
tcp_ping received 524288 bytes back
Round trip time was 4.94252 milliseconds in repetition 216
tcp_ping received 524288 bytes back
Round trip time was 4.75056 milliseconds in repetition 217
tcp_ping received 524288 bytes back
Round trip time was 4.72852 milliseconds in repetition 218
tcp_ping received 524288 bytes back
Round trip time was 4.76966 milliseconds in repetition 219
tcp_ping received 524288 bytes back
Round trip time was 4.80942 milliseconds in repetition 220
tcp_ping received 524288 bytes back
Round trip time was 4.75213 milliseconds in repetition 221
tcp_ping received 524288 bytes back
Round trip time was 4.69351 milliseconds in repetition 222
tcp_ping received 524288 bytes back
Round trip time was 4.97636 milliseconds in repetition 223
tcp_ping received 524288 bytes back
Round trip time was 4.77455 milliseconds in repetition 224
tcp_ping received 524288 bytes back
Round trip time was 5.00284 milliseconds in repetition 225
tcp_ping received 524288 bytes back
Round trip time was 4.8122 milliseconds in repetition 226
tcp_ping received 524288 bytes back
Round trip time was 6.4177 milliseconds in repetition 227
tcp_ping received 524288 bytes back
Round trip time was 4.7542 milliseconds in repetition 228
tcp_ping received 524288 bytes back
Round trip time was 4.9121 milliseconds in repetition 229
tcp_ping received 524288 bytes back
Round trip time was 4.69709 milliseconds in repetition 230
tcp_ping received 524288 bytes back
Round trip time was 4.72578 milliseconds in repetition 231
tcp_ping received 524288 bytes back
Round trip time was 4.6962 milliseconds in repetition 232
tcp_ping received 524288 bytes back
Round trip time was 5.44978 milliseconds in repetition 233
tcp_ping received 524288 bytes back
Round trip time was 4.8113 milliseconds in repetition 234
tcp_ping received 524288 bytes back
Round trip time was 5.98526 milliseconds in repetition 235
tcp_ping received 524288 bytes back
Round trip time was 5.31643 milliseconds in repetition 236
tcp_ping received 524288 bytes back
Round trip time was 5.58581 milliseconds in repetition 237
tcp_ping received 524288 bytes back
Round trip time was 4.94129 milliseconds in repetition 238
tcp_ping received 524288 bytes back
Round trip time was 4.96074 milliseconds in repetition 239
tcp_ping received 524288 bytes back
Round trip time was 4.84181 milliseconds in repetition 240
tcp_ping received 524288 bytes back
Round trip time was 4.75372 milliseconds in repetition 241
tcp_ping received 524288 bytes back
Round trip time was 4.72346 milliseconds in repetition 242
tcp_ping received 524288 bytes back
Round trip time was 4.67246 milliseconds in repetition 243
tcp_ping received 524288 bytes back
Round trip time was 4.73186 milliseconds in repetition 244
tcp_ping received 524288 bytes back
Round trip time was 4.73897 milliseconds in repetition 245
tcp_ping received 524288 bytes back
Round trip time was 4.69452 milliseconds in repetition 246
tcp_ping received 524288 bytes back
Round trip time was 4.7517 milliseconds in repetition 247
tcp_ping received 524288 bytes back
Round trip time was 4.68872 milliseconds in repetition 248
tcp_ping received 524288 bytes back
Round trip time was 4.78587 milliseconds in repetition 249
tcp_ping received 524288 bytes back
Round trip time was 4.76106 milliseconds in repetition 250
tcp_ping received 524288 bytes back
Round trip time was 4.76686 milliseconds in repetition 251
tcp_ping received 524288 bytes back
Round trip time was 4.71464 milliseconds in repetition 252
tcp_ping received 524288 bytes back
Round trip time was 4.78226 milliseconds in repetition 253
tcp_ping received 524288 bytes back
Round trip time was 4.89092 milliseconds in repetition 254
tcp_ping received 524288 bytes back
Round trip time was 4.77116 milliseconds in repetition 255
tcp_ping received 524288 bytes back
Round trip time was 4.68567 milliseconds in repetition 256
tcp_ping received 524288 bytes back
Round trip time was 4.73544 milliseconds in repetition 257
tcp_ping received 524288 bytes back
Round trip time was 4.73318 milliseconds in repetition 258
tcp_ping received 524288 bytes back
Round trip time was 4.99457 milliseconds in repetition 259
tcp_ping received 524288 bytes back
Round trip time was 4.80928 milliseconds in repetition 260
tcp_ping received 524288 bytes back
Round trip time was 4.72126 milliseconds in repetition 261
tcp_ping received 524288 bytes back
Round trip time was 4.68842 milliseconds in repetition 262
tcp_ping received 524288 bytes back
Round trip time was 4.66765 milliseconds in repetition 263
tcp_ping received 524288 bytes back
Round trip time was 4.73736 milliseconds in repetition 264
tcp_ping received 524288 bytes back
Round trip time was 4.63713 milliseconds in repetition 265
tcp_ping received 524288 bytes back
Round trip time was 5.18084 milliseconds in repetition 266
tcp_ping received 524288 bytes back
Round trip time was 5.33516 milliseconds in repetition 267
tcp_ping received 524288 bytes back
Round trip time was 4.94849 milliseconds in repetition 268
tcp_ping received 524288 bytes back
Round trip time was 4.86816 milliseconds in repetition 269
tcp_ping received 524288 bytes back
Round trip time was 4.84727 milliseconds in repetition 270
tcp_ping received 524288 bytes back
Round trip time was 4.73986 milliseconds in repetition 271
tcp_ping received 524288 bytes back
Round trip time was 4.69013 milliseconds in repetition 272
tcp_ping received 524288 bytes back
Round trip time was 4.73118 milliseconds in repetition 273
tcp_ping received 524288 bytes back
Round trip time was 4.77938 milliseconds in repetition 274
tcp_ping received 524288 bytes back
Round trip time was 4.69582 milliseconds in repetition 275
tcp_ping received 524288 bytes back
Round trip time was 4.68764 milliseconds in repetition 276
tcp_ping received 524288 bytes back
Round trip time was 4.90489 milliseconds in repetition 277
tcp_ping received 524288 bytes back
Round trip time was 4.93286 milliseconds in repetition 278
tcp_ping received 524288 bytes back
Round trip time was 4.95209 milliseconds in repetition 279
tcp_ping received 524288 bytes back
Round trip time was 5.36354 milliseconds in repetition 280
tcp_ping received 524288 bytes back
Round trip time was 4.74642 milliseconds in repetition 281
tcp_ping received 524288 bytes back
Round trip time was 4.71211 milliseconds in repetition 282
tcp_ping received 524288 bytes back
Round trip time was 4.7608 milliseconds in repetition 283
tcp_ping received 524288 bytes back
Round trip time was 4.74796 milliseconds in repetition 284
tcp_ping received 524288 bytes back
Round trip time was 4.70323 milliseconds in repetition 285
tcp_ping received 524288 bytes back
Round trip time was 4.71839 milliseconds in repetition 286
tcp_ping received 524288 bytes back
Round trip time was 4.86991 milliseconds in repetition 287
tcp_ping received 524288 bytes back
Round trip time was 4.75809 milliseconds in repetition 288
tcp_ping received 524288 bytes back
Round trip time was 4.67936 milliseconds in repetition 289
tcp_ping received 524288 bytes back
Round trip time was 4.77221 milliseconds in repetition 290
tcp_ping received 524288 bytes back
Round trip time was 4.73655 milliseconds in repetition 291
tcp_ping received 524288 bytes back
Round trip time was 4.66839 milliseconds in repetition 292
tcp_ping received 524288 bytes back
Round trip time was 4.7392 milliseconds in repetition 293
tcp_ping received 524288 bytes back
Round trip time was 4.74522 milliseconds in repetition 294
tcp_ping received 524288 bytes back
Round trip time was 4.70482 milliseconds in repetition 295
tcp_ping received 524288 bytes back
Round trip time was 4.69117 milliseconds in repetition 296
tcp_ping received 524288 bytes back
Round trip time was 4.71135 milliseconds in repetition 297
tcp_ping received 524288 bytes back
Round trip time was 4.76586 milliseconds in repetition 298
tcp_ping received 524288 bytes back
Round trip time was 4.77929 milliseconds in repetition 299
tcp_ping received 524288 bytes back
Round trip time was 4.80121 milliseconds in repetition 300
tcp_ping received 524288 bytes back
Round trip time was 4.67992 milliseconds in repetition 301
tcp_ping received 524288 bytes back
Round trip time was 4.85364 milliseconds in repetition 302
tcp_ping received 524288 bytes back
Round trip time was 4.76635 milliseconds in repetition 303
tcp_ping received 524288 bytes back
Round trip time was 4.77718 milliseconds in repetition 304
tcp_ping received 524288 bytes back
Round trip time was 4.73747 milliseconds in repetition 305
tcp_ping received 524288 bytes back
Round trip time was 4.75264 milliseconds in repetition 306
tcp_ping received 524288 bytes back
Round trip time was 4.9411 milliseconds in repetition 307
tcp_ping received 524288 bytes back
Round trip time was 4.66959 milliseconds in repetition 308
tcp_ping received 524288 bytes back
Round trip time was 4.74284 milliseconds in repetition 309
tcp_ping received 524288 bytes back
Round trip time was 4.77831 milliseconds in repetition 310
tcp_ping received 524288 bytes back
Round trip time was 4.77995 milliseconds in repetition 311
tcp_ping received 524288 bytes back
Round trip time was 4.80196 milliseconds in repetition 312
tcp_ping received 524288 bytes back
Round trip time was 4.73579 milliseconds in repetition 313
tcp_ping received 524288 bytes back
Round trip time was 4.68882 milliseconds in repetition 314
tcp_ping received 524288 bytes back
Round trip time was 4.81165 milliseconds in repetition 315
tcp_ping received 524288 bytes back
Round trip time was 4.70051 milliseconds in repetition 316
tcp_ping received 524288 bytes back
Round trip time was 4.82829 milliseconds in repetition 317
tcp_ping received 524288 bytes back
Round trip time was 4.76723 milliseconds in repetition 318
tcp_ping received 524288 bytes back
Round trip time was 4.85595 milliseconds in repetition 319
tcp_ping received 524288 bytes back
Round trip time was 4.99148 milliseconds in repetition 320
tcp_ping received 524288 bytes back
Round trip time was 4.74627 milliseconds in repetition 321
tcp_ping received 524288 bytes back
Round trip time was 4.83277 milliseconds in repetition 322
tcp_ping received 524288 bytes back
Round trip time was 4.90926 milliseconds in repetition 323
tcp_ping received 524288 bytes back
Round trip time was 4.78789 milliseconds in repetition 324
tcp_ping received 524288 bytes back
Round trip time was 4.84626 milliseconds in repetition 325
tcp_ping received 524288 bytes back
Round trip time was 4.89389 milliseconds in repetition 326
tcp_ping received 524288 bytes back
Round trip time was 4.7651 milliseconds in repetition 327
tcp_ping received 524288 bytes back
Round trip time was 4.75947 milliseconds in repetition 328
tcp_ping received 524288 bytes back
Round trip time was 4.78204 milliseconds in repetition 329
tcp_ping received 524288 bytes back
Round trip time was 5.55383 milliseconds in repetition 330
tcp_ping received 524288 bytes back
Round trip time was 5.00375 milliseconds in repetition 331
tcp_ping received 524288 bytes back
Round trip time was 4.75993 milliseconds in repetition 332
tcp_ping received 524288 bytes back
Round trip time was 4.84764 milliseconds in repetition 333
tcp_ping received 524288 bytes back
Round trip time was 4.80841 milliseconds in repetition 334
tcp_ping received 524288 bytes back
Round trip time was 4.77253 milliseconds in repetition 335
tcp_ping received 524288 bytes back
Round trip time was 5.36168 milliseconds in repetition 336
tcp_ping received 524288 bytes back
Round trip time was 5.19952 milliseconds in repetition 337
tcp_ping received 524288 bytes back
Round trip time was 6.75673 milliseconds in repetition 338
tcp_ping received 524288 bytes back
Round trip time was 5.33292 milliseconds in repetition 339
tcp_ping received 524288 bytes back
Round trip time was 5.05591 milliseconds in repetition 340
tcp_ping received 524288 bytes back
Round trip time was 4.99209 milliseconds in repetition 341
tcp_ping received 524288 bytes back
Round trip time was 6.49309 milliseconds in repetition 342
tcp_ping received 524288 bytes back
Round trip time was 5.74545 milliseconds in repetition 343
tcp_ping received 524288 bytes back
Round trip time was 5.0328 milliseconds in repetition 344
tcp_ping received 524288 bytes back
Round trip time was 5.15665 milliseconds in repetition 345
tcp_ping received 524288 bytes back
Round trip time was 5.99495 milliseconds in repetition 346
tcp_ping received 524288 bytes back
Round trip time was 6.75212 milliseconds in repetition 347
tcp_ping received 524288 bytes back
Round trip time was 6.36766 milliseconds in repetition 348
tcp_ping received 524288 bytes back
Round trip time was 5.00854 milliseconds in repetition 349
tcp_ping received 524288 bytes back
Round trip time was 4.91376 milliseconds in repetition 350
tcp_ping received 524288 bytes back
Round trip time was 4.78046 milliseconds in repetition 351
tcp_ping received 524288 bytes back
Round trip time was 5.09084 milliseconds in repetition 352
tcp_ping received 524288 bytes back
Round trip time was 6.47291 milliseconds in repetition 353
tcp_ping received 524288 bytes back
Round trip time was 5.94222 milliseconds in repetition 354
tcp_ping received 524288 bytes back
Round trip time was 5.27265 milliseconds in repetition 355
tcp_ping received 524288 bytes back
Round trip time was 5.1836 milliseconds in repetition 356
tcp_ping received 524288 bytes back
Round trip time was 4.79478 milliseconds in repetition 357
tcp_ping received 524288 bytes back
Round trip time was 5.78566 milliseconds in repetition 358
tcp_ping received 524288 bytes back
Round trip time was 6.51995 milliseconds in repetition 359
tcp_ping received 524288 bytes back
Round trip time was 5.21991 milliseconds in repetition 360
tcp_ping received 524288 bytes back
Round trip time was 5.93184 milliseconds in repetition 361
tcp_ping received 524288 bytes back
Round trip time was 4.90087 milliseconds in repetition 362
tcp_ping received 524288 bytes back
Round trip time was 4.75982 milliseconds in repetition 363
tcp_ping received 524288 bytes back
Round trip time was 5.70127 milliseconds in repetition 364
tcp_ping received 524288 bytes back
Round trip time was 6.25516 milliseconds in repetition 365
tcp_ping received 524288 bytes back
Round trip time was 5.26735 milliseconds in repetition 366
tcp_ping received 524288 bytes back
Round trip time was 5.31713 milliseconds in repetition 367
tcp_ping received 524288 bytes back
Round trip time was 4.95765 milliseconds in repetition 368
tcp_ping received 524288 bytes back
Round trip time was 4.75939 milliseconds in repetition 369
tcp_ping received 524288 bytes back
Round trip time was 5.61187 milliseconds in repetition 370
tcp_ping received 524288 bytes back
Round trip time was 5.39072 milliseconds in repetition 371
tcp_ping received 524288 bytes back
Round trip time was 5.87403 milliseconds in repetition 372
tcp_ping received 524288 bytes back
Round trip time was 5.62685 milliseconds in repetition 373
tcp_ping received 524288 bytes back
Round trip time was 4.76051 milliseconds in repetition 374
tcp_ping received 524288 bytes back
Round trip time was 5.06009 milliseconds in repetition 375
tcp_ping received 524288 bytes back
Round trip time was 7.19827 milliseconds in repetition 376
tcp_ping received 524288 bytes back
Round trip time was 6.20308 milliseconds in repetition 377
tcp_ping received 524288 bytes back
Round trip time was 5.13703 milliseconds in repetition 378
tcp_ping received 524288 bytes back
Round trip time was 5.57559 milliseconds in repetition 379
tcp_ping received 524288 bytes back
Round trip time was 5.15547 milliseconds in repetition 380
tcp_ping received 524288 bytes back
Round trip time was 6.24439 milliseconds in repetition 381
tcp_ping received 524288 bytes back
Round trip time was 5.55815 milliseconds in repetition 382
tcp_ping received 524288 bytes back
Round trip time was 5.11765 milliseconds in repetition 383
tcp_ping received 524288 bytes back
Round trip time was 4.99354 milliseconds in repetition 384
tcp_ping received 524288 bytes back
Round trip time was 4.90143 milliseconds in repetition 385
tcp_ping received 524288 bytes back
Round trip time was 4.87381 milliseconds in repetition 386
tcp_ping received 524288 bytes back
Round trip time was 6.18965 milliseconds in repetition 387
tcp_ping received 524288 bytes back
Round trip time was 5.22916 milliseconds in repetition 388
tcp_ping received 524288 bytes back
Round trip time was 5.34034 milliseconds in repetition 389
tcp_ping received 524288 bytes back
Round trip time was 5.10552 milliseconds in repetition 390
tcp_ping received 524288 bytes back
Round trip time was 5.54303 milliseconds in repetition 391
tcp_ping received 524288 bytes back
Round trip time was 5.21693 milliseconds in repetition 392
tcp_ping received 524288 bytes back
Round trip time was 6.83104 milliseconds in repetition 393
tcp_ping received 524288 bytes back
Round trip time was 5.41334 milliseconds in repetition 394
tcp_ping received 524288 bytes back
Round trip time was 4.90303 milliseconds in repetition 395
tcp_ping received 524288 bytes back
Round trip time was 4.89381 milliseconds in repetition 396
tcp_ping received 524288 bytes back
Round trip time was 4.88248 milliseconds in repetition 397
tcp_ping received 524288 bytes back
Round trip time was 4.95721 milliseconds in repetition 398
tcp_ping received 524288 bytes back
Round trip time was 6.31695 milliseconds in repetition 399
tcp_ping received 524288 bytes back
Round trip time was 5.33978 milliseconds in repetition 400
tcp_ping received 524288 bytes back
Round trip time was 4.995 milliseconds in repetition 401
tcp_ping received 524288 bytes back
Round trip time was 5.04746 milliseconds in repetition 402
tcp_ping received 524288 bytes back
Round trip time was 4.67153 milliseconds in repetition 403
tcp_ping received 524288 bytes back
Round trip time was 5.28423 milliseconds in repetition 404
tcp_ping received 524288 bytes back
Round trip time was 6.24737 milliseconds in repetition 405
tcp_ping received 524288 bytes back
Round trip time was 5.27846 milliseconds in repetition 406
tcp_ping received 524288 bytes back
Round trip time was 6.2034 milliseconds in repetition 407
tcp_ping received 524288 bytes back
Round trip time was 5.04166 milliseconds in repetition 408
tcp_ping received 524288 bytes back
Round trip time was 4.92716 milliseconds in repetition 409
tcp_ping received 524288 bytes back
Round trip time was 5.5376 milliseconds in repetition 410
tcp_ping received 524288 bytes back
Round trip time was 5.86998 milliseconds in repetition 411
tcp_ping received 524288 bytes back
Round trip time was 5.18561 milliseconds in repetition 412
tcp_ping received 524288 bytes back
Round trip time was 5.06407 milliseconds in repetition 413
tcp_ping received 524288 bytes back
Round trip time was 4.88513 milliseconds in repetition 414
tcp_ping received 524288 bytes back
Round trip time was 5.03873 milliseconds in repetition 415
tcp_ping received 524288 bytes back
Round trip time was 5.47349 milliseconds in repetition 416
tcp_ping received 524288 bytes back
Round trip time was 5.02626 milliseconds in repetition 417
tcp_ping received 524288 bytes back
Round trip time was 6.36109 milliseconds in repetition 418
tcp_ping received 524288 bytes back
Round trip time was 5.35611 milliseconds in repetition 419
tcp_ping received 524288 bytes back
Round trip time was 4.85874 milliseconds in repetition 420
tcp_ping received 524288 bytes back
Round trip time was 5.13211 milliseconds in repetition 421
tcp_ping received 524288 bytes back
Round trip time was 5.25307 milliseconds in repetition 422
tcp_ping received 524288 bytes back
Round trip time was 5.75229 milliseconds in repetition 423
tcp_ping received 524288 bytes back
Round trip time was 5.95559 milliseconds in repetition 424
tcp_ping received 524288 bytes back
Round trip time was 5.43286 milliseconds in repetition 425
tcp_ping received 524288 bytes back
Round trip time was 4.89092 milliseconds in repetition 426
tcp_ping received 524288 bytes back
Round trip time was 6.18611 milliseconds in repetition 427
tcp_ping received 524288 bytes back
Round trip time was 5.56523 milliseconds in repetition 428
tcp_ping received 524288 bytes back
Round trip time was 5.05791 milliseconds in repetition 429
tcp_ping received 524288 bytes back
Round trip time was 4.89282 milliseconds in repetition 430
tcp_ping received 524288 bytes back
Round trip time was 5.02017 milliseconds in repetition 431
tcp_ping received 524288 bytes back
Round trip time was 4.86817 milliseconds in repetition 432
tcp_ping received 524288 bytes back
Round trip time was 5.54396 milliseconds in repetition 433
tcp_ping received 524288 bytes back
Round trip time was 4.97698 milliseconds in repetition 434
tcp_ping received 524288 bytes back
Round trip time was 5.19205 milliseconds in repetition 435
tcp_ping received 524288 bytes back
Round trip time was 4.87445 milliseconds in repetition 436
tcp_ping received 524288 bytes back
Round trip time was 4.93772 milliseconds in repetition 437
tcp_ping received 524288 bytes back
Round trip time was 4.90703 milliseconds in repetition 438
tcp_ping received 524288 bytes back
Round trip time was 6.24287 milliseconds in repetition 439
tcp_ping received 524288 bytes back
Round trip time was 4.91002 milliseconds in repetition 440
tcp_ping received 524288 bytes back
Round trip time was 5.05427 milliseconds in repetition 441
tcp_ping received 524288 bytes back
Round trip time was 5.02878 milliseconds in repetition 442
tcp_ping received 524288 bytes back
Round trip time was 4.83215 milliseconds in repetition 443
tcp_ping received 524288 bytes back
Round trip time was 4.86522 milliseconds in repetition 444
tcp_ping received 524288 bytes back
Round trip time was 5.19271 milliseconds in repetition 445
tcp_ping received 524288 bytes back
Round trip time was 5.28471 milliseconds in repetition 446
tcp_ping received 524288 bytes back
Round trip time was 5.04025 milliseconds in repetition 447
tcp_ping received 524288 bytes back
Round trip time was 5.2487 milliseconds in repetition 448
tcp_ping received 524288 bytes back
Round trip time was 5.22887 milliseconds in repetition 449
tcp_ping received 524288 bytes back
Round trip time was 4.8616 milliseconds in repetition 450
tcp_ping received 524288 bytes back
Round trip time was 5.32329 milliseconds in repetition 451
tcp_ping received 524288 bytes back
Round trip time was 5.23821 milliseconds in repetition 452
tcp_ping received 524288 bytes back
Round trip time was 5.13014 milliseconds in repetition 453
tcp_ping received 524288 bytes back
Round trip time was 5.14459 milliseconds in repetition 454
tcp_ping received 524288 bytes back
Round trip time was 5.94599 milliseconds in repetition 455
tcp_ping received 524288 bytes back
Round trip time was 5.88744 milliseconds in repetition 456
tcp_ping received 524288 bytes back
Round trip time was 5.31102 milliseconds in repetition 457
tcp_ping received 524288 bytes back
Round trip time was 4.85699 milliseconds in repetition 458
tcp_ping received 524288 bytes back
Round trip time was 5.20387 milliseconds in repetition 459
tcp_ping received 524288 bytes back
Round trip time was 5.04797 milliseconds in repetition 460
tcp_ping received 524288 bytes back
Round trip time was 5.12117 milliseconds in repetition 461
tcp_ping received 524288 bytes back
Round trip time was 4.86569 milliseconds in repetition 462
tcp_ping received 524288 bytes back
Round trip time was 5.02326 milliseconds in repetition 463
tcp_ping received 524288 bytes back
Round trip time was 5.0521 milliseconds in repetition 464
tcp_ping received 524288 bytes back
Round trip time was 5.29943 milliseconds in repetition 465
tcp_ping received 524288 bytes back
Round trip time was 4.90687 milliseconds in repetition 466
tcp_ping received 524288 bytes back
Round trip time was 4.99241 milliseconds in repetition 467
tcp_ping received 524288 bytes back
Round trip time was 4.97568 milliseconds in repetition 468
tcp_ping received 524288 bytes back
Round trip time was 4.78813 milliseconds in repetition 469
tcp_ping received 524288 bytes back
Round trip time was 4.86439 milliseconds in repetition 470
tcp_ping received 524288 bytes back
Round trip time was 4.77627 milliseconds in repetition 471
tcp_ping received 524288 bytes back
Round trip time was 4.83311 milliseconds in repetition 472
tcp_ping received 524288 bytes back
Round trip time was 4.73491 milliseconds in repetition 473
tcp_ping received 524288 bytes back
Round trip time was 4.77455 milliseconds in repetition 474
tcp_ping received 524288 bytes back
Round trip time was 4.75076 milliseconds in repetition 475
tcp_ping received 524288 bytes back
Round trip time was 4.69535 milliseconds in repetition 476
tcp_ping received 524288 bytes back
Round trip time was 4.78392 milliseconds in repetition 477
tcp_ping received 524288 bytes back
Round trip time was 4.97492 milliseconds in repetition 478
tcp_ping received 524288 bytes back
Round trip time was 4.63896 milliseconds in repetition 479
tcp_ping received 524288 bytes back
Round trip time was 4.79036 milliseconds in repetition 480
tcp_ping received 524288 bytes back
Round trip time was 4.79863 milliseconds in repetition 481
tcp_ping received 524288 bytes back
Round trip time was 4.79453 milliseconds in repetition 482
tcp_ping received 524288 bytes back
Round trip time was 4.80252 milliseconds in repetition 483
tcp_ping received 524288 bytes back
Round trip time was 4.70768 milliseconds in repetition 484
tcp_ping received 524288 bytes back
Round trip time was 4.70115 milliseconds in repetition 485
tcp_ping received 524288 bytes back
Round trip time was 5.19355 milliseconds in repetition 486
tcp_ping received 524288 bytes back
Round trip time was 5.45615 milliseconds in repetition 487
tcp_ping received 524288 bytes back
Round trip time was 4.80767 milliseconds in repetition 488
tcp_ping received 524288 bytes back
Round trip time was 4.78876 milliseconds in repetition 489
tcp_ping received 524288 bytes back
Round trip time was 4.77805 milliseconds in repetition 490
tcp_ping received 524288 bytes back
Round trip time was 4.81717 milliseconds in repetition 491
tcp_ping received 524288 bytes back
Round trip time was 5.2423 milliseconds in repetition 492
tcp_ping received 524288 bytes back
Round trip time was 5.5612 milliseconds in repetition 493
tcp_ping received 524288 bytes back
Round trip time was 5.58631 milliseconds in repetition 494
tcp_ping received 524288 bytes back
Round trip time was 5.50126 milliseconds in repetition 495
tcp_ping received 524288 bytes back
Round trip time was 5.3302 milliseconds in repetition 496
tcp_ping received 524288 bytes back
Round trip time was 5.02688 milliseconds in repetition 497
tcp_ping received 524288 bytes back
Round trip time was 5.01842 milliseconds in repetition 498
tcp_ping received 524288 bytes back
Round trip time was 4.88652 milliseconds in repetition 499
tcp_ping received 524288 bytes back
Round trip time was 4.99578 milliseconds in repetition 500
tcp_ping received 524288 bytes back
Round trip time was 4.78526 milliseconds in repetition 501

 ... clock resolution was 1e-06
TCP Ping:  Statistics over 501 repetitions of 524288 byte messages

RTT : percentile 10: 4.70768, median: 4.85595, percentile 90: 5.80078, average: 5.09287, variance: 0.44155

RTT histogram:
4.58165 110
4.90455 247
5.22745 64
5.55035 25
5.87325 16
6.19615 16
6.51905 12
6.84195 3
7.16485 2
7.48775 1
7.81064 0
8.13354 0
8.45644 0
8.77934 2
9.10224 1
9.42514 0
9.74804 0
10.0709 1
10.3938 0
10.7167 0
11.0396 1

   median Throughput : 215936 KB/s   overall Throughput : 205891 KB/s

