TCP Ping trying to connect to server localhost (127.0.0.1) on port 1421
 ... connected to Pong server: asking for 501 repetitions of 16384 bytes TCP messages
 ... Pong server agreed :-)
tcp_ping received 16384 bytes back
Round trip time was 0.297791 milliseconds in repetition 1
tcp_ping received 16384 bytes back
Round trip time was 0.348013 milliseconds in repetition 2
tcp_ping received 16384 bytes back
Round trip time was 0.442676 milliseconds in repetition 3
tcp_ping received 16384 bytes back
Round trip time was 0.37464 milliseconds in repetition 4
tcp_ping received 16384 bytes back
Round trip time was 0.336968 milliseconds in repetition 5
tcp_ping received 16384 bytes back
Round trip time was 0.258586 milliseconds in repetition 6
tcp_ping received 16384 bytes back
Round trip time was 0.254294 milliseconds in repetition 7
tcp_ping received 16384 bytes back
Round trip time was 0.253317 milliseconds in repetition 8
tcp_ping received 16384 bytes back
Round trip time was 0.265566 milliseconds in repetition 9
tcp_ping received 16384 bytes back
Round trip time was 0.321528 milliseconds in repetition 10
tcp_ping received 16384 bytes back
Round trip time was 0.289335 milliseconds in repetition 11
tcp_ping received 16384 bytes back
Round trip time was 0.291408 milliseconds in repetition 12
tcp_ping received 16384 bytes back
Round trip time was 0.294312 milliseconds in repetition 13
tcp_ping received 16384 bytes back
Round trip time was 0.274761 milliseconds in repetition 14
tcp_ping received 16384 bytes back
Round trip time was 0.263266 milliseconds in repetition 15
tcp_ping received 16384 bytes back
Round trip time was 0.262503 milliseconds in repetition 16
tcp_ping received 16384 bytes back
Round trip time was 0.27496 milliseconds in repetition 17
tcp_ping received 16384 bytes back
Round trip time was 0.3315 milliseconds in repetition 18
tcp_ping received 16384 bytes back
Round trip time was 0.253162 milliseconds in repetition 19
tcp_ping received 16384 bytes back
Round trip time was 0.16872 milliseconds in repetition 20
tcp_ping received 16384 bytes back
Round trip time was 0.229869 milliseconds in repetition 21
tcp_ping received 16384 bytes back
Round trip time was 0.160512 milliseconds in repetition 22
tcp_ping received 16384 bytes back
Round trip time was 0.162519 milliseconds in repetition 23
tcp_ping received 16384 bytes back
Round trip time was 0.18471 milliseconds in repetition 24
tcp_ping received 16384 bytes back
Round trip time was 0.171318 milliseconds in repetition 25
tcp_ping received 16384 bytes back
Round trip time was 0.170403 milliseconds in repetition 26
tcp_ping received 16384 bytes back
Round trip time was 0.217641 milliseconds in repetition 27
tcp_ping received 16384 bytes back
Round trip time was 0.176843 milliseconds in repetition 28
tcp_ping received 16384 bytes back
Round trip time was 0.159067 milliseconds in repetition 29
tcp_ping received 16384 bytes back
Round trip time was 0.189067 milliseconds in repetition 30
tcp_ping received 16384 bytes back
Round trip time was 0.169735 milliseconds in repetition 31
tcp_ping received 16384 bytes back
Round trip time was 0.159071 milliseconds in repetition 32
tcp_ping received 16384 bytes back
Round trip time was 0.158034 milliseconds in repetition 33
tcp_ping received 16384 bytes back
Round trip time was 0.15775 milliseconds in repetition 34
tcp_ping received 16384 bytes back
Round trip time was 0.157318 milliseconds in repetition 35
tcp_ping received 16384 bytes back
Round trip time was 0.158606 milliseconds in repetition 36
tcp_ping received 16384 bytes back
Round trip time was 0.157822 milliseconds in repetition 37
tcp_ping received 16384 bytes back
Round trip time was 0.158647 milliseconds in repetition 38
tcp_ping received 16384 bytes back
Round trip time was 0.158988 milliseconds in repetition 39
tcp_ping received 16384 bytes back
Round trip time was 0.159222 milliseconds in repetition 40
tcp_ping received 16384 bytes back
Round trip time was 0.159945 milliseconds in repetition 41
tcp_ping received 16384 bytes back
Round trip time was 0.159101 milliseconds in repetition 42
tcp_ping received 16384 bytes back
Round trip time was 0.205642 milliseconds in repetition 43
tcp_ping received 16384 bytes back
Round trip time was 0.19506 milliseconds in repetition 44
tcp_ping received 16384 bytes back
Round trip time was 0.16116 milliseconds in repetition 45
tcp_ping received 16384 bytes back
Round trip time was 0.177701 milliseconds in repetition 46
tcp_ping received 16384 bytes back
Round trip time was 0.169462 milliseconds in repetition 47
tcp_ping received 16384 bytes back
Round trip time was 0.238665 milliseconds in repetition 48
tcp_ping received 16384 bytes back
Round trip time was 0.165511 milliseconds in repetition 49
tcp_ping received 16384 bytes back
Round trip time was 0.158049 milliseconds in repetition 50
tcp_ping received 16384 bytes back
Round trip time was 0.158409 milliseconds in repetition 51
tcp_ping received 16384 bytes back
Round trip time was 0.224432 milliseconds in repetition 52
tcp_ping received 16384 bytes back
Round trip time was 0.212403 milliseconds in repetition 53
tcp_ping received 16384 bytes back
Round trip time was 0.186218 milliseconds in repetition 54
tcp_ping received 16384 bytes back
Round trip time was 0.284127 milliseconds in repetition 55
tcp_ping received 16384 bytes back
Round trip time was 0.173842 milliseconds in repetition 56
tcp_ping received 16384 bytes back
Round trip time was 0.160185 milliseconds in repetition 57
tcp_ping received 16384 bytes back
Round trip time was 0.159543 milliseconds in repetition 58
tcp_ping received 16384 bytes back
Round trip time was 0.159622 milliseconds in repetition 59
tcp_ping received 16384 bytes back
Round trip time was 0.184968 milliseconds in repetition 60
tcp_ping received 16384 bytes back
Round trip time was 0.166513 milliseconds in repetition 61
tcp_ping received 16384 bytes back
Round trip time was 0.249913 milliseconds in repetition 62
tcp_ping received 16384 bytes back
Round trip time was 0.651504 milliseconds in repetition 63
tcp_ping received 16384 bytes back
Round trip time was 0.164299 milliseconds in repetition 64
tcp_ping received 16384 bytes back
Round trip time was 0.158557 milliseconds in repetition 65
tcp_ping received 16384 bytes back
Round trip time was 0.298461 milliseconds in repetition 66
tcp_ping received 16384 bytes back
Round trip time was 0.195664 milliseconds in repetition 67
tcp_ping received 16384 bytes back
Round trip time was 0.167776 milliseconds in repetition 68
tcp_ping received 16384 bytes back
Round trip time was 0.171812 milliseconds in repetition 69
tcp_ping received 16384 bytes back
Round trip time was 0.178665 milliseconds in repetition 70
tcp_ping received 16384 bytes back
Round trip time was 0.168946 milliseconds in repetition 71
tcp_ping received 16384 bytes back
Round trip time was 0.16818 milliseconds in repetition 72
tcp_ping received 16384 bytes back
Round trip time was 0.167858 milliseconds in repetition 73
tcp_ping received 16384 bytes back
Round trip time was 0.169153 milliseconds in repetition 74
tcp_ping received 16384 bytes back
Round trip time was 0.169823 milliseconds in repetition 75
tcp_ping received 16384 bytes back
Round trip time was 0.158672 milliseconds in repetition 76
tcp_ping received 16384 bytes back
Round trip time was 0.168545 milliseconds in repetition 77
tcp_ping received 16384 bytes back
Round trip time was 0.168828 milliseconds in repetition 78
tcp_ping received 16384 bytes back
Round trip time was 0.168415 milliseconds in repetition 79
tcp_ping received 16384 bytes back
Round trip time was 0.167979 milliseconds in repetition 80
tcp_ping received 16384 bytes back
Round trip time was 0.169032 milliseconds in repetition 81
tcp_ping received 16384 bytes back
Round trip time was 0.168787 milliseconds in repetition 82
tcp_ping received 16384 bytes back
Round trip time was 0.18358 milliseconds in repetition 83
tcp_ping received 16384 bytes back
Round trip time was 0.167945 milliseconds in repetition 84
tcp_ping received 16384 bytes back
Round trip time was 0.168726 milliseconds in repetition 85
tcp_ping received 16384 bytes back
Round trip time was 0.168941 milliseconds in repetition 86
tcp_ping received 16384 bytes back
Round trip time was 1.40855 milliseconds in repetition 87
tcp_ping received 16384 bytes back
Round trip time was 0.226272 milliseconds in repetition 88
tcp_ping received 16384 bytes back
Round trip time was 0.162026 milliseconds in repetition 89
tcp_ping received 16384 bytes back
Round trip time was 0.177412 milliseconds in repetition 90
tcp_ping received 16384 bytes back
Round trip time was 0.155276 milliseconds in repetition 91
tcp_ping received 16384 bytes back
Round trip time was 0.154111 milliseconds in repetition 92
tcp_ping received 16384 bytes back
Round trip time was 0.155543 milliseconds in repetition 93
tcp_ping received 16384 bytes back
Round trip time was 0.154214 milliseconds in repetition 94
tcp_ping received 16384 bytes back
Round trip time was 0.154565 milliseconds in repetition 95
tcp_ping received 16384 bytes back
Round trip time was 0.154746 milliseconds in repetition 96
tcp_ping received 16384 bytes back
Round trip time was 0.153398 milliseconds in repetition 97
tcp_ping received 16384 bytes back
Round trip time was 0.153742 milliseconds in repetition 98
tcp_ping received 16384 bytes back
Round trip time was 0.154288 milliseconds in repetition 99
tcp_ping received 16384 bytes back
Round trip time was 0.153321 milliseconds in repetition 100
tcp_ping received 16384 bytes back
Round trip time was 0.15406 milliseconds in repetition 101
tcp_ping received 16384 bytes back
Round trip time was 0.154802 milliseconds in repetition 102
tcp_ping received 16384 bytes back
Round trip time was 0.261736 milliseconds in repetition 103
tcp_ping received 16384 bytes back
Round trip time was 0.225751 milliseconds in repetition 104
tcp_ping received 16384 bytes back
Round trip time was 0.168405 milliseconds in repetition 105
tcp_ping received 16384 bytes back
Round trip time was 0.154886 milliseconds in repetition 106
tcp_ping received 16384 bytes back
Round trip time was 0.178279 milliseconds in repetition 107
tcp_ping received 16384 bytes back
Round trip time was 0.557282 milliseconds in repetition 108
tcp_ping received 16384 bytes back
Round trip time was 0.307963 milliseconds in repetition 109
tcp_ping received 16384 bytes back
Round trip time was 0.201491 milliseconds in repetition 110
tcp_ping received 16384 bytes back
Round trip time was 0.166737 milliseconds in repetition 111
tcp_ping received 16384 bytes back
Round trip time was 0.492235 milliseconds in repetition 112
tcp_ping received 16384 bytes back
Round trip time was 0.188229 milliseconds in repetition 113
tcp_ping received 16384 bytes back
Round trip time was 0.154623 milliseconds in repetition 114
tcp_ping received 16384 bytes back
Round trip time was 0.154691 milliseconds in repetition 115
tcp_ping received 16384 bytes back
Round trip time was 0.203367 milliseconds in repetition 116
tcp_ping received 16384 bytes back
Round trip time was 0.153538 milliseconds in repetition 117
tcp_ping received 16384 bytes back
Round trip time was 0.154013 milliseconds in repetition 118
tcp_ping received 16384 bytes back
Round trip time was 0.172666 milliseconds in repetition 119
tcp_ping received 16384 bytes back
Round trip time was 0.37039 milliseconds in repetition 120
tcp_ping received 16384 bytes back
Round trip time was 0.518383 milliseconds in repetition 121
tcp_ping received 16384 bytes back
Round trip time was 0.212849 milliseconds in repetition 122
tcp_ping received 16384 bytes back
Round trip time was 0.159069 milliseconds in repetition 123
tcp_ping received 16384 bytes back
Round trip time was 0.159336 milliseconds in repetition 124
tcp_ping received 16384 bytes back
Round trip time was 0.160347 milliseconds in repetition 125
tcp_ping received 16384 bytes back
Round trip time was 0.158323 milliseconds in repetition 126
tcp_ping received 16384 bytes back
Round trip time was 1.52164 milliseconds in repetition 127
tcp_ping received 16384 bytes back
Round trip time was 0.395238 milliseconds in repetition 128
tcp_ping received 16384 bytes back
Round trip time was 0.181816 milliseconds in repetition 129
tcp_ping received 16384 bytes back
Round trip time was 0.193983 milliseconds in repetition 130
tcp_ping received 16384 bytes back
Round trip time was 2.31567 milliseconds in repetition 131
tcp_ping received 16384 bytes back
Round trip time was 0.1803 milliseconds in repetition 132
tcp_ping received 16384 bytes back
Round trip time was 0.154161 milliseconds in repetition 133
tcp_ping received 16384 bytes back
Round trip time was 0.153815 milliseconds in repetition 134
tcp_ping received 16384 bytes back
Round trip time was 0.153333 milliseconds in repetition 135
tcp_ping received 16384 bytes back
Round trip time was 0.153493 milliseconds in repetition 136
tcp_ping received 16384 bytes back
Round trip time was 0.153193 milliseconds in repetition 137
tcp_ping received 16384 bytes back
Round trip time was 0.153465 milliseconds in repetition 138
tcp_ping received 16384 bytes back
Round trip time was 0.197429 milliseconds in repetition 139
tcp_ping received 16384 bytes back
Round trip time was 0.161233 milliseconds in repetition 140
tcp_ping received 16384 bytes back
Round trip time was 0.153232 milliseconds in repetition 141
tcp_ping received 16384 bytes back
Round trip time was 0.235836 milliseconds in repetition 142
tcp_ping received 16384 bytes back
Round trip time was 0.178012 milliseconds in repetition 143
tcp_ping received 16384 bytes back
Round trip time was 0.230215 milliseconds in repetition 144
tcp_ping received 16384 bytes back
Round trip time was 0.157724 milliseconds in repetition 145
tcp_ping received 16384 bytes back
Round trip time was 0.153412 milliseconds in repetition 146
tcp_ping received 16384 bytes back
Round trip time was 0.153256 milliseconds in repetition 147
tcp_ping received 16384 bytes back
Round trip time was 0.19996 milliseconds in repetition 148
tcp_ping received 16384 bytes back
Round trip time was 0.21231 milliseconds in repetition 149
tcp_ping received 16384 bytes back
Round trip time was 0.16753 milliseconds in repetition 150
tcp_ping received 16384 bytes back
Round trip time was 0.153763 milliseconds in repetition 151
tcp_ping received 16384 bytes back
Round trip time was 0.207335 milliseconds in repetition 152
tcp_ping received 16384 bytes back
Round trip time was 0.157737 milliseconds in repetition 153
tcp_ping received 16384 bytes back
Round trip time was 0.153447 milliseconds in repetition 154
tcp_ping received 16384 bytes back
Round trip time was 0.15405 milliseconds in repetition 155
tcp_ping received 16384 bytes back
Round trip time was 0.153515 milliseconds in repetition 156
tcp_ping received 16384 bytes back
Round trip time was 0.153186 milliseconds in repetition 157
tcp_ping received 16384 bytes back
Round trip time was 0.152868 milliseconds in repetition 158
tcp_ping received 16384 bytes back
Round trip time was 0.153583 milliseconds in repetition 159
tcp_ping received 16384 bytes back
Round trip time was 0.152994 milliseconds in repetition 160
tcp_ping received 16384 bytes back
Round trip time was 0.26557 milliseconds in repetition 161
tcp_ping received 16384 bytes back
Round trip time was 0.154363 milliseconds in repetition 162
tcp_ping received 16384 bytes back
Round trip time was 0.155036 milliseconds in repetition 163
tcp_ping received 16384 bytes back
Round trip time was 0.154493 milliseconds in repetition 164
tcp_ping received 16384 bytes back
Round trip time was 0.721826 milliseconds in repetition 165
tcp_ping received 16384 bytes back
Round trip time was 0.195046 milliseconds in repetition 166
tcp_ping received 16384 bytes back
Round trip time was 0.234122 milliseconds in repetition 167
tcp_ping received 16384 bytes back
Round trip time was 0.165112 milliseconds in repetition 168
tcp_ping received 16384 bytes back
Round trip time was 0.192024 milliseconds in repetition 169
tcp_ping received 16384 bytes back
Round trip time was 0.288896 milliseconds in repetition 170
tcp_ping received 16384 bytes back
Round trip time was 0.159447 milliseconds in repetition 171
tcp_ping received 16384 bytes back
Round trip time was 0.154824 milliseconds in repetition 172
tcp_ping received 16384 bytes back
Round trip time was 0.186956 milliseconds in repetition 173
tcp_ping received 16384 bytes back
Round trip time was 0.154831 milliseconds in repetition 174
tcp_ping received 16384 bytes back
Round trip time was 0.154244 milliseconds in repetition 175
tcp_ping received 16384 bytes back
Round trip time was 0.196929 milliseconds in repetition 176
tcp_ping received 16384 bytes back
Round trip time was 0.187477 milliseconds in repetition 177
tcp_ping received 16384 bytes back
Round trip time was 0.195363 milliseconds in repetition 178
tcp_ping received 16384 bytes back
Round trip time was 0.196103 milliseconds in repetition 179
tcp_ping received 16384 bytes back
Round trip time was 0.204519 milliseconds in repetition 180
tcp_ping received 16384 bytes back
Round trip time was 0.156336 milliseconds in repetition 181
tcp_ping received 16384 bytes back
Round trip time was 0.222484 milliseconds in repetition 182
tcp_ping received 16384 bytes back
Round trip time was 0.175833 milliseconds in repetition 183
tcp_ping received 16384 bytes back
Round trip time was 0.153375 milliseconds in repetition 184
tcp_ping received 16384 bytes back
Round trip time was 0.153542 milliseconds in repetition 185
tcp_ping received 16384 bytes back
Round trip time was 0.154178 milliseconds in repetition 186
tcp_ping received 16384 bytes back
Round trip time was 0.154947 milliseconds in repetition 187
tcp_ping received 16384 bytes back
Round trip time was 0.15589 milliseconds in repetition 188
tcp_ping received 16384 bytes back
Round trip time was 0.186622 milliseconds in repetition 189
tcp_ping received 16384 bytes back
Round trip time was 0.156822 milliseconds in repetition 190
tcp_ping received 16384 bytes back
Round trip time was 0.155505 milliseconds in repetition 191
tcp_ping received 16384 bytes back
Round trip time was 0.155947 milliseconds in repetition 192
tcp_ping received 16384 bytes back
Round trip time was 0.156885 milliseconds in repetition 193
tcp_ping received 16384 bytes back
Round trip time was 0.156389 milliseconds in repetition 194
tcp_ping received 16384 bytes back
Round trip time was 0.15763 milliseconds in repetition 195
tcp_ping received 16384 bytes back
Round trip time was 0.157193 milliseconds in repetition 196
tcp_ping received 16384 bytes back
Round trip time was 0.15705 milliseconds in repetition 197
tcp_ping received 16384 bytes back
Round trip time was 0.157218 milliseconds in repetition 198
tcp_ping received 16384 bytes back
Round trip time was 0.157666 milliseconds in repetition 199
tcp_ping received 16384 bytes back
Round trip time was 0.157485 milliseconds in repetition 200
tcp_ping received 16384 bytes back
Round trip time was 0.156986 milliseconds in repetition 201
tcp_ping received 16384 bytes back
Round trip time was 0.157494 milliseconds in repetition 202
tcp_ping received 16384 bytes back
Round trip time was 0.231242 milliseconds in repetition 203
tcp_ping received 16384 bytes back
Round trip time was 0.174095 milliseconds in repetition 204
tcp_ping received 16384 bytes back
Round trip time was 0.286655 milliseconds in repetition 205
tcp_ping received 16384 bytes back
Round trip time was 0.183368 milliseconds in repetition 206
tcp_ping received 16384 bytes back
Round trip time was 0.158588 milliseconds in repetition 207
tcp_ping received 16384 bytes back
Round trip time was 0.158228 milliseconds in repetition 208
tcp_ping received 16384 bytes back
Round trip time was 0.158387 milliseconds in repetition 209
tcp_ping received 16384 bytes back
Round trip time was 0.156797 milliseconds in repetition 210
tcp_ping received 16384 bytes back
Round trip time was 0.330133 milliseconds in repetition 211
tcp_ping received 16384 bytes back
Round trip time was 0.478741 milliseconds in repetition 212
tcp_ping received 16384 bytes back
Round trip time was 0.162502 milliseconds in repetition 213
tcp_ping received 16384 bytes back
Round trip time was 0.163729 milliseconds in repetition 214
tcp_ping received 16384 bytes back
Round trip time was 0.179478 milliseconds in repetition 215
tcp_ping received 16384 bytes back
Round trip time was 0.304105 milliseconds in repetition 216
tcp_ping received 16384 bytes back
Round trip time was 0.383302 milliseconds in repetition 217
tcp_ping received 16384 bytes back
Round trip time was 0.258392 milliseconds in repetition 218
tcp_ping received 16384 bytes back
Round trip time was 0.309847 milliseconds in repetition 219
tcp_ping received 16384 bytes back
Round trip time was 0.272525 milliseconds in repetition 220
tcp_ping received 16384 bytes back
Round trip time was 0.221528 milliseconds in repetition 221
tcp_ping received 16384 bytes back
Round trip time was 0.199111 milliseconds in repetition 222
tcp_ping received 16384 bytes back
Round trip time was 0.156691 milliseconds in repetition 223
tcp_ping received 16384 bytes back
Round trip time was 0.155015 milliseconds in repetition 224
tcp_ping received 16384 bytes back
Round trip time was 0.163773 milliseconds in repetition 225
tcp_ping received 16384 bytes back
Round trip time was 0.287606 milliseconds in repetition 226
tcp_ping received 16384 bytes back
Round trip time was 0.582061 milliseconds in repetition 227
tcp_ping received 16384 bytes back
Round trip time was 0.424864 milliseconds in repetition 228
tcp_ping received 16384 bytes back
Round trip time was 0.174703 milliseconds in repetition 229
tcp_ping received 16384 bytes back
Round trip time was 0.160631 milliseconds in repetition 230
tcp_ping received 16384 bytes back
Round trip time was 0.162758 milliseconds in repetition 231
tcp_ping received 16384 bytes back
Round trip time was 0.278928 milliseconds in repetition 232
tcp_ping received 16384 bytes back
Round trip time was 0.241584 milliseconds in repetition 233
tcp_ping received 16384 bytes back
Round trip time was 2.96491 milliseconds in repetition 234
tcp_ping received 16384 bytes back
Round trip time was 0.183622 milliseconds in repetition 235
tcp_ping received 16384 bytes back
Round trip time was 0.159029 milliseconds in repetition 236
tcp_ping received 16384 bytes back
Round trip time was 0.159944 milliseconds in repetition 237
tcp_ping received 16384 bytes back
Round trip time was 0.159562 milliseconds in repetition 238
tcp_ping received 16384 bytes back
Round trip time was 0.160094 milliseconds in repetition 239
tcp_ping received 16384 bytes back
Round trip time was 1.22494 milliseconds in repetition 240
tcp_ping received 16384 bytes back
Round trip time was 0.276413 milliseconds in repetition 241
tcp_ping received 16384 bytes back
Round trip time was 0.259624 milliseconds in repetition 242
tcp_ping received 16384 bytes back
Round trip time was 0.185085 milliseconds in repetition 243
tcp_ping received 16384 bytes back
Round trip time was 0.156159 milliseconds in repetition 244
tcp_ping received 16384 bytes back
Round trip time was 0.155066 milliseconds in repetition 245
tcp_ping received 16384 bytes back
Round trip time was 0.154571 milliseconds in repetition 246
tcp_ping received 16384 bytes back
Round trip time was 0.185872 milliseconds in repetition 247
tcp_ping received 16384 bytes back
Round trip time was 0.228269 milliseconds in repetition 248
tcp_ping received 16384 bytes back
Round trip time was 0.218761 milliseconds in repetition 249
tcp_ping received 16384 bytes back
Round trip time was 0.374005 milliseconds in repetition 250
tcp_ping received 16384 bytes back
Round trip time was 0.231838 milliseconds in repetition 251
tcp_ping received 16384 bytes back
Round trip time was 0.242121 milliseconds in repetition 252
tcp_ping received 16384 bytes back
Round trip time was 0.155472 milliseconds in repetition 253
tcp_ping received 16384 bytes back
Round trip time was 0.154196 milliseconds in repetition 254
tcp_ping received 16384 bytes back
Round trip time was 0.157761 milliseconds in repetition 255
tcp_ping received 16384 bytes back
Round trip time was 0.156149 milliseconds in repetition 256
tcp_ping received 16384 bytes back
Round trip time was 0.15323 milliseconds in repetition 257
tcp_ping received 16384 bytes back
Round trip time was 2.14066 milliseconds in repetition 258
tcp_ping received 16384 bytes back
Round trip time was 0.177289 milliseconds in repetition 259
tcp_ping received 16384 bytes back
Round trip time was 0.248709 milliseconds in repetition 260
tcp_ping received 16384 bytes back
Round trip time was 0.188001 milliseconds in repetition 261
tcp_ping received 16384 bytes back
Round trip time was 0.206808 milliseconds in repetition 262
tcp_ping received 16384 bytes back
Round trip time was 0.246287 milliseconds in repetition 263
tcp_ping received 16384 bytes back
Round trip time was 0.401045 milliseconds in repetition 264
tcp_ping received 16384 bytes back
Round trip time was 0.227309 milliseconds in repetition 265
tcp_ping received 16384 bytes back
Round trip time was 0.177851 milliseconds in repetition 266
tcp_ping received 16384 bytes back
Round trip time was 0.154291 milliseconds in repetition 267
tcp_ping received 16384 bytes back
Round trip time was 0.154561 milliseconds in repetition 268
tcp_ping received 16384 bytes back
Round trip time was 0.154813 milliseconds in repetition 269
tcp_ping received 16384 bytes back
Round trip time was 0.17817 milliseconds in repetition 270
tcp_ping received 16384 bytes back
Round trip time was 0.557254 milliseconds in repetition 271
tcp_ping received 16384 bytes back
Round trip time was 0.182949 milliseconds in repetition 272
tcp_ping received 16384 bytes back
Round trip time was 0.154428 milliseconds in repetition 273
tcp_ping received 16384 bytes back
Round trip time was 0.154615 milliseconds in repetition 274
tcp_ping received 16384 bytes back
Round trip time was 0.176858 milliseconds in repetition 275
tcp_ping received 16384 bytes back
Round trip time was 0.210669 milliseconds in repetition 276
tcp_ping received 16384 bytes back
Round trip time was 0.153182 milliseconds in repetition 277
tcp_ping received 16384 bytes back
Round trip time was 0.215309 milliseconds in repetition 278
tcp_ping received 16384 bytes back
Round trip time was 0.224849 milliseconds in repetition 279
tcp_ping received 16384 bytes back
Round trip time was 0.209518 milliseconds in repetition 280
tcp_ping received 16384 bytes back
Round trip time was 0.208104 milliseconds in repetition 281
tcp_ping received 16384 bytes back
Round trip time was 0.154254 milliseconds in repetition 282
tcp_ping received 16384 bytes back
Round trip time was 0.153379 milliseconds in repetition 283
tcp_ping received 16384 bytes back
Round trip time was 0.156 milliseconds in repetition 284
tcp_ping received 16384 bytes back
Round trip time was 0.157842 milliseconds in repetition 285
tcp_ping received 16384 bytes back
Round trip time was 0.307003 milliseconds in repetition 286
tcp_ping received 16384 bytes back
Round trip time was 0.162283 milliseconds in repetition 287
tcp_ping received 16384 bytes back
Round trip time was 0.153772 milliseconds in repetition 288
tcp_ping received 16384 bytes back
Round trip time was 0.154909 milliseconds in repetition 289
tcp_ping received 16384 bytes back
Round trip time was 0.154742 milliseconds in repetition 290
tcp_ping received 16384 bytes back
Round trip time was 0.156414 milliseconds in repetition 291
tcp_ping received 16384 bytes back
Round trip time was 0.154778 milliseconds in repetition 292
tcp_ping received 16384 bytes back
Round trip time was 0.374114 milliseconds in repetition 293
tcp_ping received 16384 bytes back
Round trip time was 0.229164 milliseconds in repetition 294
tcp_ping received 16384 bytes back
Round trip time was 0.300425 milliseconds in repetition 295
tcp_ping received 16384 bytes back
Round trip time was 0.186156 milliseconds in repetition 296
tcp_ping received 16384 bytes back
Round trip time was 0.162821 milliseconds in repetition 297
tcp_ping received 16384 bytes back
Round trip time was 0.154237 milliseconds in repetition 298
tcp_ping received 16384 bytes back
Round trip time was 0.155088 milliseconds in repetition 299
tcp_ping received 16384 bytes back
Round trip time was 0.154596 milliseconds in repetition 300
tcp_ping received 16384 bytes back
Round trip time was 0.155659 milliseconds in repetition 301
tcp_ping received 16384 bytes back
Round trip time was 0.155496 milliseconds in repetition 302
tcp_ping received 16384 bytes back
Round trip time was 0.208249 milliseconds in repetition 303
tcp_ping received 16384 bytes back
Round trip time was 0.346307 milliseconds in repetition 304
tcp_ping received 16384 bytes back
Round trip time was 0.159934 milliseconds in repetition 305
tcp_ping received 16384 bytes back
Round trip time was 0.154141 milliseconds in repetition 306
tcp_ping received 16384 bytes back
Round trip time was 0.153915 milliseconds in repetition 307
tcp_ping received 16384 bytes back
Round trip time was 0.15447 milliseconds in repetition 308
tcp_ping received 16384 bytes back
Round trip time was 0.155611 milliseconds in repetition 309
tcp_ping received 16384 bytes back
Round trip time was 0.155083 milliseconds in repetition 310
tcp_ping received 16384 bytes back
Round trip time was 0.156035 milliseconds in repetition 311
tcp_ping received 16384 bytes back
Round trip time was 0.271095 milliseconds in repetition 312
tcp_ping received 16384 bytes back
Round trip time was 0.160006 milliseconds in repetition 313
tcp_ping received 16384 bytes back
Round trip time was 0.153063 milliseconds in repetition 314
tcp_ping received 16384 bytes back
Round trip time was 0.152737 milliseconds in repetition 315
tcp_ping received 16384 bytes back
Round trip time was 0.15266 milliseconds in repetition 316
tcp_ping received 16384 bytes back
Round trip time was 0.15357 milliseconds in repetition 317
tcp_ping received 16384 bytes back
Round trip time was 0.152898 milliseconds in repetition 318
tcp_ping received 16384 bytes back
Round trip time was 0.152651 milliseconds in repetition 319
tcp_ping received 16384 bytes back
Round trip time was 0.178932 milliseconds in repetition 320
tcp_ping received 16384 bytes back
Round trip time was 0.209093 milliseconds in repetition 321
tcp_ping received 16384 bytes back
Round trip time was 0.288403 milliseconds in repetition 322
tcp_ping received 16384 bytes back
Round trip time was 0.229859 milliseconds in repetition 323
tcp_ping received 16384 bytes back
Round trip time was 0.154524 milliseconds in repetition 324
tcp_ping received 16384 bytes back
Round trip time was 0.196958 milliseconds in repetition 325
tcp_ping received 16384 bytes back
Round trip time was 0.228955 milliseconds in repetition 326
tcp_ping received 16384 bytes back
Round trip time was 0.164024 milliseconds in repetition 327
tcp_ping received 16384 bytes back
Round trip time was 0.153202 milliseconds in repetition 328
tcp_ping received 16384 bytes back
Round trip time was 0.152743 milliseconds in repetition 329
tcp_ping received 16384 bytes back
Round trip time was 0.152654 milliseconds in repetition 330
tcp_ping received 16384 bytes back
Round trip time was 0.152544 milliseconds in repetition 331
tcp_ping received 16384 bytes back
Round trip time was 0.152893 milliseconds in repetition 332
tcp_ping received 16384 bytes back
Round trip time was 0.289703 milliseconds in repetition 333
tcp_ping received 16384 bytes back
Round trip time was 0.16974 milliseconds in repetition 334
tcp_ping received 16384 bytes back
Round trip time was 0.153714 milliseconds in repetition 335
tcp_ping received 16384 bytes back
Round trip time was 0.15321 milliseconds in repetition 336
tcp_ping received 16384 bytes back
Round trip time was 0.152681 milliseconds in repetition 337
tcp_ping received 16384 bytes back
Round trip time was 0.152734 milliseconds in repetition 338
tcp_ping received 16384 bytes back
Round trip time was 0.152652 milliseconds in repetition 339
tcp_ping received 16384 bytes back
Round trip time was 0.153592 milliseconds in repetition 340
tcp_ping received 16384 bytes back
Round trip time was 0.153057 milliseconds in repetition 341
tcp_ping received 16384 bytes back
Round trip time was 0.152731 milliseconds in repetition 342
tcp_ping received 16384 bytes back
Round trip time was 0.152694 milliseconds in repetition 343
tcp_ping received 16384 bytes back
Round trip time was 0.152681 milliseconds in repetition 344
tcp_ping received 16384 bytes back
Round trip time was 0.15256 milliseconds in repetition 345
tcp_ping received 16384 bytes back
Round trip time was 0.256157 milliseconds in repetition 346
tcp_ping received 16384 bytes back
Round trip time was 0.212795 milliseconds in repetition 347
tcp_ping received 16384 bytes back
Round trip time was 0.18835 milliseconds in repetition 348
tcp_ping received 16384 bytes back
Round trip time was 0.1624 milliseconds in repetition 349
tcp_ping received 16384 bytes back
Round trip time was 0.153246 milliseconds in repetition 350
tcp_ping received 16384 bytes back
Round trip time was 0.154125 milliseconds in repetition 351
tcp_ping received 16384 bytes back
Round trip time was 0.153493 milliseconds in repetition 352
tcp_ping received 16384 bytes back
Round trip time was 0.152973 milliseconds in repetition 353
tcp_ping received 16384 bytes back
Round trip time was 0.153575 milliseconds in repetition 354
tcp_ping received 16384 bytes back
Round trip time was 0.15322 milliseconds in repetition 355
tcp_ping received 16384 bytes back
Round trip time was 0.15327 milliseconds in repetition 356
tcp_ping received 16384 bytes back
Round trip time was 0.153214 milliseconds in repetition 357
tcp_ping received 16384 bytes back
Round trip time was 0.153475 milliseconds in repetition 358
tcp_ping received 16384 bytes back
Round trip time was 0.174584 milliseconds in repetition 359
tcp_ping received 16384 bytes back
Round trip time was 0.304369 milliseconds in repetition 360
tcp_ping received 16384 bytes back
Round trip time was 0.248931 milliseconds in repetition 361
tcp_ping received 16384 bytes back
Round trip time was 0.203598 milliseconds in repetition 362
tcp_ping received 16384 bytes back
Round trip time was 0.307461 milliseconds in repetition 363
tcp_ping received 16384 bytes back
Round trip time was 0.21003 milliseconds in repetition 364
tcp_ping received 16384 bytes back
Round trip time was 1.37915 milliseconds in repetition 365
tcp_ping received 16384 bytes back
Round trip time was 0.188447 milliseconds in repetition 366
tcp_ping received 16384 bytes back
Round trip time was 0.164541 milliseconds in repetition 367
tcp_ping received 16384 bytes back
Round trip time was 0.154601 milliseconds in repetition 368
tcp_ping received 16384 bytes back
Round trip time was 0.154579 milliseconds in repetition 369
tcp_ping received 16384 bytes back
Round trip time was 0.154525 milliseconds in repetition 370
tcp_ping received 16384 bytes back
Round trip time was 0.154663 milliseconds in repetition 371
tcp_ping received 16384 bytes back
Round trip time was 0.155021 milliseconds in repetition 372
tcp_ping received 16384 bytes back
Round trip time was 0.154795 milliseconds in repetition 373
tcp_ping received 16384 bytes back
Round trip time was 0.154627 milliseconds in repetition 374
tcp_ping received 16384 bytes back
Round trip time was 0.154499 milliseconds in repetition 375
tcp_ping received 16384 bytes back
Round trip time was 0.154594 milliseconds in repetition 376
tcp_ping received 16384 bytes back
Round trip time was 0.154592 milliseconds in repetition 377
tcp_ping received 16384 bytes back
Round trip time was 0.154823 milliseconds in repetition 378
tcp_ping received 16384 bytes back
Round trip time was 0.272469 milliseconds in repetition 379
tcp_ping received 16384 bytes back
Round trip time was 0.166888 milliseconds in repetition 380
tcp_ping received 16384 bytes back
Round trip time was 0.154956 milliseconds in repetition 381
tcp_ping received 16384 bytes back
Round trip time was 0.16495 milliseconds in repetition 382
tcp_ping received 16384 bytes back
Round trip time was 0.164867 milliseconds in repetition 383
tcp_ping received 16384 bytes back
Round trip time was 0.165179 milliseconds in repetition 384
tcp_ping received 16384 bytes back
Round trip time was 0.222185 milliseconds in repetition 385
tcp_ping received 16384 bytes back
Round trip time was 0.170446 milliseconds in repetition 386
tcp_ping received 16384 bytes back
Round trip time was 0.155256 milliseconds in repetition 387
tcp_ping received 16384 bytes back
Round trip time was 0.165942 milliseconds in repetition 388
tcp_ping received 16384 bytes back
Round trip time was 0.189413 milliseconds in repetition 389
tcp_ping received 16384 bytes back
Round trip time was 0.242904 milliseconds in repetition 390
tcp_ping received 16384 bytes back
Round trip time was 0.247713 milliseconds in repetition 391
tcp_ping received 16384 bytes back
Round trip time was 0.246273 milliseconds in repetition 392
tcp_ping received 16384 bytes back
Round trip time was 0.166546 milliseconds in repetition 393
tcp_ping received 16384 bytes back
Round trip time was 0.244654 milliseconds in repetition 394
tcp_ping received 16384 bytes back
Round trip time was 0.293558 milliseconds in repetition 395
tcp_ping received 16384 bytes back
Round trip time was 0.272166 milliseconds in repetition 396
tcp_ping received 16384 bytes back
Round trip time was 0.166959 milliseconds in repetition 397
tcp_ping received 16384 bytes back
Round trip time was 0.271971 milliseconds in repetition 398
tcp_ping received 16384 bytes back
Round trip time was 0.287942 milliseconds in repetition 399
tcp_ping received 16384 bytes back
Round trip time was 0.166603 milliseconds in repetition 400
tcp_ping received 16384 bytes back
Round trip time was 0.153112 milliseconds in repetition 401
tcp_ping received 16384 bytes back
Round trip time was 0.236728 milliseconds in repetition 402
tcp_ping received 16384 bytes back
Round trip time was 0.213798 milliseconds in repetition 403
tcp_ping received 16384 bytes back
Round trip time was 0.240163 milliseconds in repetition 404
tcp_ping received 16384 bytes back
Round trip time was 0.157019 milliseconds in repetition 405
tcp_ping received 16384 bytes back
Round trip time was 0.153042 milliseconds in repetition 406
tcp_ping received 16384 bytes back
Round trip time was 0.152925 milliseconds in repetition 407
tcp_ping received 16384 bytes back
Round trip time was 0.152641 milliseconds in repetition 408
tcp_ping received 16384 bytes back
Round trip time was 0.153768 milliseconds in repetition 409
tcp_ping received 16384 bytes back
Round trip time was 0.152942 milliseconds in repetition 410
tcp_ping received 16384 bytes back
Round trip time was 0.152754 milliseconds in repetition 411
tcp_ping received 16384 bytes back
Round trip time was 0.152671 milliseconds in repetition 412
tcp_ping received 16384 bytes back
Round trip time was 0.152602 milliseconds in repetition 413
tcp_ping received 16384 bytes back
Round trip time was 0.152632 milliseconds in repetition 414
tcp_ping received 16384 bytes back
Round trip time was 0.1536 milliseconds in repetition 415
tcp_ping received 16384 bytes back
Round trip time was 0.152732 milliseconds in repetition 416
tcp_ping received 16384 bytes back
Round trip time was 0.152665 milliseconds in repetition 417
tcp_ping received 16384 bytes back
Round trip time was 0.152788 milliseconds in repetition 418
tcp_ping received 16384 bytes back
Round trip time was 0.152678 milliseconds in repetition 419
tcp_ping received 16384 bytes back
Round trip time was 0.152577 milliseconds in repetition 420
tcp_ping received 16384 bytes back
Round trip time was 0.152703 milliseconds in repetition 421
tcp_ping received 16384 bytes back
Round trip time was 0.152955 milliseconds in repetition 422
tcp_ping received 16384 bytes back
Round trip time was 0.152782 milliseconds in repetition 423
tcp_ping received 16384 bytes back
Round trip time was 0.152647 milliseconds in repetition 424
tcp_ping received 16384 bytes back
Round trip time was 0.152591 milliseconds in repetition 425
tcp_ping received 16384 bytes back
Round trip time was 0.193466 milliseconds in repetition 426
tcp_ping received 16384 bytes back
Round trip time was 0.182151 milliseconds in repetition 427
tcp_ping received 16384 bytes back
Round trip time was 0.162407 milliseconds in repetition 428
tcp_ping received 16384 bytes back
Round trip time was 0.152601 milliseconds in repetition 429
tcp_ping received 16384 bytes back
Round trip time was 0.15254 milliseconds in repetition 430
tcp_ping received 16384 bytes back
Round trip time was 0.15252 milliseconds in repetition 431
tcp_ping received 16384 bytes back
Round trip time was 0.299492 milliseconds in repetition 432
tcp_ping received 16384 bytes back
Round trip time was 0.265221 milliseconds in repetition 433
tcp_ping received 16384 bytes back
Round trip time was 0.261241 milliseconds in repetition 434
tcp_ping received 16384 bytes back
Round trip time was 0.260139 milliseconds in repetition 435
tcp_ping received 16384 bytes back
Round trip time was 0.26021 milliseconds in repetition 436
tcp_ping received 16384 bytes back
Round trip time was 0.273395 milliseconds in repetition 437
tcp_ping received 16384 bytes back
Round trip time was 0.42699 milliseconds in repetition 438
tcp_ping received 16384 bytes back
Round trip time was 0.261098 milliseconds in repetition 439
tcp_ping received 16384 bytes back
Round trip time was 0.252257 milliseconds in repetition 440
tcp_ping received 16384 bytes back
Round trip time was 0.274176 milliseconds in repetition 441
tcp_ping received 16384 bytes back
Round trip time was 0.355199 milliseconds in repetition 442
tcp_ping received 16384 bytes back
Round trip time was 0.284213 milliseconds in repetition 443
tcp_ping received 16384 bytes back
Round trip time was 0.281192 milliseconds in repetition 444
tcp_ping received 16384 bytes back
Round trip time was 0.278979 milliseconds in repetition 445
tcp_ping received 16384 bytes back
Round trip time was 0.277924 milliseconds in repetition 446
tcp_ping received 16384 bytes back
Round trip time was 0.279151 milliseconds in repetition 447
tcp_ping received 16384 bytes back
Round trip time was 0.284556 milliseconds in repetition 448
tcp_ping received 16384 bytes back
Round trip time was 0.279994 milliseconds in repetition 449
tcp_ping received 16384 bytes back
Round trip time was 0.276958 milliseconds in repetition 450
tcp_ping received 16384 bytes back
Round trip time was 0.251665 milliseconds in repetition 451
tcp_ping received 16384 bytes back
Round trip time was 0.422873 milliseconds in repetition 452
tcp_ping received 16384 bytes back
Round trip time was 0.254443 milliseconds in repetition 453
tcp_ping received 16384 bytes back
Round trip time was 0.210908 milliseconds in repetition 454
tcp_ping received 16384 bytes back
Round trip time was 0.214324 milliseconds in repetition 455
tcp_ping received 16384 bytes back
Round trip time was 0.27672 milliseconds in repetition 456
tcp_ping received 16384 bytes back
Round trip time was 0.204969 milliseconds in repetition 457
tcp_ping received 16384 bytes back
Round trip time was 0.227818 milliseconds in repetition 458
tcp_ping received 16384 bytes back
Round trip time was 0.223441 milliseconds in repetition 459
tcp_ping received 16384 bytes back
Round trip time was 0.224532 milliseconds in repetition 460
tcp_ping received 16384 bytes back
Round trip time was 0.186434 milliseconds in repetition 461
tcp_ping received 16384 bytes back
Round trip time was 0.203681 milliseconds in repetition 462
tcp_ping received 16384 bytes back
Round trip time was 0.194978 milliseconds in repetition 463
tcp_ping received 16384 bytes back
Round trip time was 0.186349 milliseconds in repetition 464
tcp_ping received 16384 bytes back
Round trip time was 0.19485 milliseconds in repetition 465
tcp_ping received 16384 bytes back
Round trip time was 0.18587 milliseconds in repetition 466
tcp_ping received 16384 bytes back
Round trip time was 0.194599 milliseconds in repetition 467
tcp_ping received 16384 bytes back
Round trip time was 0.203282 milliseconds in repetition 468
tcp_ping received 16384 bytes back
Round trip time was 0.186572 milliseconds in repetition 469
tcp_ping received 16384 bytes back
Round trip time was 0.203834 milliseconds in repetition 470
tcp_ping received 16384 bytes back
Round trip time was 0.195008 milliseconds in repetition 471
tcp_ping received 16384 bytes back
Round trip time was 0.185889 milliseconds in repetition 472
tcp_ping received 16384 bytes back
Round trip time was 0.203682 milliseconds in repetition 473
tcp_ping received 16384 bytes back
Round trip time was 0.186219 milliseconds in repetition 474
tcp_ping received 16384 bytes back
Round trip time was 0.222975 milliseconds in repetition 475
tcp_ping received 16384 bytes back
Round trip time was 0.188284 milliseconds in repetition 476
tcp_ping received 16384 bytes back
Round trip time was 0.207181 milliseconds in repetition 477
tcp_ping received 16384 bytes back
Round trip time was 0.206926 milliseconds in repetition 478
tcp_ping received 16384 bytes back
Round trip time was 0.185962 milliseconds in repetition 479
tcp_ping received 16384 bytes back
Round trip time was 0.186046 milliseconds in repetition 480
tcp_ping received 16384 bytes back
Round trip time was 0.185841 milliseconds in repetition 481
tcp_ping received 16384 bytes back
Round trip time was 0.233952 milliseconds in repetition 482
tcp_ping received 16384 bytes back
Round trip time was 0.211218 milliseconds in repetition 483
tcp_ping received 16384 bytes back
Round trip time was 0.220185 milliseconds in repetition 484
tcp_ping received 16384 bytes back
Round trip time was 0.237251 milliseconds in repetition 485
tcp_ping received 16384 bytes back
Round trip time was 0.237243 milliseconds in repetition 486
tcp_ping received 16384 bytes back
Round trip time was 0.228214 milliseconds in repetition 487
tcp_ping received 16384 bytes back
Round trip time was 0.219336 milliseconds in repetition 488
tcp_ping received 16384 bytes back
Round trip time was 0.236817 milliseconds in repetition 489
tcp_ping received 16384 bytes back
Round trip time was 0.218772 milliseconds in repetition 490
tcp_ping received 16384 bytes back
Round trip time was 0.308999 milliseconds in repetition 491
tcp_ping received 16384 bytes back
Round trip time was 0.247925 milliseconds in repetition 492
tcp_ping received 16384 bytes back
Round trip time was 0.200889 milliseconds in repetition 493
tcp_ping received 16384 bytes back
Round trip time was 0.225857 milliseconds in repetition 494
tcp_ping received 16384 bytes back
Round trip time was 0.200326 milliseconds in repetition 495
tcp_ping received 16384 bytes back
Round trip time was 0.186642 milliseconds in repetition 496
tcp_ping received 16384 bytes back
Round trip time was 0.213803 milliseconds in repetition 497
tcp_ping received 16384 bytes back
Round trip time was 0.227777 milliseconds in repetition 498
tcp_ping received 16384 bytes back
Round trip time was 0.200546 milliseconds in repetition 499
tcp_ping received 16384 bytes back
Round trip time was 0.194693 milliseconds in repetition 500
tcp_ping received 16384 bytes back
Round trip time was 0.204735 milliseconds in repetition 501

 ... clock resolution was 1e-06
TCP Ping:  Statistics over 501 repetitions of 16384 byte messages

RTT : percentile 10: 0.153232, median: 0.169823, percentile 90: 0.288403, average: 0.224951, variance: 0.0477613

RTT histogram:
0.15252 366
0.293139 109
0.433759 13
0.574378 4
0.714998 2
0.855617 0
0.996237 0
1.13686 0
1.27748 1
1.4181 2
1.55872 1
1.69933 0
1.83995 0
1.98057 0
2.12119 1
2.26181 1
2.40243 0
2.54305 0
2.68367 0
2.82429 0
2.96491 1

   median Throughput : 192954 KB/s   overall Throughput : 145667 KB/s

