TCP Ping trying to connect to server localhost (127.0.0.1) on port 1421
 ... connected to Pong server: asking for 501 repetitions of 24576 bytes TCP messages
 ... Pong server agreed :-)
tcp_ping received 24576 bytes back
Round trip time was 0.33606 milliseconds in repetition 1
tcp_ping received 24576 bytes back
Round trip time was 0.306113 milliseconds in repetition 2
tcp_ping received 24576 bytes back
Round trip time was 0.30579 milliseconds in repetition 3
tcp_ping received 24576 bytes back
Round trip time was 0.35439 milliseconds in repetition 4
tcp_ping received 24576 bytes back
Round trip time was 0.323714 milliseconds in repetition 5
tcp_ping received 24576 bytes back
Round trip time was 0.279161 milliseconds in repetition 6
tcp_ping received 24576 bytes back
Round trip time was 0.431317 milliseconds in repetition 7
tcp_ping received 24576 bytes back
Round trip time was 1.42732 milliseconds in repetition 8
tcp_ping received 24576 bytes back
Round trip time was 0.373159 milliseconds in repetition 9
tcp_ping received 24576 bytes back
Round trip time was 0.370335 milliseconds in repetition 10
tcp_ping received 24576 bytes back
Round trip time was 0.356732 milliseconds in repetition 11
tcp_ping received 24576 bytes back
Round trip time was 0.400719 milliseconds in repetition 12
tcp_ping received 24576 bytes back
Round trip time was 0.365799 milliseconds in repetition 13
tcp_ping received 24576 bytes back
Round trip time was 0.358788 milliseconds in repetition 14
tcp_ping received 24576 bytes back
Round trip time was 0.427316 milliseconds in repetition 15
tcp_ping received 24576 bytes back
Round trip time was 2.09521 milliseconds in repetition 16
tcp_ping received 24576 bytes back
Round trip time was 3.76739 milliseconds in repetition 17
tcp_ping received 24576 bytes back
Round trip time was 0.441152 milliseconds in repetition 18
tcp_ping received 24576 bytes back
Round trip time was 0.671757 milliseconds in repetition 19
tcp_ping received 24576 bytes back
Round trip time was 0.277639 milliseconds in repetition 20
tcp_ping received 24576 bytes back
Round trip time was 0.310465 milliseconds in repetition 21
tcp_ping received 24576 bytes back
Round trip time was 0.284454 milliseconds in repetition 22
tcp_ping received 24576 bytes back
Round trip time was 1.19033 milliseconds in repetition 23
tcp_ping received 24576 bytes back
Round trip time was 0.255545 milliseconds in repetition 24
tcp_ping received 24576 bytes back
Round trip time was 0.309402 milliseconds in repetition 25
tcp_ping received 24576 bytes back
Round trip time was 0.267358 milliseconds in repetition 26
tcp_ping received 24576 bytes back
Round trip time was 0.306828 milliseconds in repetition 27
tcp_ping received 24576 bytes back
Round trip time was 0.304253 milliseconds in repetition 28
tcp_ping received 24576 bytes back
Round trip time was 1.13589 milliseconds in repetition 29
tcp_ping received 24576 bytes back
Round trip time was 0.370114 milliseconds in repetition 30
tcp_ping received 24576 bytes back
Round trip time was 0.36104 milliseconds in repetition 31
tcp_ping received 24576 bytes back
Round trip time was 0.362269 milliseconds in repetition 32
tcp_ping received 24576 bytes back
Round trip time was 1.58683 milliseconds in repetition 33
tcp_ping received 24576 bytes back
Round trip time was 0.283224 milliseconds in repetition 34
tcp_ping received 24576 bytes back
Round trip time was 0.293947 milliseconds in repetition 35
tcp_ping received 24576 bytes back
Round trip time was 0.322186 milliseconds in repetition 36
tcp_ping received 24576 bytes back
Round trip time was 0.273319 milliseconds in repetition 37
tcp_ping received 24576 bytes back
Round trip time was 0.237713 milliseconds in repetition 38
tcp_ping received 24576 bytes back
Round trip time was 0.250993 milliseconds in repetition 39
tcp_ping received 24576 bytes back
Round trip time was 0.859671 milliseconds in repetition 40
tcp_ping received 24576 bytes back
Round trip time was 0.476563 milliseconds in repetition 41
tcp_ping received 24576 bytes back
Round trip time was 0.335296 milliseconds in repetition 42
tcp_ping received 24576 bytes back
Round trip time was 0.440383 milliseconds in repetition 43
tcp_ping received 24576 bytes back
Round trip time was 0.434798 milliseconds in repetition 44
tcp_ping received 24576 bytes back
Round trip time was 0.380467 milliseconds in repetition 45
tcp_ping received 24576 bytes back
Round trip time was 0.375033 milliseconds in repetition 46
tcp_ping received 24576 bytes back
Round trip time was 0.373401 milliseconds in repetition 47
tcp_ping received 24576 bytes back
Round trip time was 0.609216 milliseconds in repetition 48
tcp_ping received 24576 bytes back
Round trip time was 0.524372 milliseconds in repetition 49
tcp_ping received 24576 bytes back
Round trip time was 3.365 milliseconds in repetition 50
tcp_ping received 24576 bytes back
Round trip time was 0.296755 milliseconds in repetition 51
tcp_ping received 24576 bytes back
Round trip time was 0.280778 milliseconds in repetition 52
tcp_ping received 24576 bytes back
Round trip time was 0.410946 milliseconds in repetition 53
tcp_ping received 24576 bytes back
Round trip time was 0.422762 milliseconds in repetition 54
tcp_ping received 24576 bytes back
Round trip time was 2.97682 milliseconds in repetition 55
tcp_ping received 24576 bytes back
Round trip time was 0.242435 milliseconds in repetition 56
tcp_ping received 24576 bytes back
Round trip time was 0.226614 milliseconds in repetition 57
tcp_ping received 24576 bytes back
Round trip time was 0.225366 milliseconds in repetition 58
tcp_ping received 24576 bytes back
Round trip time was 0.22536 milliseconds in repetition 59
tcp_ping received 24576 bytes back
Round trip time was 0.226141 milliseconds in repetition 60
tcp_ping received 24576 bytes back
Round trip time was 0.224997 milliseconds in repetition 61
tcp_ping received 24576 bytes back
Round trip time was 0.446601 milliseconds in repetition 62
tcp_ping received 24576 bytes back
Round trip time was 0.330385 milliseconds in repetition 63
tcp_ping received 24576 bytes back
Round trip time was 0.239113 milliseconds in repetition 64
tcp_ping received 24576 bytes back
Round trip time was 0.224742 milliseconds in repetition 65
tcp_ping received 24576 bytes back
Round trip time was 0.225036 milliseconds in repetition 66
tcp_ping received 24576 bytes back
Round trip time was 0.507835 milliseconds in repetition 67
tcp_ping received 24576 bytes back
Round trip time was 0.535966 milliseconds in repetition 68
tcp_ping received 24576 bytes back
Round trip time was 0.280266 milliseconds in repetition 69
tcp_ping received 24576 bytes back
Round trip time was 1.43875 milliseconds in repetition 70
tcp_ping received 24576 bytes back
Round trip time was 0.239888 milliseconds in repetition 71
tcp_ping received 24576 bytes back
Round trip time was 0.24516 milliseconds in repetition 72
tcp_ping received 24576 bytes back
Round trip time was 0.313793 milliseconds in repetition 73
tcp_ping received 24576 bytes back
Round trip time was 0.314459 milliseconds in repetition 74
tcp_ping received 24576 bytes back
Round trip time was 0.276759 milliseconds in repetition 75
tcp_ping received 24576 bytes back
Round trip time was 0.254524 milliseconds in repetition 76
tcp_ping received 24576 bytes back
Round trip time was 0.258255 milliseconds in repetition 77
tcp_ping received 24576 bytes back
Round trip time was 0.245894 milliseconds in repetition 78
tcp_ping received 24576 bytes back
Round trip time was 0.246035 milliseconds in repetition 79
tcp_ping received 24576 bytes back
Round trip time was 0.235841 milliseconds in repetition 80
tcp_ping received 24576 bytes back
Round trip time was 0.329651 milliseconds in repetition 81
tcp_ping received 24576 bytes back
Round trip time was 0.236893 milliseconds in repetition 82
tcp_ping received 24576 bytes back
Round trip time was 0.224941 milliseconds in repetition 83
tcp_ping received 24576 bytes back
Round trip time was 0.272554 milliseconds in repetition 84
tcp_ping received 24576 bytes back
Round trip time was 0.273262 milliseconds in repetition 85
tcp_ping received 24576 bytes back
Round trip time was 0.235223 milliseconds in repetition 86
tcp_ping received 24576 bytes back
Round trip time was 0.335603 milliseconds in repetition 87
tcp_ping received 24576 bytes back
Round trip time was 0.263614 milliseconds in repetition 88
tcp_ping received 24576 bytes back
Round trip time was 0.224111 milliseconds in repetition 89
tcp_ping received 24576 bytes back
Round trip time was 0.233528 milliseconds in repetition 90
tcp_ping received 24576 bytes back
Round trip time was 0.224213 milliseconds in repetition 91
tcp_ping received 24576 bytes back
Round trip time was 0.225025 milliseconds in repetition 92
tcp_ping received 24576 bytes back
Round trip time was 0.22589 milliseconds in repetition 93
tcp_ping received 24576 bytes back
Round trip time was 0.224195 milliseconds in repetition 94
tcp_ping received 24576 bytes back
Round trip time was 0.224248 milliseconds in repetition 95
tcp_ping received 24576 bytes back
Round trip time was 0.224654 milliseconds in repetition 96
tcp_ping received 24576 bytes back
Round trip time was 0.225118 milliseconds in repetition 97
tcp_ping received 24576 bytes back
Round trip time was 0.22441 milliseconds in repetition 98
tcp_ping received 24576 bytes back
Round trip time was 0.224826 milliseconds in repetition 99
tcp_ping received 24576 bytes back
Round trip time was 0.306746 milliseconds in repetition 100
tcp_ping received 24576 bytes back
Round trip time was 0.238564 milliseconds in repetition 101
tcp_ping received 24576 bytes back
Round trip time was 0.225027 milliseconds in repetition 102
tcp_ping received 24576 bytes back
Round trip time was 0.224076 milliseconds in repetition 103
tcp_ping received 24576 bytes back
Round trip time was 0.224211 milliseconds in repetition 104
tcp_ping received 24576 bytes back
Round trip time was 0.311026 milliseconds in repetition 105
tcp_ping received 24576 bytes back
Round trip time was 0.255853 milliseconds in repetition 106
tcp_ping received 24576 bytes back
Round trip time was 0.229525 milliseconds in repetition 107
tcp_ping received 24576 bytes back
Round trip time was 0.327013 milliseconds in repetition 108
tcp_ping received 24576 bytes back
Round trip time was 0.266607 milliseconds in repetition 109
tcp_ping received 24576 bytes back
Round trip time was 0.224562 milliseconds in repetition 110
tcp_ping received 24576 bytes back
Round trip time was 0.224212 milliseconds in repetition 111
tcp_ping received 24576 bytes back
Round trip time was 0.243143 milliseconds in repetition 112
tcp_ping received 24576 bytes back
Round trip time was 0.273228 milliseconds in repetition 113
tcp_ping received 24576 bytes back
Round trip time was 0.23442 milliseconds in repetition 114
tcp_ping received 24576 bytes back
Round trip time was 0.492553 milliseconds in repetition 115
tcp_ping received 24576 bytes back
Round trip time was 2.42957 milliseconds in repetition 116
tcp_ping received 24576 bytes back
Round trip time was 0.27331 milliseconds in repetition 117
tcp_ping received 24576 bytes back
Round trip time was 0.233047 milliseconds in repetition 118
tcp_ping received 24576 bytes back
Round trip time was 0.226945 milliseconds in repetition 119
tcp_ping received 24576 bytes back
Round trip time was 0.224371 milliseconds in repetition 120
tcp_ping received 24576 bytes back
Round trip time was 0.225244 milliseconds in repetition 121
tcp_ping received 24576 bytes back
Round trip time was 0.306012 milliseconds in repetition 122
tcp_ping received 24576 bytes back
Round trip time was 0.246285 milliseconds in repetition 123
tcp_ping received 24576 bytes back
Round trip time was 0.228519 milliseconds in repetition 124
tcp_ping received 24576 bytes back
Round trip time was 0.229666 milliseconds in repetition 125
tcp_ping received 24576 bytes back
Round trip time was 0.229866 milliseconds in repetition 126
tcp_ping received 24576 bytes back
Round trip time was 0.229433 milliseconds in repetition 127
tcp_ping received 24576 bytes back
Round trip time was 0.230012 milliseconds in repetition 128
tcp_ping received 24576 bytes back
Round trip time was 0.231318 milliseconds in repetition 129
tcp_ping received 24576 bytes back
Round trip time was 0.339379 milliseconds in repetition 130
tcp_ping received 24576 bytes back
Round trip time was 0.268531 milliseconds in repetition 131
tcp_ping received 24576 bytes back
Round trip time was 0.32191 milliseconds in repetition 132
tcp_ping received 24576 bytes back
Round trip time was 0.48644 milliseconds in repetition 133
tcp_ping received 24576 bytes back
Round trip time was 0.305962 milliseconds in repetition 134
tcp_ping received 24576 bytes back
Round trip time was 0.23122 milliseconds in repetition 135
tcp_ping received 24576 bytes back
Round trip time was 0.231018 milliseconds in repetition 136
tcp_ping received 24576 bytes back
Round trip time was 0.232893 milliseconds in repetition 137
tcp_ping received 24576 bytes back
Round trip time was 0.231699 milliseconds in repetition 138
tcp_ping received 24576 bytes back
Round trip time was 0.246583 milliseconds in repetition 139
tcp_ping received 24576 bytes back
Round trip time was 0.227159 milliseconds in repetition 140
tcp_ping received 24576 bytes back
Round trip time was 0.263704 milliseconds in repetition 141
tcp_ping received 24576 bytes back
Round trip time was 0.241162 milliseconds in repetition 142
tcp_ping received 24576 bytes back
Round trip time was 0.225804 milliseconds in repetition 143
tcp_ping received 24576 bytes back
Round trip time was 0.2566 milliseconds in repetition 144
tcp_ping received 24576 bytes back
Round trip time was 0.325394 milliseconds in repetition 145
tcp_ping received 24576 bytes back
Round trip time was 0.477603 milliseconds in repetition 146
tcp_ping received 24576 bytes back
Round trip time was 0.237625 milliseconds in repetition 147
tcp_ping received 24576 bytes back
Round trip time was 0.231785 milliseconds in repetition 148
tcp_ping received 24576 bytes back
Round trip time was 0.232998 milliseconds in repetition 149
tcp_ping received 24576 bytes back
Round trip time was 0.233684 milliseconds in repetition 150
tcp_ping received 24576 bytes back
Round trip time was 0.324108 milliseconds in repetition 151
tcp_ping received 24576 bytes back
Round trip time was 0.330977 milliseconds in repetition 152
tcp_ping received 24576 bytes back
Round trip time was 0.417788 milliseconds in repetition 153
tcp_ping received 24576 bytes back
Round trip time was 0.292001 milliseconds in repetition 154
tcp_ping received 24576 bytes back
Round trip time was 0.238461 milliseconds in repetition 155
tcp_ping received 24576 bytes back
Round trip time was 0.22485 milliseconds in repetition 156
tcp_ping received 24576 bytes back
Round trip time was 0.225076 milliseconds in repetition 157
tcp_ping received 24576 bytes back
Round trip time was 0.22437 milliseconds in repetition 158
tcp_ping received 24576 bytes back
Round trip time was 0.224252 milliseconds in repetition 159
tcp_ping received 24576 bytes back
Round trip time was 0.223923 milliseconds in repetition 160
tcp_ping received 24576 bytes back
Round trip time was 0.224567 milliseconds in repetition 161
tcp_ping received 24576 bytes back
Round trip time was 0.224935 milliseconds in repetition 162
tcp_ping received 24576 bytes back
Round trip time was 0.233353 milliseconds in repetition 163
tcp_ping received 24576 bytes back
Round trip time was 0.240756 milliseconds in repetition 164
tcp_ping received 24576 bytes back
Round trip time was 0.391317 milliseconds in repetition 165
tcp_ping received 24576 bytes back
Round trip time was 0.232512 milliseconds in repetition 166
tcp_ping received 24576 bytes back
Round trip time was 0.228705 milliseconds in repetition 167
tcp_ping received 24576 bytes back
Round trip time was 0.230417 milliseconds in repetition 168
tcp_ping received 24576 bytes back
Round trip time was 0.689688 milliseconds in repetition 169
tcp_ping received 24576 bytes back
Round trip time was 0.346562 milliseconds in repetition 170
tcp_ping received 24576 bytes back
Round trip time was 0.308918 milliseconds in repetition 171
tcp_ping received 24576 bytes back
Round trip time was 0.386303 milliseconds in repetition 172
tcp_ping received 24576 bytes back
Round trip time was 0.348239 milliseconds in repetition 173
tcp_ping received 24576 bytes back
Round trip time was 0.308292 milliseconds in repetition 174
tcp_ping received 24576 bytes back
Round trip time was 0.349993 milliseconds in repetition 175
tcp_ping received 24576 bytes back
Round trip time was 0.282514 milliseconds in repetition 176
tcp_ping received 24576 bytes back
Round trip time was 0.226061 milliseconds in repetition 177
tcp_ping received 24576 bytes back
Round trip time was 0.225718 milliseconds in repetition 178
tcp_ping received 24576 bytes back
Round trip time was 0.226144 milliseconds in repetition 179
tcp_ping received 24576 bytes back
Round trip time was 0.227636 milliseconds in repetition 180
tcp_ping received 24576 bytes back
Round trip time was 0.228239 milliseconds in repetition 181
tcp_ping received 24576 bytes back
Round trip time was 0.228117 milliseconds in repetition 182
tcp_ping received 24576 bytes back
Round trip time was 0.228393 milliseconds in repetition 183
tcp_ping received 24576 bytes back
Round trip time was 0.254051 milliseconds in repetition 184
tcp_ping received 24576 bytes back
Round trip time was 0.227451 milliseconds in repetition 185
tcp_ping received 24576 bytes back
Round trip time was 0.270442 milliseconds in repetition 186
tcp_ping received 24576 bytes back
Round trip time was 0.227246 milliseconds in repetition 187
tcp_ping received 24576 bytes back
Round trip time was 0.22388 milliseconds in repetition 188
tcp_ping received 24576 bytes back
Round trip time was 0.222908 milliseconds in repetition 189
tcp_ping received 24576 bytes back
Round trip time was 0.223843 milliseconds in repetition 190
tcp_ping received 24576 bytes back
Round trip time was 0.222976 milliseconds in repetition 191
tcp_ping received 24576 bytes back
Round trip time was 0.28353 milliseconds in repetition 192
tcp_ping received 24576 bytes back
Round trip time was 0.232865 milliseconds in repetition 193
tcp_ping received 24576 bytes back
Round trip time was 0.2233 milliseconds in repetition 194
tcp_ping received 24576 bytes back
Round trip time was 0.222654 milliseconds in repetition 195
tcp_ping received 24576 bytes back
Round trip time was 0.223056 milliseconds in repetition 196
tcp_ping received 24576 bytes back
Round trip time was 0.223225 milliseconds in repetition 197
tcp_ping received 24576 bytes back
Round trip time was 0.222579 milliseconds in repetition 198
tcp_ping received 24576 bytes back
Round trip time was 0.222435 milliseconds in repetition 199
tcp_ping received 24576 bytes back
Round trip time was 0.223358 milliseconds in repetition 200
tcp_ping received 24576 bytes back
Round trip time was 0.222915 milliseconds in repetition 201
tcp_ping received 24576 bytes back
Round trip time was 0.223036 milliseconds in repetition 202
tcp_ping received 24576 bytes back
Round trip time was 0.22245 milliseconds in repetition 203
tcp_ping received 24576 bytes back
Round trip time was 0.377035 milliseconds in repetition 204
tcp_ping received 24576 bytes back
Round trip time was 0.265215 milliseconds in repetition 205
tcp_ping received 24576 bytes back
Round trip time was 0.307645 milliseconds in repetition 206
tcp_ping received 24576 bytes back
Round trip time was 0.428419 milliseconds in repetition 207
tcp_ping received 24576 bytes back
Round trip time was 0.247262 milliseconds in repetition 208
tcp_ping received 24576 bytes back
Round trip time was 0.226956 milliseconds in repetition 209
tcp_ping received 24576 bytes back
Round trip time was 0.223996 milliseconds in repetition 210
tcp_ping received 24576 bytes back
Round trip time was 0.223459 milliseconds in repetition 211
tcp_ping received 24576 bytes back
Round trip time was 0.223373 milliseconds in repetition 212
tcp_ping received 24576 bytes back
Round trip time was 0.259102 milliseconds in repetition 213
tcp_ping received 24576 bytes back
Round trip time was 0.324181 milliseconds in repetition 214
tcp_ping received 24576 bytes back
Round trip time was 0.228564 milliseconds in repetition 215
tcp_ping received 24576 bytes back
Round trip time was 0.223153 milliseconds in repetition 216
tcp_ping received 24576 bytes back
Round trip time was 0.362258 milliseconds in repetition 217
tcp_ping received 24576 bytes back
Round trip time was 0.371858 milliseconds in repetition 218
tcp_ping received 24576 bytes back
Round trip time was 0.476422 milliseconds in repetition 219
tcp_ping received 24576 bytes back
Round trip time was 0.530029 milliseconds in repetition 220
tcp_ping received 24576 bytes back
Round trip time was 0.357644 milliseconds in repetition 221
tcp_ping received 24576 bytes back
Round trip time was 0.35821 milliseconds in repetition 222
tcp_ping received 24576 bytes back
Round trip time was 0.340397 milliseconds in repetition 223
tcp_ping received 24576 bytes back
Round trip time was 0.371454 milliseconds in repetition 224
tcp_ping received 24576 bytes back
Round trip time was 0.370288 milliseconds in repetition 225
tcp_ping received 24576 bytes back
Round trip time was 0.369153 milliseconds in repetition 226
tcp_ping received 24576 bytes back
Round trip time was 0.3696 milliseconds in repetition 227
tcp_ping received 24576 bytes back
Round trip time was 0.369033 milliseconds in repetition 228
tcp_ping received 24576 bytes back
Round trip time was 0.356719 milliseconds in repetition 229
tcp_ping received 24576 bytes back
Round trip time was 0.359704 milliseconds in repetition 230
tcp_ping received 24576 bytes back
Round trip time was 0.450534 milliseconds in repetition 231
tcp_ping received 24576 bytes back
Round trip time was 0.358498 milliseconds in repetition 232
tcp_ping received 24576 bytes back
Round trip time was 0.368626 milliseconds in repetition 233
tcp_ping received 24576 bytes back
Round trip time was 0.312536 milliseconds in repetition 234
tcp_ping received 24576 bytes back
Round trip time was 0.367278 milliseconds in repetition 235
tcp_ping received 24576 bytes back
Round trip time was 0.35535 milliseconds in repetition 236
tcp_ping received 24576 bytes back
Round trip time was 0.366845 milliseconds in repetition 237
tcp_ping received 24576 bytes back
Round trip time was 0.366687 milliseconds in repetition 238
tcp_ping received 24576 bytes back
Round trip time was 0.357969 milliseconds in repetition 239
tcp_ping received 24576 bytes back
Round trip time was 0.338465 milliseconds in repetition 240
tcp_ping received 24576 bytes back
Round trip time was 0.359391 milliseconds in repetition 241
tcp_ping received 24576 bytes back
Round trip time was 0.363419 milliseconds in repetition 242
tcp_ping received 24576 bytes back
Round trip time was 0.33198 milliseconds in repetition 243
tcp_ping received 24576 bytes back
Round trip time was 0.312563 milliseconds in repetition 244
tcp_ping received 24576 bytes back
Round trip time was 0.35217 milliseconds in repetition 245
tcp_ping received 24576 bytes back
Round trip time was 0.368081 milliseconds in repetition 246
tcp_ping received 24576 bytes back
Round trip time was 0.358737 milliseconds in repetition 247
tcp_ping received 24576 bytes back
Round trip time was 0.31993 milliseconds in repetition 248
tcp_ping received 24576 bytes back
Round trip time was 0.311721 milliseconds in repetition 249
tcp_ping received 24576 bytes back
Round trip time was 0.311271 milliseconds in repetition 250
tcp_ping received 24576 bytes back
Round trip time was 0.379382 milliseconds in repetition 251
tcp_ping received 24576 bytes back
Round trip time was 0.348787 milliseconds in repetition 252
tcp_ping received 24576 bytes back
Round trip time was 0.378527 milliseconds in repetition 253
tcp_ping received 24576 bytes back
Round trip time was 0.319309 milliseconds in repetition 254
tcp_ping received 24576 bytes back
Round trip time was 0.318539 milliseconds in repetition 255
tcp_ping received 24576 bytes back
Round trip time was 0.261646 milliseconds in repetition 256
tcp_ping received 24576 bytes back
Round trip time was 0.290309 milliseconds in repetition 257
tcp_ping received 24576 bytes back
Round trip time was 0.864014 milliseconds in repetition 258
tcp_ping received 24576 bytes back
Round trip time was 0.289343 milliseconds in repetition 259
tcp_ping received 24576 bytes back
Round trip time was 0.308616 milliseconds in repetition 260
tcp_ping received 24576 bytes back
Round trip time was 0.315801 milliseconds in repetition 261
tcp_ping received 24576 bytes back
Round trip time was 0.356678 milliseconds in repetition 262
tcp_ping received 24576 bytes back
Round trip time was 0.388309 milliseconds in repetition 263
tcp_ping received 24576 bytes back
Round trip time was 0.350421 milliseconds in repetition 264
tcp_ping received 24576 bytes back
Round trip time was 0.350277 milliseconds in repetition 265
tcp_ping received 24576 bytes back
Round trip time was 0.314159 milliseconds in repetition 266
tcp_ping received 24576 bytes back
Round trip time was 0.3162 milliseconds in repetition 267
tcp_ping received 24576 bytes back
Round trip time was 0.31476 milliseconds in repetition 268
tcp_ping received 24576 bytes back
Round trip time was 0.314345 milliseconds in repetition 269
tcp_ping received 24576 bytes back
Round trip time was 0.305228 milliseconds in repetition 270
tcp_ping received 24576 bytes back
Round trip time was 0.314167 milliseconds in repetition 271
tcp_ping received 24576 bytes back
Round trip time was 0.314189 milliseconds in repetition 272
tcp_ping received 24576 bytes back
Round trip time was 0.314289 milliseconds in repetition 273
tcp_ping received 24576 bytes back
Round trip time was 0.257523 milliseconds in repetition 274
tcp_ping received 24576 bytes back
Round trip time was 0.286657 milliseconds in repetition 275
tcp_ping received 24576 bytes back
Round trip time was 0.357264 milliseconds in repetition 276
tcp_ping received 24576 bytes back
Round trip time was 0.332483 milliseconds in repetition 277
tcp_ping received 24576 bytes back
Round trip time was 0.259471 milliseconds in repetition 278
tcp_ping received 24576 bytes back
Round trip time was 0.320609 milliseconds in repetition 279
tcp_ping received 24576 bytes back
Round trip time was 0.291414 milliseconds in repetition 280
tcp_ping received 24576 bytes back
Round trip time was 0.34805 milliseconds in repetition 281
tcp_ping received 24576 bytes back
Round trip time was 0.374347 milliseconds in repetition 282
tcp_ping received 24576 bytes back
Round trip time was 0.517297 milliseconds in repetition 283
tcp_ping received 24576 bytes back
Round trip time was 0.353465 milliseconds in repetition 284
tcp_ping received 24576 bytes back
Round trip time was 0.372458 milliseconds in repetition 285
tcp_ping received 24576 bytes back
Round trip time was 0.369921 milliseconds in repetition 286
tcp_ping received 24576 bytes back
Round trip time was 0.540571 milliseconds in repetition 287
tcp_ping received 24576 bytes back
Round trip time was 0.373042 milliseconds in repetition 288
tcp_ping received 24576 bytes back
Round trip time was 0.370889 milliseconds in repetition 289
tcp_ping received 24576 bytes back
Round trip time was 0.422585 milliseconds in repetition 290
tcp_ping received 24576 bytes back
Round trip time was 0.545214 milliseconds in repetition 291
tcp_ping received 24576 bytes back
Round trip time was 0.283283 milliseconds in repetition 292
tcp_ping received 24576 bytes back
Round trip time was 0.31085 milliseconds in repetition 293
tcp_ping received 24576 bytes back
Round trip time was 0.275808 milliseconds in repetition 294
tcp_ping received 24576 bytes back
Round trip time was 0.307022 milliseconds in repetition 295
tcp_ping received 24576 bytes back
Round trip time was 0.306858 milliseconds in repetition 296
tcp_ping received 24576 bytes back
Round trip time was 0.307022 milliseconds in repetition 297
tcp_ping received 24576 bytes back
Round trip time was 0.313942 milliseconds in repetition 298
tcp_ping received 24576 bytes back
Round trip time was 0.283563 milliseconds in repetition 299
tcp_ping received 24576 bytes back
Round trip time was 0.256985 milliseconds in repetition 300
tcp_ping received 24576 bytes back
Round trip time was 0.286615 milliseconds in repetition 301
tcp_ping received 24576 bytes back
Round trip time was 0.257426 milliseconds in repetition 302
tcp_ping received 24576 bytes back
Round trip time was 0.322506 milliseconds in repetition 303
tcp_ping received 24576 bytes back
Round trip time was 0.307793 milliseconds in repetition 304
tcp_ping received 24576 bytes back
Round trip time was 0.307779 milliseconds in repetition 305
tcp_ping received 24576 bytes back
Round trip time was 0.274363 milliseconds in repetition 306
tcp_ping received 24576 bytes back
Round trip time was 0.307367 milliseconds in repetition 307
tcp_ping received 24576 bytes back
Round trip time was 0.275174 milliseconds in repetition 308
tcp_ping received 24576 bytes back
Round trip time was 0.307027 milliseconds in repetition 309
tcp_ping received 24576 bytes back
Round trip time was 0.307222 milliseconds in repetition 310
tcp_ping received 24576 bytes back
Round trip time was 0.319066 milliseconds in repetition 311
tcp_ping received 24576 bytes back
Round trip time was 0.291649 milliseconds in repetition 312
tcp_ping received 24576 bytes back
Round trip time was 0.282465 milliseconds in repetition 313
tcp_ping received 24576 bytes back
Round trip time was 0.281656 milliseconds in repetition 314
tcp_ping received 24576 bytes back
Round trip time was 0.257501 milliseconds in repetition 315
tcp_ping received 24576 bytes back
Round trip time was 0.257213 milliseconds in repetition 316
tcp_ping received 24576 bytes back
Round trip time was 0.283635 milliseconds in repetition 317
tcp_ping received 24576 bytes back
Round trip time was 0.259843 milliseconds in repetition 318
tcp_ping received 24576 bytes back
Round trip time was 0.257172 milliseconds in repetition 319
tcp_ping received 24576 bytes back
Round trip time was 0.280644 milliseconds in repetition 320
tcp_ping received 24576 bytes back
Round trip time was 0.353353 milliseconds in repetition 321
tcp_ping received 24576 bytes back
Round trip time was 0.443771 milliseconds in repetition 322
tcp_ping received 24576 bytes back
Round trip time was 0.285995 milliseconds in repetition 323
tcp_ping received 24576 bytes back
Round trip time was 8.38062 milliseconds in repetition 324
tcp_ping received 24576 bytes back
Round trip time was 0.505627 milliseconds in repetition 325
tcp_ping received 24576 bytes back
Round trip time was 0.235367 milliseconds in repetition 326
tcp_ping received 24576 bytes back
Round trip time was 0.228166 milliseconds in repetition 327
tcp_ping received 24576 bytes back
Round trip time was 0.219324 milliseconds in repetition 328
tcp_ping received 24576 bytes back
Round trip time was 0.219369 milliseconds in repetition 329
tcp_ping received 24576 bytes back
Round trip time was 0.21868 milliseconds in repetition 330
tcp_ping received 24576 bytes back
Round trip time was 0.219173 milliseconds in repetition 331
tcp_ping received 24576 bytes back
Round trip time was 0.515547 milliseconds in repetition 332
tcp_ping received 24576 bytes back
Round trip time was 0.61464 milliseconds in repetition 333
tcp_ping received 24576 bytes back
Round trip time was 0.373014 milliseconds in repetition 334
tcp_ping received 24576 bytes back
Round trip time was 0.31907 milliseconds in repetition 335
tcp_ping received 24576 bytes back
Round trip time was 1.27213 milliseconds in repetition 336
tcp_ping received 24576 bytes back
Round trip time was 0.719327 milliseconds in repetition 337
tcp_ping received 24576 bytes back
Round trip time was 0.446587 milliseconds in repetition 338
tcp_ping received 24576 bytes back
Round trip time was 0.284719 milliseconds in repetition 339
tcp_ping received 24576 bytes back
Round trip time was 0.441434 milliseconds in repetition 340
tcp_ping received 24576 bytes back
Round trip time was 0.330583 milliseconds in repetition 341
tcp_ping received 24576 bytes back
Round trip time was 2.24411 milliseconds in repetition 342
tcp_ping received 24576 bytes back
Round trip time was 0.406092 milliseconds in repetition 343
tcp_ping received 24576 bytes back
Round trip time was 0.344199 milliseconds in repetition 344
tcp_ping received 24576 bytes back
Round trip time was 0.736947 milliseconds in repetition 345
tcp_ping received 24576 bytes back
Round trip time was 0.386338 milliseconds in repetition 346
tcp_ping received 24576 bytes back
Round trip time was 0.528742 milliseconds in repetition 347
tcp_ping received 24576 bytes back
Round trip time was 0.495316 milliseconds in repetition 348
tcp_ping received 24576 bytes back
Round trip time was 2.97818 milliseconds in repetition 349
tcp_ping received 24576 bytes back
Round trip time was 3.72683 milliseconds in repetition 350
tcp_ping received 24576 bytes back
Round trip time was 0.561887 milliseconds in repetition 351
tcp_ping received 24576 bytes back
Round trip time was 3.89352 milliseconds in repetition 352
tcp_ping received 24576 bytes back
Round trip time was 0.366399 milliseconds in repetition 353
tcp_ping received 24576 bytes back
Round trip time was 0.38078 milliseconds in repetition 354
tcp_ping received 24576 bytes back
Round trip time was 0.521177 milliseconds in repetition 355
tcp_ping received 24576 bytes back
Round trip time was 0.459386 milliseconds in repetition 356
tcp_ping received 24576 bytes back
Round trip time was 0.465009 milliseconds in repetition 357
tcp_ping received 24576 bytes back
Round trip time was 2.31896 milliseconds in repetition 358
tcp_ping received 24576 bytes back
Round trip time was 0.492312 milliseconds in repetition 359
tcp_ping received 24576 bytes back
Round trip time was 0.394739 milliseconds in repetition 360
tcp_ping received 24576 bytes back
Round trip time was 0.54734 milliseconds in repetition 361
tcp_ping received 24576 bytes back
Round trip time was 0.421251 milliseconds in repetition 362
tcp_ping received 24576 bytes back
Round trip time was 0.8782 milliseconds in repetition 363
tcp_ping received 24576 bytes back
Round trip time was 0.574233 milliseconds in repetition 364
tcp_ping received 24576 bytes back
Round trip time was 0.386463 milliseconds in repetition 365
tcp_ping received 24576 bytes back
Round trip time was 0.38176 milliseconds in repetition 366
tcp_ping received 24576 bytes back
Round trip time was 0.413572 milliseconds in repetition 367
tcp_ping received 24576 bytes back
Round trip time was 0.388412 milliseconds in repetition 368
tcp_ping received 24576 bytes back
Round trip time was 0.387475 milliseconds in repetition 369
tcp_ping received 24576 bytes back
Round trip time was 0.379544 milliseconds in repetition 370
tcp_ping received 24576 bytes back
Round trip time was 0.400948 milliseconds in repetition 371
tcp_ping received 24576 bytes back
Round trip time was 0.386127 milliseconds in repetition 372
tcp_ping received 24576 bytes back
Round trip time was 0.39716 milliseconds in repetition 373
tcp_ping received 24576 bytes back
Round trip time was 0.497445 milliseconds in repetition 374
tcp_ping received 24576 bytes back
Round trip time was 0.48937 milliseconds in repetition 375
tcp_ping received 24576 bytes back
Round trip time was 0.364746 milliseconds in repetition 376
tcp_ping received 24576 bytes back
Round trip time was 0.382123 milliseconds in repetition 377
tcp_ping received 24576 bytes back
Round trip time was 0.380234 milliseconds in repetition 378
tcp_ping received 24576 bytes back
Round trip time was 0.379706 milliseconds in repetition 379
tcp_ping received 24576 bytes back
Round trip time was 0.380062 milliseconds in repetition 380
tcp_ping received 24576 bytes back
Round trip time was 0.379794 milliseconds in repetition 381
tcp_ping received 24576 bytes back
Round trip time was 0.380201 milliseconds in repetition 382
tcp_ping received 24576 bytes back
Round trip time was 0.433143 milliseconds in repetition 383
tcp_ping received 24576 bytes back
Round trip time was 0.334311 milliseconds in repetition 384
tcp_ping received 24576 bytes back
Round trip time was 0.439222 milliseconds in repetition 385
tcp_ping received 24576 bytes back
Round trip time was 0.341166 milliseconds in repetition 386
tcp_ping received 24576 bytes back
Round trip time was 0.339858 milliseconds in repetition 387
tcp_ping received 24576 bytes back
Round trip time was 0.367692 milliseconds in repetition 388
tcp_ping received 24576 bytes back
Round trip time was 0.354154 milliseconds in repetition 389
tcp_ping received 24576 bytes back
Round trip time was 0.381813 milliseconds in repetition 390
tcp_ping received 24576 bytes back
Round trip time was 0.382755 milliseconds in repetition 391
tcp_ping received 24576 bytes back
Round trip time was 0.380787 milliseconds in repetition 392
tcp_ping received 24576 bytes back
Round trip time was 0.351377 milliseconds in repetition 393
tcp_ping received 24576 bytes back
Round trip time was 0.346667 milliseconds in repetition 394
tcp_ping received 24576 bytes back
Round trip time was 0.381706 milliseconds in repetition 395
tcp_ping received 24576 bytes back
Round trip time was 0.377748 milliseconds in repetition 396
tcp_ping received 24576 bytes back
Round trip time was 0.376994 milliseconds in repetition 397
tcp_ping received 24576 bytes back
Round trip time was 0.365096 milliseconds in repetition 398
tcp_ping received 24576 bytes back
Round trip time was 0.371669 milliseconds in repetition 399
tcp_ping received 24576 bytes back
Round trip time was 0.349895 milliseconds in repetition 400
tcp_ping received 24576 bytes back
Round trip time was 0.380671 milliseconds in repetition 401
tcp_ping received 24576 bytes back
Round trip time was 0.379334 milliseconds in repetition 402
tcp_ping received 24576 bytes back
Round trip time was 0.379406 milliseconds in repetition 403
tcp_ping received 24576 bytes back
Round trip time was 0.382905 milliseconds in repetition 404
tcp_ping received 24576 bytes back
Round trip time was 0.451291 milliseconds in repetition 405
tcp_ping received 24576 bytes back
Round trip time was 0.490541 milliseconds in repetition 406
tcp_ping received 24576 bytes back
Round trip time was 0.371351 milliseconds in repetition 407
tcp_ping received 24576 bytes back
Round trip time was 0.368028 milliseconds in repetition 408
tcp_ping received 24576 bytes back
Round trip time was 0.321313 milliseconds in repetition 409
tcp_ping received 24576 bytes back
Round trip time was 0.322459 milliseconds in repetition 410
tcp_ping received 24576 bytes back
Round trip time was 0.370671 milliseconds in repetition 411
tcp_ping received 24576 bytes back
Round trip time was 0.3689 milliseconds in repetition 412
tcp_ping received 24576 bytes back
Round trip time was 0.368098 milliseconds in repetition 413
tcp_ping received 24576 bytes back
Round trip time was 0.36875 milliseconds in repetition 414
tcp_ping received 24576 bytes back
Round trip time was 0.343736 milliseconds in repetition 415
tcp_ping received 24576 bytes back
Round trip time was 0.334401 milliseconds in repetition 416
tcp_ping received 24576 bytes back
Round trip time was 0.461272 milliseconds in repetition 417
tcp_ping received 24576 bytes back
Round trip time was 0.285048 milliseconds in repetition 418
tcp_ping received 24576 bytes back
Round trip time was 0.275496 milliseconds in repetition 419
tcp_ping received 24576 bytes back
Round trip time was 0.307357 milliseconds in repetition 420
tcp_ping received 24576 bytes back
Round trip time was 0.274594 milliseconds in repetition 421
tcp_ping received 24576 bytes back
Round trip time was 0.311687 milliseconds in repetition 422
tcp_ping received 24576 bytes back
Round trip time was 0.260421 milliseconds in repetition 423
tcp_ping received 24576 bytes back
Round trip time was 0.294147 milliseconds in repetition 424
tcp_ping received 24576 bytes back
Round trip time was 0.307415 milliseconds in repetition 425
tcp_ping received 24576 bytes back
Round trip time was 0.286453 milliseconds in repetition 426
tcp_ping received 24576 bytes back
Round trip time was 0.438433 milliseconds in repetition 427
tcp_ping received 24576 bytes back
Round trip time was 0.339993 milliseconds in repetition 428
tcp_ping received 24576 bytes back
Round trip time was 0.259296 milliseconds in repetition 429
tcp_ping received 24576 bytes back
Round trip time was 0.363313 milliseconds in repetition 430
tcp_ping received 24576 bytes back
Round trip time was 0.399988 milliseconds in repetition 431
tcp_ping received 24576 bytes back
Round trip time was 0.384923 milliseconds in repetition 432
tcp_ping received 24576 bytes back
Round trip time was 0.339976 milliseconds in repetition 433
tcp_ping received 24576 bytes back
Round trip time was 0.353671 milliseconds in repetition 434
tcp_ping received 24576 bytes back
Round trip time was 0.360551 milliseconds in repetition 435
tcp_ping received 24576 bytes back
Round trip time was 0.365494 milliseconds in repetition 436
tcp_ping received 24576 bytes back
Round trip time was 0.419256 milliseconds in repetition 437
tcp_ping received 24576 bytes back
Round trip time was 0.411386 milliseconds in repetition 438
tcp_ping received 24576 bytes back
Round trip time was 0.383684 milliseconds in repetition 439
tcp_ping received 24576 bytes back
Round trip time was 0.357398 milliseconds in repetition 440
tcp_ping received 24576 bytes back
Round trip time was 0.369237 milliseconds in repetition 441
tcp_ping received 24576 bytes back
Round trip time was 0.354753 milliseconds in repetition 442
tcp_ping received 24576 bytes back
Round trip time was 0.313381 milliseconds in repetition 443
tcp_ping received 24576 bytes back
Round trip time was 0.28765 milliseconds in repetition 444
tcp_ping received 24576 bytes back
Round trip time was 0.279124 milliseconds in repetition 445
tcp_ping received 24576 bytes back
Round trip time was 0.323189 milliseconds in repetition 446
tcp_ping received 24576 bytes back
Round trip time was 0.311642 milliseconds in repetition 447
tcp_ping received 24576 bytes back
Round trip time was 0.311296 milliseconds in repetition 448
tcp_ping received 24576 bytes back
Round trip time was 0.303469 milliseconds in repetition 449
tcp_ping received 24576 bytes back
Round trip time was 0.312111 milliseconds in repetition 450
tcp_ping received 24576 bytes back
Round trip time was 0.314415 milliseconds in repetition 451
tcp_ping received 24576 bytes back
Round trip time was 0.257254 milliseconds in repetition 452
tcp_ping received 24576 bytes back
Round trip time was 0.479585 milliseconds in repetition 453
tcp_ping received 24576 bytes back
Round trip time was 0.322562 milliseconds in repetition 454
tcp_ping received 24576 bytes back
Round trip time was 0.302881 milliseconds in repetition 455
tcp_ping received 24576 bytes back
Round trip time was 0.257524 milliseconds in repetition 456
tcp_ping received 24576 bytes back
Round trip time was 0.286601 milliseconds in repetition 457
tcp_ping received 24576 bytes back
Round trip time was 0.257398 milliseconds in repetition 458
tcp_ping received 24576 bytes back
Round trip time was 0.257155 milliseconds in repetition 459
tcp_ping received 24576 bytes back
Round trip time was 0.257551 milliseconds in repetition 460
tcp_ping received 24576 bytes back
Round trip time was 0.301747 milliseconds in repetition 461
tcp_ping received 24576 bytes back
Round trip time was 0.317942 milliseconds in repetition 462
tcp_ping received 24576 bytes back
Round trip time was 0.286548 milliseconds in repetition 463
tcp_ping received 24576 bytes back
Round trip time was 0.257785 milliseconds in repetition 464
tcp_ping received 24576 bytes back
Round trip time was 0.295296 milliseconds in repetition 465
tcp_ping received 24576 bytes back
Round trip time was 0.25817 milliseconds in repetition 466
tcp_ping received 24576 bytes back
Round trip time was 0.258805 milliseconds in repetition 467
tcp_ping received 24576 bytes back
Round trip time was 0.258001 milliseconds in repetition 468
tcp_ping received 24576 bytes back
Round trip time was 0.660772 milliseconds in repetition 469
tcp_ping received 24576 bytes back
Round trip time was 0.379366 milliseconds in repetition 470
tcp_ping received 24576 bytes back
Round trip time was 0.400156 milliseconds in repetition 471
tcp_ping received 24576 bytes back
Round trip time was 0.35852 milliseconds in repetition 472
tcp_ping received 24576 bytes back
Round trip time was 0.41653 milliseconds in repetition 473
tcp_ping received 24576 bytes back
Round trip time was 0.337539 milliseconds in repetition 474
tcp_ping received 24576 bytes back
Round trip time was 0.447 milliseconds in repetition 475
tcp_ping received 24576 bytes back
Round trip time was 0.474651 milliseconds in repetition 476
tcp_ping received 24576 bytes back
Round trip time was 0.624733 milliseconds in repetition 477
tcp_ping received 24576 bytes back
Round trip time was 0.45859 milliseconds in repetition 478
tcp_ping received 24576 bytes back
Round trip time was 0.679991 milliseconds in repetition 479
tcp_ping received 24576 bytes back
Round trip time was 0.605195 milliseconds in repetition 480
tcp_ping received 24576 bytes back
Round trip time was 0.38117 milliseconds in repetition 481
tcp_ping received 24576 bytes back
Round trip time was 0.387612 milliseconds in repetition 482
tcp_ping received 24576 bytes back
Round trip time was 0.397606 milliseconds in repetition 483
tcp_ping received 24576 bytes back
Round trip time was 0.379627 milliseconds in repetition 484
tcp_ping received 24576 bytes back
Round trip time was 0.399611 milliseconds in repetition 485
tcp_ping received 24576 bytes back
Round trip time was 0.361703 milliseconds in repetition 486
tcp_ping received 24576 bytes back
Round trip time was 0.33851 milliseconds in repetition 487
tcp_ping received 24576 bytes back
Round trip time was 0.37122 milliseconds in repetition 488
tcp_ping received 24576 bytes back
Round trip time was 0.368913 milliseconds in repetition 489
tcp_ping received 24576 bytes back
Round trip time was 0.367954 milliseconds in repetition 490
tcp_ping received 24576 bytes back
Round trip time was 0.379764 milliseconds in repetition 491
tcp_ping received 24576 bytes back
Round trip time was 0.342134 milliseconds in repetition 492
tcp_ping received 24576 bytes back
Round trip time was 0.379231 milliseconds in repetition 493
tcp_ping received 24576 bytes back
Round trip time was 0.352902 milliseconds in repetition 494
tcp_ping received 24576 bytes back
Round trip time was 0.431774 milliseconds in repetition 495
tcp_ping received 24576 bytes back
Round trip time was 0.715517 milliseconds in repetition 496
tcp_ping received 24576 bytes back
Round trip time was 0.52159 milliseconds in repetition 497
tcp_ping received 24576 bytes back
Round trip time was 0.736453 milliseconds in repetition 498
tcp_ping received 24576 bytes back
Round trip time was 0.396133 milliseconds in repetition 499
tcp_ping received 24576 bytes back
Round trip time was 0.387312 milliseconds in repetition 500
tcp_ping received 24576 bytes back
Round trip time was 0.377737 milliseconds in repetition 501

 ... clock resolution was 1e-06
TCP Ping:  Statistics over 501 repetitions of 24576 byte messages

RTT : percentile 10: 0.225366, median: 0.322459, percentile 90: 0.492312, average: 0.415872, variance: 0.294138

RTT histogram:
0.218679 420
0.626777 61
1.03487 5
1.44297 4
1.85107 0
2.25917 4
2.66726 0
3.07536 2
3.48346 1
3.89155 3
4.29965 0
4.70775 0
5.11585 0
5.52394 0
5.93204 0
6.34014 0
6.74823 0
7.15633 0
7.56443 0
7.97253 0
8.38062 1

   median Throughput : 152429 KB/s   overall Throughput : 118190 KB/s

