TCP Ping trying to connect to server localhost (127.0.0.1) on port 1421
 ... connected to Pong server: asking for 501 repetitions of 192 bytes TCP messages
 ... Pong server agreed :-)
tcp_ping received 192 bytes back
Round trip time was 0.069837 milliseconds in repetition 1
tcp_ping received 192 bytes back
Round trip time was 0.058526 milliseconds in repetition 2
tcp_ping received 192 bytes back
Round trip time was 0.057443 milliseconds in repetition 3
tcp_ping received 192 bytes back
Round trip time was 0.056862 milliseconds in repetition 4
tcp_ping received 192 bytes back
Round trip time was 0.056662 milliseconds in repetition 5
tcp_ping received 192 bytes back
Round trip time was 0.057046 milliseconds in repetition 6
tcp_ping received 192 bytes back
Round trip time was 0.040242 milliseconds in repetition 7
tcp_ping received 192 bytes back
Round trip time was 0.017115 milliseconds in repetition 8
tcp_ping received 192 bytes back
Round trip time was 0.012784 milliseconds in repetition 9
tcp_ping received 192 bytes back
Round trip time was 0.012518 milliseconds in repetition 10
tcp_ping received 192 bytes back
Round trip time was 0.012451 milliseconds in repetition 11
tcp_ping received 192 bytes back
Round trip time was 0.012342 milliseconds in repetition 12
tcp_ping received 192 bytes back
Round trip time was 0.012198 milliseconds in repetition 13
tcp_ping received 192 bytes back
Round trip time was 0.012166 milliseconds in repetition 14
tcp_ping received 192 bytes back
Round trip time was 0.012406 milliseconds in repetition 15
tcp_ping received 192 bytes back
Round trip time was 0.012242 milliseconds in repetition 16
tcp_ping received 192 bytes back
Round trip time was 0.049239 milliseconds in repetition 17
tcp_ping received 192 bytes back
Round trip time was 0.036219 milliseconds in repetition 18
tcp_ping received 192 bytes back
Round trip time was 0.017096 milliseconds in repetition 19
tcp_ping received 192 bytes back
Round trip time was 0.012737 milliseconds in repetition 20
tcp_ping received 192 bytes back
Round trip time was 0.012524 milliseconds in repetition 21
tcp_ping received 192 bytes back
Round trip time was 0.023329 milliseconds in repetition 22
tcp_ping received 192 bytes back
Round trip time was 0.018832 milliseconds in repetition 23
tcp_ping received 192 bytes back
Round trip time was 0.016662 milliseconds in repetition 24
tcp_ping received 192 bytes back
Round trip time was 0.012692 milliseconds in repetition 25
tcp_ping received 192 bytes back
Round trip time was 0.012365 milliseconds in repetition 26
tcp_ping received 192 bytes back
Round trip time was 0.012394 milliseconds in repetition 27
tcp_ping received 192 bytes back
Round trip time was 0.012311 milliseconds in repetition 28
tcp_ping received 192 bytes back
Round trip time was 0.012108 milliseconds in repetition 29
tcp_ping received 192 bytes back
Round trip time was 0.012217 milliseconds in repetition 30
tcp_ping received 192 bytes back
Round trip time was 0.012106 milliseconds in repetition 31
tcp_ping received 192 bytes back
Round trip time was 0.012351 milliseconds in repetition 32
tcp_ping received 192 bytes back
Round trip time was 0.012311 milliseconds in repetition 33
tcp_ping received 192 bytes back
Round trip time was 0.012407 milliseconds in repetition 34
tcp_ping received 192 bytes back
Round trip time was 0.0123 milliseconds in repetition 35
tcp_ping received 192 bytes back
Round trip time was 0.012467 milliseconds in repetition 36
tcp_ping received 192 bytes back
Round trip time was 0.012217 milliseconds in repetition 37
tcp_ping received 192 bytes back
Round trip time was 0.012375 milliseconds in repetition 38
tcp_ping received 192 bytes back
Round trip time was 0.012238 milliseconds in repetition 39
tcp_ping received 192 bytes back
Round trip time was 0.012368 milliseconds in repetition 40
tcp_ping received 192 bytes back
Round trip time was 0.012306 milliseconds in repetition 41
tcp_ping received 192 bytes back
Round trip time was 0.012231 milliseconds in repetition 42
tcp_ping received 192 bytes back
Round trip time was 0.023506 milliseconds in repetition 43
tcp_ping received 192 bytes back
Round trip time was 0.021729 milliseconds in repetition 44
tcp_ping received 192 bytes back
Round trip time was 0.013302 milliseconds in repetition 45
tcp_ping received 192 bytes back
Round trip time was 0.012595 milliseconds in repetition 46
tcp_ping received 192 bytes back
Round trip time was 0.012229 milliseconds in repetition 47
tcp_ping received 192 bytes back
Round trip time was 0.012265 milliseconds in repetition 48
tcp_ping received 192 bytes back
Round trip time was 0.012745 milliseconds in repetition 49
tcp_ping received 192 bytes back
Round trip time was 0.012412 milliseconds in repetition 50
tcp_ping received 192 bytes back
Round trip time was 0.012472 milliseconds in repetition 51
tcp_ping received 192 bytes back
Round trip time was 0.012393 milliseconds in repetition 52
tcp_ping received 192 bytes back
Round trip time was 0.01229 milliseconds in repetition 53
tcp_ping received 192 bytes back
Round trip time was 0.012414 milliseconds in repetition 54
tcp_ping received 192 bytes back
Round trip time was 0.012293 milliseconds in repetition 55
tcp_ping received 192 bytes back
Round trip time was 0.012301 milliseconds in repetition 56
tcp_ping received 192 bytes back
Round trip time was 0.012388 milliseconds in repetition 57
tcp_ping received 192 bytes back
Round trip time was 0.012268 milliseconds in repetition 58
tcp_ping received 192 bytes back
Round trip time was 0.012338 milliseconds in repetition 59
tcp_ping received 192 bytes back
Round trip time was 0.012245 milliseconds in repetition 60
tcp_ping received 192 bytes back
Round trip time was 0.012294 milliseconds in repetition 61
tcp_ping received 192 bytes back
Round trip time was 0.012259 milliseconds in repetition 62
tcp_ping received 192 bytes back
Round trip time was 0.012492 milliseconds in repetition 63
tcp_ping received 192 bytes back
Round trip time was 0.012233 milliseconds in repetition 64
tcp_ping received 192 bytes back
Round trip time was 0.012168 milliseconds in repetition 65
tcp_ping received 192 bytes back
Round trip time was 0.012267 milliseconds in repetition 66
tcp_ping received 192 bytes back
Round trip time was 0.01232 milliseconds in repetition 67
tcp_ping received 192 bytes back
Round trip time was 0.012123 milliseconds in repetition 68
tcp_ping received 192 bytes back
Round trip time was 0.012395 milliseconds in repetition 69
tcp_ping received 192 bytes back
Round trip time was 0.012278 milliseconds in repetition 70
tcp_ping received 192 bytes back
Round trip time was 0.01219 milliseconds in repetition 71
tcp_ping received 192 bytes back
Round trip time was 0.012692 milliseconds in repetition 72
tcp_ping received 192 bytes back
Round trip time was 0.012184 milliseconds in repetition 73
tcp_ping received 192 bytes back
Round trip time was 0.012327 milliseconds in repetition 74
tcp_ping received 192 bytes back
Round trip time was 0.0701 milliseconds in repetition 75
tcp_ping received 192 bytes back
Round trip time was 0.017664 milliseconds in repetition 76
tcp_ping received 192 bytes back
Round trip time was 0.01289 milliseconds in repetition 77
tcp_ping received 192 bytes back
Round trip time was 0.012488 milliseconds in repetition 78
tcp_ping received 192 bytes back
Round trip time was 0.012392 milliseconds in repetition 79
tcp_ping received 192 bytes back
Round trip time was 0.012448 milliseconds in repetition 80
tcp_ping received 192 bytes back
Round trip time was 0.012427 milliseconds in repetition 81
tcp_ping received 192 bytes back
Round trip time was 0.025206 milliseconds in repetition 82
tcp_ping received 192 bytes back
Round trip time was 0.046089 milliseconds in repetition 83
tcp_ping received 192 bytes back
Round trip time was 0.021196 milliseconds in repetition 84
tcp_ping received 192 bytes back
Round trip time was 0.013395 milliseconds in repetition 85
tcp_ping received 192 bytes back
Round trip time was 0.012593 milliseconds in repetition 86
tcp_ping received 192 bytes back
Round trip time was 0.012333 milliseconds in repetition 87
tcp_ping received 192 bytes back
Round trip time was 0.012472 milliseconds in repetition 88
tcp_ping received 192 bytes back
Round trip time was 0.02178 milliseconds in repetition 89
tcp_ping received 192 bytes back
Round trip time was 0.01306 milliseconds in repetition 90
tcp_ping received 192 bytes back
Round trip time was 0.012618 milliseconds in repetition 91
tcp_ping received 192 bytes back
Round trip time was 0.012595 milliseconds in repetition 92
tcp_ping received 192 bytes back
Round trip time was 0.012396 milliseconds in repetition 93
tcp_ping received 192 bytes back
Round trip time was 0.012223 milliseconds in repetition 94
tcp_ping received 192 bytes back
Round trip time was 0.012257 milliseconds in repetition 95
tcp_ping received 192 bytes back
Round trip time was 0.012185 milliseconds in repetition 96
tcp_ping received 192 bytes back
Round trip time was 0.012241 milliseconds in repetition 97
tcp_ping received 192 bytes back
Round trip time was 0.012324 milliseconds in repetition 98
tcp_ping received 192 bytes back
Round trip time was 0.012444 milliseconds in repetition 99
tcp_ping received 192 bytes back
Round trip time was 0.012227 milliseconds in repetition 100
tcp_ping received 192 bytes back
Round trip time was 0.012265 milliseconds in repetition 101
tcp_ping received 192 bytes back
Round trip time was 0.012134 milliseconds in repetition 102
tcp_ping received 192 bytes back
Round trip time was 0.012267 milliseconds in repetition 103
tcp_ping received 192 bytes back
Round trip time was 0.012343 milliseconds in repetition 104
tcp_ping received 192 bytes back
Round trip time was 0.012313 milliseconds in repetition 105
tcp_ping received 192 bytes back
Round trip time was 0.012076 milliseconds in repetition 106
tcp_ping received 192 bytes back
Round trip time was 0.012628 milliseconds in repetition 107
tcp_ping received 192 bytes back
Round trip time was 0.01231 milliseconds in repetition 108
tcp_ping received 192 bytes back
Round trip time was 0.012176 milliseconds in repetition 109
tcp_ping received 192 bytes back
Round trip time was 0.012212 milliseconds in repetition 110
tcp_ping received 192 bytes back
Round trip time was 0.012248 milliseconds in repetition 111
tcp_ping received 192 bytes back
Round trip time was 0.012134 milliseconds in repetition 112
tcp_ping received 192 bytes back
Round trip time was 0.012149 milliseconds in repetition 113
tcp_ping received 192 bytes back
Round trip time was 0.012362 milliseconds in repetition 114
tcp_ping received 192 bytes back
Round trip time was 0.012452 milliseconds in repetition 115
tcp_ping received 192 bytes back
Round trip time was 0.012378 milliseconds in repetition 116
tcp_ping received 192 bytes back
Round trip time was 0.012301 milliseconds in repetition 117
tcp_ping received 192 bytes back
Round trip time was 0.012164 milliseconds in repetition 118
tcp_ping received 192 bytes back
Round trip time was 0.012159 milliseconds in repetition 119
tcp_ping received 192 bytes back
Round trip time was 0.01219 milliseconds in repetition 120
tcp_ping received 192 bytes back
Round trip time was 0.012113 milliseconds in repetition 121
tcp_ping received 192 bytes back
Round trip time was 0.01216 milliseconds in repetition 122
tcp_ping received 192 bytes back
Round trip time was 0.012257 milliseconds in repetition 123
tcp_ping received 192 bytes back
Round trip time was 0.012295 milliseconds in repetition 124
tcp_ping received 192 bytes back
Round trip time was 0.012171 milliseconds in repetition 125
tcp_ping received 192 bytes back
Round trip time was 0.012153 milliseconds in repetition 126
tcp_ping received 192 bytes back
Round trip time was 0.012153 milliseconds in repetition 127
tcp_ping received 192 bytes back
Round trip time was 0.012199 milliseconds in repetition 128
tcp_ping received 192 bytes back
Round trip time was 0.012217 milliseconds in repetition 129
tcp_ping received 192 bytes back
Round trip time was 0.012154 milliseconds in repetition 130
tcp_ping received 192 bytes back
Round trip time was 0.0122 milliseconds in repetition 131
tcp_ping received 192 bytes back
Round trip time was 0.012145 milliseconds in repetition 132
tcp_ping received 192 bytes back
Round trip time was 0.021456 milliseconds in repetition 133
tcp_ping received 192 bytes back
Round trip time was 0.012948 milliseconds in repetition 134
tcp_ping received 192 bytes back
Round trip time was 0.01271 milliseconds in repetition 135
tcp_ping received 192 bytes back
Round trip time was 0.012489 milliseconds in repetition 136
tcp_ping received 192 bytes back
Round trip time was 0.012255 milliseconds in repetition 137
tcp_ping received 192 bytes back
Round trip time was 0.012169 milliseconds in repetition 138
tcp_ping received 192 bytes back
Round trip time was 0.012212 milliseconds in repetition 139
tcp_ping received 192 bytes back
Round trip time was 0.012311 milliseconds in repetition 140
tcp_ping received 192 bytes back
Round trip time was 0.012296 milliseconds in repetition 141
tcp_ping received 192 bytes back
Round trip time was 0.012261 milliseconds in repetition 142
tcp_ping received 192 bytes back
Round trip time was 0.012109 milliseconds in repetition 143
tcp_ping received 192 bytes back
Round trip time was 0.012272 milliseconds in repetition 144
tcp_ping received 192 bytes back
Round trip time was 0.012268 milliseconds in repetition 145
tcp_ping received 192 bytes back
Round trip time was 0.012541 milliseconds in repetition 146
tcp_ping received 192 bytes back
Round trip time was 0.012379 milliseconds in repetition 147
tcp_ping received 192 bytes back
Round trip time was 0.01231 milliseconds in repetition 148
tcp_ping received 192 bytes back
Round trip time was 0.012214 milliseconds in repetition 149
tcp_ping received 192 bytes back
Round trip time was 0.012235 milliseconds in repetition 150
tcp_ping received 192 bytes back
Round trip time was 0.012201 milliseconds in repetition 151
tcp_ping received 192 bytes back
Round trip time was 0.012288 milliseconds in repetition 152
tcp_ping received 192 bytes back
Round trip time was 0.012167 milliseconds in repetition 153
tcp_ping received 192 bytes back
Round trip time was 0.012126 milliseconds in repetition 154
tcp_ping received 192 bytes back
Round trip time was 0.012231 milliseconds in repetition 155
tcp_ping received 192 bytes back
Round trip time was 0.0123 milliseconds in repetition 156
tcp_ping received 192 bytes back
Round trip time was 0.012168 milliseconds in repetition 157
tcp_ping received 192 bytes back
Round trip time was 0.012272 milliseconds in repetition 158
tcp_ping received 192 bytes back
Round trip time was 0.012384 milliseconds in repetition 159
tcp_ping received 192 bytes back
Round trip time was 0.012252 milliseconds in repetition 160
tcp_ping received 192 bytes back
Round trip time was 0.015908 milliseconds in repetition 161
tcp_ping received 192 bytes back
Round trip time was 0.013316 milliseconds in repetition 162
tcp_ping received 192 bytes back
Round trip time was 0.012228 milliseconds in repetition 163
tcp_ping received 192 bytes back
Round trip time was 0.012232 milliseconds in repetition 164
tcp_ping received 192 bytes back
Round trip time was 0.012356 milliseconds in repetition 165
tcp_ping received 192 bytes back
Round trip time was 0.012135 milliseconds in repetition 166
tcp_ping received 192 bytes back
Round trip time was 0.012128 milliseconds in repetition 167
tcp_ping received 192 bytes back
Round trip time was 0.012227 milliseconds in repetition 168
tcp_ping received 192 bytes back
Round trip time was 0.012201 milliseconds in repetition 169
tcp_ping received 192 bytes back
Round trip time was 0.012088 milliseconds in repetition 170
tcp_ping received 192 bytes back
Round trip time was 0.012335 milliseconds in repetition 171
tcp_ping received 192 bytes back
Round trip time was 0.012276 milliseconds in repetition 172
tcp_ping received 192 bytes back
Round trip time was 0.012149 milliseconds in repetition 173
tcp_ping received 192 bytes back
Round trip time was 0.012011 milliseconds in repetition 174
tcp_ping received 192 bytes back
Round trip time was 0.011975 milliseconds in repetition 175
tcp_ping received 192 bytes back
Round trip time was 0.012195 milliseconds in repetition 176
tcp_ping received 192 bytes back
Round trip time was 0.021584 milliseconds in repetition 177
tcp_ping received 192 bytes back
Round trip time was 0.013159 milliseconds in repetition 178
tcp_ping received 192 bytes back
Round trip time was 0.012549 milliseconds in repetition 179
tcp_ping received 192 bytes back
Round trip time was 0.012199 milliseconds in repetition 180
tcp_ping received 192 bytes back
Round trip time was 0.012215 milliseconds in repetition 181
tcp_ping received 192 bytes back
Round trip time was 0.01221 milliseconds in repetition 182
tcp_ping received 192 bytes back
Round trip time was 0.012226 milliseconds in repetition 183
tcp_ping received 192 bytes back
Round trip time was 0.012165 milliseconds in repetition 184
tcp_ping received 192 bytes back
Round trip time was 0.0122 milliseconds in repetition 185
tcp_ping received 192 bytes back
Round trip time was 0.01214 milliseconds in repetition 186
tcp_ping received 192 bytes back
Round trip time was 0.012292 milliseconds in repetition 187
tcp_ping received 192 bytes back
Round trip time was 0.012206 milliseconds in repetition 188
tcp_ping received 192 bytes back
Round trip time was 0.012199 milliseconds in repetition 189
tcp_ping received 192 bytes back
Round trip time was 0.012182 milliseconds in repetition 190
tcp_ping received 192 bytes back
Round trip time was 0.012017 milliseconds in repetition 191
tcp_ping received 192 bytes back
Round trip time was 0.01209 milliseconds in repetition 192
tcp_ping received 192 bytes back
Round trip time was 0.012087 milliseconds in repetition 193
tcp_ping received 192 bytes back
Round trip time was 0.012332 milliseconds in repetition 194
tcp_ping received 192 bytes back
Round trip time was 0.012247 milliseconds in repetition 195
tcp_ping received 192 bytes back
Round trip time was 0.012219 milliseconds in repetition 196
tcp_ping received 192 bytes back
Round trip time was 0.01217 milliseconds in repetition 197
tcp_ping received 192 bytes back
Round trip time was 0.012112 milliseconds in repetition 198
tcp_ping received 192 bytes back
Round trip time was 0.012182 milliseconds in repetition 199
tcp_ping received 192 bytes back
Round trip time was 0.012303 milliseconds in repetition 200
tcp_ping received 192 bytes back
Round trip time was 0.01229 milliseconds in repetition 201
tcp_ping received 192 bytes back
Round trip time was 0.012034 milliseconds in repetition 202
tcp_ping received 192 bytes back
Round trip time was 0.012159 milliseconds in repetition 203
tcp_ping received 192 bytes back
Round trip time was 0.012025 milliseconds in repetition 204
tcp_ping received 192 bytes back
Round trip time was 0.012077 milliseconds in repetition 205
tcp_ping received 192 bytes back
Round trip time was 0.01205 milliseconds in repetition 206
tcp_ping received 192 bytes back
Round trip time was 0.012247 milliseconds in repetition 207
tcp_ping received 192 bytes back
Round trip time was 0.012176 milliseconds in repetition 208
tcp_ping received 192 bytes back
Round trip time was 0.012102 milliseconds in repetition 209
tcp_ping received 192 bytes back
Round trip time was 0.012261 milliseconds in repetition 210
tcp_ping received 192 bytes back
Round trip time was 0.012251 milliseconds in repetition 211
tcp_ping received 192 bytes back
Round trip time was 0.01207 milliseconds in repetition 212
tcp_ping received 192 bytes back
Round trip time was 0.012131 milliseconds in repetition 213
tcp_ping received 192 bytes back
Round trip time was 0.012093 milliseconds in repetition 214
tcp_ping received 192 bytes back
Round trip time was 0.012094 milliseconds in repetition 215
tcp_ping received 192 bytes back
Round trip time was 0.012164 milliseconds in repetition 216
tcp_ping received 192 bytes back
Round trip time was 0.012149 milliseconds in repetition 217
tcp_ping received 192 bytes back
Round trip time was 0.012063 milliseconds in repetition 218
tcp_ping received 192 bytes back
Round trip time was 0.012255 milliseconds in repetition 219
tcp_ping received 192 bytes back
Round trip time was 0.012045 milliseconds in repetition 220
tcp_ping received 192 bytes back
Round trip time was 0.021304 milliseconds in repetition 221
tcp_ping received 192 bytes back
Round trip time was 0.013005 milliseconds in repetition 222
tcp_ping received 192 bytes back
Round trip time was 0.012562 milliseconds in repetition 223
tcp_ping received 192 bytes back
Round trip time was 0.012214 milliseconds in repetition 224
tcp_ping received 192 bytes back
Round trip time was 0.012249 milliseconds in repetition 225
tcp_ping received 192 bytes back
Round trip time was 0.012342 milliseconds in repetition 226
tcp_ping received 192 bytes back
Round trip time was 0.047059 milliseconds in repetition 227
tcp_ping received 192 bytes back
Round trip time was 0.015206 milliseconds in repetition 228
tcp_ping received 192 bytes back
Round trip time was 0.012552 milliseconds in repetition 229
tcp_ping received 192 bytes back
Round trip time was 0.024261 milliseconds in repetition 230
tcp_ping received 192 bytes back
Round trip time was 0.013051 milliseconds in repetition 231
tcp_ping received 192 bytes back
Round trip time was 0.012751 milliseconds in repetition 232
tcp_ping received 192 bytes back
Round trip time was 0.012324 milliseconds in repetition 233
tcp_ping received 192 bytes back
Round trip time was 0.012346 milliseconds in repetition 234
tcp_ping received 192 bytes back
Round trip time was 0.012375 milliseconds in repetition 235
tcp_ping received 192 bytes back
Round trip time was 0.012498 milliseconds in repetition 236
tcp_ping received 192 bytes back
Round trip time was 0.012187 milliseconds in repetition 237
tcp_ping received 192 bytes back
Round trip time was 0.012575 milliseconds in repetition 238
tcp_ping received 192 bytes back
Round trip time was 0.012411 milliseconds in repetition 239
tcp_ping received 192 bytes back
Round trip time was 0.012269 milliseconds in repetition 240
tcp_ping received 192 bytes back
Round trip time was 0.012181 milliseconds in repetition 241
tcp_ping received 192 bytes back
Round trip time was 0.012378 milliseconds in repetition 242
tcp_ping received 192 bytes back
Round trip time was 0.012553 milliseconds in repetition 243
tcp_ping received 192 bytes back
Round trip time was 0.012248 milliseconds in repetition 244
tcp_ping received 192 bytes back
Round trip time was 0.012213 milliseconds in repetition 245
tcp_ping received 192 bytes back
Round trip time was 0.012202 milliseconds in repetition 246
tcp_ping received 192 bytes back
Round trip time was 0.012278 milliseconds in repetition 247
tcp_ping received 192 bytes back
Round trip time was 0.012367 milliseconds in repetition 248
tcp_ping received 192 bytes back
Round trip time was 0.012424 milliseconds in repetition 249
tcp_ping received 192 bytes back
Round trip time was 0.012239 milliseconds in repetition 250
tcp_ping received 192 bytes back
Round trip time was 0.012319 milliseconds in repetition 251
tcp_ping received 192 bytes back
Round trip time was 0.046542 milliseconds in repetition 252
tcp_ping received 192 bytes back
Round trip time was 0.025741 milliseconds in repetition 253
tcp_ping received 192 bytes back
Round trip time was 0.013684 milliseconds in repetition 254
tcp_ping received 192 bytes back
Round trip time was 0.012716 milliseconds in repetition 255
tcp_ping received 192 bytes back
Round trip time was 0.012458 milliseconds in repetition 256
tcp_ping received 192 bytes back
Round trip time was 0.012222 milliseconds in repetition 257
tcp_ping received 192 bytes back
Round trip time was 0.012356 milliseconds in repetition 258
tcp_ping received 192 bytes back
Round trip time was 0.012312 milliseconds in repetition 259
tcp_ping received 192 bytes back
Round trip time was 0.012402 milliseconds in repetition 260
tcp_ping received 192 bytes back
Round trip time was 0.012323 milliseconds in repetition 261
tcp_ping received 192 bytes back
Round trip time was 0.012406 milliseconds in repetition 262
tcp_ping received 192 bytes back
Round trip time was 0.012319 milliseconds in repetition 263
tcp_ping received 192 bytes back
Round trip time was 0.012371 milliseconds in repetition 264
tcp_ping received 192 bytes back
Round trip time was 0.022025 milliseconds in repetition 265
tcp_ping received 192 bytes back
Round trip time was 0.013174 milliseconds in repetition 266
tcp_ping received 192 bytes back
Round trip time was 0.012861 milliseconds in repetition 267
tcp_ping received 192 bytes back
Round trip time was 0.012374 milliseconds in repetition 268
tcp_ping received 192 bytes back
Round trip time was 0.012293 milliseconds in repetition 269
tcp_ping received 192 bytes back
Round trip time was 0.012307 milliseconds in repetition 270
tcp_ping received 192 bytes back
Round trip time was 0.012294 milliseconds in repetition 271
tcp_ping received 192 bytes back
Round trip time was 0.012471 milliseconds in repetition 272
tcp_ping received 192 bytes back
Round trip time was 0.01242 milliseconds in repetition 273
tcp_ping received 192 bytes back
Round trip time was 0.012483 milliseconds in repetition 274
tcp_ping received 192 bytes back
Round trip time was 0.012479 milliseconds in repetition 275
tcp_ping received 192 bytes back
Round trip time was 0.012309 milliseconds in repetition 276
tcp_ping received 192 bytes back
Round trip time was 0.012162 milliseconds in repetition 277
tcp_ping received 192 bytes back
Round trip time was 0.01223 milliseconds in repetition 278
tcp_ping received 192 bytes back
Round trip time was 0.012418 milliseconds in repetition 279
tcp_ping received 192 bytes back
Round trip time was 0.012415 milliseconds in repetition 280
tcp_ping received 192 bytes back
Round trip time was 0.012203 milliseconds in repetition 281
tcp_ping received 192 bytes back
Round trip time was 0.012314 milliseconds in repetition 282
tcp_ping received 192 bytes back
Round trip time was 0.012274 milliseconds in repetition 283
tcp_ping received 192 bytes back
Round trip time was 0.012234 milliseconds in repetition 284
tcp_ping received 192 bytes back
Round trip time was 0.012375 milliseconds in repetition 285
tcp_ping received 192 bytes back
Round trip time was 0.012333 milliseconds in repetition 286
tcp_ping received 192 bytes back
Round trip time was 0.012299 milliseconds in repetition 287
tcp_ping received 192 bytes back
Round trip time was 0.012137 milliseconds in repetition 288
tcp_ping received 192 bytes back
Round trip time was 0.012292 milliseconds in repetition 289
tcp_ping received 192 bytes back
Round trip time was 0.012357 milliseconds in repetition 290
tcp_ping received 192 bytes back
Round trip time was 0.012355 milliseconds in repetition 291
tcp_ping received 192 bytes back
Round trip time was 0.012374 milliseconds in repetition 292
tcp_ping received 192 bytes back
Round trip time was 0.012301 milliseconds in repetition 293
tcp_ping received 192 bytes back
Round trip time was 0.012272 milliseconds in repetition 294
tcp_ping received 192 bytes back
Round trip time was 0.012295 milliseconds in repetition 295
tcp_ping received 192 bytes back
Round trip time was 0.01241 milliseconds in repetition 296
tcp_ping received 192 bytes back
Round trip time was 0.012302 milliseconds in repetition 297
tcp_ping received 192 bytes back
Round trip time was 0.012364 milliseconds in repetition 298
tcp_ping received 192 bytes back
Round trip time was 0.012331 milliseconds in repetition 299
tcp_ping received 192 bytes back
Round trip time was 0.012197 milliseconds in repetition 300
tcp_ping received 192 bytes back
Round trip time was 0.012305 milliseconds in repetition 301
tcp_ping received 192 bytes back
Round trip time was 0.012143 milliseconds in repetition 302
tcp_ping received 192 bytes back
Round trip time was 0.012219 milliseconds in repetition 303
tcp_ping received 192 bytes back
Round trip time was 0.012286 milliseconds in repetition 304
tcp_ping received 192 bytes back
Round trip time was 0.01253 milliseconds in repetition 305
tcp_ping received 192 bytes back
Round trip time was 0.01229 milliseconds in repetition 306
tcp_ping received 192 bytes back
Round trip time was 0.012334 milliseconds in repetition 307
tcp_ping received 192 bytes back
Round trip time was 0.012169 milliseconds in repetition 308
tcp_ping received 192 bytes back
Round trip time was 0.099349 milliseconds in repetition 309
tcp_ping received 192 bytes back
Round trip time was 0.03323 milliseconds in repetition 310
tcp_ping received 192 bytes back
Round trip time was 0.142193 milliseconds in repetition 311
tcp_ping received 192 bytes back
Round trip time was 0.063102 milliseconds in repetition 312
tcp_ping received 192 bytes back
Round trip time was 0.030407 milliseconds in repetition 313
tcp_ping received 192 bytes back
Round trip time was 0.01266 milliseconds in repetition 314
tcp_ping received 192 bytes back
Round trip time was 0.012256 milliseconds in repetition 315
tcp_ping received 192 bytes back
Round trip time was 0.01219 milliseconds in repetition 316
tcp_ping received 192 bytes back
Round trip time was 0.012042 milliseconds in repetition 317
tcp_ping received 192 bytes back
Round trip time was 0.011927 milliseconds in repetition 318
tcp_ping received 192 bytes back
Round trip time was 0.012114 milliseconds in repetition 319
tcp_ping received 192 bytes back
Round trip time was 0.01195 milliseconds in repetition 320
tcp_ping received 192 bytes back
Round trip time was 0.011963 milliseconds in repetition 321
tcp_ping received 192 bytes back
Round trip time was 0.012099 milliseconds in repetition 322
tcp_ping received 192 bytes back
Round trip time was 0.012127 milliseconds in repetition 323
tcp_ping received 192 bytes back
Round trip time was 0.011947 milliseconds in repetition 324
tcp_ping received 192 bytes back
Round trip time was 0.011803 milliseconds in repetition 325
tcp_ping received 192 bytes back
Round trip time was 0.012029 milliseconds in repetition 326
tcp_ping received 192 bytes back
Round trip time was 0.012085 milliseconds in repetition 327
tcp_ping received 192 bytes back
Round trip time was 0.012009 milliseconds in repetition 328
tcp_ping received 192 bytes back
Round trip time was 0.012088 milliseconds in repetition 329
tcp_ping received 192 bytes back
Round trip time was 0.011874 milliseconds in repetition 330
tcp_ping received 192 bytes back
Round trip time was 0.011943 milliseconds in repetition 331
tcp_ping received 192 bytes back
Round trip time was 0.011988 milliseconds in repetition 332
tcp_ping received 192 bytes back
Round trip time was 0.012039 milliseconds in repetition 333
tcp_ping received 192 bytes back
Round trip time was 0.011828 milliseconds in repetition 334
tcp_ping received 192 bytes back
Round trip time was 0.011785 milliseconds in repetition 335
tcp_ping received 192 bytes back
Round trip time was 0.011965 milliseconds in repetition 336
tcp_ping received 192 bytes back
Round trip time was 0.011907 milliseconds in repetition 337
tcp_ping received 192 bytes back
Round trip time was 0.012228 milliseconds in repetition 338
tcp_ping received 192 bytes back
Round trip time was 0.012309 milliseconds in repetition 339
tcp_ping received 192 bytes back
Round trip time was 0.011901 milliseconds in repetition 340
tcp_ping received 192 bytes back
Round trip time was 0.012021 milliseconds in repetition 341
tcp_ping received 192 bytes back
Round trip time was 0.013404 milliseconds in repetition 342
tcp_ping received 192 bytes back
Round trip time was 0.018252 milliseconds in repetition 343
tcp_ping received 192 bytes back
Round trip time was 0.032912 milliseconds in repetition 344
tcp_ping received 192 bytes back
Round trip time was 0.012761 milliseconds in repetition 345
tcp_ping received 192 bytes back
Round trip time was 0.012664 milliseconds in repetition 346
tcp_ping received 192 bytes back
Round trip time was 0.013478 milliseconds in repetition 347
tcp_ping received 192 bytes back
Round trip time was 0.01563 milliseconds in repetition 348
tcp_ping received 192 bytes back
Round trip time was 0.012241 milliseconds in repetition 349
tcp_ping received 192 bytes back
Round trip time was 0.012406 milliseconds in repetition 350
tcp_ping received 192 bytes back
Round trip time was 0.012142 milliseconds in repetition 351
tcp_ping received 192 bytes back
Round trip time was 0.012058 milliseconds in repetition 352
tcp_ping received 192 bytes back
Round trip time was 0.07099 milliseconds in repetition 353
tcp_ping received 192 bytes back
Round trip time was 0.014617 milliseconds in repetition 354
tcp_ping received 192 bytes back
Round trip time was 0.013161 milliseconds in repetition 355
tcp_ping received 192 bytes back
Round trip time was 0.012519 milliseconds in repetition 356
tcp_ping received 192 bytes back
Round trip time was 0.012461 milliseconds in repetition 357
tcp_ping received 192 bytes back
Round trip time was 0.01227 milliseconds in repetition 358
tcp_ping received 192 bytes back
Round trip time was 0.01246 milliseconds in repetition 359
tcp_ping received 192 bytes back
Round trip time was 0.012403 milliseconds in repetition 360
tcp_ping received 192 bytes back
Round trip time was 0.012428 milliseconds in repetition 361
tcp_ping received 192 bytes back
Round trip time was 0.01231 milliseconds in repetition 362
tcp_ping received 192 bytes back
Round trip time was 0.012394 milliseconds in repetition 363
tcp_ping received 192 bytes back
Round trip time was 0.028792 milliseconds in repetition 364
tcp_ping received 192 bytes back
Round trip time was 0.033001 milliseconds in repetition 365
tcp_ping received 192 bytes back
Round trip time was 0.012277 milliseconds in repetition 366
tcp_ping received 192 bytes back
Round trip time was 0.012086 milliseconds in repetition 367
tcp_ping received 192 bytes back
Round trip time was 0.012313 milliseconds in repetition 368
tcp_ping received 192 bytes back
Round trip time was 0.012303 milliseconds in repetition 369
tcp_ping received 192 bytes back
Round trip time was 0.012298 milliseconds in repetition 370
tcp_ping received 192 bytes back
Round trip time was 0.012213 milliseconds in repetition 371
tcp_ping received 192 bytes back
Round trip time was 0.012185 milliseconds in repetition 372
tcp_ping received 192 bytes back
Round trip time was 0.01221 milliseconds in repetition 373
tcp_ping received 192 bytes back
Round trip time was 0.028517 milliseconds in repetition 374
tcp_ping received 192 bytes back
Round trip time was 0.011991 milliseconds in repetition 375
tcp_ping received 192 bytes back
Round trip time was 0.011928 milliseconds in repetition 376
tcp_ping received 192 bytes back
Round trip time was 0.011857 milliseconds in repetition 377
tcp_ping received 192 bytes back
Round trip time was 0.032269 milliseconds in repetition 378
tcp_ping received 192 bytes back
Round trip time was 0.012458 milliseconds in repetition 379
tcp_ping received 192 bytes back
Round trip time was 0.012461 milliseconds in repetition 380
tcp_ping received 192 bytes back
Round trip time was 0.04465 milliseconds in repetition 381
tcp_ping received 192 bytes back
Round trip time was 0.011609 milliseconds in repetition 382
tcp_ping received 192 bytes back
Round trip time was 0.011496 milliseconds in repetition 383
tcp_ping received 192 bytes back
Round trip time was 0.011618 milliseconds in repetition 384
tcp_ping received 192 bytes back
Round trip time was 0.01151 milliseconds in repetition 385
tcp_ping received 192 bytes back
Round trip time was 0.011574 milliseconds in repetition 386
tcp_ping received 192 bytes back
Round trip time was 0.011619 milliseconds in repetition 387
tcp_ping received 192 bytes back
Round trip time was 0.011548 milliseconds in repetition 388
tcp_ping received 192 bytes back
Round trip time was 0.011545 milliseconds in repetition 389
tcp_ping received 192 bytes back
Round trip time was 0.011421 milliseconds in repetition 390
tcp_ping received 192 bytes back
Round trip time was 0.01143 milliseconds in repetition 391
tcp_ping received 192 bytes back
Round trip time was 0.011646 milliseconds in repetition 392
tcp_ping received 192 bytes back
Round trip time was 0.011721 milliseconds in repetition 393
tcp_ping received 192 bytes back
Round trip time was 0.011493 milliseconds in repetition 394
tcp_ping received 192 bytes back
Round trip time was 0.011635 milliseconds in repetition 395
tcp_ping received 192 bytes back
Round trip time was 0.011621 milliseconds in repetition 396
tcp_ping received 192 bytes back
Round trip time was 0.011536 milliseconds in repetition 397
tcp_ping received 192 bytes back
Round trip time was 0.049664 milliseconds in repetition 398
tcp_ping received 192 bytes back
Round trip time was 0.013646 milliseconds in repetition 399
tcp_ping received 192 bytes back
Round trip time was 0.012438 milliseconds in repetition 400
tcp_ping received 192 bytes back
Round trip time was 0.012176 milliseconds in repetition 401
tcp_ping received 192 bytes back
Round trip time was 0.012341 milliseconds in repetition 402
tcp_ping received 192 bytes back
Round trip time was 0.01227 milliseconds in repetition 403
tcp_ping received 192 bytes back
Round trip time was 0.012136 milliseconds in repetition 404
tcp_ping received 192 bytes back
Round trip time was 0.012201 milliseconds in repetition 405
tcp_ping received 192 bytes back
Round trip time was 0.011968 milliseconds in repetition 406
tcp_ping received 192 bytes back
Round trip time was 0.011958 milliseconds in repetition 407
tcp_ping received 192 bytes back
Round trip time was 0.012119 milliseconds in repetition 408
tcp_ping received 192 bytes back
Round trip time was 0.011933 milliseconds in repetition 409
tcp_ping received 192 bytes back
Round trip time was 0.012032 milliseconds in repetition 410
tcp_ping received 192 bytes back
Round trip time was 0.012125 milliseconds in repetition 411
tcp_ping received 192 bytes back
Round trip time was 0.012048 milliseconds in repetition 412
tcp_ping received 192 bytes back
Round trip time was 0.011507 milliseconds in repetition 413
tcp_ping received 192 bytes back
Round trip time was 0.011586 milliseconds in repetition 414
tcp_ping received 192 bytes back
Round trip time was 0.011515 milliseconds in repetition 415
tcp_ping received 192 bytes back
Round trip time was 0.011556 milliseconds in repetition 416
tcp_ping received 192 bytes back
Round trip time was 0.011591 milliseconds in repetition 417
tcp_ping received 192 bytes back
Round trip time was 0.011637 milliseconds in repetition 418
tcp_ping received 192 bytes back
Round trip time was 0.011573 milliseconds in repetition 419
tcp_ping received 192 bytes back
Round trip time was 0.011513 milliseconds in repetition 420
tcp_ping received 192 bytes back
Round trip time was 0.011501 milliseconds in repetition 421
tcp_ping received 192 bytes back
Round trip time was 0.011523 milliseconds in repetition 422
tcp_ping received 192 bytes back
Round trip time was 0.01156 milliseconds in repetition 423
tcp_ping received 192 bytes back
Round trip time was 0.011609 milliseconds in repetition 424
tcp_ping received 192 bytes back
Round trip time was 0.01158 milliseconds in repetition 425
tcp_ping received 192 bytes back
Round trip time was 0.01165 milliseconds in repetition 426
tcp_ping received 192 bytes back
Round trip time was 0.011578 milliseconds in repetition 427
tcp_ping received 192 bytes back
Round trip time was 0.01164 milliseconds in repetition 428
tcp_ping received 192 bytes back
Round trip time was 0.011618 milliseconds in repetition 429
tcp_ping received 192 bytes back
Round trip time was 0.01157 milliseconds in repetition 430
tcp_ping received 192 bytes back
Round trip time was 0.011492 milliseconds in repetition 431
tcp_ping received 192 bytes back
Round trip time was 0.017974 milliseconds in repetition 432
tcp_ping received 192 bytes back
Round trip time was 0.01509 milliseconds in repetition 433
tcp_ping received 192 bytes back
Round trip time was 0.012043 milliseconds in repetition 434
tcp_ping received 192 bytes back
Round trip time was 0.011837 milliseconds in repetition 435
tcp_ping received 192 bytes back
Round trip time was 0.029998 milliseconds in repetition 436
tcp_ping received 192 bytes back
Round trip time was 0.012103 milliseconds in repetition 437
tcp_ping received 192 bytes back
Round trip time was 0.025268 milliseconds in repetition 438
tcp_ping received 192 bytes back
Round trip time was 0.029936 milliseconds in repetition 439
tcp_ping received 192 bytes back
Round trip time was 0.012029 milliseconds in repetition 440
tcp_ping received 192 bytes back
Round trip time was 0.01163 milliseconds in repetition 441
tcp_ping received 192 bytes back
Round trip time was 0.021134 milliseconds in repetition 442
tcp_ping received 192 bytes back
Round trip time was 0.012609 milliseconds in repetition 443
tcp_ping received 192 bytes back
Round trip time was 0.011973 milliseconds in repetition 444
tcp_ping received 192 bytes back
Round trip time was 0.011968 milliseconds in repetition 445
tcp_ping received 192 bytes back
Round trip time was 0.011924 milliseconds in repetition 446
tcp_ping received 192 bytes back
Round trip time was 0.012069 milliseconds in repetition 447
tcp_ping received 192 bytes back
Round trip time was 0.011925 milliseconds in repetition 448
tcp_ping received 192 bytes back
Round trip time was 0.011825 milliseconds in repetition 449
tcp_ping received 192 bytes back
Round trip time was 0.013337 milliseconds in repetition 450
tcp_ping received 192 bytes back
Round trip time was 0.025799 milliseconds in repetition 451
tcp_ping received 192 bytes back
Round trip time was 0.049303 milliseconds in repetition 452
tcp_ping received 192 bytes back
Round trip time was 0.016842 milliseconds in repetition 453
tcp_ping received 192 bytes back
Round trip time was 0.012427 milliseconds in repetition 454
tcp_ping received 192 bytes back
Round trip time was 0.011912 milliseconds in repetition 455
tcp_ping received 192 bytes back
Round trip time was 0.0121 milliseconds in repetition 456
tcp_ping received 192 bytes back
Round trip time was 0.011999 milliseconds in repetition 457
tcp_ping received 192 bytes back
Round trip time was 0.011915 milliseconds in repetition 458
tcp_ping received 192 bytes back
Round trip time was 0.012097 milliseconds in repetition 459
tcp_ping received 192 bytes back
Round trip time was 0.011915 milliseconds in repetition 460
tcp_ping received 192 bytes back
Round trip time was 0.011835 milliseconds in repetition 461
tcp_ping received 192 bytes back
Round trip time was 0.011949 milliseconds in repetition 462
tcp_ping received 192 bytes back
Round trip time was 0.011867 milliseconds in repetition 463
tcp_ping received 192 bytes back
Round trip time was 0.016812 milliseconds in repetition 464
tcp_ping received 192 bytes back
Round trip time was 0.034443 milliseconds in repetition 465
tcp_ping received 192 bytes back
Round trip time was 0.026287 milliseconds in repetition 466
tcp_ping received 192 bytes back
Round trip time was 0.012018 milliseconds in repetition 467
tcp_ping received 192 bytes back
Round trip time was 0.011966 milliseconds in repetition 468
tcp_ping received 192 bytes back
Round trip time was 0.011804 milliseconds in repetition 469
tcp_ping received 192 bytes back
Round trip time was 0.011974 milliseconds in repetition 470
tcp_ping received 192 bytes back
Round trip time was 0.017045 milliseconds in repetition 471
tcp_ping received 192 bytes back
Round trip time was 0.015327 milliseconds in repetition 472
tcp_ping received 192 bytes back
Round trip time was 0.012151 milliseconds in repetition 473
tcp_ping received 192 bytes back
Round trip time was 0.011933 milliseconds in repetition 474
tcp_ping received 192 bytes back
Round trip time was 0.011991 milliseconds in repetition 475
tcp_ping received 192 bytes back
Round trip time was 0.011914 milliseconds in repetition 476
tcp_ping received 192 bytes back
Round trip time was 0.012023 milliseconds in repetition 477
tcp_ping received 192 bytes back
Round trip time was 0.011895 milliseconds in repetition 478
tcp_ping received 192 bytes back
Round trip time was 0.0119 milliseconds in repetition 479
tcp_ping received 192 bytes back
Round trip time was 0.011874 milliseconds in repetition 480
tcp_ping received 192 bytes back
Round trip time was 0.011955 milliseconds in repetition 481
tcp_ping received 192 bytes back
Round trip time was 0.012012 milliseconds in repetition 482
tcp_ping received 192 bytes back
Round trip time was 0.01208 milliseconds in repetition 483
tcp_ping received 192 bytes back
Round trip time was 0.011898 milliseconds in repetition 484
tcp_ping received 192 bytes back
Round trip time was 0.011902 milliseconds in repetition 485
tcp_ping received 192 bytes back
Round trip time was 0.034623 milliseconds in repetition 486
tcp_ping received 192 bytes back
Round trip time was 0.012621 milliseconds in repetition 487
tcp_ping received 192 bytes back
Round trip time was 0.012085 milliseconds in repetition 488
tcp_ping received 192 bytes back
Round trip time was 0.012014 milliseconds in repetition 489
tcp_ping received 192 bytes back
Round trip time was 0.011888 milliseconds in repetition 490
tcp_ping received 192 bytes back
Round trip time was 0.011942 milliseconds in repetition 491
tcp_ping received 192 bytes back
Round trip time was 0.01181 milliseconds in repetition 492
tcp_ping received 192 bytes back
Round trip time was 0.011696 milliseconds in repetition 493
tcp_ping received 192 bytes back
Round trip time was 0.011765 milliseconds in repetition 494
tcp_ping received 192 bytes back
Round trip time was 0.011977 milliseconds in repetition 495
tcp_ping received 192 bytes back
Round trip time was 0.011861 milliseconds in repetition 496
tcp_ping received 192 bytes back
Round trip time was 0.011917 milliseconds in repetition 497
tcp_ping received 192 bytes back
Round trip time was 0.011997 milliseconds in repetition 498
tcp_ping received 192 bytes back
Round trip time was 0.012135 milliseconds in repetition 499
tcp_ping received 192 bytes back
Round trip time was 0.011913 milliseconds in repetition 500
tcp_ping received 192 bytes back
Round trip time was 0.012091 milliseconds in repetition 501

 ... clock resolution was 1e-06
TCP Ping:  Statistics over 501 repetitions of 192 byte messages

RTT : percentile 10: 0.011874, median: 0.012257, percentile 90: 0.017664, average: 0.0150614, variance: 0.000119988

RTT histogram:
0.0114205 439
0.0179591 17
0.0244978 14
0.0310364 9
0.0375751 4
0.0441137 4
0.0506524 3
0.057191 5
0.0637297 1
0.0702683 3
0.076807 0
0.0833456 0
0.0898843 0
0.0964229 1
0.102962 0
0.1095 0
0.116039 0
0.122578 0
0.129116 0
0.135655 0
0.142193 1

   median Throughput : 31329 KB/s   overall Throughput : 25495.7 KB/s

