TCP Ping trying to connect to server localhost (127.0.0.1) on port 1421
 ... connected to Pong server: asking for 501 repetitions of 49152 bytes TCP messages
 ... Pong server agreed :-)
tcp_ping received 49152 bytes back
Round trip time was 0.603529 milliseconds in repetition 1
tcp_ping received 49152 bytes back
Round trip time was 0.498729 milliseconds in repetition 2
tcp_ping received 49152 bytes back
Round trip time was 0.496548 milliseconds in repetition 3
tcp_ping received 49152 bytes back
Round trip time was 0.509279 milliseconds in repetition 4
tcp_ping received 49152 bytes back
Round trip time was 0.550362 milliseconds in repetition 5
tcp_ping received 49152 bytes back
Round trip time was 0.582924 milliseconds in repetition 6
tcp_ping received 49152 bytes back
Round trip time was 0.55001 milliseconds in repetition 7
tcp_ping received 49152 bytes back
Round trip time was 0.533622 milliseconds in repetition 8
tcp_ping received 49152 bytes back
Round trip time was 0.540872 milliseconds in repetition 9
tcp_ping received 49152 bytes back
Round trip time was 0.473749 milliseconds in repetition 10
tcp_ping received 49152 bytes back
Round trip time was 0.77051 milliseconds in repetition 11
tcp_ping received 49152 bytes back
Round trip time was 2.73456 milliseconds in repetition 12
tcp_ping received 49152 bytes back
Round trip time was 0.482784 milliseconds in repetition 13
tcp_ping received 49152 bytes back
Round trip time was 0.492571 milliseconds in repetition 14
tcp_ping received 49152 bytes back
Round trip time was 0.490598 milliseconds in repetition 15
tcp_ping received 49152 bytes back
Round trip time was 0.493595 milliseconds in repetition 16
tcp_ping received 49152 bytes back
Round trip time was 0.627245 milliseconds in repetition 17
tcp_ping received 49152 bytes back
Round trip time was 0.842101 milliseconds in repetition 18
tcp_ping received 49152 bytes back
Round trip time was 0.586869 milliseconds in repetition 19
tcp_ping received 49152 bytes back
Round trip time was 0.572064 milliseconds in repetition 20
tcp_ping received 49152 bytes back
Round trip time was 0.506736 milliseconds in repetition 21
tcp_ping received 49152 bytes back
Round trip time was 0.577662 milliseconds in repetition 22
tcp_ping received 49152 bytes back
Round trip time was 0.79521 milliseconds in repetition 23
tcp_ping received 49152 bytes back
Round trip time was 0.809753 milliseconds in repetition 24
tcp_ping received 49152 bytes back
Round trip time was 0.615913 milliseconds in repetition 25
tcp_ping received 49152 bytes back
Round trip time was 0.465688 milliseconds in repetition 26
tcp_ping received 49152 bytes back
Round trip time was 0.555765 milliseconds in repetition 27
tcp_ping received 49152 bytes back
Round trip time was 0.555773 milliseconds in repetition 28
tcp_ping received 49152 bytes back
Round trip time was 0.461925 milliseconds in repetition 29
tcp_ping received 49152 bytes back
Round trip time was 0.4841 milliseconds in repetition 30
tcp_ping received 49152 bytes back
Round trip time was 0.444192 milliseconds in repetition 31
tcp_ping received 49152 bytes back
Round trip time was 0.491232 milliseconds in repetition 32
tcp_ping received 49152 bytes back
Round trip time was 0.505067 milliseconds in repetition 33
tcp_ping received 49152 bytes back
Round trip time was 1.76734 milliseconds in repetition 34
tcp_ping received 49152 bytes back
Round trip time was 0.556665 milliseconds in repetition 35
tcp_ping received 49152 bytes back
Round trip time was 0.633069 milliseconds in repetition 36
tcp_ping received 49152 bytes back
Round trip time was 0.554327 milliseconds in repetition 37
tcp_ping received 49152 bytes back
Round trip time was 0.553654 milliseconds in repetition 38
tcp_ping received 49152 bytes back
Round trip time was 0.494029 milliseconds in repetition 39
tcp_ping received 49152 bytes back
Round trip time was 0.496235 milliseconds in repetition 40
tcp_ping received 49152 bytes back
Round trip time was 0.48235 milliseconds in repetition 41
tcp_ping received 49152 bytes back
Round trip time was 0.462302 milliseconds in repetition 42
tcp_ping received 49152 bytes back
Round trip time was 0.616751 milliseconds in repetition 43
tcp_ping received 49152 bytes back
Round trip time was 0.561884 milliseconds in repetition 44
tcp_ping received 49152 bytes back
Round trip time was 0.541727 milliseconds in repetition 45
tcp_ping received 49152 bytes back
Round trip time was 0.473488 milliseconds in repetition 46
tcp_ping received 49152 bytes back
Round trip time was 0.461197 milliseconds in repetition 47
tcp_ping received 49152 bytes back
Round trip time was 0.459004 milliseconds in repetition 48
tcp_ping received 49152 bytes back
Round trip time was 0.458003 milliseconds in repetition 49
tcp_ping received 49152 bytes back
Round trip time was 0.460524 milliseconds in repetition 50
tcp_ping received 49152 bytes back
Round trip time was 0.460565 milliseconds in repetition 51
tcp_ping received 49152 bytes back
Round trip time was 0.55476 milliseconds in repetition 52
tcp_ping received 49152 bytes back
Round trip time was 0.554348 milliseconds in repetition 53
tcp_ping received 49152 bytes back
Round trip time was 0.469608 milliseconds in repetition 54
tcp_ping received 49152 bytes back
Round trip time was 0.536331 milliseconds in repetition 55
tcp_ping received 49152 bytes back
Round trip time was 0.467081 milliseconds in repetition 56
tcp_ping received 49152 bytes back
Round trip time was 0.4558 milliseconds in repetition 57
tcp_ping received 49152 bytes back
Round trip time was 0.706468 milliseconds in repetition 58
tcp_ping received 49152 bytes back
Round trip time was 0.46948 milliseconds in repetition 59
tcp_ping received 49152 bytes back
Round trip time was 0.522502 milliseconds in repetition 60
tcp_ping received 49152 bytes back
Round trip time was 1.18109 milliseconds in repetition 61
tcp_ping received 49152 bytes back
Round trip time was 0.512876 milliseconds in repetition 62
tcp_ping received 49152 bytes back
Round trip time was 0.778578 milliseconds in repetition 63
tcp_ping received 49152 bytes back
Round trip time was 0.469532 milliseconds in repetition 64
tcp_ping received 49152 bytes back
Round trip time was 0.456539 milliseconds in repetition 65
tcp_ping received 49152 bytes back
Round trip time was 0.577715 milliseconds in repetition 66
tcp_ping received 49152 bytes back
Round trip time was 1.06916 milliseconds in repetition 67
tcp_ping received 49152 bytes back
Round trip time was 0.577616 milliseconds in repetition 68
tcp_ping received 49152 bytes back
Round trip time was 0.521843 milliseconds in repetition 69
tcp_ping received 49152 bytes back
Round trip time was 0.480861 milliseconds in repetition 70
tcp_ping received 49152 bytes back
Round trip time was 0.443696 milliseconds in repetition 71
tcp_ping received 49152 bytes back
Round trip time was 0.444502 milliseconds in repetition 72
tcp_ping received 49152 bytes back
Round trip time was 0.517596 milliseconds in repetition 73
tcp_ping received 49152 bytes back
Round trip time was 0.614809 milliseconds in repetition 74
tcp_ping received 49152 bytes back
Round trip time was 0.587631 milliseconds in repetition 75
tcp_ping received 49152 bytes back
Round trip time was 0.833315 milliseconds in repetition 76
tcp_ping received 49152 bytes back
Round trip time was 0.732458 milliseconds in repetition 77
tcp_ping received 49152 bytes back
Round trip time was 0.902428 milliseconds in repetition 78
tcp_ping received 49152 bytes back
Round trip time was 0.904398 milliseconds in repetition 79
tcp_ping received 49152 bytes back
Round trip time was 0.565781 milliseconds in repetition 80
tcp_ping received 49152 bytes back
Round trip time was 0.490628 milliseconds in repetition 81
tcp_ping received 49152 bytes back
Round trip time was 0.614141 milliseconds in repetition 82
tcp_ping received 49152 bytes back
Round trip time was 0.660187 milliseconds in repetition 83
tcp_ping received 49152 bytes back
Round trip time was 0.698103 milliseconds in repetition 84
tcp_ping received 49152 bytes back
Round trip time was 0.490111 milliseconds in repetition 85
tcp_ping received 49152 bytes back
Round trip time was 0.607647 milliseconds in repetition 86
tcp_ping received 49152 bytes back
Round trip time was 0.531241 milliseconds in repetition 87
tcp_ping received 49152 bytes back
Round trip time was 0.54965 milliseconds in repetition 88
tcp_ping received 49152 bytes back
Round trip time was 0.459394 milliseconds in repetition 89
tcp_ping received 49152 bytes back
Round trip time was 0.46367 milliseconds in repetition 90
tcp_ping received 49152 bytes back
Round trip time was 0.649684 milliseconds in repetition 91
tcp_ping received 49152 bytes back
Round trip time was 1.20644 milliseconds in repetition 92
tcp_ping received 49152 bytes back
Round trip time was 4.23076 milliseconds in repetition 93
tcp_ping received 49152 bytes back
Round trip time was 0.592861 milliseconds in repetition 94
tcp_ping received 49152 bytes back
Round trip time was 1.56423 milliseconds in repetition 95
tcp_ping received 49152 bytes back
Round trip time was 1.37278 milliseconds in repetition 96
tcp_ping received 49152 bytes back
Round trip time was 1.78974 milliseconds in repetition 97
tcp_ping received 49152 bytes back
Round trip time was 5.56593 milliseconds in repetition 98
tcp_ping received 49152 bytes back
Round trip time was 5.62644 milliseconds in repetition 99
tcp_ping received 49152 bytes back
Round trip time was 1.68928 milliseconds in repetition 100
tcp_ping received 49152 bytes back
Round trip time was 0.594476 milliseconds in repetition 101
tcp_ping received 49152 bytes back
Round trip time was 0.685894 milliseconds in repetition 102
tcp_ping received 49152 bytes back
Round trip time was 1.26075 milliseconds in repetition 103
tcp_ping received 49152 bytes back
Round trip time was 0.467868 milliseconds in repetition 104
tcp_ping received 49152 bytes back
Round trip time was 1.87828 milliseconds in repetition 105
tcp_ping received 49152 bytes back
Round trip time was 0.469369 milliseconds in repetition 106
tcp_ping received 49152 bytes back
Round trip time was 0.668833 milliseconds in repetition 107
tcp_ping received 49152 bytes back
Round trip time was 1.47924 milliseconds in repetition 108
tcp_ping received 49152 bytes back
Round trip time was 0.663848 milliseconds in repetition 109
tcp_ping received 49152 bytes back
Round trip time was 0.752695 milliseconds in repetition 110
tcp_ping received 49152 bytes back
Round trip time was 0.810022 milliseconds in repetition 111
tcp_ping received 49152 bytes back
Round trip time was 1.34351 milliseconds in repetition 112
tcp_ping received 49152 bytes back
Round trip time was 0.57272 milliseconds in repetition 113
tcp_ping received 49152 bytes back
Round trip time was 0.671695 milliseconds in repetition 114
tcp_ping received 49152 bytes back
Round trip time was 0.511447 milliseconds in repetition 115
tcp_ping received 49152 bytes back
Round trip time was 0.843294 milliseconds in repetition 116
tcp_ping received 49152 bytes back
Round trip time was 0.467038 milliseconds in repetition 117
tcp_ping received 49152 bytes back
Round trip time was 0.525482 milliseconds in repetition 118
tcp_ping received 49152 bytes back
Round trip time was 0.457958 milliseconds in repetition 119
tcp_ping received 49152 bytes back
Round trip time was 2.81268 milliseconds in repetition 120
tcp_ping received 49152 bytes back
Round trip time was 0.970787 milliseconds in repetition 121
tcp_ping received 49152 bytes back
Round trip time was 0.475764 milliseconds in repetition 122
tcp_ping received 49152 bytes back
Round trip time was 4.07359 milliseconds in repetition 123
tcp_ping received 49152 bytes back
Round trip time was 0.510111 milliseconds in repetition 124
tcp_ping received 49152 bytes back
Round trip time was 0.898584 milliseconds in repetition 125
tcp_ping received 49152 bytes back
Round trip time was 0.761454 milliseconds in repetition 126
tcp_ping received 49152 bytes back
Round trip time was 0.830554 milliseconds in repetition 127
tcp_ping received 49152 bytes back
Round trip time was 1.27143 milliseconds in repetition 128
tcp_ping received 49152 bytes back
Round trip time was 0.544643 milliseconds in repetition 129
tcp_ping received 49152 bytes back
Round trip time was 0.505096 milliseconds in repetition 130
tcp_ping received 49152 bytes back
Round trip time was 0.50135 milliseconds in repetition 131
tcp_ping received 49152 bytes back
Round trip time was 0.431287 milliseconds in repetition 132
tcp_ping received 49152 bytes back
Round trip time was 0.429262 milliseconds in repetition 133
tcp_ping received 49152 bytes back
Round trip time was 0.504501 milliseconds in repetition 134
tcp_ping received 49152 bytes back
Round trip time was 0.434302 milliseconds in repetition 135
tcp_ping received 49152 bytes back
Round trip time was 0.739042 milliseconds in repetition 136
tcp_ping received 49152 bytes back
Round trip time was 0.440609 milliseconds in repetition 137
tcp_ping received 49152 bytes back
Round trip time was 0.510984 milliseconds in repetition 138
tcp_ping received 49152 bytes back
Round trip time was 0.511701 milliseconds in repetition 139
tcp_ping received 49152 bytes back
Round trip time was 1.07767 milliseconds in repetition 140
tcp_ping received 49152 bytes back
Round trip time was 1.03746 milliseconds in repetition 141
tcp_ping received 49152 bytes back
Round trip time was 0.585209 milliseconds in repetition 142
tcp_ping received 49152 bytes back
Round trip time was 0.438406 milliseconds in repetition 143
tcp_ping received 49152 bytes back
Round trip time was 0.46646 milliseconds in repetition 144
tcp_ping received 49152 bytes back
Round trip time was 0.4312 milliseconds in repetition 145
tcp_ping received 49152 bytes back
Round trip time was 0.430823 milliseconds in repetition 146
tcp_ping received 49152 bytes back
Round trip time was 0.430611 milliseconds in repetition 147
tcp_ping received 49152 bytes back
Round trip time was 0.446561 milliseconds in repetition 148
tcp_ping received 49152 bytes back
Round trip time was 0.431961 milliseconds in repetition 149
tcp_ping received 49152 bytes back
Round trip time was 0.466242 milliseconds in repetition 150
tcp_ping received 49152 bytes back
Round trip time was 0.509545 milliseconds in repetition 151
tcp_ping received 49152 bytes back
Round trip time was 0.508374 milliseconds in repetition 152
tcp_ping received 49152 bytes back
Round trip time was 0.533264 milliseconds in repetition 153
tcp_ping received 49152 bytes back
Round trip time was 0.908847 milliseconds in repetition 154
tcp_ping received 49152 bytes back
Round trip time was 1.25976 milliseconds in repetition 155
tcp_ping received 49152 bytes back
Round trip time was 0.694725 milliseconds in repetition 156
tcp_ping received 49152 bytes back
Round trip time was 0.832752 milliseconds in repetition 157
tcp_ping received 49152 bytes back
Round trip time was 0.552593 milliseconds in repetition 158
tcp_ping received 49152 bytes back
Round trip time was 0.565088 milliseconds in repetition 159
tcp_ping received 49152 bytes back
Round trip time was 0.553619 milliseconds in repetition 160
tcp_ping received 49152 bytes back
Round trip time was 0.544931 milliseconds in repetition 161
tcp_ping received 49152 bytes back
Round trip time was 0.592133 milliseconds in repetition 162
tcp_ping received 49152 bytes back
Round trip time was 0.556226 milliseconds in repetition 163
tcp_ping received 49152 bytes back
Round trip time was 0.592207 milliseconds in repetition 164
tcp_ping received 49152 bytes back
Round trip time was 0.568462 milliseconds in repetition 165
tcp_ping received 49152 bytes back
Round trip time was 1.12688 milliseconds in repetition 166
tcp_ping received 49152 bytes back
Round trip time was 1.22402 milliseconds in repetition 167
tcp_ping received 49152 bytes back
Round trip time was 0.640478 milliseconds in repetition 168
tcp_ping received 49152 bytes back
Round trip time was 0.577064 milliseconds in repetition 169
tcp_ping received 49152 bytes back
Round trip time was 0.562427 milliseconds in repetition 170
tcp_ping received 49152 bytes back
Round trip time was 0.5932 milliseconds in repetition 171
tcp_ping received 49152 bytes back
Round trip time was 0.552602 milliseconds in repetition 172
tcp_ping received 49152 bytes back
Round trip time was 0.571174 milliseconds in repetition 173
tcp_ping received 49152 bytes back
Round trip time was 0.519894 milliseconds in repetition 174
tcp_ping received 49152 bytes back
Round trip time was 0.565867 milliseconds in repetition 175
tcp_ping received 49152 bytes back
Round trip time was 0.653814 milliseconds in repetition 176
tcp_ping received 49152 bytes back
Round trip time was 2.38924 milliseconds in repetition 177
tcp_ping received 49152 bytes back
Round trip time was 0.476162 milliseconds in repetition 178
tcp_ping received 49152 bytes back
Round trip time was 0.515403 milliseconds in repetition 179
tcp_ping received 49152 bytes back
Round trip time was 0.47224 milliseconds in repetition 180
tcp_ping received 49152 bytes back
Round trip time was 0.523412 milliseconds in repetition 181
tcp_ping received 49152 bytes back
Round trip time was 0.677632 milliseconds in repetition 182
tcp_ping received 49152 bytes back
Round trip time was 0.554096 milliseconds in repetition 183
tcp_ping received 49152 bytes back
Round trip time was 0.600487 milliseconds in repetition 184
tcp_ping received 49152 bytes back
Round trip time was 0.671812 milliseconds in repetition 185
tcp_ping received 49152 bytes back
Round trip time was 0.493845 milliseconds in repetition 186
tcp_ping received 49152 bytes back
Round trip time was 0.451442 milliseconds in repetition 187
tcp_ping received 49152 bytes back
Round trip time was 0.69677 milliseconds in repetition 188
tcp_ping received 49152 bytes back
Round trip time was 0.808591 milliseconds in repetition 189
tcp_ping received 49152 bytes back
Round trip time was 1.32002 milliseconds in repetition 190
tcp_ping received 49152 bytes back
Round trip time was 0.683991 milliseconds in repetition 191
tcp_ping received 49152 bytes back
Round trip time was 6.9272 milliseconds in repetition 192
tcp_ping received 49152 bytes back
Round trip time was 2.78701 milliseconds in repetition 193
tcp_ping received 49152 bytes back
Round trip time was 0.848642 milliseconds in repetition 194
tcp_ping received 49152 bytes back
Round trip time was 3.66509 milliseconds in repetition 195
tcp_ping received 49152 bytes back
Round trip time was 1.00996 milliseconds in repetition 196
tcp_ping received 49152 bytes back
Round trip time was 0.501526 milliseconds in repetition 197
tcp_ping received 49152 bytes back
Round trip time was 0.465285 milliseconds in repetition 198
tcp_ping received 49152 bytes back
Round trip time was 0.472627 milliseconds in repetition 199
tcp_ping received 49152 bytes back
Round trip time was 0.500141 milliseconds in repetition 200
tcp_ping received 49152 bytes back
Round trip time was 0.46775 milliseconds in repetition 201
tcp_ping received 49152 bytes back
Round trip time was 0.456639 milliseconds in repetition 202
tcp_ping received 49152 bytes back
Round trip time was 0.455853 milliseconds in repetition 203
tcp_ping received 49152 bytes back
Round trip time was 0.560445 milliseconds in repetition 204
tcp_ping received 49152 bytes back
Round trip time was 0.496434 milliseconds in repetition 205
tcp_ping received 49152 bytes back
Round trip time was 0.471388 milliseconds in repetition 206
tcp_ping received 49152 bytes back
Round trip time was 2.46551 milliseconds in repetition 207
tcp_ping received 49152 bytes back
Round trip time was 1.62377 milliseconds in repetition 208
tcp_ping received 49152 bytes back
Round trip time was 0.492769 milliseconds in repetition 209
tcp_ping received 49152 bytes back
Round trip time was 1.14404 milliseconds in repetition 210
tcp_ping received 49152 bytes back
Round trip time was 0.479763 milliseconds in repetition 211
tcp_ping received 49152 bytes back
Round trip time was 0.544043 milliseconds in repetition 212
tcp_ping received 49152 bytes back
Round trip time was 0.632418 milliseconds in repetition 213
tcp_ping received 49152 bytes back
Round trip time was 0.482931 milliseconds in repetition 214
tcp_ping received 49152 bytes back
Round trip time was 0.464981 milliseconds in repetition 215
tcp_ping received 49152 bytes back
Round trip time was 0.543546 milliseconds in repetition 216
tcp_ping received 49152 bytes back
Round trip time was 0.869027 milliseconds in repetition 217
tcp_ping received 49152 bytes back
Round trip time was 0.969982 milliseconds in repetition 218
tcp_ping received 49152 bytes back
Round trip time was 1.88021 milliseconds in repetition 219
tcp_ping received 49152 bytes back
Round trip time was 0.820226 milliseconds in repetition 220
tcp_ping received 49152 bytes back
Round trip time was 2.04221 milliseconds in repetition 221
tcp_ping received 49152 bytes back
Round trip time was 1.95821 milliseconds in repetition 222
tcp_ping received 49152 bytes back
Round trip time was 0.933806 milliseconds in repetition 223
tcp_ping received 49152 bytes back
Round trip time was 0.703644 milliseconds in repetition 224
tcp_ping received 49152 bytes back
Round trip time was 0.683712 milliseconds in repetition 225
tcp_ping received 49152 bytes back
Round trip time was 1.00667 milliseconds in repetition 226
tcp_ping received 49152 bytes back
Round trip time was 0.64016 milliseconds in repetition 227
tcp_ping received 49152 bytes back
Round trip time was 0.717229 milliseconds in repetition 228
tcp_ping received 49152 bytes back
Round trip time was 0.76414 milliseconds in repetition 229
tcp_ping received 49152 bytes back
Round trip time was 0.65177 milliseconds in repetition 230
tcp_ping received 49152 bytes back
Round trip time was 0.569447 milliseconds in repetition 231
tcp_ping received 49152 bytes back
Round trip time was 0.571223 milliseconds in repetition 232
tcp_ping received 49152 bytes back
Round trip time was 0.580671 milliseconds in repetition 233
tcp_ping received 49152 bytes back
Round trip time was 0.865724 milliseconds in repetition 234
tcp_ping received 49152 bytes back
Round trip time was 0.592241 milliseconds in repetition 235
tcp_ping received 49152 bytes back
Round trip time was 0.557231 milliseconds in repetition 236
tcp_ping received 49152 bytes back
Round trip time was 0.556043 milliseconds in repetition 237
tcp_ping received 49152 bytes back
Round trip time was 0.556059 milliseconds in repetition 238
tcp_ping received 49152 bytes back
Round trip time was 0.555281 milliseconds in repetition 239
tcp_ping received 49152 bytes back
Round trip time was 0.548725 milliseconds in repetition 240
tcp_ping received 49152 bytes back
Round trip time was 0.674208 milliseconds in repetition 241
tcp_ping received 49152 bytes back
Round trip time was 0.56817 milliseconds in repetition 242
tcp_ping received 49152 bytes back
Round trip time was 0.564409 milliseconds in repetition 243
tcp_ping received 49152 bytes back
Round trip time was 0.560222 milliseconds in repetition 244
tcp_ping received 49152 bytes back
Round trip time was 0.581412 milliseconds in repetition 245
tcp_ping received 49152 bytes back
Round trip time was 0.54222 milliseconds in repetition 246
tcp_ping received 49152 bytes back
Round trip time was 0.605448 milliseconds in repetition 247
tcp_ping received 49152 bytes back
Round trip time was 0.74698 milliseconds in repetition 248
tcp_ping received 49152 bytes back
Round trip time was 0.578362 milliseconds in repetition 249
tcp_ping received 49152 bytes back
Round trip time was 0.545134 milliseconds in repetition 250
tcp_ping received 49152 bytes back
Round trip time was 0.54118 milliseconds in repetition 251
tcp_ping received 49152 bytes back
Round trip time was 0.539749 milliseconds in repetition 252
tcp_ping received 49152 bytes back
Round trip time was 0.659792 milliseconds in repetition 253
tcp_ping received 49152 bytes back
Round trip time was 0.735651 milliseconds in repetition 254
tcp_ping received 49152 bytes back
Round trip time was 0.613138 milliseconds in repetition 255
tcp_ping received 49152 bytes back
Round trip time was 0.574303 milliseconds in repetition 256
tcp_ping received 49152 bytes back
Round trip time was 0.5821 milliseconds in repetition 257
tcp_ping received 49152 bytes back
Round trip time was 0.551377 milliseconds in repetition 258
tcp_ping received 49152 bytes back
Round trip time was 0.541721 milliseconds in repetition 259
tcp_ping received 49152 bytes back
Round trip time was 0.804431 milliseconds in repetition 260
tcp_ping received 49152 bytes back
Round trip time was 0.619793 milliseconds in repetition 261
tcp_ping received 49152 bytes back
Round trip time was 0.564123 milliseconds in repetition 262
tcp_ping received 49152 bytes back
Round trip time was 0.5415 milliseconds in repetition 263
tcp_ping received 49152 bytes back
Round trip time was 0.540725 milliseconds in repetition 264
tcp_ping received 49152 bytes back
Round trip time was 0.539936 milliseconds in repetition 265
tcp_ping received 49152 bytes back
Round trip time was 0.545205 milliseconds in repetition 266
tcp_ping received 49152 bytes back
Round trip time was 0.540659 milliseconds in repetition 267
tcp_ping received 49152 bytes back
Round trip time was 0.600653 milliseconds in repetition 268
tcp_ping received 49152 bytes back
Round trip time was 0.559453 milliseconds in repetition 269
tcp_ping received 49152 bytes back
Round trip time was 0.54243 milliseconds in repetition 270
tcp_ping received 49152 bytes back
Round trip time was 0.584536 milliseconds in repetition 271
tcp_ping received 49152 bytes back
Round trip time was 0.551739 milliseconds in repetition 272
tcp_ping received 49152 bytes back
Round trip time was 0.543247 milliseconds in repetition 273
tcp_ping received 49152 bytes back
Round trip time was 0.540982 milliseconds in repetition 274
tcp_ping received 49152 bytes back
Round trip time was 0.738005 milliseconds in repetition 275
tcp_ping received 49152 bytes back
Round trip time was 0.54533 milliseconds in repetition 276
tcp_ping received 49152 bytes back
Round trip time was 0.541893 milliseconds in repetition 277
tcp_ping received 49152 bytes back
Round trip time was 0.541125 milliseconds in repetition 278
tcp_ping received 49152 bytes back
Round trip time was 0.527106 milliseconds in repetition 279
tcp_ping received 49152 bytes back
Round trip time was 0.549643 milliseconds in repetition 280
tcp_ping received 49152 bytes back
Round trip time was 0.544422 milliseconds in repetition 281
tcp_ping received 49152 bytes back
Round trip time was 0.58089 milliseconds in repetition 282
tcp_ping received 49152 bytes back
Round trip time was 0.56461 milliseconds in repetition 283
tcp_ping received 49152 bytes back
Round trip time was 0.541181 milliseconds in repetition 284
tcp_ping received 49152 bytes back
Round trip time was 0.542094 milliseconds in repetition 285
tcp_ping received 49152 bytes back
Round trip time was 0.609401 milliseconds in repetition 286
tcp_ping received 49152 bytes back
Round trip time was 0.592431 milliseconds in repetition 287
tcp_ping received 49152 bytes back
Round trip time was 0.544024 milliseconds in repetition 288
tcp_ping received 49152 bytes back
Round trip time was 0.708502 milliseconds in repetition 289
tcp_ping received 49152 bytes back
Round trip time was 0.559822 milliseconds in repetition 290
tcp_ping received 49152 bytes back
Round trip time was 0.574623 milliseconds in repetition 291
tcp_ping received 49152 bytes back
Round trip time was 0.541676 milliseconds in repetition 292
tcp_ping received 49152 bytes back
Round trip time was 0.586132 milliseconds in repetition 293
tcp_ping received 49152 bytes back
Round trip time was 0.549809 milliseconds in repetition 294
tcp_ping received 49152 bytes back
Round trip time was 0.567344 milliseconds in repetition 295
tcp_ping received 49152 bytes back
Round trip time was 0.589724 milliseconds in repetition 296
tcp_ping received 49152 bytes back
Round trip time was 0.627615 milliseconds in repetition 297
tcp_ping received 49152 bytes back
Round trip time was 0.626724 milliseconds in repetition 298
tcp_ping received 49152 bytes back
Round trip time was 0.643549 milliseconds in repetition 299
tcp_ping received 49152 bytes back
Round trip time was 0.612729 milliseconds in repetition 300
tcp_ping received 49152 bytes back
Round trip time was 0.659385 milliseconds in repetition 301
tcp_ping received 49152 bytes back
Round trip time was 0.665866 milliseconds in repetition 302
tcp_ping received 49152 bytes back
Round trip time was 0.536646 milliseconds in repetition 303
tcp_ping received 49152 bytes back
Round trip time was 0.636442 milliseconds in repetition 304
tcp_ping received 49152 bytes back
Round trip time was 0.532886 milliseconds in repetition 305
tcp_ping received 49152 bytes back
Round trip time was 0.52873 milliseconds in repetition 306
tcp_ping received 49152 bytes back
Round trip time was 0.528205 milliseconds in repetition 307
tcp_ping received 49152 bytes back
Round trip time was 0.556999 milliseconds in repetition 308
tcp_ping received 49152 bytes back
Round trip time was 0.609724 milliseconds in repetition 309
tcp_ping received 49152 bytes back
Round trip time was 0.547674 milliseconds in repetition 310
tcp_ping received 49152 bytes back
Round trip time was 0.53014 milliseconds in repetition 311
tcp_ping received 49152 bytes back
Round trip time was 0.573599 milliseconds in repetition 312
tcp_ping received 49152 bytes back
Round trip time was 0.579825 milliseconds in repetition 313
tcp_ping received 49152 bytes back
Round trip time was 0.540203 milliseconds in repetition 314
tcp_ping received 49152 bytes back
Round trip time was 0.571211 milliseconds in repetition 315
tcp_ping received 49152 bytes back
Round trip time was 0.810331 milliseconds in repetition 316
tcp_ping received 49152 bytes back
Round trip time was 0.548764 milliseconds in repetition 317
tcp_ping received 49152 bytes back
Round trip time was 0.534229 milliseconds in repetition 318
tcp_ping received 49152 bytes back
Round trip time was 0.551508 milliseconds in repetition 319
tcp_ping received 49152 bytes back
Round trip time was 0.560323 milliseconds in repetition 320
tcp_ping received 49152 bytes back
Round trip time was 0.545727 milliseconds in repetition 321
tcp_ping received 49152 bytes back
Round trip time was 1.47 milliseconds in repetition 322
tcp_ping received 49152 bytes back
Round trip time was 0.55827 milliseconds in repetition 323
tcp_ping received 49152 bytes back
Round trip time was 0.551977 milliseconds in repetition 324
tcp_ping received 49152 bytes back
Round trip time was 0.541859 milliseconds in repetition 325
tcp_ping received 49152 bytes back
Round trip time was 0.539619 milliseconds in repetition 326
tcp_ping received 49152 bytes back
Round trip time was 0.555038 milliseconds in repetition 327
tcp_ping received 49152 bytes back
Round trip time was 0.620472 milliseconds in repetition 328
tcp_ping received 49152 bytes back
Round trip time was 0.536836 milliseconds in repetition 329
tcp_ping received 49152 bytes back
Round trip time was 0.5326 milliseconds in repetition 330
tcp_ping received 49152 bytes back
Round trip time was 0.525087 milliseconds in repetition 331
tcp_ping received 49152 bytes back
Round trip time was 0.603311 milliseconds in repetition 332
tcp_ping received 49152 bytes back
Round trip time was 0.528388 milliseconds in repetition 333
tcp_ping received 49152 bytes back
Round trip time was 0.526385 milliseconds in repetition 334
tcp_ping received 49152 bytes back
Round trip time was 0.637423 milliseconds in repetition 335
tcp_ping received 49152 bytes back
Round trip time was 0.571576 milliseconds in repetition 336
tcp_ping received 49152 bytes back
Round trip time was 0.520394 milliseconds in repetition 337
tcp_ping received 49152 bytes back
Round trip time was 0.528231 milliseconds in repetition 338
tcp_ping received 49152 bytes back
Round trip time was 0.529146 milliseconds in repetition 339
tcp_ping received 49152 bytes back
Round trip time was 0.527881 milliseconds in repetition 340
tcp_ping received 49152 bytes back
Round trip time was 0.528271 milliseconds in repetition 341
tcp_ping received 49152 bytes back
Round trip time was 0.681738 milliseconds in repetition 342
tcp_ping received 49152 bytes back
Round trip time was 0.531437 milliseconds in repetition 343
tcp_ping received 49152 bytes back
Round trip time was 0.61324 milliseconds in repetition 344
tcp_ping received 49152 bytes back
Round trip time was 0.530664 milliseconds in repetition 345
tcp_ping received 49152 bytes back
Round trip time was 0.584023 milliseconds in repetition 346
tcp_ping received 49152 bytes back
Round trip time was 0.515346 milliseconds in repetition 347
tcp_ping received 49152 bytes back
Round trip time was 0.552038 milliseconds in repetition 348
tcp_ping received 49152 bytes back
Round trip time was 0.567619 milliseconds in repetition 349
tcp_ping received 49152 bytes back
Round trip time was 0.56555 milliseconds in repetition 350
tcp_ping received 49152 bytes back
Round trip time was 0.530223 milliseconds in repetition 351
tcp_ping received 49152 bytes back
Round trip time was 0.609879 milliseconds in repetition 352
tcp_ping received 49152 bytes back
Round trip time was 0.528558 milliseconds in repetition 353
tcp_ping received 49152 bytes back
Round trip time was 0.641559 milliseconds in repetition 354
tcp_ping received 49152 bytes back
Round trip time was 0.587413 milliseconds in repetition 355
tcp_ping received 49152 bytes back
Round trip time was 0.642781 milliseconds in repetition 356
tcp_ping received 49152 bytes back
Round trip time was 0.575593 milliseconds in repetition 357
tcp_ping received 49152 bytes back
Round trip time was 0.53741 milliseconds in repetition 358
tcp_ping received 49152 bytes back
Round trip time was 0.556708 milliseconds in repetition 359
tcp_ping received 49152 bytes back
Round trip time was 0.527646 milliseconds in repetition 360
tcp_ping received 49152 bytes back
Round trip time was 0.526676 milliseconds in repetition 361
tcp_ping received 49152 bytes back
Round trip time was 0.663171 milliseconds in repetition 362
tcp_ping received 49152 bytes back
Round trip time was 0.620203 milliseconds in repetition 363
tcp_ping received 49152 bytes back
Round trip time was 0.539243 milliseconds in repetition 364
tcp_ping received 49152 bytes back
Round trip time was 0.560634 milliseconds in repetition 365
tcp_ping received 49152 bytes back
Round trip time was 0.537232 milliseconds in repetition 366
tcp_ping received 49152 bytes back
Round trip time was 0.55595 milliseconds in repetition 367
tcp_ping received 49152 bytes back
Round trip time was 0.527003 milliseconds in repetition 368
tcp_ping received 49152 bytes back
Round trip time was 0.591434 milliseconds in repetition 369
tcp_ping received 49152 bytes back
Round trip time was 0.611044 milliseconds in repetition 370
tcp_ping received 49152 bytes back
Round trip time was 0.556693 milliseconds in repetition 371
tcp_ping received 49152 bytes back
Round trip time was 0.545816 milliseconds in repetition 372
tcp_ping received 49152 bytes back
Round trip time was 0.574804 milliseconds in repetition 373
tcp_ping received 49152 bytes back
Round trip time was 0.815328 milliseconds in repetition 374
tcp_ping received 49152 bytes back
Round trip time was 0.626423 milliseconds in repetition 375
tcp_ping received 49152 bytes back
Round trip time was 0.628826 milliseconds in repetition 376
tcp_ping received 49152 bytes back
Round trip time was 0.579332 milliseconds in repetition 377
tcp_ping received 49152 bytes back
Round trip time was 0.53134 milliseconds in repetition 378
tcp_ping received 49152 bytes back
Round trip time was 0.528363 milliseconds in repetition 379
tcp_ping received 49152 bytes back
Round trip time was 0.566496 milliseconds in repetition 380
tcp_ping received 49152 bytes back
Round trip time was 0.542299 milliseconds in repetition 381
tcp_ping received 49152 bytes back
Round trip time was 0.54278 milliseconds in repetition 382
tcp_ping received 49152 bytes back
Round trip time was 0.616424 milliseconds in repetition 383
tcp_ping received 49152 bytes back
Round trip time was 0.587512 milliseconds in repetition 384
tcp_ping received 49152 bytes back
Round trip time was 0.561086 milliseconds in repetition 385
tcp_ping received 49152 bytes back
Round trip time was 0.56935 milliseconds in repetition 386
tcp_ping received 49152 bytes back
Round trip time was 0.540373 milliseconds in repetition 387
tcp_ping received 49152 bytes back
Round trip time was 0.612883 milliseconds in repetition 388
tcp_ping received 49152 bytes back
Round trip time was 0.543399 milliseconds in repetition 389
tcp_ping received 49152 bytes back
Round trip time was 0.578681 milliseconds in repetition 390
tcp_ping received 49152 bytes back
Round trip time was 0.542714 milliseconds in repetition 391
tcp_ping received 49152 bytes back
Round trip time was 0.556591 milliseconds in repetition 392
tcp_ping received 49152 bytes back
Round trip time was 0.53957 milliseconds in repetition 393
tcp_ping received 49152 bytes back
Round trip time was 0.543153 milliseconds in repetition 394
tcp_ping received 49152 bytes back
Round trip time was 0.548877 milliseconds in repetition 395
tcp_ping received 49152 bytes back
Round trip time was 0.543335 milliseconds in repetition 396
tcp_ping received 49152 bytes back
Round trip time was 0.657417 milliseconds in repetition 397
tcp_ping received 49152 bytes back
Round trip time was 0.602998 milliseconds in repetition 398
tcp_ping received 49152 bytes back
Round trip time was 0.527338 milliseconds in repetition 399
tcp_ping received 49152 bytes back
Round trip time was 0.526838 milliseconds in repetition 400
tcp_ping received 49152 bytes back
Round trip time was 0.526742 milliseconds in repetition 401
tcp_ping received 49152 bytes back
Round trip time was 0.526693 milliseconds in repetition 402
tcp_ping received 49152 bytes back
Round trip time was 0.526164 milliseconds in repetition 403
tcp_ping received 49152 bytes back
Round trip time was 0.545307 milliseconds in repetition 404
tcp_ping received 49152 bytes back
Round trip time was 0.571385 milliseconds in repetition 405
tcp_ping received 49152 bytes back
Round trip time was 0.528698 milliseconds in repetition 406
tcp_ping received 49152 bytes back
Round trip time was 0.690099 milliseconds in repetition 407
tcp_ping received 49152 bytes back
Round trip time was 0.528956 milliseconds in repetition 408
tcp_ping received 49152 bytes back
Round trip time was 0.572031 milliseconds in repetition 409
tcp_ping received 49152 bytes back
Round trip time was 0.528242 milliseconds in repetition 410
tcp_ping received 49152 bytes back
Round trip time was 0.591978 milliseconds in repetition 411
tcp_ping received 49152 bytes back
Round trip time was 0.443303 milliseconds in repetition 412
tcp_ping received 49152 bytes back
Round trip time was 0.519335 milliseconds in repetition 413
tcp_ping received 49152 bytes back
Round trip time was 0.569781 milliseconds in repetition 414
tcp_ping received 49152 bytes back
Round trip time was 0.529719 milliseconds in repetition 415
tcp_ping received 49152 bytes back
Round trip time was 0.528662 milliseconds in repetition 416
tcp_ping received 49152 bytes back
Round trip time was 0.533971 milliseconds in repetition 417
tcp_ping received 49152 bytes back
Round trip time was 0.67277 milliseconds in repetition 418
tcp_ping received 49152 bytes back
Round trip time was 0.681437 milliseconds in repetition 419
tcp_ping received 49152 bytes back
Round trip time was 0.551849 milliseconds in repetition 420
tcp_ping received 49152 bytes back
Round trip time was 0.649674 milliseconds in repetition 421
tcp_ping received 49152 bytes back
Round trip time was 0.525468 milliseconds in repetition 422
tcp_ping received 49152 bytes back
Round trip time was 0.525974 milliseconds in repetition 423
tcp_ping received 49152 bytes back
Round trip time was 0.526021 milliseconds in repetition 424
tcp_ping received 49152 bytes back
Round trip time was 0.608471 milliseconds in repetition 425
tcp_ping received 49152 bytes back
Round trip time was 0.557776 milliseconds in repetition 426
tcp_ping received 49152 bytes back
Round trip time was 0.560272 milliseconds in repetition 427
tcp_ping received 49152 bytes back
Round trip time was 0.581779 milliseconds in repetition 428
tcp_ping received 49152 bytes back
Round trip time was 0.560885 milliseconds in repetition 429
tcp_ping received 49152 bytes back
Round trip time was 0.580289 milliseconds in repetition 430
tcp_ping received 49152 bytes back
Round trip time was 0.614399 milliseconds in repetition 431
tcp_ping received 49152 bytes back
Round trip time was 0.688071 milliseconds in repetition 432
tcp_ping received 49152 bytes back
Round trip time was 0.620856 milliseconds in repetition 433
tcp_ping received 49152 bytes back
Round trip time was 0.597513 milliseconds in repetition 434
tcp_ping received 49152 bytes back
Round trip time was 0.6542 milliseconds in repetition 435
tcp_ping received 49152 bytes back
Round trip time was 0.657082 milliseconds in repetition 436
tcp_ping received 49152 bytes back
Round trip time was 0.618517 milliseconds in repetition 437
tcp_ping received 49152 bytes back
Round trip time was 0.635318 milliseconds in repetition 438
tcp_ping received 49152 bytes back
Round trip time was 0.58224 milliseconds in repetition 439
tcp_ping received 49152 bytes back
Round trip time was 0.529593 milliseconds in repetition 440
tcp_ping received 49152 bytes back
Round trip time was 0.529272 milliseconds in repetition 441
tcp_ping received 49152 bytes back
Round trip time was 0.716613 milliseconds in repetition 442
tcp_ping received 49152 bytes back
Round trip time was 0.773674 milliseconds in repetition 443
tcp_ping received 49152 bytes back
Round trip time was 0.567435 milliseconds in repetition 444
tcp_ping received 49152 bytes back
Round trip time was 0.519777 milliseconds in repetition 445
tcp_ping received 49152 bytes back
Round trip time was 0.604345 milliseconds in repetition 446
tcp_ping received 49152 bytes back
Round trip time was 0.549635 milliseconds in repetition 447
tcp_ping received 49152 bytes back
Round trip time was 0.645979 milliseconds in repetition 448
tcp_ping received 49152 bytes back
Round trip time was 0.541946 milliseconds in repetition 449
tcp_ping received 49152 bytes back
Round trip time was 0.541278 milliseconds in repetition 450
tcp_ping received 49152 bytes back
Round trip time was 0.6006 milliseconds in repetition 451
tcp_ping received 49152 bytes back
Round trip time was 0.581156 milliseconds in repetition 452
tcp_ping received 49152 bytes back
Round trip time was 0.545205 milliseconds in repetition 453
tcp_ping received 49152 bytes back
Round trip time was 0.555874 milliseconds in repetition 454
tcp_ping received 49152 bytes back
Round trip time was 0.545067 milliseconds in repetition 455
tcp_ping received 49152 bytes back
Round trip time was 0.723156 milliseconds in repetition 456
tcp_ping received 49152 bytes back
Round trip time was 0.579673 milliseconds in repetition 457
tcp_ping received 49152 bytes back
Round trip time was 0.659986 milliseconds in repetition 458
tcp_ping received 49152 bytes back
Round trip time was 0.827468 milliseconds in repetition 459
tcp_ping received 49152 bytes back
Round trip time was 0.584461 milliseconds in repetition 460
tcp_ping received 49152 bytes back
Round trip time was 0.542892 milliseconds in repetition 461
tcp_ping received 49152 bytes back
Round trip time was 0.541904 milliseconds in repetition 462
tcp_ping received 49152 bytes back
Round trip time was 0.535499 milliseconds in repetition 463
tcp_ping received 49152 bytes back
Round trip time was 0.596508 milliseconds in repetition 464
tcp_ping received 49152 bytes back
Round trip time was 0.601171 milliseconds in repetition 465
tcp_ping received 49152 bytes back
Round trip time was 0.544971 milliseconds in repetition 466
tcp_ping received 49152 bytes back
Round trip time was 0.551684 milliseconds in repetition 467
tcp_ping received 49152 bytes back
Round trip time was 0.568067 milliseconds in repetition 468
tcp_ping received 49152 bytes back
Round trip time was 0.590098 milliseconds in repetition 469
tcp_ping received 49152 bytes back
Round trip time was 0.718713 milliseconds in repetition 470
tcp_ping received 49152 bytes back
Round trip time was 0.646244 milliseconds in repetition 471
tcp_ping received 49152 bytes back
Round trip time was 0.556048 milliseconds in repetition 472
tcp_ping received 49152 bytes back
Round trip time was 0.548432 milliseconds in repetition 473
tcp_ping received 49152 bytes back
Round trip time was 0.55253 milliseconds in repetition 474
tcp_ping received 49152 bytes back
Round trip time was 0.551279 milliseconds in repetition 475
tcp_ping received 49152 bytes back
Round trip time was 0.546487 milliseconds in repetition 476
tcp_ping received 49152 bytes back
Round trip time was 0.555733 milliseconds in repetition 477
tcp_ping received 49152 bytes back
Round trip time was 0.795925 milliseconds in repetition 478
tcp_ping received 49152 bytes back
Round trip time was 0.632317 milliseconds in repetition 479
tcp_ping received 49152 bytes back
Round trip time was 0.552924 milliseconds in repetition 480
tcp_ping received 49152 bytes back
Round trip time was 0.541779 milliseconds in repetition 481
tcp_ping received 49152 bytes back
Round trip time was 0.545962 milliseconds in repetition 482
tcp_ping received 49152 bytes back
Round trip time was 0.736549 milliseconds in repetition 483
tcp_ping received 49152 bytes back
Round trip time was 0.605386 milliseconds in repetition 484
tcp_ping received 49152 bytes back
Round trip time was 0.548752 milliseconds in repetition 485
tcp_ping received 49152 bytes back
Round trip time was 0.544148 milliseconds in repetition 486
tcp_ping received 49152 bytes back
Round trip time was 0.543428 milliseconds in repetition 487
tcp_ping received 49152 bytes back
Round trip time was 0.543265 milliseconds in repetition 488
tcp_ping received 49152 bytes back
Round trip time was 0.542907 milliseconds in repetition 489
tcp_ping received 49152 bytes back
Round trip time was 0.542539 milliseconds in repetition 490
tcp_ping received 49152 bytes back
Round trip time was 0.630561 milliseconds in repetition 491
tcp_ping received 49152 bytes back
Round trip time was 0.560775 milliseconds in repetition 492
tcp_ping received 49152 bytes back
Round trip time was 0.563526 milliseconds in repetition 493
tcp_ping received 49152 bytes back
Round trip time was 0.563105 milliseconds in repetition 494
tcp_ping received 49152 bytes back
Round trip time was 0.546437 milliseconds in repetition 495
tcp_ping received 49152 bytes back
Round trip time was 0.540292 milliseconds in repetition 496
tcp_ping received 49152 bytes back
Round trip time was 0.738777 milliseconds in repetition 497
tcp_ping received 49152 bytes back
Round trip time was 0.550722 milliseconds in repetition 498
tcp_ping received 49152 bytes back
Round trip time was 0.548931 milliseconds in repetition 499
tcp_ping received 49152 bytes back
Round trip time was 0.560422 milliseconds in repetition 500
tcp_ping received 49152 bytes back
Round trip time was 0.547262 milliseconds in repetition 501

 ... clock resolution was 1e-06
TCP Ping:  Statistics over 501 repetitions of 49152 byte messages

RTT : percentile 10: 0.480861, median: 0.557231, percentile 90: 0.833315, average: 0.696096, variance: 0.331002

RTT histogram:
0.429261 328
0.754159 132
1.07906 13
1.40395 9
1.72885 6
2.05375 2
2.37864 2
2.70354 3
3.02844 0
3.35334 0
3.67823 1
4.00313 1
4.32803 1
4.65292 0
4.97782 0
5.30272 0
5.62762 2
5.95251 0
6.27741 0
6.60231 0
6.9272 1

   median Throughput : 176415 KB/s   overall Throughput : 141222 KB/s

