TCP Ping trying to connect to server localhost (127.0.0.1) on port 1420
 ... connected to Pong server: asking for 501 repetitions of 64 bytes TCP messages
 ... Pong server agreed :-)
tcp_ping received 64 bytes back
Round trip time was 0.123321 milliseconds in repetition 1
tcp_ping received 64 bytes back
Round trip time was 0.10444 milliseconds in repetition 2
tcp_ping received 64 bytes back
Round trip time was 0.103747 milliseconds in repetition 3
tcp_ping received 64 bytes back
Round trip time was 0.120655 milliseconds in repetition 4
tcp_ping received 64 bytes back
Round trip time was 0.104549 milliseconds in repetition 5
tcp_ping received 64 bytes back
Round trip time was 0.257109 milliseconds in repetition 6
tcp_ping received 64 bytes back
Round trip time was 0.413648 milliseconds in repetition 7
tcp_ping received 64 bytes back
Round trip time was 0.105729 milliseconds in repetition 8
tcp_ping received 64 bytes back
Round trip time was 0.117659 milliseconds in repetition 9
tcp_ping received 64 bytes back
Round trip time was 0.112338 milliseconds in repetition 10
tcp_ping received 64 bytes back
Round trip time was 1.60646 milliseconds in repetition 11
tcp_ping received 64 bytes back
Round trip time was 0.686437 milliseconds in repetition 12
tcp_ping received 64 bytes back
Round trip time was 0.666067 milliseconds in repetition 13
tcp_ping received 64 bytes back
Round trip time was 0.168576 milliseconds in repetition 14
tcp_ping received 64 bytes back
Round trip time was 0.15047 milliseconds in repetition 15
tcp_ping received 64 bytes back
Round trip time was 0.069422 milliseconds in repetition 16
tcp_ping received 64 bytes back
Round trip time was 0.177918 milliseconds in repetition 17
tcp_ping received 64 bytes back
Round trip time was 0.771769 milliseconds in repetition 18
tcp_ping received 64 bytes back
Round trip time was 0.394823 milliseconds in repetition 19
tcp_ping received 64 bytes back
Round trip time was 0.393223 milliseconds in repetition 20
tcp_ping received 64 bytes back
Round trip time was 0.176803 milliseconds in repetition 21
tcp_ping received 64 bytes back
Round trip time was 0.199501 milliseconds in repetition 22
tcp_ping received 64 bytes back
Round trip time was 0.300752 milliseconds in repetition 23
tcp_ping received 64 bytes back
Round trip time was 0.19142 milliseconds in repetition 24
tcp_ping received 64 bytes back
Round trip time was 0.201974 milliseconds in repetition 25
tcp_ping received 64 bytes back
Round trip time was 0.177563 milliseconds in repetition 26
tcp_ping received 64 bytes back
Round trip time was 0.172769 milliseconds in repetition 27
tcp_ping received 64 bytes back
Round trip time was 0.155878 milliseconds in repetition 28
tcp_ping received 64 bytes back
Round trip time was 0.162595 milliseconds in repetition 29
tcp_ping received 64 bytes back
Round trip time was 0.139856 milliseconds in repetition 30
tcp_ping received 64 bytes back
Round trip time was 0.157512 milliseconds in repetition 31
tcp_ping received 64 bytes back
Round trip time was 0.178711 milliseconds in repetition 32
tcp_ping received 64 bytes back
Round trip time was 0.178845 milliseconds in repetition 33
tcp_ping received 64 bytes back
Round trip time was 0.179888 milliseconds in repetition 34
tcp_ping received 64 bytes back
Round trip time was 0.269882 milliseconds in repetition 35
tcp_ping received 64 bytes back
Round trip time was 0.156244 milliseconds in repetition 36
tcp_ping received 64 bytes back
Round trip time was 0.091506 milliseconds in repetition 37
tcp_ping received 64 bytes back
Round trip time was 0.170163 milliseconds in repetition 38
tcp_ping received 64 bytes back
Round trip time was 0.161646 milliseconds in repetition 39
tcp_ping received 64 bytes back
Round trip time was 0.172958 milliseconds in repetition 40
tcp_ping received 64 bytes back
Round trip time was 0.247686 milliseconds in repetition 41
tcp_ping received 64 bytes back
Round trip time was 0.185848 milliseconds in repetition 42
tcp_ping received 64 bytes back
Round trip time was 0.137579 milliseconds in repetition 43
tcp_ping received 64 bytes back
Round trip time was 0.184304 milliseconds in repetition 44
tcp_ping received 64 bytes back
Round trip time was 0.10646 milliseconds in repetition 45
tcp_ping received 64 bytes back
Round trip time was 0.103912 milliseconds in repetition 46
tcp_ping received 64 bytes back
Round trip time was 0.078676 milliseconds in repetition 47
tcp_ping received 64 bytes back
Round trip time was 0.057435 milliseconds in repetition 48
tcp_ping received 64 bytes back
Round trip time was 0.055844 milliseconds in repetition 49
tcp_ping received 64 bytes back
Round trip time was 0.056278 milliseconds in repetition 50
tcp_ping received 64 bytes back
Round trip time was 0.055358 milliseconds in repetition 51
tcp_ping received 64 bytes back
Round trip time was 0.063848 milliseconds in repetition 52
tcp_ping received 64 bytes back
Round trip time was 0.055211 milliseconds in repetition 53
tcp_ping received 64 bytes back
Round trip time was 0.055103 milliseconds in repetition 54
tcp_ping received 64 bytes back
Round trip time was 0.020782 milliseconds in repetition 55
tcp_ping received 64 bytes back
Round trip time was 0.012276 milliseconds in repetition 56
tcp_ping received 64 bytes back
Round trip time was 0.010985 milliseconds in repetition 57
tcp_ping received 64 bytes back
Round trip time was 0.01091 milliseconds in repetition 58
tcp_ping received 64 bytes back
Round trip time was 0.011314 milliseconds in repetition 59
tcp_ping received 64 bytes back
Round trip time was 0.011322 milliseconds in repetition 60
tcp_ping received 64 bytes back
Round trip time was 0.010931 milliseconds in repetition 61
tcp_ping received 64 bytes back
Round trip time was 0.010937 milliseconds in repetition 62
tcp_ping received 64 bytes back
Round trip time was 0.021558 milliseconds in repetition 63
tcp_ping received 64 bytes back
Round trip time was 0.014472 milliseconds in repetition 64
tcp_ping received 64 bytes back
Round trip time was 0.011213 milliseconds in repetition 65
tcp_ping received 64 bytes back
Round trip time was 0.011143 milliseconds in repetition 66
tcp_ping received 64 bytes back
Round trip time was 0.010809 milliseconds in repetition 67
tcp_ping received 64 bytes back
Round trip time was 0.010968 milliseconds in repetition 68
tcp_ping received 64 bytes back
Round trip time was 0.010902 milliseconds in repetition 69
tcp_ping received 64 bytes back
Round trip time was 0.011007 milliseconds in repetition 70
tcp_ping received 64 bytes back
Round trip time was 0.010901 milliseconds in repetition 71
tcp_ping received 64 bytes back
Round trip time was 0.010761 milliseconds in repetition 72
tcp_ping received 64 bytes back
Round trip time was 0.010897 milliseconds in repetition 73
tcp_ping received 64 bytes back
Round trip time was 0.010856 milliseconds in repetition 74
tcp_ping received 64 bytes back
Round trip time was 0.011215 milliseconds in repetition 75
tcp_ping received 64 bytes back
Round trip time was 0.010983 milliseconds in repetition 76
tcp_ping received 64 bytes back
Round trip time was 0.011073 milliseconds in repetition 77
tcp_ping received 64 bytes back
Round trip time was 0.010802 milliseconds in repetition 78
tcp_ping received 64 bytes back
Round trip time was 0.010746 milliseconds in repetition 79
tcp_ping received 64 bytes back
Round trip time was 0.010901 milliseconds in repetition 80
tcp_ping received 64 bytes back
Round trip time was 0.010881 milliseconds in repetition 81
tcp_ping received 64 bytes back
Round trip time was 0.011015 milliseconds in repetition 82
tcp_ping received 64 bytes back
Round trip time was 0.01082 milliseconds in repetition 83
tcp_ping received 64 bytes back
Round trip time was 0.021712 milliseconds in repetition 84
tcp_ping received 64 bytes back
Round trip time was 0.014376 milliseconds in repetition 85
tcp_ping received 64 bytes back
Round trip time was 0.011246 milliseconds in repetition 86
tcp_ping received 64 bytes back
Round trip time was 0.010854 milliseconds in repetition 87
tcp_ping received 64 bytes back
Round trip time was 0.010875 milliseconds in repetition 88
tcp_ping received 64 bytes back
Round trip time was 0.010758 milliseconds in repetition 89
tcp_ping received 64 bytes back
Round trip time was 0.016993 milliseconds in repetition 90
tcp_ping received 64 bytes back
Round trip time was 0.011402 milliseconds in repetition 91
tcp_ping received 64 bytes back
Round trip time was 0.011191 milliseconds in repetition 92
tcp_ping received 64 bytes back
Round trip time was 0.011252 milliseconds in repetition 93
tcp_ping received 64 bytes back
Round trip time was 0.02284 milliseconds in repetition 94
tcp_ping received 64 bytes back
Round trip time was 0.014766 milliseconds in repetition 95
tcp_ping received 64 bytes back
Round trip time was 0.011166 milliseconds in repetition 96
tcp_ping received 64 bytes back
Round trip time was 0.010889 milliseconds in repetition 97
tcp_ping received 64 bytes back
Round trip time was 0.011287 milliseconds in repetition 98
tcp_ping received 64 bytes back
Round trip time was 0.010903 milliseconds in repetition 99
tcp_ping received 64 bytes back
Round trip time was 0.010737 milliseconds in repetition 100
tcp_ping received 64 bytes back
Round trip time was 0.010882 milliseconds in repetition 101
tcp_ping received 64 bytes back
Round trip time was 0.010949 milliseconds in repetition 102
tcp_ping received 64 bytes back
Round trip time was 0.010852 milliseconds in repetition 103
tcp_ping received 64 bytes back
Round trip time was 0.011094 milliseconds in repetition 104
tcp_ping received 64 bytes back
Round trip time was 0.011108 milliseconds in repetition 105
tcp_ping received 64 bytes back
Round trip time was 0.010954 milliseconds in repetition 106
tcp_ping received 64 bytes back
Round trip time was 0.010915 milliseconds in repetition 107
tcp_ping received 64 bytes back
Round trip time was 0.011142 milliseconds in repetition 108
tcp_ping received 64 bytes back
Round trip time was 0.01096 milliseconds in repetition 109
tcp_ping received 64 bytes back
Round trip time was 0.010972 milliseconds in repetition 110
tcp_ping received 64 bytes back
Round trip time was 0.010877 milliseconds in repetition 111
tcp_ping received 64 bytes back
Round trip time was 0.011029 milliseconds in repetition 112
tcp_ping received 64 bytes back
Round trip time was 0.010793 milliseconds in repetition 113
tcp_ping received 64 bytes back
Round trip time was 0.01077 milliseconds in repetition 114
tcp_ping received 64 bytes back
Round trip time was 0.020084 milliseconds in repetition 115
tcp_ping received 64 bytes back
Round trip time was 0.014465 milliseconds in repetition 116
tcp_ping received 64 bytes back
Round trip time was 0.011124 milliseconds in repetition 117
tcp_ping received 64 bytes back
Round trip time was 0.01075 milliseconds in repetition 118
tcp_ping received 64 bytes back
Round trip time was 0.010814 milliseconds in repetition 119
tcp_ping received 64 bytes back
Round trip time was 0.011029 milliseconds in repetition 120
tcp_ping received 64 bytes back
Round trip time was 0.010839 milliseconds in repetition 121
tcp_ping received 64 bytes back
Round trip time was 0.035117 milliseconds in repetition 122
tcp_ping received 64 bytes back
Round trip time was 0.015163 milliseconds in repetition 123
tcp_ping received 64 bytes back
Round trip time was 0.035311 milliseconds in repetition 124
tcp_ping received 64 bytes back
Round trip time was 0.070919 milliseconds in repetition 125
tcp_ping received 64 bytes back
Round trip time was 0.016683 milliseconds in repetition 126
tcp_ping received 64 bytes back
Round trip time was 0.011812 milliseconds in repetition 127
tcp_ping received 64 bytes back
Round trip time was 0.011324 milliseconds in repetition 128
tcp_ping received 64 bytes back
Round trip time was 0.01131 milliseconds in repetition 129
tcp_ping received 64 bytes back
Round trip time was 0.011288 milliseconds in repetition 130
tcp_ping received 64 bytes back
Round trip time was 0.011404 milliseconds in repetition 131
tcp_ping received 64 bytes back
Round trip time was 0.011229 milliseconds in repetition 132
tcp_ping received 64 bytes back
Round trip time was 0.011162 milliseconds in repetition 133
tcp_ping received 64 bytes back
Round trip time was 0.016401 milliseconds in repetition 134
tcp_ping received 64 bytes back
Round trip time was 0.011568 milliseconds in repetition 135
tcp_ping received 64 bytes back
Round trip time was 0.035529 milliseconds in repetition 136
tcp_ping received 64 bytes back
Round trip time was 0.027166 milliseconds in repetition 137
tcp_ping received 64 bytes back
Round trip time was 0.01321 milliseconds in repetition 138
tcp_ping received 64 bytes back
Round trip time was 0.011605 milliseconds in repetition 139
tcp_ping received 64 bytes back
Round trip time was 0.011554 milliseconds in repetition 140
tcp_ping received 64 bytes back
Round trip time was 0.011209 milliseconds in repetition 141
tcp_ping received 64 bytes back
Round trip time was 0.010987 milliseconds in repetition 142
tcp_ping received 64 bytes back
Round trip time was 0.011017 milliseconds in repetition 143
tcp_ping received 64 bytes back
Round trip time was 0.011246 milliseconds in repetition 144
tcp_ping received 64 bytes back
Round trip time was 0.011064 milliseconds in repetition 145
tcp_ping received 64 bytes back
Round trip time was 0.011361 milliseconds in repetition 146
tcp_ping received 64 bytes back
Round trip time was 0.011343 milliseconds in repetition 147
tcp_ping received 64 bytes back
Round trip time was 0.011121 milliseconds in repetition 148
tcp_ping received 64 bytes back
Round trip time was 0.011334 milliseconds in repetition 149
tcp_ping received 64 bytes back
Round trip time was 0.011057 milliseconds in repetition 150
tcp_ping received 64 bytes back
Round trip time was 0.011334 milliseconds in repetition 151
tcp_ping received 64 bytes back
Round trip time was 0.011236 milliseconds in repetition 152
tcp_ping received 64 bytes back
Round trip time was 0.011022 milliseconds in repetition 153
tcp_ping received 64 bytes back
Round trip time was 0.025728 milliseconds in repetition 154
tcp_ping received 64 bytes back
Round trip time was 0.024022 milliseconds in repetition 155
tcp_ping received 64 bytes back
Round trip time was 0.012011 milliseconds in repetition 156
tcp_ping received 64 bytes back
Round trip time was 0.01144 milliseconds in repetition 157
tcp_ping received 64 bytes back
Round trip time was 0.011129 milliseconds in repetition 158
tcp_ping received 64 bytes back
Round trip time was 0.010962 milliseconds in repetition 159
tcp_ping received 64 bytes back
Round trip time was 0.011071 milliseconds in repetition 160
tcp_ping received 64 bytes back
Round trip time was 0.011013 milliseconds in repetition 161
tcp_ping received 64 bytes back
Round trip time was 0.06185 milliseconds in repetition 162
tcp_ping received 64 bytes back
Round trip time was 0.012662 milliseconds in repetition 163
tcp_ping received 64 bytes back
Round trip time was 0.011242 milliseconds in repetition 164
tcp_ping received 64 bytes back
Round trip time was 0.01134 milliseconds in repetition 165
tcp_ping received 64 bytes back
Round trip time was 0.011256 milliseconds in repetition 166
tcp_ping received 64 bytes back
Round trip time was 0.011345 milliseconds in repetition 167
tcp_ping received 64 bytes back
Round trip time was 0.011369 milliseconds in repetition 168
tcp_ping received 64 bytes back
Round trip time was 0.04276 milliseconds in repetition 169
tcp_ping received 64 bytes back
Round trip time was 0.015596 milliseconds in repetition 170
tcp_ping received 64 bytes back
Round trip time was 0.011525 milliseconds in repetition 171
tcp_ping received 64 bytes back
Round trip time was 0.011215 milliseconds in repetition 172
tcp_ping received 64 bytes back
Round trip time was 0.01098 milliseconds in repetition 173
tcp_ping received 64 bytes back
Round trip time was 0.010993 milliseconds in repetition 174
tcp_ping received 64 bytes back
Round trip time was 0.011375 milliseconds in repetition 175
tcp_ping received 64 bytes back
Round trip time was 0.011153 milliseconds in repetition 176
tcp_ping received 64 bytes back
Round trip time was 0.016823 milliseconds in repetition 177
tcp_ping received 64 bytes back
Round trip time was 0.069939 milliseconds in repetition 178
tcp_ping received 64 bytes back
Round trip time was 0.032903 milliseconds in repetition 179
tcp_ping received 64 bytes back
Round trip time was 0.012608 milliseconds in repetition 180
tcp_ping received 64 bytes back
Round trip time was 0.011276 milliseconds in repetition 181
tcp_ping received 64 bytes back
Round trip time was 0.011154 milliseconds in repetition 182
tcp_ping received 64 bytes back
Round trip time was 0.01095 milliseconds in repetition 183
tcp_ping received 64 bytes back
Round trip time was 0.010703 milliseconds in repetition 184
tcp_ping received 64 bytes back
Round trip time was 0.010943 milliseconds in repetition 185
tcp_ping received 64 bytes back
Round trip time was 0.010853 milliseconds in repetition 186
tcp_ping received 64 bytes back
Round trip time was 0.010898 milliseconds in repetition 187
tcp_ping received 64 bytes back
Round trip time was 0.011001 milliseconds in repetition 188
tcp_ping received 64 bytes back
Round trip time was 0.010795 milliseconds in repetition 189
tcp_ping received 64 bytes back
Round trip time was 0.010814 milliseconds in repetition 190
tcp_ping received 64 bytes back
Round trip time was 0.01083 milliseconds in repetition 191
tcp_ping received 64 bytes back
Round trip time was 0.010642 milliseconds in repetition 192
tcp_ping received 64 bytes back
Round trip time was 0.011081 milliseconds in repetition 193
tcp_ping received 64 bytes back
Round trip time was 0.010839 milliseconds in repetition 194
tcp_ping received 64 bytes back
Round trip time was 0.010678 milliseconds in repetition 195
tcp_ping received 64 bytes back
Round trip time was 0.010764 milliseconds in repetition 196
tcp_ping received 64 bytes back
Round trip time was 0.010824 milliseconds in repetition 197
tcp_ping received 64 bytes back
Round trip time was 0.010723 milliseconds in repetition 198
tcp_ping received 64 bytes back
Round trip time was 0.010819 milliseconds in repetition 199
tcp_ping received 64 bytes back
Round trip time was 0.010635 milliseconds in repetition 200
tcp_ping received 64 bytes back
Round trip time was 0.01082 milliseconds in repetition 201
tcp_ping received 64 bytes back
Round trip time was 0.010865 milliseconds in repetition 202
tcp_ping received 64 bytes back
Round trip time was 0.010903 milliseconds in repetition 203
tcp_ping received 64 bytes back
Round trip time was 0.011352 milliseconds in repetition 204
tcp_ping received 64 bytes back
Round trip time was 0.010796 milliseconds in repetition 205
tcp_ping received 64 bytes back
Round trip time was 0.010715 milliseconds in repetition 206
tcp_ping received 64 bytes back
Round trip time was 0.010762 milliseconds in repetition 207
tcp_ping received 64 bytes back
Round trip time was 0.011238 milliseconds in repetition 208
tcp_ping received 64 bytes back
Round trip time was 0.010895 milliseconds in repetition 209
tcp_ping received 64 bytes back
Round trip time was 0.010816 milliseconds in repetition 210
tcp_ping received 64 bytes back
Round trip time was 0.010649 milliseconds in repetition 211
tcp_ping received 64 bytes back
Round trip time was 0.010737 milliseconds in repetition 212
tcp_ping received 64 bytes back
Round trip time was 0.01074 milliseconds in repetition 213
tcp_ping received 64 bytes back
Round trip time was 0.010733 milliseconds in repetition 214
tcp_ping received 64 bytes back
Round trip time was 0.011098 milliseconds in repetition 215
tcp_ping received 64 bytes back
Round trip time was 0.010671 milliseconds in repetition 216
tcp_ping received 64 bytes back
Round trip time was 0.010957 milliseconds in repetition 217
tcp_ping received 64 bytes back
Round trip time was 0.010756 milliseconds in repetition 218
tcp_ping received 64 bytes back
Round trip time was 0.010911 milliseconds in repetition 219
tcp_ping received 64 bytes back
Round trip time was 0.010847 milliseconds in repetition 220
tcp_ping received 64 bytes back
Round trip time was 0.01068 milliseconds in repetition 221
tcp_ping received 64 bytes back
Round trip time was 0.011094 milliseconds in repetition 222
tcp_ping received 64 bytes back
Round trip time was 0.010833 milliseconds in repetition 223
tcp_ping received 64 bytes back
Round trip time was 0.017262 milliseconds in repetition 224
tcp_ping received 64 bytes back
Round trip time was 0.011257 milliseconds in repetition 225
tcp_ping received 64 bytes back
Round trip time was 0.01099 milliseconds in repetition 226
tcp_ping received 64 bytes back
Round trip time was 0.010979 milliseconds in repetition 227
tcp_ping received 64 bytes back
Round trip time was 0.010949 milliseconds in repetition 228
tcp_ping received 64 bytes back
Round trip time was 0.011025 milliseconds in repetition 229
tcp_ping received 64 bytes back
Round trip time was 0.010971 milliseconds in repetition 230
tcp_ping received 64 bytes back
Round trip time was 0.010991 milliseconds in repetition 231
tcp_ping received 64 bytes back
Round trip time was 0.011266 milliseconds in repetition 232
tcp_ping received 64 bytes back
Round trip time was 0.010951 milliseconds in repetition 233
tcp_ping received 64 bytes back
Round trip time was 0.010839 milliseconds in repetition 234
tcp_ping received 64 bytes back
Round trip time was 0.011041 milliseconds in repetition 235
tcp_ping received 64 bytes back
Round trip time was 0.011246 milliseconds in repetition 236
tcp_ping received 64 bytes back
Round trip time was 0.01105 milliseconds in repetition 237
tcp_ping received 64 bytes back
Round trip time was 0.011543 milliseconds in repetition 238
tcp_ping received 64 bytes back
Round trip time was 0.010853 milliseconds in repetition 239
tcp_ping received 64 bytes back
Round trip time was 0.010823 milliseconds in repetition 240
tcp_ping received 64 bytes back
Round trip time was 0.010869 milliseconds in repetition 241
tcp_ping received 64 bytes back
Round trip time was 0.010918 milliseconds in repetition 242
tcp_ping received 64 bytes back
Round trip time was 0.010784 milliseconds in repetition 243
tcp_ping received 64 bytes back
Round trip time was 0.010931 milliseconds in repetition 244
tcp_ping received 64 bytes back
Round trip time was 0.010847 milliseconds in repetition 245
tcp_ping received 64 bytes back
Round trip time was 0.010793 milliseconds in repetition 246
tcp_ping received 64 bytes back
Round trip time was 0.010769 milliseconds in repetition 247
tcp_ping received 64 bytes back
Round trip time was 0.010842 milliseconds in repetition 248
tcp_ping received 64 bytes back
Round trip time was 0.010835 milliseconds in repetition 249
tcp_ping received 64 bytes back
Round trip time was 0.010814 milliseconds in repetition 250
tcp_ping received 64 bytes back
Round trip time was 0.010899 milliseconds in repetition 251
tcp_ping received 64 bytes back
Round trip time was 0.010786 milliseconds in repetition 252
tcp_ping received 64 bytes back
Round trip time was 0.010754 milliseconds in repetition 253
tcp_ping received 64 bytes back
Round trip time was 0.01084 milliseconds in repetition 254
tcp_ping received 64 bytes back
Round trip time was 0.010933 milliseconds in repetition 255
tcp_ping received 64 bytes back
Round trip time was 0.010807 milliseconds in repetition 256
tcp_ping received 64 bytes back
Round trip time was 0.010906 milliseconds in repetition 257
tcp_ping received 64 bytes back
Round trip time was 0.010781 milliseconds in repetition 258
tcp_ping received 64 bytes back
Round trip time was 0.010733 milliseconds in repetition 259
tcp_ping received 64 bytes back
Round trip time was 0.010762 milliseconds in repetition 260
tcp_ping received 64 bytes back
Round trip time was 0.010877 milliseconds in repetition 261
tcp_ping received 64 bytes back
Round trip time was 0.010736 milliseconds in repetition 262
tcp_ping received 64 bytes back
Round trip time was 0.010886 milliseconds in repetition 263
tcp_ping received 64 bytes back
Round trip time was 0.011058 milliseconds in repetition 264
tcp_ping received 64 bytes back
Round trip time was 0.010851 milliseconds in repetition 265
tcp_ping received 64 bytes back
Round trip time was 0.010972 milliseconds in repetition 266
tcp_ping received 64 bytes back
Round trip time was 0.010783 milliseconds in repetition 267
tcp_ping received 64 bytes back
Round trip time was 0.017587 milliseconds in repetition 268
tcp_ping received 64 bytes back
Round trip time was 0.011347 milliseconds in repetition 269
tcp_ping received 64 bytes back
Round trip time was 0.01104 milliseconds in repetition 270
tcp_ping received 64 bytes back
Round trip time was 0.010904 milliseconds in repetition 271
tcp_ping received 64 bytes back
Round trip time was 0.010893 milliseconds in repetition 272
tcp_ping received 64 bytes back
Round trip time was 0.011032 milliseconds in repetition 273
tcp_ping received 64 bytes back
Round trip time was 0.010939 milliseconds in repetition 274
tcp_ping received 64 bytes back
Round trip time was 0.011036 milliseconds in repetition 275
tcp_ping received 64 bytes back
Round trip time was 0.011021 milliseconds in repetition 276
tcp_ping received 64 bytes back
Round trip time was 0.011096 milliseconds in repetition 277
tcp_ping received 64 bytes back
Round trip time was 0.010923 milliseconds in repetition 278
tcp_ping received 64 bytes back
Round trip time was 0.010853 milliseconds in repetition 279
tcp_ping received 64 bytes back
Round trip time was 0.011026 milliseconds in repetition 280
tcp_ping received 64 bytes back
Round trip time was 0.010858 milliseconds in repetition 281
tcp_ping received 64 bytes back
Round trip time was 0.010877 milliseconds in repetition 282
tcp_ping received 64 bytes back
Round trip time was 0.01096 milliseconds in repetition 283
tcp_ping received 64 bytes back
Round trip time was 0.010998 milliseconds in repetition 284
tcp_ping received 64 bytes back
Round trip time was 0.010759 milliseconds in repetition 285
tcp_ping received 64 bytes back
Round trip time was 0.010806 milliseconds in repetition 286
tcp_ping received 64 bytes back
Round trip time was 0.010908 milliseconds in repetition 287
tcp_ping received 64 bytes back
Round trip time was 0.010789 milliseconds in repetition 288
tcp_ping received 64 bytes back
Round trip time was 0.010763 milliseconds in repetition 289
tcp_ping received 64 bytes back
Round trip time was 0.011064 milliseconds in repetition 290
tcp_ping received 64 bytes back
Round trip time was 0.010819 milliseconds in repetition 291
tcp_ping received 64 bytes back
Round trip time was 0.01088 milliseconds in repetition 292
tcp_ping received 64 bytes back
Round trip time was 0.011065 milliseconds in repetition 293
tcp_ping received 64 bytes back
Round trip time was 0.010915 milliseconds in repetition 294
tcp_ping received 64 bytes back
Round trip time was 0.010951 milliseconds in repetition 295
tcp_ping received 64 bytes back
Round trip time was 0.010791 milliseconds in repetition 296
tcp_ping received 64 bytes back
Round trip time was 0.01085 milliseconds in repetition 297
tcp_ping received 64 bytes back
Round trip time was 0.010771 milliseconds in repetition 298
tcp_ping received 64 bytes back
Round trip time was 0.01096 milliseconds in repetition 299
tcp_ping received 64 bytes back
Round trip time was 0.010949 milliseconds in repetition 300
tcp_ping received 64 bytes back
Round trip time was 0.011083 milliseconds in repetition 301
tcp_ping received 64 bytes back
Round trip time was 0.010755 milliseconds in repetition 302
tcp_ping received 64 bytes back
Round trip time was 0.010882 milliseconds in repetition 303
tcp_ping received 64 bytes back
Round trip time was 0.010793 milliseconds in repetition 304
tcp_ping received 64 bytes back
Round trip time was 0.010856 milliseconds in repetition 305
tcp_ping received 64 bytes back
Round trip time was 0.010889 milliseconds in repetition 306
tcp_ping received 64 bytes back
Round trip time was 0.010954 milliseconds in repetition 307
tcp_ping received 64 bytes back
Round trip time was 0.010821 milliseconds in repetition 308
tcp_ping received 64 bytes back
Round trip time was 0.010963 milliseconds in repetition 309
tcp_ping received 64 bytes back
Round trip time was 0.010832 milliseconds in repetition 310
tcp_ping received 64 bytes back
Round trip time was 0.011344 milliseconds in repetition 311
tcp_ping received 64 bytes back
Round trip time was 0.086026 milliseconds in repetition 312
tcp_ping received 64 bytes back
Round trip time was 0.047874 milliseconds in repetition 313
tcp_ping received 64 bytes back
Round trip time was 0.014538 milliseconds in repetition 314
tcp_ping received 64 bytes back
Round trip time was 0.012256 milliseconds in repetition 315
tcp_ping received 64 bytes back
Round trip time was 0.011641 milliseconds in repetition 316
tcp_ping received 64 bytes back
Round trip time was 0.061937 milliseconds in repetition 317
tcp_ping received 64 bytes back
Round trip time was 0.015759 milliseconds in repetition 318
tcp_ping received 64 bytes back
Round trip time was 0.011515 milliseconds in repetition 319
tcp_ping received 64 bytes back
Round trip time was 0.011416 milliseconds in repetition 320
tcp_ping received 64 bytes back
Round trip time was 0.011003 milliseconds in repetition 321
tcp_ping received 64 bytes back
Round trip time was 0.010912 milliseconds in repetition 322
tcp_ping received 64 bytes back
Round trip time was 0.011203 milliseconds in repetition 323
tcp_ping received 64 bytes back
Round trip time was 0.010788 milliseconds in repetition 324
tcp_ping received 64 bytes back
Round trip time was 0.010836 milliseconds in repetition 325
tcp_ping received 64 bytes back
Round trip time was 0.010862 milliseconds in repetition 326
tcp_ping received 64 bytes back
Round trip time was 0.011071 milliseconds in repetition 327
tcp_ping received 64 bytes back
Round trip time was 0.010881 milliseconds in repetition 328
tcp_ping received 64 bytes back
Round trip time was 0.011437 milliseconds in repetition 329
tcp_ping received 64 bytes back
Round trip time was 0.01081 milliseconds in repetition 330
tcp_ping received 64 bytes back
Round trip time was 0.011234 milliseconds in repetition 331
tcp_ping received 64 bytes back
Round trip time was 0.010902 milliseconds in repetition 332
tcp_ping received 64 bytes back
Round trip time was 0.010934 milliseconds in repetition 333
tcp_ping received 64 bytes back
Round trip time was 0.010792 milliseconds in repetition 334
tcp_ping received 64 bytes back
Round trip time was 0.010757 milliseconds in repetition 335
tcp_ping received 64 bytes back
Round trip time was 0.010695 milliseconds in repetition 336
tcp_ping received 64 bytes back
Round trip time was 0.010693 milliseconds in repetition 337
tcp_ping received 64 bytes back
Round trip time was 0.010727 milliseconds in repetition 338
tcp_ping received 64 bytes back
Round trip time was 0.010816 milliseconds in repetition 339
tcp_ping received 64 bytes back
Round trip time was 0.010846 milliseconds in repetition 340
tcp_ping received 64 bytes back
Round trip time was 0.010836 milliseconds in repetition 341
tcp_ping received 64 bytes back
Round trip time was 0.010768 milliseconds in repetition 342
tcp_ping received 64 bytes back
Round trip time was 0.038098 milliseconds in repetition 343
tcp_ping received 64 bytes back
Round trip time was 0.011524 milliseconds in repetition 344
tcp_ping received 64 bytes back
Round trip time was 0.010799 milliseconds in repetition 345
tcp_ping received 64 bytes back
Round trip time was 0.020611 milliseconds in repetition 346
tcp_ping received 64 bytes back
Round trip time was 0.012303 milliseconds in repetition 347
tcp_ping received 64 bytes back
Round trip time was 0.011454 milliseconds in repetition 348
tcp_ping received 64 bytes back
Round trip time was 0.028277 milliseconds in repetition 349
tcp_ping received 64 bytes back
Round trip time was 0.01402 milliseconds in repetition 350
tcp_ping received 64 bytes back
Round trip time was 0.034456 milliseconds in repetition 351
tcp_ping received 64 bytes back
Round trip time was 0.014056 milliseconds in repetition 352
tcp_ping received 64 bytes back
Round trip time was 0.011268 milliseconds in repetition 353
tcp_ping received 64 bytes back
Round trip time was 0.01094 milliseconds in repetition 354
tcp_ping received 64 bytes back
Round trip time was 0.010829 milliseconds in repetition 355
tcp_ping received 64 bytes back
Round trip time was 0.01095 milliseconds in repetition 356
tcp_ping received 64 bytes back
Round trip time was 0.017439 milliseconds in repetition 357
tcp_ping received 64 bytes back
Round trip time was 0.011457 milliseconds in repetition 358
tcp_ping received 64 bytes back
Round trip time was 0.011098 milliseconds in repetition 359
tcp_ping received 64 bytes back
Round trip time was 0.011048 milliseconds in repetition 360
tcp_ping received 64 bytes back
Round trip time was 0.010744 milliseconds in repetition 361
tcp_ping received 64 bytes back
Round trip time was 0.010818 milliseconds in repetition 362
tcp_ping received 64 bytes back
Round trip time was 0.010979 milliseconds in repetition 363
tcp_ping received 64 bytes back
Round trip time was 0.010904 milliseconds in repetition 364
tcp_ping received 64 bytes back
Round trip time was 0.011058 milliseconds in repetition 365
tcp_ping received 64 bytes back
Round trip time was 0.010872 milliseconds in repetition 366
tcp_ping received 64 bytes back
Round trip time was 0.010912 milliseconds in repetition 367
tcp_ping received 64 bytes back
Round trip time was 0.010824 milliseconds in repetition 368
tcp_ping received 64 bytes back
Round trip time was 0.01091 milliseconds in repetition 369
tcp_ping received 64 bytes back
Round trip time was 0.010948 milliseconds in repetition 370
tcp_ping received 64 bytes back
Round trip time was 0.011114 milliseconds in repetition 371
tcp_ping received 64 bytes back
Round trip time was 0.010841 milliseconds in repetition 372
tcp_ping received 64 bytes back
Round trip time was 0.010789 milliseconds in repetition 373
tcp_ping received 64 bytes back
Round trip time was 0.010809 milliseconds in repetition 374
tcp_ping received 64 bytes back
Round trip time was 0.010663 milliseconds in repetition 375
tcp_ping received 64 bytes back
Round trip time was 0.010686 milliseconds in repetition 376
tcp_ping received 64 bytes back
Round trip time was 0.010655 milliseconds in repetition 377
tcp_ping received 64 bytes back
Round trip time was 0.010767 milliseconds in repetition 378
tcp_ping received 64 bytes back
Round trip time was 0.010841 milliseconds in repetition 379
tcp_ping received 64 bytes back
Round trip time was 0.010888 milliseconds in repetition 380
tcp_ping received 64 bytes back
Round trip time was 0.010585 milliseconds in repetition 381
tcp_ping received 64 bytes back
Round trip time was 0.01064 milliseconds in repetition 382
tcp_ping received 64 bytes back
Round trip time was 0.010758 milliseconds in repetition 383
tcp_ping received 64 bytes back
Round trip time was 0.010637 milliseconds in repetition 384
tcp_ping received 64 bytes back
Round trip time was 0.010764 milliseconds in repetition 385
tcp_ping received 64 bytes back
Round trip time was 0.010679 milliseconds in repetition 386
tcp_ping received 64 bytes back
Round trip time was 0.010704 milliseconds in repetition 387
tcp_ping received 64 bytes back
Round trip time was 0.074277 milliseconds in repetition 388
tcp_ping received 64 bytes back
Round trip time was 0.024 milliseconds in repetition 389
tcp_ping received 64 bytes back
Round trip time was 0.013408 milliseconds in repetition 390
tcp_ping received 64 bytes back
Round trip time was 0.012282 milliseconds in repetition 391
tcp_ping received 64 bytes back
Round trip time was 0.01116 milliseconds in repetition 392
tcp_ping received 64 bytes back
Round trip time was 0.011015 milliseconds in repetition 393
tcp_ping received 64 bytes back
Round trip time was 0.010969 milliseconds in repetition 394
tcp_ping received 64 bytes back
Round trip time was 0.011073 milliseconds in repetition 395
tcp_ping received 64 bytes back
Round trip time was 0.011038 milliseconds in repetition 396
tcp_ping received 64 bytes back
Round trip time was 0.010939 milliseconds in repetition 397
tcp_ping received 64 bytes back
Round trip time was 0.010818 milliseconds in repetition 398
tcp_ping received 64 bytes back
Round trip time was 0.011005 milliseconds in repetition 399
tcp_ping received 64 bytes back
Round trip time was 0.010808 milliseconds in repetition 400
tcp_ping received 64 bytes back
Round trip time was 0.010915 milliseconds in repetition 401
tcp_ping received 64 bytes back
Round trip time was 0.015645 milliseconds in repetition 402
tcp_ping received 64 bytes back
Round trip time was 0.011565 milliseconds in repetition 403
tcp_ping received 64 bytes back
Round trip time was 0.011096 milliseconds in repetition 404
tcp_ping received 64 bytes back
Round trip time was 0.010881 milliseconds in repetition 405
tcp_ping received 64 bytes back
Round trip time was 0.011094 milliseconds in repetition 406
tcp_ping received 64 bytes back
Round trip time was 0.010798 milliseconds in repetition 407
tcp_ping received 64 bytes back
Round trip time was 0.011052 milliseconds in repetition 408
tcp_ping received 64 bytes back
Round trip time was 0.010753 milliseconds in repetition 409
tcp_ping received 64 bytes back
Round trip time was 0.010931 milliseconds in repetition 410
tcp_ping received 64 bytes back
Round trip time was 0.011034 milliseconds in repetition 411
tcp_ping received 64 bytes back
Round trip time was 0.011028 milliseconds in repetition 412
tcp_ping received 64 bytes back
Round trip time was 0.010986 milliseconds in repetition 413
tcp_ping received 64 bytes back
Round trip time was 0.010911 milliseconds in repetition 414
tcp_ping received 64 bytes back
Round trip time was 0.010911 milliseconds in repetition 415
tcp_ping received 64 bytes back
Round trip time was 0.010791 milliseconds in repetition 416
tcp_ping received 64 bytes back
Round trip time was 0.010992 milliseconds in repetition 417
tcp_ping received 64 bytes back
Round trip time was 0.010818 milliseconds in repetition 418
tcp_ping received 64 bytes back
Round trip time was 0.010963 milliseconds in repetition 419
tcp_ping received 64 bytes back
Round trip time was 0.010906 milliseconds in repetition 420
tcp_ping received 64 bytes back
Round trip time was 0.010878 milliseconds in repetition 421
tcp_ping received 64 bytes back
Round trip time was 0.010836 milliseconds in repetition 422
tcp_ping received 64 bytes back
Round trip time was 0.010852 milliseconds in repetition 423
tcp_ping received 64 bytes back
Round trip time was 0.010894 milliseconds in repetition 424
tcp_ping received 64 bytes back
Round trip time was 0.01084 milliseconds in repetition 425
tcp_ping received 64 bytes back
Round trip time was 0.010896 milliseconds in repetition 426
tcp_ping received 64 bytes back
Round trip time was 0.011087 milliseconds in repetition 427
tcp_ping received 64 bytes back
Round trip time was 0.01108 milliseconds in repetition 428
tcp_ping received 64 bytes back
Round trip time was 0.010871 milliseconds in repetition 429
tcp_ping received 64 bytes back
Round trip time was 0.010804 milliseconds in repetition 430
tcp_ping received 64 bytes back
Round trip time was 0.010932 milliseconds in repetition 431
tcp_ping received 64 bytes back
Round trip time was 0.010843 milliseconds in repetition 432
tcp_ping received 64 bytes back
Round trip time was 0.010867 milliseconds in repetition 433
tcp_ping received 64 bytes back
Round trip time was 0.011058 milliseconds in repetition 434
tcp_ping received 64 bytes back
Round trip time was 0.010788 milliseconds in repetition 435
tcp_ping received 64 bytes back
Round trip time was 0.010848 milliseconds in repetition 436
tcp_ping received 64 bytes back
Round trip time was 0.010818 milliseconds in repetition 437
tcp_ping received 64 bytes back
Round trip time was 0.010931 milliseconds in repetition 438
tcp_ping received 64 bytes back
Round trip time was 0.010895 milliseconds in repetition 439
tcp_ping received 64 bytes back
Round trip time was 0.010896 milliseconds in repetition 440
tcp_ping received 64 bytes back
Round trip time was 0.010909 milliseconds in repetition 441
tcp_ping received 64 bytes back
Round trip time was 0.010795 milliseconds in repetition 442
tcp_ping received 64 bytes back
Round trip time was 0.010863 milliseconds in repetition 443
tcp_ping received 64 bytes back
Round trip time was 0.011046 milliseconds in repetition 444
tcp_ping received 64 bytes back
Round trip time was 0.01084 milliseconds in repetition 445
tcp_ping received 64 bytes back
Round trip time was 0.015413 milliseconds in repetition 446
tcp_ping received 64 bytes back
Round trip time was 0.011328 milliseconds in repetition 447
tcp_ping received 64 bytes back
Round trip time was 0.010965 milliseconds in repetition 448
tcp_ping received 64 bytes back
Round trip time was 0.010851 milliseconds in repetition 449
tcp_ping received 64 bytes back
Round trip time was 0.010847 milliseconds in repetition 450
tcp_ping received 64 bytes back
Round trip time was 0.010813 milliseconds in repetition 451
tcp_ping received 64 bytes back
Round trip time was 0.010932 milliseconds in repetition 452
tcp_ping received 64 bytes back
Round trip time was 0.010908 milliseconds in repetition 453
tcp_ping received 64 bytes back
Round trip time was 0.010941 milliseconds in repetition 454
tcp_ping received 64 bytes back
Round trip time was 0.010898 milliseconds in repetition 455
tcp_ping received 64 bytes back
Round trip time was 0.010894 milliseconds in repetition 456
tcp_ping received 64 bytes back
Round trip time was 0.010831 milliseconds in repetition 457
tcp_ping received 64 bytes back
Round trip time was 0.011211 milliseconds in repetition 458
tcp_ping received 64 bytes back
Round trip time was 0.010954 milliseconds in repetition 459
tcp_ping received 64 bytes back
Round trip time was 0.010979 milliseconds in repetition 460
tcp_ping received 64 bytes back
Round trip time was 0.010866 milliseconds in repetition 461
tcp_ping received 64 bytes back
Round trip time was 0.010923 milliseconds in repetition 462
tcp_ping received 64 bytes back
Round trip time was 0.010778 milliseconds in repetition 463
tcp_ping received 64 bytes back
Round trip time was 0.010897 milliseconds in repetition 464
tcp_ping received 64 bytes back
Round trip time was 0.010705 milliseconds in repetition 465
tcp_ping received 64 bytes back
Round trip time was 0.010732 milliseconds in repetition 466
tcp_ping received 64 bytes back
Round trip time was 0.01074 milliseconds in repetition 467
tcp_ping received 64 bytes back
Round trip time was 0.010789 milliseconds in repetition 468
tcp_ping received 64 bytes back
Round trip time was 0.010792 milliseconds in repetition 469
tcp_ping received 64 bytes back
Round trip time was 0.010757 milliseconds in repetition 470
tcp_ping received 64 bytes back
Round trip time was 0.010705 milliseconds in repetition 471
tcp_ping received 64 bytes back
Round trip time was 0.010902 milliseconds in repetition 472
tcp_ping received 64 bytes back
Round trip time was 0.010851 milliseconds in repetition 473
tcp_ping received 64 bytes back
Round trip time was 0.010982 milliseconds in repetition 474
tcp_ping received 64 bytes back
Round trip time was 0.010844 milliseconds in repetition 475
tcp_ping received 64 bytes back
Round trip time was 0.010879 milliseconds in repetition 476
tcp_ping received 64 bytes back
Round trip time was 0.010845 milliseconds in repetition 477
tcp_ping received 64 bytes back
Round trip time was 0.010744 milliseconds in repetition 478
tcp_ping received 64 bytes back
Round trip time was 0.010672 milliseconds in repetition 479
tcp_ping received 64 bytes back
Round trip time was 0.010959 milliseconds in repetition 480
tcp_ping received 64 bytes back
Round trip time was 0.010688 milliseconds in repetition 481
tcp_ping received 64 bytes back
Round trip time was 0.010828 milliseconds in repetition 482
tcp_ping received 64 bytes back
Round trip time was 0.010963 milliseconds in repetition 483
tcp_ping received 64 bytes back
Round trip time was 0.010719 milliseconds in repetition 484
tcp_ping received 64 bytes back
Round trip time was 0.010757 milliseconds in repetition 485
tcp_ping received 64 bytes back
Round trip time was 0.010753 milliseconds in repetition 486
tcp_ping received 64 bytes back
Round trip time was 0.010861 milliseconds in repetition 487
tcp_ping received 64 bytes back
Round trip time was 0.010779 milliseconds in repetition 488
tcp_ping received 64 bytes back
Round trip time was 0.01077 milliseconds in repetition 489
tcp_ping received 64 bytes back
Round trip time was 0.010934 milliseconds in repetition 490
tcp_ping received 64 bytes back
Round trip time was 0.015588 milliseconds in repetition 491
tcp_ping received 64 bytes back
Round trip time was 0.011371 milliseconds in repetition 492
tcp_ping received 64 bytes back
Round trip time was 0.011019 milliseconds in repetition 493
tcp_ping received 64 bytes back
Round trip time was 0.010891 milliseconds in repetition 494
tcp_ping received 64 bytes back
Round trip time was 0.01087 milliseconds in repetition 495
tcp_ping received 64 bytes back
Round trip time was 0.010866 milliseconds in repetition 496
tcp_ping received 64 bytes back
Round trip time was 0.010749 milliseconds in repetition 497
tcp_ping received 64 bytes back
Round trip time was 0.010834 milliseconds in repetition 498
tcp_ping received 64 bytes back
Round trip time was 0.010781 milliseconds in repetition 499
tcp_ping received 64 bytes back
Round trip time was 0.010873 milliseconds in repetition 500
tcp_ping received 64 bytes back
Round trip time was 0.010857 milliseconds in repetition 501

 ... clock resolution was 1e-06
TCP Ping:  Statistics over 501 repetitions of 64 byte messages

RTT : percentile 10: 0.010762, median: 0.01096, percentile 90: 0.069422, average: 0.0347357, variance: 0.0104117

RTT histogram:
0.0105845 441
0.0903783 26
0.170172 23
0.249966 3
0.32976 1
0.409554 3
0.489348 0
0.569141 0
0.648935 2
0.728729 0
0.808523 1
0.888317 0
0.968111 0
1.0479 0
1.1277 0
1.20749 0
1.28729 0
1.36708 0
1.44687 0
1.52667 0
1.60646 1

   median Throughput : 11678.8 KB/s   overall Throughput : 3684.97 KB/s

