TCP Ping trying to connect to server localhost (127.0.0.1) on port 1421
 ... connected to Pong server: asking for 501 repetitions of 1536 bytes TCP messages
 ... Pong server agreed :-)
tcp_ping received 1536 bytes back
Round trip time was 0.283857 milliseconds in repetition 1
tcp_ping received 1536 bytes back
Round trip time was 0.225965 milliseconds in repetition 2
tcp_ping received 1536 bytes back
Round trip time was 0.093547 milliseconds in repetition 3
tcp_ping received 1536 bytes back
Round trip time was 0.094227 milliseconds in repetition 4
tcp_ping received 1536 bytes back
Round trip time was 0.101675 milliseconds in repetition 5
tcp_ping received 1536 bytes back
Round trip time was 0.033906 milliseconds in repetition 6
tcp_ping received 1536 bytes back
Round trip time was 0.030916 milliseconds in repetition 7
tcp_ping received 1536 bytes back
Round trip time was 0.030274 milliseconds in repetition 8
tcp_ping received 1536 bytes back
Round trip time was 0.030372 milliseconds in repetition 9
tcp_ping received 1536 bytes back
Round trip time was 0.030405 milliseconds in repetition 10
tcp_ping received 1536 bytes back
Round trip time was 0.030177 milliseconds in repetition 11
tcp_ping received 1536 bytes back
Round trip time was 0.030245 milliseconds in repetition 12
tcp_ping received 1536 bytes back
Round trip time was 0.03022 milliseconds in repetition 13
tcp_ping received 1536 bytes back
Round trip time was 0.026844 milliseconds in repetition 14
tcp_ping received 1536 bytes back
Round trip time was 0.08201 milliseconds in repetition 15
tcp_ping received 1536 bytes back
Round trip time was 0.045312 milliseconds in repetition 16
tcp_ping received 1536 bytes back
Round trip time was 0.031265 milliseconds in repetition 17
tcp_ping received 1536 bytes back
Round trip time was 0.030701 milliseconds in repetition 18
tcp_ping received 1536 bytes back
Round trip time was 0.12616 milliseconds in repetition 19
tcp_ping received 1536 bytes back
Round trip time was 0.045864 milliseconds in repetition 20
tcp_ping received 1536 bytes back
Round trip time was 0.030828 milliseconds in repetition 21
tcp_ping received 1536 bytes back
Round trip time was 0.029353 milliseconds in repetition 22
tcp_ping received 1536 bytes back
Round trip time was 0.030551 milliseconds in repetition 23
tcp_ping received 1536 bytes back
Round trip time was 0.128662 milliseconds in repetition 24
tcp_ping received 1536 bytes back
Round trip time was 0.040884 milliseconds in repetition 25
tcp_ping received 1536 bytes back
Round trip time was 0.040109 milliseconds in repetition 26
tcp_ping received 1536 bytes back
Round trip time was 0.03068 milliseconds in repetition 27
tcp_ping received 1536 bytes back
Round trip time was 0.028337 milliseconds in repetition 28
tcp_ping received 1536 bytes back
Round trip time was 0.028559 milliseconds in repetition 29
tcp_ping received 1536 bytes back
Round trip time was 0.028005 milliseconds in repetition 30
tcp_ping received 1536 bytes back
Round trip time was 0.101316 milliseconds in repetition 31
tcp_ping received 1536 bytes back
Round trip time was 0.030799 milliseconds in repetition 32
tcp_ping received 1536 bytes back
Round trip time was 0.077675 milliseconds in repetition 33
tcp_ping received 1536 bytes back
Round trip time was 0.121776 milliseconds in repetition 34
tcp_ping received 1536 bytes back
Round trip time was 0.032411 milliseconds in repetition 35
tcp_ping received 1536 bytes back
Round trip time was 0.030697 milliseconds in repetition 36
tcp_ping received 1536 bytes back
Round trip time was 0.030408 milliseconds in repetition 37
tcp_ping received 1536 bytes back
Round trip time was 0.030607 milliseconds in repetition 38
tcp_ping received 1536 bytes back
Round trip time was 0.030507 milliseconds in repetition 39
tcp_ping received 1536 bytes back
Round trip time was 0.030446 milliseconds in repetition 40
tcp_ping received 1536 bytes back
Round trip time was 0.030431 milliseconds in repetition 41
tcp_ping received 1536 bytes back
Round trip time was 0.030439 milliseconds in repetition 42
tcp_ping received 1536 bytes back
Round trip time was 0.069509 milliseconds in repetition 43
tcp_ping received 1536 bytes back
Round trip time was 0.113576 milliseconds in repetition 44
tcp_ping received 1536 bytes back
Round trip time was 0.046904 milliseconds in repetition 45
tcp_ping received 1536 bytes back
Round trip time was 0.106792 milliseconds in repetition 46
tcp_ping received 1536 bytes back
Round trip time was 0.038077 milliseconds in repetition 47
tcp_ping received 1536 bytes back
Round trip time was 0.031398 milliseconds in repetition 48
tcp_ping received 1536 bytes back
Round trip time was 0.031116 milliseconds in repetition 49
tcp_ping received 1536 bytes back
Round trip time was 0.03129 milliseconds in repetition 50
tcp_ping received 1536 bytes back
Round trip time was 0.031338 milliseconds in repetition 51
tcp_ping received 1536 bytes back
Round trip time was 0.031473 milliseconds in repetition 52
tcp_ping received 1536 bytes back
Round trip time was 0.030963 milliseconds in repetition 53
tcp_ping received 1536 bytes back
Round trip time was 0.030824 milliseconds in repetition 54
tcp_ping received 1536 bytes back
Round trip time was 3.08702 milliseconds in repetition 55
tcp_ping received 1536 bytes back
Round trip time was 0.266787 milliseconds in repetition 56
tcp_ping received 1536 bytes back
Round trip time was 0.176916 milliseconds in repetition 57
tcp_ping received 1536 bytes back
Round trip time was 0.057217 milliseconds in repetition 58
tcp_ping received 1536 bytes back
Round trip time was 0.035671 milliseconds in repetition 59
tcp_ping received 1536 bytes back
Round trip time was 0.031108 milliseconds in repetition 60
tcp_ping received 1536 bytes back
Round trip time was 0.434862 milliseconds in repetition 61
tcp_ping received 1536 bytes back
Round trip time was 0.056888 milliseconds in repetition 62
tcp_ping received 1536 bytes back
Round trip time was 0.031198 milliseconds in repetition 63
tcp_ping received 1536 bytes back
Round trip time was 0.030843 milliseconds in repetition 64
tcp_ping received 1536 bytes back
Round trip time was 0.027941 milliseconds in repetition 65
tcp_ping received 1536 bytes back
Round trip time was 0.027305 milliseconds in repetition 66
tcp_ping received 1536 bytes back
Round trip time was 0.027228 milliseconds in repetition 67
tcp_ping received 1536 bytes back
Round trip time was 0.027436 milliseconds in repetition 68
tcp_ping received 1536 bytes back
Round trip time was 0.027384 milliseconds in repetition 69
tcp_ping received 1536 bytes back
Round trip time was 0.028319 milliseconds in repetition 70
tcp_ping received 1536 bytes back
Round trip time was 0.028399 milliseconds in repetition 71
tcp_ping received 1536 bytes back
Round trip time was 0.028482 milliseconds in repetition 72
tcp_ping received 1536 bytes back
Round trip time was 0.066668 milliseconds in repetition 73
tcp_ping received 1536 bytes back
Round trip time was 0.03763 milliseconds in repetition 74
tcp_ping received 1536 bytes back
Round trip time was 0.031528 milliseconds in repetition 75
tcp_ping received 1536 bytes back
Round trip time was 0.030953 milliseconds in repetition 76
tcp_ping received 1536 bytes back
Round trip time was 0.031102 milliseconds in repetition 77
tcp_ping received 1536 bytes back
Round trip time was 0.030931 milliseconds in repetition 78
tcp_ping received 1536 bytes back
Round trip time was 0.031336 milliseconds in repetition 79
tcp_ping received 1536 bytes back
Round trip time was 0.03109 milliseconds in repetition 80
tcp_ping received 1536 bytes back
Round trip time was 0.031146 milliseconds in repetition 81
tcp_ping received 1536 bytes back
Round trip time was 0.385856 milliseconds in repetition 82
tcp_ping received 1536 bytes back
Round trip time was 0.149689 milliseconds in repetition 83
tcp_ping received 1536 bytes back
Round trip time was 0.059725 milliseconds in repetition 84
tcp_ping received 1536 bytes back
Round trip time was 1.03893 milliseconds in repetition 85
tcp_ping received 1536 bytes back
Round trip time was 0.051557 milliseconds in repetition 86
tcp_ping received 1536 bytes back
Round trip time was 0.031168 milliseconds in repetition 87
tcp_ping received 1536 bytes back
Round trip time was 0.045817 milliseconds in repetition 88
tcp_ping received 1536 bytes back
Round trip time was 0.031406 milliseconds in repetition 89
tcp_ping received 1536 bytes back
Round trip time was 0.030642 milliseconds in repetition 90
tcp_ping received 1536 bytes back
Round trip time was 0.030572 milliseconds in repetition 91
tcp_ping received 1536 bytes back
Round trip time was 0.030439 milliseconds in repetition 92
tcp_ping received 1536 bytes back
Round trip time was 0.03042 milliseconds in repetition 93
tcp_ping received 1536 bytes back
Round trip time was 0.030532 milliseconds in repetition 94
tcp_ping received 1536 bytes back
Round trip time was 0.030501 milliseconds in repetition 95
tcp_ping received 1536 bytes back
Round trip time was 0.030457 milliseconds in repetition 96
tcp_ping received 1536 bytes back
Round trip time was 0.030463 milliseconds in repetition 97
tcp_ping received 1536 bytes back
Round trip time was 0.030448 milliseconds in repetition 98
tcp_ping received 1536 bytes back
Round trip time was 0.030493 milliseconds in repetition 99
tcp_ping received 1536 bytes back
Round trip time was 0.030646 milliseconds in repetition 100
tcp_ping received 1536 bytes back
Round trip time was 0.030561 milliseconds in repetition 101
tcp_ping received 1536 bytes back
Round trip time was 0.030621 milliseconds in repetition 102
tcp_ping received 1536 bytes back
Round trip time was 0.030756 milliseconds in repetition 103
tcp_ping received 1536 bytes back
Round trip time was 0.066777 milliseconds in repetition 104
tcp_ping received 1536 bytes back
Round trip time was 0.036313 milliseconds in repetition 105
tcp_ping received 1536 bytes back
Round trip time was 0.027261 milliseconds in repetition 106
tcp_ping received 1536 bytes back
Round trip time was 0.030611 milliseconds in repetition 107
tcp_ping received 1536 bytes back
Round trip time was 0.030985 milliseconds in repetition 108
tcp_ping received 1536 bytes back
Round trip time was 0.030646 milliseconds in repetition 109
tcp_ping received 1536 bytes back
Round trip time was 0.030645 milliseconds in repetition 110
tcp_ping received 1536 bytes back
Round trip time was 0.030566 milliseconds in repetition 111
tcp_ping received 1536 bytes back
Round trip time was 0.030492 milliseconds in repetition 112
tcp_ping received 1536 bytes back
Round trip time was 0.0308 milliseconds in repetition 113
tcp_ping received 1536 bytes back
Round trip time was 0.030681 milliseconds in repetition 114
tcp_ping received 1536 bytes back
Round trip time was 0.031365 milliseconds in repetition 115
tcp_ping received 1536 bytes back
Round trip time was 0.030599 milliseconds in repetition 116
tcp_ping received 1536 bytes back
Round trip time was 0.030522 milliseconds in repetition 117
tcp_ping received 1536 bytes back
Round trip time was 0.030985 milliseconds in repetition 118
tcp_ping received 1536 bytes back
Round trip time was 0.03103 milliseconds in repetition 119
tcp_ping received 1536 bytes back
Round trip time was 0.027478 milliseconds in repetition 120
tcp_ping received 1536 bytes back
Round trip time was 0.07322 milliseconds in repetition 121
tcp_ping received 1536 bytes back
Round trip time was 0.035374 milliseconds in repetition 122
tcp_ping received 1536 bytes back
Round trip time was 0.030835 milliseconds in repetition 123
tcp_ping received 1536 bytes back
Round trip time was 0.030762 milliseconds in repetition 124
tcp_ping received 1536 bytes back
Round trip time was 0.030528 milliseconds in repetition 125
tcp_ping received 1536 bytes back
Round trip time was 0.030949 milliseconds in repetition 126
tcp_ping received 1536 bytes back
Round trip time was 0.030847 milliseconds in repetition 127
tcp_ping received 1536 bytes back
Round trip time was 0.030735 milliseconds in repetition 128
tcp_ping received 1536 bytes back
Round trip time was 0.030999 milliseconds in repetition 129
tcp_ping received 1536 bytes back
Round trip time was 0.030677 milliseconds in repetition 130
tcp_ping received 1536 bytes back
Round trip time was 0.030691 milliseconds in repetition 131
tcp_ping received 1536 bytes back
Round trip time was 0.793248 milliseconds in repetition 132
tcp_ping received 1536 bytes back
Round trip time was 0.042328 milliseconds in repetition 133
tcp_ping received 1536 bytes back
Round trip time was 0.030442 milliseconds in repetition 134
tcp_ping received 1536 bytes back
Round trip time was 0.031086 milliseconds in repetition 135
tcp_ping received 1536 bytes back
Round trip time was 0.031318 milliseconds in repetition 136
tcp_ping received 1536 bytes back
Round trip time was 0.030844 milliseconds in repetition 137
tcp_ping received 1536 bytes back
Round trip time was 0.030836 milliseconds in repetition 138
tcp_ping received 1536 bytes back
Round trip time was 0.031799 milliseconds in repetition 139
tcp_ping received 1536 bytes back
Round trip time was 0.031173 milliseconds in repetition 140
tcp_ping received 1536 bytes back
Round trip time was 0.030787 milliseconds in repetition 141
tcp_ping received 1536 bytes back
Round trip time was 0.031203 milliseconds in repetition 142
tcp_ping received 1536 bytes back
Round trip time was 0.031183 milliseconds in repetition 143
tcp_ping received 1536 bytes back
Round trip time was 0.030885 milliseconds in repetition 144
tcp_ping received 1536 bytes back
Round trip time was 0.030858 milliseconds in repetition 145
tcp_ping received 1536 bytes back
Round trip time was 0.031212 milliseconds in repetition 146
tcp_ping received 1536 bytes back
Round trip time was 0.030693 milliseconds in repetition 147
tcp_ping received 1536 bytes back
Round trip time was 0.030617 milliseconds in repetition 148
tcp_ping received 1536 bytes back
Round trip time was 0.030922 milliseconds in repetition 149
tcp_ping received 1536 bytes back
Round trip time was 0.031026 milliseconds in repetition 150
tcp_ping received 1536 bytes back
Round trip time was 0.030987 milliseconds in repetition 151
tcp_ping received 1536 bytes back
Round trip time was 0.031256 milliseconds in repetition 152
tcp_ping received 1536 bytes back
Round trip time was 0.031205 milliseconds in repetition 153
tcp_ping received 1536 bytes back
Round trip time was 0.298733 milliseconds in repetition 154
tcp_ping received 1536 bytes back
Round trip time was 0.054476 milliseconds in repetition 155
tcp_ping received 1536 bytes back
Round trip time was 0.22171 milliseconds in repetition 156
tcp_ping received 1536 bytes back
Round trip time was 0.035728 milliseconds in repetition 157
tcp_ping received 1536 bytes back
Round trip time was 0.027603 milliseconds in repetition 158
tcp_ping received 1536 bytes back
Round trip time was 0.026919 milliseconds in repetition 159
tcp_ping received 1536 bytes back
Round trip time was 0.026982 milliseconds in repetition 160
tcp_ping received 1536 bytes back
Round trip time was 0.027061 milliseconds in repetition 161
tcp_ping received 1536 bytes back
Round trip time was 0.026802 milliseconds in repetition 162
tcp_ping received 1536 bytes back
Round trip time was 0.026784 milliseconds in repetition 163
tcp_ping received 1536 bytes back
Round trip time was 0.026851 milliseconds in repetition 164
tcp_ping received 1536 bytes back
Round trip time was 0.027641 milliseconds in repetition 165
tcp_ping received 1536 bytes back
Round trip time was 0.026986 milliseconds in repetition 166
tcp_ping received 1536 bytes back
Round trip time was 0.049248 milliseconds in repetition 167
tcp_ping received 1536 bytes back
Round trip time was 0.03083 milliseconds in repetition 168
tcp_ping received 1536 bytes back
Round trip time was 0.103248 milliseconds in repetition 169
tcp_ping received 1536 bytes back
Round trip time was 0.046528 milliseconds in repetition 170
tcp_ping received 1536 bytes back
Round trip time was 0.03155 milliseconds in repetition 171
tcp_ping received 1536 bytes back
Round trip time was 0.030834 milliseconds in repetition 172
tcp_ping received 1536 bytes back
Round trip time was 0.030749 milliseconds in repetition 173
tcp_ping received 1536 bytes back
Round trip time was 0.030791 milliseconds in repetition 174
tcp_ping received 1536 bytes back
Round trip time was 0.064836 milliseconds in repetition 175
tcp_ping received 1536 bytes back
Round trip time was 0.03438 milliseconds in repetition 176
tcp_ping received 1536 bytes back
Round trip time was 0.03086 milliseconds in repetition 177
tcp_ping received 1536 bytes back
Round trip time was 0.031339 milliseconds in repetition 178
tcp_ping received 1536 bytes back
Round trip time was 0.030764 milliseconds in repetition 179
tcp_ping received 1536 bytes back
Round trip time was 0.030683 milliseconds in repetition 180
tcp_ping received 1536 bytes back
Round trip time was 0.027455 milliseconds in repetition 181
tcp_ping received 1536 bytes back
Round trip time was 0.09106 milliseconds in repetition 182
tcp_ping received 1536 bytes back
Round trip time was 0.040703 milliseconds in repetition 183
tcp_ping received 1536 bytes back
Round trip time was 0.030693 milliseconds in repetition 184
tcp_ping received 1536 bytes back
Round trip time was 0.030399 milliseconds in repetition 185
tcp_ping received 1536 bytes back
Round trip time was 0.03065 milliseconds in repetition 186
tcp_ping received 1536 bytes back
Round trip time was 0.030458 milliseconds in repetition 187
tcp_ping received 1536 bytes back
Round trip time was 0.030327 milliseconds in repetition 188
tcp_ping received 1536 bytes back
Round trip time was 0.030339 milliseconds in repetition 189
tcp_ping received 1536 bytes back
Round trip time was 0.03033 milliseconds in repetition 190
tcp_ping received 1536 bytes back
Round trip time was 0.05867 milliseconds in repetition 191
tcp_ping received 1536 bytes back
Round trip time was 0.042035 milliseconds in repetition 192
tcp_ping received 1536 bytes back
Round trip time was 0.030808 milliseconds in repetition 193
tcp_ping received 1536 bytes back
Round trip time was 0.030583 milliseconds in repetition 194
tcp_ping received 1536 bytes back
Round trip time was 0.0307 milliseconds in repetition 195
tcp_ping received 1536 bytes back
Round trip time was 0.058128 milliseconds in repetition 196
tcp_ping received 1536 bytes back
Round trip time was 0.035828 milliseconds in repetition 197
tcp_ping received 1536 bytes back
Round trip time was 0.036204 milliseconds in repetition 198
tcp_ping received 1536 bytes back
Round trip time was 0.036761 milliseconds in repetition 199
tcp_ping received 1536 bytes back
Round trip time was 0.034013 milliseconds in repetition 200
tcp_ping received 1536 bytes back
Round trip time was 0.034449 milliseconds in repetition 201
tcp_ping received 1536 bytes back
Round trip time was 0.035095 milliseconds in repetition 202
tcp_ping received 1536 bytes back
Round trip time was 0.03618 milliseconds in repetition 203
tcp_ping received 1536 bytes back
Round trip time was 0.037062 milliseconds in repetition 204
tcp_ping received 1536 bytes back
Round trip time was 0.070811 milliseconds in repetition 205
tcp_ping received 1536 bytes back
Round trip time was 0.030866 milliseconds in repetition 206
tcp_ping received 1536 bytes back
Round trip time was 0.03071 milliseconds in repetition 207
tcp_ping received 1536 bytes back
Round trip time was 0.031218 milliseconds in repetition 208
tcp_ping received 1536 bytes back
Round trip time was 0.031385 milliseconds in repetition 209
tcp_ping received 1536 bytes back
Round trip time was 0.03566 milliseconds in repetition 210
tcp_ping received 1536 bytes back
Round trip time was 0.032464 milliseconds in repetition 211
tcp_ping received 1536 bytes back
Round trip time was 0.031994 milliseconds in repetition 212
tcp_ping received 1536 bytes back
Round trip time was 0.031749 milliseconds in repetition 213
tcp_ping received 1536 bytes back
Round trip time was 0.031669 milliseconds in repetition 214
tcp_ping received 1536 bytes back
Round trip time was 0.031371 milliseconds in repetition 215
tcp_ping received 1536 bytes back
Round trip time was 0.036488 milliseconds in repetition 216
tcp_ping received 1536 bytes back
Round trip time was 0.04063 milliseconds in repetition 217
tcp_ping received 1536 bytes back
Round trip time was 0.039407 milliseconds in repetition 218
tcp_ping received 1536 bytes back
Round trip time was 0.096222 milliseconds in repetition 219
tcp_ping received 1536 bytes back
Round trip time was 0.076361 milliseconds in repetition 220
tcp_ping received 1536 bytes back
Round trip time was 0.038275 milliseconds in repetition 221
tcp_ping received 1536 bytes back
Round trip time was 0.034025 milliseconds in repetition 222
tcp_ping received 1536 bytes back
Round trip time was 0.038114 milliseconds in repetition 223
tcp_ping received 1536 bytes back
Round trip time was 0.138413 milliseconds in repetition 224
tcp_ping received 1536 bytes back
Round trip time was 0.094072 milliseconds in repetition 225
tcp_ping received 1536 bytes back
Round trip time was 0.068507 milliseconds in repetition 226
tcp_ping received 1536 bytes back
Round trip time was 0.070383 milliseconds in repetition 227
tcp_ping received 1536 bytes back
Round trip time was 0.069683 milliseconds in repetition 228
tcp_ping received 1536 bytes back
Round trip time was 0.072083 milliseconds in repetition 229
tcp_ping received 1536 bytes back
Round trip time was 0.064155 milliseconds in repetition 230
tcp_ping received 1536 bytes back
Round trip time was 0.04804 milliseconds in repetition 231
tcp_ping received 1536 bytes back
Round trip time was 0.049868 milliseconds in repetition 232
tcp_ping received 1536 bytes back
Round trip time was 0.031423 milliseconds in repetition 233
tcp_ping received 1536 bytes back
Round trip time was 0.027752 milliseconds in repetition 234
tcp_ping received 1536 bytes back
Round trip time was 0.032363 milliseconds in repetition 235
tcp_ping received 1536 bytes back
Round trip time was 0.041925 milliseconds in repetition 236
tcp_ping received 1536 bytes back
Round trip time was 0.050834 milliseconds in repetition 237
tcp_ping received 1536 bytes back
Round trip time was 0.111904 milliseconds in repetition 238
tcp_ping received 1536 bytes back
Round trip time was 2.79279 milliseconds in repetition 239
tcp_ping received 1536 bytes back
Round trip time was 0.037448 milliseconds in repetition 240
tcp_ping received 1536 bytes back
Round trip time was 0.029403 milliseconds in repetition 241
tcp_ping received 1536 bytes back
Round trip time was 0.029833 milliseconds in repetition 242
tcp_ping received 1536 bytes back
Round trip time was 0.029313 milliseconds in repetition 243
tcp_ping received 1536 bytes back
Round trip time was 0.028963 milliseconds in repetition 244
tcp_ping received 1536 bytes back
Round trip time was 0.029616 milliseconds in repetition 245
tcp_ping received 1536 bytes back
Round trip time was 0.029609 milliseconds in repetition 246
tcp_ping received 1536 bytes back
Round trip time was 0.029744 milliseconds in repetition 247
tcp_ping received 1536 bytes back
Round trip time was 0.029867 milliseconds in repetition 248
tcp_ping received 1536 bytes back
Round trip time was 0.029306 milliseconds in repetition 249
tcp_ping received 1536 bytes back
Round trip time was 0.029277 milliseconds in repetition 250
tcp_ping received 1536 bytes back
Round trip time was 0.029327 milliseconds in repetition 251
tcp_ping received 1536 bytes back
Round trip time was 0.029604 milliseconds in repetition 252
tcp_ping received 1536 bytes back
Round trip time was 0.03 milliseconds in repetition 253
tcp_ping received 1536 bytes back
Round trip time was 0.03001 milliseconds in repetition 254
tcp_ping received 1536 bytes back
Round trip time was 0.02966 milliseconds in repetition 255
tcp_ping received 1536 bytes back
Round trip time was 0.029769 milliseconds in repetition 256
tcp_ping received 1536 bytes back
Round trip time was 0.03078 milliseconds in repetition 257
tcp_ping received 1536 bytes back
Round trip time was 0.030909 milliseconds in repetition 258
tcp_ping received 1536 bytes back
Round trip time was 0.031054 milliseconds in repetition 259
tcp_ping received 1536 bytes back
Round trip time was 0.032177 milliseconds in repetition 260
tcp_ping received 1536 bytes back
Round trip time was 0.031879 milliseconds in repetition 261
tcp_ping received 1536 bytes back
Round trip time was 0.031196 milliseconds in repetition 262
tcp_ping received 1536 bytes back
Round trip time was 0.07343 milliseconds in repetition 263
tcp_ping received 1536 bytes back
Round trip time was 0.032073 milliseconds in repetition 264
tcp_ping received 1536 bytes back
Round trip time was 0.047138 milliseconds in repetition 265
tcp_ping received 1536 bytes back
Round trip time was 0.030472 milliseconds in repetition 266
tcp_ping received 1536 bytes back
Round trip time was 0.127321 milliseconds in repetition 267
tcp_ping received 1536 bytes back
Round trip time was 0.035806 milliseconds in repetition 268
tcp_ping received 1536 bytes back
Round trip time was 0.030856 milliseconds in repetition 269
tcp_ping received 1536 bytes back
Round trip time was 0.030991 milliseconds in repetition 270
tcp_ping received 1536 bytes back
Round trip time was 0.031164 milliseconds in repetition 271
tcp_ping received 1536 bytes back
Round trip time was 0.046094 milliseconds in repetition 272
tcp_ping received 1536 bytes back
Round trip time was 0.052095 milliseconds in repetition 273
tcp_ping received 1536 bytes back
Round trip time was 0.031207 milliseconds in repetition 274
tcp_ping received 1536 bytes back
Round trip time was 0.031289 milliseconds in repetition 275
tcp_ping received 1536 bytes back
Round trip time was 0.031279 milliseconds in repetition 276
tcp_ping received 1536 bytes back
Round trip time was 0.031477 milliseconds in repetition 277
tcp_ping received 1536 bytes back
Round trip time was 0.031178 milliseconds in repetition 278
tcp_ping received 1536 bytes back
Round trip time was 0.030468 milliseconds in repetition 279
tcp_ping received 1536 bytes back
Round trip time was 0.032385 milliseconds in repetition 280
tcp_ping received 1536 bytes back
Round trip time was 0.032335 milliseconds in repetition 281
tcp_ping received 1536 bytes back
Round trip time was 0.032704 milliseconds in repetition 282
tcp_ping received 1536 bytes back
Round trip time was 0.031958 milliseconds in repetition 283
tcp_ping received 1536 bytes back
Round trip time was 0.032764 milliseconds in repetition 284
tcp_ping received 1536 bytes back
Round trip time was 0.109857 milliseconds in repetition 285
tcp_ping received 1536 bytes back
Round trip time was 0.036161 milliseconds in repetition 286
tcp_ping received 1536 bytes back
Round trip time was 0.03125 milliseconds in repetition 287
tcp_ping received 1536 bytes back
Round trip time was 0.032069 milliseconds in repetition 288
tcp_ping received 1536 bytes back
Round trip time was 0.032359 milliseconds in repetition 289
tcp_ping received 1536 bytes back
Round trip time was 0.031971 milliseconds in repetition 290
tcp_ping received 1536 bytes back
Round trip time was 0.033329 milliseconds in repetition 291
tcp_ping received 1536 bytes back
Round trip time was 0.037912 milliseconds in repetition 292
tcp_ping received 1536 bytes back
Round trip time was 0.051232 milliseconds in repetition 293
tcp_ping received 1536 bytes back
Round trip time was 0.04887 milliseconds in repetition 294
tcp_ping received 1536 bytes back
Round trip time was 0.046256 milliseconds in repetition 295
tcp_ping received 1536 bytes back
Round trip time was 0.04985 milliseconds in repetition 296
tcp_ping received 1536 bytes back
Round trip time was 0.052659 milliseconds in repetition 297
tcp_ping received 1536 bytes back
Round trip time was 0.047474 milliseconds in repetition 298
tcp_ping received 1536 bytes back
Round trip time was 0.674312 milliseconds in repetition 299
tcp_ping received 1536 bytes back
Round trip time was 0.17081 milliseconds in repetition 300
tcp_ping received 1536 bytes back
Round trip time was 0.034834 milliseconds in repetition 301
tcp_ping received 1536 bytes back
Round trip time was 0.159256 milliseconds in repetition 302
tcp_ping received 1536 bytes back
Round trip time was 0.108678 milliseconds in repetition 303
tcp_ping received 1536 bytes back
Round trip time was 0.040227 milliseconds in repetition 304
tcp_ping received 1536 bytes back
Round trip time was 0.172803 milliseconds in repetition 305
tcp_ping received 1536 bytes back
Round trip time was 0.139576 milliseconds in repetition 306
tcp_ping received 1536 bytes back
Round trip time was 0.033877 milliseconds in repetition 307
tcp_ping received 1536 bytes back
Round trip time was 0.029933 milliseconds in repetition 308
tcp_ping received 1536 bytes back
Round trip time was 0.029731 milliseconds in repetition 309
tcp_ping received 1536 bytes back
Round trip time was 0.029691 milliseconds in repetition 310
tcp_ping received 1536 bytes back
Round trip time was 0.029517 milliseconds in repetition 311
tcp_ping received 1536 bytes back
Round trip time was 0.037794 milliseconds in repetition 312
tcp_ping received 1536 bytes back
Round trip time was 0.040019 milliseconds in repetition 313
tcp_ping received 1536 bytes back
Round trip time was 0.030766 milliseconds in repetition 314
tcp_ping received 1536 bytes back
Round trip time was 0.03077 milliseconds in repetition 315
tcp_ping received 1536 bytes back
Round trip time was 0.030583 milliseconds in repetition 316
tcp_ping received 1536 bytes back
Round trip time was 0.030392 milliseconds in repetition 317
tcp_ping received 1536 bytes back
Round trip time was 0.030803 milliseconds in repetition 318
tcp_ping received 1536 bytes back
Round trip time was 0.030803 milliseconds in repetition 319
tcp_ping received 1536 bytes back
Round trip time was 0.040845 milliseconds in repetition 320
tcp_ping received 1536 bytes back
Round trip time was 0.049691 milliseconds in repetition 321
tcp_ping received 1536 bytes back
Round trip time was 0.046435 milliseconds in repetition 322
tcp_ping received 1536 bytes back
Round trip time was 0.044269 milliseconds in repetition 323
tcp_ping received 1536 bytes back
Round trip time was 0.036752 milliseconds in repetition 324
tcp_ping received 1536 bytes back
Round trip time was 0.036521 milliseconds in repetition 325
tcp_ping received 1536 bytes back
Round trip time was 0.045392 milliseconds in repetition 326
tcp_ping received 1536 bytes back
Round trip time was 0.149458 milliseconds in repetition 327
tcp_ping received 1536 bytes back
Round trip time was 0.031721 milliseconds in repetition 328
tcp_ping received 1536 bytes back
Round trip time was 0.028321 milliseconds in repetition 329
tcp_ping received 1536 bytes back
Round trip time was 0.035018 milliseconds in repetition 330
tcp_ping received 1536 bytes back
Round trip time was 0.027201 milliseconds in repetition 331
tcp_ping received 1536 bytes back
Round trip time was 0.027395 milliseconds in repetition 332
tcp_ping received 1536 bytes back
Round trip time was 0.030866 milliseconds in repetition 333
tcp_ping received 1536 bytes back
Round trip time was 0.030548 milliseconds in repetition 334
tcp_ping received 1536 bytes back
Round trip time was 0.030606 milliseconds in repetition 335
tcp_ping received 1536 bytes back
Round trip time was 0.030481 milliseconds in repetition 336
tcp_ping received 1536 bytes back
Round trip time was 0.030557 milliseconds in repetition 337
tcp_ping received 1536 bytes back
Round trip time was 0.03068 milliseconds in repetition 338
tcp_ping received 1536 bytes back
Round trip time was 0.030726 milliseconds in repetition 339
tcp_ping received 1536 bytes back
Round trip time was 0.030819 milliseconds in repetition 340
tcp_ping received 1536 bytes back
Round trip time was 0.04653 milliseconds in repetition 341
tcp_ping received 1536 bytes back
Round trip time was 0.030277 milliseconds in repetition 342
tcp_ping received 1536 bytes back
Round trip time was 0.030293 milliseconds in repetition 343
tcp_ping received 1536 bytes back
Round trip time was 0.029771 milliseconds in repetition 344
tcp_ping received 1536 bytes back
Round trip time was 0.029709 milliseconds in repetition 345
tcp_ping received 1536 bytes back
Round trip time was 0.029778 milliseconds in repetition 346
tcp_ping received 1536 bytes back
Round trip time was 0.029668 milliseconds in repetition 347
tcp_ping received 1536 bytes back
Round trip time was 0.030387 milliseconds in repetition 348
tcp_ping received 1536 bytes back
Round trip time was 0.069545 milliseconds in repetition 349
tcp_ping received 1536 bytes back
Round trip time was 0.05127 milliseconds in repetition 350
tcp_ping received 1536 bytes back
Round trip time was 0.030411 milliseconds in repetition 351
tcp_ping received 1536 bytes back
Round trip time was 0.029821 milliseconds in repetition 352
tcp_ping received 1536 bytes back
Round trip time was 0.026117 milliseconds in repetition 353
tcp_ping received 1536 bytes back
Round trip time was 0.026146 milliseconds in repetition 354
tcp_ping received 1536 bytes back
Round trip time was 0.026048 milliseconds in repetition 355
tcp_ping received 1536 bytes back
Round trip time was 0.026032 milliseconds in repetition 356
tcp_ping received 1536 bytes back
Round trip time was 0.025986 milliseconds in repetition 357
tcp_ping received 1536 bytes back
Round trip time was 0.026146 milliseconds in repetition 358
tcp_ping received 1536 bytes back
Round trip time was 0.025918 milliseconds in repetition 359
tcp_ping received 1536 bytes back
Round trip time was 0.026055 milliseconds in repetition 360
tcp_ping received 1536 bytes back
Round trip time was 0.026024 milliseconds in repetition 361
tcp_ping received 1536 bytes back
Round trip time was 0.026126 milliseconds in repetition 362
tcp_ping received 1536 bytes back
Round trip time was 0.026023 milliseconds in repetition 363
tcp_ping received 1536 bytes back
Round trip time was 0.026114 milliseconds in repetition 364
tcp_ping received 1536 bytes back
Round trip time was 0.026043 milliseconds in repetition 365
tcp_ping received 1536 bytes back
Round trip time was 0.026138 milliseconds in repetition 366
tcp_ping received 1536 bytes back
Round trip time was 0.025987 milliseconds in repetition 367
tcp_ping received 1536 bytes back
Round trip time was 0.026362 milliseconds in repetition 368
tcp_ping received 1536 bytes back
Round trip time was 0.026071 milliseconds in repetition 369
tcp_ping received 1536 bytes back
Round trip time was 0.026055 milliseconds in repetition 370
tcp_ping received 1536 bytes back
Round trip time was 0.026028 milliseconds in repetition 371
tcp_ping received 1536 bytes back
Round trip time was 0.025935 milliseconds in repetition 372
tcp_ping received 1536 bytes back
Round trip time was 0.025958 milliseconds in repetition 373
tcp_ping received 1536 bytes back
Round trip time was 0.026079 milliseconds in repetition 374
tcp_ping received 1536 bytes back
Round trip time was 0.026051 milliseconds in repetition 375
tcp_ping received 1536 bytes back
Round trip time was 0.026127 milliseconds in repetition 376
tcp_ping received 1536 bytes back
Round trip time was 0.026115 milliseconds in repetition 377
tcp_ping received 1536 bytes back
Round trip time was 0.025975 milliseconds in repetition 378
tcp_ping received 1536 bytes back
Round trip time was 0.025992 milliseconds in repetition 379
tcp_ping received 1536 bytes back
Round trip time was 0.025877 milliseconds in repetition 380
tcp_ping received 1536 bytes back
Round trip time was 0.026076 milliseconds in repetition 381
tcp_ping received 1536 bytes back
Round trip time was 0.026009 milliseconds in repetition 382
tcp_ping received 1536 bytes back
Round trip time was 0.026005 milliseconds in repetition 383
tcp_ping received 1536 bytes back
Round trip time was 0.025902 milliseconds in repetition 384
tcp_ping received 1536 bytes back
Round trip time was 0.093541 milliseconds in repetition 385
tcp_ping received 1536 bytes back
Round trip time was 0.166114 milliseconds in repetition 386
tcp_ping received 1536 bytes back
Round trip time was 0.046877 milliseconds in repetition 387
tcp_ping received 1536 bytes back
Round trip time was 0.031761 milliseconds in repetition 388
tcp_ping received 1536 bytes back
Round trip time was 0.031388 milliseconds in repetition 389
tcp_ping received 1536 bytes back
Round trip time was 0.031114 milliseconds in repetition 390
tcp_ping received 1536 bytes back
Round trip time was 0.031107 milliseconds in repetition 391
tcp_ping received 1536 bytes back
Round trip time was 0.031013 milliseconds in repetition 392
tcp_ping received 1536 bytes back
Round trip time was 0.06973 milliseconds in repetition 393
tcp_ping received 1536 bytes back
Round trip time was 0.031511 milliseconds in repetition 394
tcp_ping received 1536 bytes back
Round trip time was 0.030155 milliseconds in repetition 395
tcp_ping received 1536 bytes back
Round trip time was 0.031449 milliseconds in repetition 396
tcp_ping received 1536 bytes back
Round trip time was 0.032968 milliseconds in repetition 397
tcp_ping received 1536 bytes back
Round trip time was 0.052188 milliseconds in repetition 398
tcp_ping received 1536 bytes back
Round trip time was 0.046771 milliseconds in repetition 399
tcp_ping received 1536 bytes back
Round trip time was 0.029561 milliseconds in repetition 400
tcp_ping received 1536 bytes back
Round trip time was 0.029515 milliseconds in repetition 401
tcp_ping received 1536 bytes back
Round trip time was 0.029446 milliseconds in repetition 402
tcp_ping received 1536 bytes back
Round trip time was 0.050837 milliseconds in repetition 403
tcp_ping received 1536 bytes back
Round trip time was 0.044254 milliseconds in repetition 404
tcp_ping received 1536 bytes back
Round trip time was 2.27312 milliseconds in repetition 405
tcp_ping received 1536 bytes back
Round trip time was 0.075461 milliseconds in repetition 406
tcp_ping received 1536 bytes back
Round trip time was 0.038667 milliseconds in repetition 407
tcp_ping received 1536 bytes back
Round trip time was 0.038535 milliseconds in repetition 408
tcp_ping received 1536 bytes back
Round trip time was 0.038936 milliseconds in repetition 409
tcp_ping received 1536 bytes back
Round trip time was 0.053354 milliseconds in repetition 410
tcp_ping received 1536 bytes back
Round trip time was 0.032736 milliseconds in repetition 411
tcp_ping received 1536 bytes back
Round trip time was 0.033338 milliseconds in repetition 412
tcp_ping received 1536 bytes back
Round trip time was 0.033554 milliseconds in repetition 413
tcp_ping received 1536 bytes back
Round trip time was 0.031744 milliseconds in repetition 414
tcp_ping received 1536 bytes back
Round trip time was 0.033129 milliseconds in repetition 415
tcp_ping received 1536 bytes back
Round trip time was 0.033338 milliseconds in repetition 416
tcp_ping received 1536 bytes back
Round trip time was 0.032785 milliseconds in repetition 417
tcp_ping received 1536 bytes back
Round trip time was 0.032965 milliseconds in repetition 418
tcp_ping received 1536 bytes back
Round trip time was 0.03425 milliseconds in repetition 419
tcp_ping received 1536 bytes back
Round trip time was 0.032397 milliseconds in repetition 420
tcp_ping received 1536 bytes back
Round trip time was 0.03283 milliseconds in repetition 421
tcp_ping received 1536 bytes back
Round trip time was 0.032412 milliseconds in repetition 422
tcp_ping received 1536 bytes back
Round trip time was 0.033202 milliseconds in repetition 423
tcp_ping received 1536 bytes back
Round trip time was 0.030553 milliseconds in repetition 424
tcp_ping received 1536 bytes back
Round trip time was 0.02972 milliseconds in repetition 425
tcp_ping received 1536 bytes back
Round trip time was 0.050513 milliseconds in repetition 426
tcp_ping received 1536 bytes back
Round trip time was 0.047118 milliseconds in repetition 427
tcp_ping received 1536 bytes back
Round trip time was 0.02943 milliseconds in repetition 428
tcp_ping received 1536 bytes back
Round trip time was 0.030212 milliseconds in repetition 429
tcp_ping received 1536 bytes back
Round trip time was 0.030908 milliseconds in repetition 430
tcp_ping received 1536 bytes back
Round trip time was 0.033521 milliseconds in repetition 431
tcp_ping received 1536 bytes back
Round trip time was 0.035839 milliseconds in repetition 432
tcp_ping received 1536 bytes back
Round trip time was 0.04481 milliseconds in repetition 433
tcp_ping received 1536 bytes back
Round trip time was 0.047249 milliseconds in repetition 434
tcp_ping received 1536 bytes back
Round trip time was 0.059792 milliseconds in repetition 435
tcp_ping received 1536 bytes back
Round trip time was 0.05446 milliseconds in repetition 436
tcp_ping received 1536 bytes back
Round trip time was 0.130945 milliseconds in repetition 437
tcp_ping received 1536 bytes back
Round trip time was 0.028413 milliseconds in repetition 438
tcp_ping received 1536 bytes back
Round trip time was 0.031693 milliseconds in repetition 439
tcp_ping received 1536 bytes back
Round trip time was 0.028397 milliseconds in repetition 440
tcp_ping received 1536 bytes back
Round trip time was 0.043012 milliseconds in repetition 441
tcp_ping received 1536 bytes back
Round trip time was 0.026008 milliseconds in repetition 442
tcp_ping received 1536 bytes back
Round trip time was 0.025813 milliseconds in repetition 443
tcp_ping received 1536 bytes back
Round trip time was 0.026127 milliseconds in repetition 444
tcp_ping received 1536 bytes back
Round trip time was 0.025917 milliseconds in repetition 445
tcp_ping received 1536 bytes back
Round trip time was 0.026736 milliseconds in repetition 446
tcp_ping received 1536 bytes back
Round trip time was 0.025741 milliseconds in repetition 447
tcp_ping received 1536 bytes back
Round trip time was 0.025767 milliseconds in repetition 448
tcp_ping received 1536 bytes back
Round trip time was 0.047662 milliseconds in repetition 449
tcp_ping received 1536 bytes back
Round trip time was 0.031548 milliseconds in repetition 450
tcp_ping received 1536 bytes back
Round trip time was 0.043711 milliseconds in repetition 451
tcp_ping received 1536 bytes back
Round trip time was 0.046911 milliseconds in repetition 452
tcp_ping received 1536 bytes back
Round trip time was 0.044078 milliseconds in repetition 453
tcp_ping received 1536 bytes back
Round trip time was 0.047404 milliseconds in repetition 454
tcp_ping received 1536 bytes back
Round trip time was 0.045162 milliseconds in repetition 455
tcp_ping received 1536 bytes back
Round trip time was 0.026121 milliseconds in repetition 456
tcp_ping received 1536 bytes back
Round trip time was 0.025664 milliseconds in repetition 457
tcp_ping received 1536 bytes back
Round trip time was 0.025946 milliseconds in repetition 458
tcp_ping received 1536 bytes back
Round trip time was 0.025671 milliseconds in repetition 459
tcp_ping received 1536 bytes back
Round trip time was 0.026308 milliseconds in repetition 460
tcp_ping received 1536 bytes back
Round trip time was 0.026022 milliseconds in repetition 461
tcp_ping received 1536 bytes back
Round trip time was 0.026089 milliseconds in repetition 462
tcp_ping received 1536 bytes back
Round trip time was 0.026061 milliseconds in repetition 463
tcp_ping received 1536 bytes back
Round trip time was 0.026379 milliseconds in repetition 464
tcp_ping received 1536 bytes back
Round trip time was 0.026452 milliseconds in repetition 465
tcp_ping received 1536 bytes back
Round trip time was 0.025989 milliseconds in repetition 466
tcp_ping received 1536 bytes back
Round trip time was 0.026172 milliseconds in repetition 467
tcp_ping received 1536 bytes back
Round trip time was 0.026212 milliseconds in repetition 468
tcp_ping received 1536 bytes back
Round trip time was 0.027159 milliseconds in repetition 469
tcp_ping received 1536 bytes back
Round trip time was 0.026786 milliseconds in repetition 470
tcp_ping received 1536 bytes back
Round trip time was 0.027078 milliseconds in repetition 471
tcp_ping received 1536 bytes back
Round trip time was 0.027917 milliseconds in repetition 472
tcp_ping received 1536 bytes back
Round trip time was 0.027674 milliseconds in repetition 473
tcp_ping received 1536 bytes back
Round trip time was 0.027178 milliseconds in repetition 474
tcp_ping received 1536 bytes back
Round trip time was 0.057465 milliseconds in repetition 475
tcp_ping received 1536 bytes back
Round trip time was 0.028336 milliseconds in repetition 476
tcp_ping received 1536 bytes back
Round trip time was 0.028632 milliseconds in repetition 477
tcp_ping received 1536 bytes back
Round trip time was 0.027808 milliseconds in repetition 478
tcp_ping received 1536 bytes back
Round trip time was 0.026295 milliseconds in repetition 479
tcp_ping received 1536 bytes back
Round trip time was 0.026698 milliseconds in repetition 480
tcp_ping received 1536 bytes back
Round trip time was 0.061979 milliseconds in repetition 481
tcp_ping received 1536 bytes back
Round trip time was 0.030399 milliseconds in repetition 482
tcp_ping received 1536 bytes back
Round trip time was 0.029378 milliseconds in repetition 483
tcp_ping received 1536 bytes back
Round trip time was 0.029069 milliseconds in repetition 484
tcp_ping received 1536 bytes back
Round trip time was 0.029142 milliseconds in repetition 485
tcp_ping received 1536 bytes back
Round trip time was 0.029052 milliseconds in repetition 486
tcp_ping received 1536 bytes back
Round trip time was 0.029171 milliseconds in repetition 487
tcp_ping received 1536 bytes back
Round trip time was 0.029115 milliseconds in repetition 488
tcp_ping received 1536 bytes back
Round trip time was 0.029086 milliseconds in repetition 489
tcp_ping received 1536 bytes back
Round trip time was 0.029205 milliseconds in repetition 490
tcp_ping received 1536 bytes back
Round trip time was 0.029177 milliseconds in repetition 491
tcp_ping received 1536 bytes back
Round trip time was 0.029322 milliseconds in repetition 492
tcp_ping received 1536 bytes back
Round trip time was 0.029146 milliseconds in repetition 493
tcp_ping received 1536 bytes back
Round trip time was 0.029107 milliseconds in repetition 494
tcp_ping received 1536 bytes back
Round trip time was 0.029355 milliseconds in repetition 495
tcp_ping received 1536 bytes back
Round trip time was 0.029179 milliseconds in repetition 496
tcp_ping received 1536 bytes back
Round trip time was 0.029337 milliseconds in repetition 497
tcp_ping received 1536 bytes back
Round trip time was 0.029242 milliseconds in repetition 498
tcp_ping received 1536 bytes back
Round trip time was 0.029492 milliseconds in repetition 499
tcp_ping received 1536 bytes back
Round trip time was 0.029464 milliseconds in repetition 500
tcp_ping received 1536 bytes back
Round trip time was 0.270593 milliseconds in repetition 501

 ... clock resolution was 1e-06
TCP Ping:  Statistics over 501 repetitions of 1536 byte messages

RTT : percentile 10: 0.026379, median: 0.030949, percentile 90: 0.070383, average: 0.0644627, variance: 0.0487441

RTT histogram:
0.0256635 467
0.178732 22
0.3318 5
0.484868 1
0.637936 1
0.791004 1
0.944072 0
1.09714 1
1.25021 0
1.40328 0
1.55634 0
1.70941 0
1.86248 0
2.01555 0
2.16862 0
2.32168 1
2.47475 0
2.62782 0
2.78089 1
2.93396 0
3.08702 1

   median Throughput : 99260.1 KB/s   overall Throughput : 47655.5 KB/s

